<?xml version="1.0" encoding="UTF-8"?>
<testsuite xmlns:xsi="http://www.w3.org/2001/XMLSchema-instance" xsi:noNamespaceSchemaLocation="https://maven.apache.org/surefire/maven-surefire-plugin/xsd/surefire-test-report.xsd" version="3.0.2" name="com.david.hlp.Spring.repeater.mapper.RoleUrlMapperTest" time="8.295" tests="1" errors="0" skipped="0" failures="0">
  <properties>
    <property name="java.specification.version" value="17"/>
    <property name="sun.jnu.encoding" value="UTF-8"/>
    <property name="java.class.path" value="/home/david/Project/springcloud/spring/target/test-classes:/home/david/Project/springcloud/spring/target/classes:/home/david/.m2/repository/org/springdoc/springdoc-openapi-starter-webmvc-ui/2.7.0/springdoc-openapi-starter-webmvc-ui-2.7.0.jar:/home/david/.m2/repository/org/springdoc/springdoc-openapi-starter-webmvc-api/2.7.0/springdoc-openapi-starter-webmvc-api-2.7.0.jar:/home/david/.m2/repository/org/springdoc/springdoc-openapi-starter-common/2.7.0/springdoc-openapi-starter-common-2.7.0.jar:/home/david/.m2/repository/io/swagger/core/v3/swagger-core-jakarta/2.2.25/swagger-core-jakarta-2.2.25.jar:/home/david/.m2/repository/org/apache/commons/commons-lang3/3.17.0/commons-lang3-3.17.0.jar:/home/david/.m2/repository/io/swagger/core/v3/swagger-annotations-jakarta/2.2.25/swagger-annotations-jakarta-2.2.25.jar:/home/david/.m2/repository/io/swagger/core/v3/swagger-models-jakarta/2.2.25/swagger-models-jakarta-2.2.25.jar:/home/david/.m2/repository/com/fasterxml/jackson/dataformat/jackson-dataformat-yaml/2.18.3/jackson-dataformat-yaml-2.18.3.jar:/home/david/.m2/repository/org/webjars/swagger-ui/5.18.2/swagger-ui-5.18.2.jar:/home/david/.m2/repository/org/webjars/webjars-locator-lite/1.0.1/webjars-locator-lite-1.0.1.jar:/home/david/.m2/repository/org/jspecify/jspecify/1.0.0/jspecify-1.0.0.jar:/home/david/.m2/repository/org/springframework/cloud/spring-cloud-starter-loadbalancer/4.2.0/spring-cloud-starter-loadbalancer-4.2.0.jar:/home/david/.m2/repository/org/springframework/cloud/spring-cloud-starter/4.2.0/spring-cloud-starter-4.2.0.jar:/home/david/.m2/repository/org/springframework/cloud/spring-cloud-context/4.2.0/spring-cloud-context-4.2.0.jar:/home/david/.m2/repository/org/springframework/security/spring-security-crypto/6.4.4/spring-security-crypto-6.4.4.jar:/home/david/.m2/repository/org/springframework/cloud/spring-cloud-commons/4.2.0/spring-cloud-commons-4.2.0.jar:/home/david/.m2/repository/org/bouncycastle/bcprov-jdk18on/1.78.1/bcprov-jdk18on-1.78.1.jar:/home/david/.m2/repository/org/springframework/cloud/spring-cloud-loadbalancer/4.2.0/spring-cloud-loadbalancer-4.2.0.jar:/home/david/.m2/repository/io/projectreactor/reactor-core/3.7.4/reactor-core-3.7.4.jar:/home/david/.m2/repository/org/reactivestreams/reactive-streams/1.0.4/reactive-streams-1.0.4.jar:/home/david/.m2/repository/io/projectreactor/addons/reactor-extra/3.5.2/reactor-extra-3.5.2.jar:/home/david/.m2/repository/org/springframework/boot/spring-boot-starter-cache/3.4.4/spring-boot-starter-cache-3.4.4.jar:/home/david/.m2/repository/com/stoyanr/evictor/1.0.0/evictor-1.0.0.jar:/home/david/.m2/repository/org/projectlombok/lombok/1.18.30/lombok-1.18.30.jar:/home/david/.m2/repository/org/springframework/boot/spring-boot-starter-thymeleaf/3.4.4/spring-boot-starter-thymeleaf-3.4.4.jar:/home/david/.m2/repository/org/springframework/boot/spring-boot-starter/3.4.4/spring-boot-starter-3.4.4.jar:/home/david/.m2/repository/org/springframework/boot/spring-boot/3.4.4/spring-boot-3.4.4.jar:/home/david/.m2/repository/org/springframework/boot/spring-boot-starter-logging/3.4.4/spring-boot-starter-logging-3.4.4.jar:/home/david/.m2/repository/ch/qos/logback/logback-classic/1.5.18/logback-classic-1.5.18.jar:/home/david/.m2/repository/ch/qos/logback/logback-core/1.5.18/logback-core-1.5.18.jar:/home/david/.m2/repository/org/apache/logging/log4j/log4j-to-slf4j/2.24.3/log4j-to-slf4j-2.24.3.jar:/home/david/.m2/repository/org/apache/logging/log4j/log4j-api/2.24.3/log4j-api-2.24.3.jar:/home/david/.m2/repository/org/slf4j/jul-to-slf4j/2.0.17/jul-to-slf4j-2.0.17.jar:/home/david/.m2/repository/jakarta/annotation/jakarta.annotation-api/2.1.1/jakarta.annotation-api-2.1.1.jar:/home/david/.m2/repository/org/yaml/snakeyaml/2.3/snakeyaml-2.3.jar:/home/david/.m2/repository/org/thymeleaf/thymeleaf-spring6/3.1.3.RELEASE/thymeleaf-spring6-3.1.3.RELEASE.jar:/home/david/.m2/repository/org/thymeleaf/thymeleaf/3.1.3.RELEASE/thymeleaf-3.1.3.RELEASE.jar:/home/david/.m2/repository/org/attoparser/attoparser/2.0.7.RELEASE/attoparser-2.0.7.RELEASE.jar:/home/david/.m2/repository/org/unbescape/unbescape/1.1.6.RELEASE/unbescape-1.1.6.RELEASE.jar:/home/david/.m2/repository/org/springframework/boot/spring-boot-starter-mail/3.4.4/spring-boot-starter-mail-3.4.4.jar:/home/david/.m2/repository/org/springframework/spring-context-support/6.2.5/spring-context-support-6.2.5.jar:/home/david/.m2/repository/org/springframework/spring-beans/6.2.5/spring-beans-6.2.5.jar:/home/david/.m2/repository/org/springframework/spring-context/6.2.5/spring-context-6.2.5.jar:/home/david/.m2/repository/org/eclipse/angus/jakarta.mail/2.0.3/jakarta.mail-2.0.3.jar:/home/david/.m2/repository/jakarta/activation/jakarta.activation-api/2.1.3/jakarta.activation-api-2.1.3.jar:/home/david/.m2/repository/org/eclipse/angus/angus-activation/2.0.2/angus-activation-2.0.2.jar:/home/david/.m2/repository/org/springframework/boot/spring-boot-starter-data-jpa/3.4.4/spring-boot-starter-data-jpa-3.4.4.jar:/home/david/.m2/repository/org/springframework/boot/spring-boot-starter-jdbc/3.4.4/spring-boot-starter-jdbc-3.4.4.jar:/home/david/.m2/repository/com/zaxxer/HikariCP/5.1.0/HikariCP-5.1.0.jar:/home/david/.m2/repository/org/springframework/spring-jdbc/6.2.5/spring-jdbc-6.2.5.jar:/home/david/.m2/repository/org/hibernate/orm/hibernate-core/6.6.11.Final/hibernate-core-6.6.11.Final.jar:/home/david/.m2/repository/jakarta/persistence/jakarta.persistence-api/3.1.0/jakarta.persistence-api-3.1.0.jar:/home/david/.m2/repository/jakarta/transaction/jakarta.transaction-api/2.0.1/jakarta.transaction-api-2.0.1.jar:/home/david/.m2/repository/org/hibernate/common/hibernate-commons-annotations/7.0.3.Final/hibernate-commons-annotations-7.0.3.Final.jar:/home/david/.m2/repository/io/smallrye/jandex/3.2.0/jandex-3.2.0.jar:/home/david/.m2/repository/net/bytebuddy/byte-buddy/1.15.11/byte-buddy-1.15.11.jar:/home/david/.m2/repository/org/glassfish/jaxb/jaxb-runtime/4.0.5/jaxb-runtime-4.0.5.jar:/home/david/.m2/repository/org/glassfish/jaxb/jaxb-core/4.0.5/jaxb-core-4.0.5.jar:/home/david/.m2/repository/org/glassfish/jaxb/txw2/4.0.5/txw2-4.0.5.jar:/home/david/.m2/repository/com/sun/istack/istack-commons-runtime/4.1.2/istack-commons-runtime-4.1.2.jar:/home/david/.m2/repository/jakarta/inject/jakarta.inject-api/2.0.1/jakarta.inject-api-2.0.1.jar:/home/david/.m2/repository/org/antlr/antlr4-runtime/4.13.0/antlr4-runtime-4.13.0.jar:/home/david/.m2/repository/org/springframework/data/spring-data-jpa/3.4.4/spring-data-jpa-3.4.4.jar:/home/david/.m2/repository/org/springframework/data/spring-data-commons/3.4.4/spring-data-commons-3.4.4.jar:/home/david/.m2/repository/org/springframework/spring-orm/6.2.5/spring-orm-6.2.5.jar:/home/david/.m2/repository/org/springframework/spring-tx/6.2.5/spring-tx-6.2.5.jar:/home/david/.m2/repository/org/springframework/spring-aspects/6.2.5/spring-aspects-6.2.5.jar:/home/david/.m2/repository/org/aspectj/aspectjweaver/1.9.23/aspectjweaver-1.9.23.jar:/home/david/.m2/repository/org/springframework/boot/spring-boot-starter-security/3.4.4/spring-boot-starter-security-3.4.4.jar:/home/david/.m2/repository/org/springframework/spring-aop/6.2.5/spring-aop-6.2.5.jar:/home/david/.m2/repository/org/springframework/security/spring-security-config/6.4.4/spring-security-config-6.4.4.jar:/home/david/.m2/repository/org/springframework/security/spring-security-core/6.4.4/spring-security-core-6.4.4.jar:/home/david/.m2/repository/org/springframework/security/spring-security-web/6.4.4/spring-security-web-6.4.4.jar:/home/david/.m2/repository/org/springframework/spring-expression/6.2.5/spring-expression-6.2.5.jar:/home/david/.m2/repository/org/springframework/boot/spring-boot-starter-web/3.4.4/spring-boot-starter-web-3.4.4.jar:/home/david/.m2/repository/org/springframework/boot/spring-boot-starter-json/3.4.4/spring-boot-starter-json-3.4.4.jar:/home/david/.m2/repository/com/fasterxml/jackson/datatype/jackson-datatype-jdk8/2.18.3/jackson-datatype-jdk8-2.18.3.jar:/home/david/.m2/repository/com/fasterxml/jackson/datatype/jackson-datatype-jsr310/2.18.3/jackson-datatype-jsr310-2.18.3.jar:/home/david/.m2/repository/com/fasterxml/jackson/module/jackson-module-parameter-names/2.18.3/jackson-module-parameter-names-2.18.3.jar:/home/david/.m2/repository/org/springframework/boot/spring-boot-starter-tomcat/3.4.4/spring-boot-starter-tomcat-3.4.4.jar:/home/david/.m2/repository/org/apache/tomcat/embed/tomcat-embed-core/10.1.39/tomcat-embed-core-10.1.39.jar:/home/david/.m2/repository/org/apache/tomcat/embed/tomcat-embed-el/10.1.39/tomcat-embed-el-10.1.39.jar:/home/david/.m2/repository/org/apache/tomcat/embed/tomcat-embed-websocket/10.1.39/tomcat-embed-websocket-10.1.39.jar:/home/david/.m2/repository/org/springframework/spring-web/6.2.5/spring-web-6.2.5.jar:/home/david/.m2/repository/org/springframework/spring-webmvc/6.2.5/spring-webmvc-6.2.5.jar:/home/david/.m2/repository/com/mysql/mysql-connector-j/8.0.33/mysql-connector-j-8.0.33.jar:/home/david/.m2/repository/io/jsonwebtoken/jjwt-api/0.11.5/jjwt-api-0.11.5.jar:/home/david/.m2/repository/io/jsonwebtoken/jjwt-impl/0.11.5/jjwt-impl-0.11.5.jar:/home/david/.m2/repository/io/jsonwebtoken/jjwt-jackson/0.11.5/jjwt-jackson-0.11.5.jar:/home/david/.m2/repository/com/fasterxml/jackson/core/jackson-databind/2.18.3/jackson-databind-2.18.3.jar:/home/david/.m2/repository/com/fasterxml/jackson/core/jackson-annotations/2.18.3/jackson-annotations-2.18.3.jar:/home/david/.m2/repository/com/fasterxml/jackson/core/jackson-core/2.18.3/jackson-core-2.18.3.jar:/home/david/.m2/repository/org/springframework/boot/spring-boot-starter-data-redis/3.4.4/spring-boot-starter-data-redis-3.4.4.jar:/home/david/.m2/repository/io/lettuce/lettuce-core/6.4.2.RELEASE/lettuce-core-6.4.2.RELEASE.jar:/home/david/.m2/repository/io/netty/netty-common/4.1.119.Final/netty-common-4.1.119.Final.jar:/home/david/.m2/repository/io/netty/netty-handler/4.1.119.Final/netty-handler-4.1.119.Final.jar:/home/david/.m2/repository/io/netty/netty-resolver/4.1.119.Final/netty-resolver-4.1.119.Final.jar:/home/david/.m2/repository/io/netty/netty-buffer/4.1.119.Final/netty-buffer-4.1.119.Final.jar:/home/david/.m2/repository/io/netty/netty-transport-native-unix-common/4.1.119.Final/netty-transport-native-unix-common-4.1.119.Final.jar:/home/david/.m2/repository/io/netty/netty-codec/4.1.119.Final/netty-codec-4.1.119.Final.jar:/home/david/.m2/repository/io/netty/netty-transport/4.1.119.Final/netty-transport-4.1.119.Final.jar:/home/david/.m2/repository/org/springframework/data/spring-data-redis/3.4.4/spring-data-redis-3.4.4.jar:/home/david/.m2/repository/org/springframework/data/spring-data-keyvalue/3.4.4/spring-data-keyvalue-3.4.4.jar:/home/david/.m2/repository/org/springframework/spring-oxm/6.2.5/spring-oxm-6.2.5.jar:/home/david/.m2/repository/org/hibernate/validator/hibernate-validator/8.0.0.Final/hibernate-validator-8.0.0.Final.jar:/home/david/.m2/repository/jakarta/validation/jakarta.validation-api/3.0.2/jakarta.validation-api-3.0.2.jar:/home/david/.m2/repository/org/jboss/logging/jboss-logging/3.6.1.Final/jboss-logging-3.6.1.Final.jar:/home/david/.m2/repository/com/fasterxml/classmate/1.7.0/classmate-1.7.0.jar:/home/david/.m2/repository/com/baomidou/mybatis-plus-boot-starter/3.5.5/mybatis-plus-boot-starter-3.5.5.jar:/home/david/.m2/repository/com/baomidou/mybatis-plus/3.5.5/mybatis-plus-3.5.5.jar:/home/david/.m2/repository/com/baomidou/mybatis-plus-core/3.5.5/mybatis-plus-core-3.5.5.jar:/home/david/.m2/repository/com/baomidou/mybatis-plus-annotation/3.5.5/mybatis-plus-annotation-3.5.5.jar:/home/david/.m2/repository/com/baomidou/mybatis-plus-extension/3.5.5/mybatis-plus-extension-3.5.5.jar:/home/david/.m2/repository/org/mybatis/mybatis/3.5.15/mybatis-3.5.15.jar:/home/david/.m2/repository/com/github/jsqlparser/jsqlparser/4.6/jsqlparser-4.6.jar:/home/david/.m2/repository/com/baomidou/mybatis-plus-spring-boot-autoconfigure/3.5.5/mybatis-plus-spring-boot-autoconfigure-3.5.5.jar:/home/david/.m2/repository/org/springframework/boot/spring-boot-autoconfigure/3.4.4/spring-boot-autoconfigure-3.4.4.jar:/home/david/.m2/repository/org/mybatis/mybatis-spring/3.0.3/mybatis-spring-3.0.3.jar:/home/david/.m2/repository/org/jetbrains/annotations/13.0/annotations-13.0.jar:/home/david/.m2/repository/org/springframework/boot/spring-boot-starter-actuator/3.4.4/spring-boot-starter-actuator-3.4.4.jar:/home/david/.m2/repository/org/springframework/boot/spring-boot-actuator-autoconfigure/3.4.4/spring-boot-actuator-autoconfigure-3.4.4.jar:/home/david/.m2/repository/org/springframework/boot/spring-boot-actuator/3.4.4/spring-boot-actuator-3.4.4.jar:/home/david/.m2/repository/io/micrometer/micrometer-observation/1.14.5/micrometer-observation-1.14.5.jar:/home/david/.m2/repository/io/micrometer/micrometer-commons/1.14.5/micrometer-commons-1.14.5.jar:/home/david/.m2/repository/io/micrometer/micrometer-jakarta9/1.14.5/micrometer-jakarta9-1.14.5.jar:/home/david/.m2/repository/io/micrometer/micrometer-core/1.14.5/micrometer-core-1.14.5.jar:/home/david/.m2/repository/org/hdrhistogram/HdrHistogram/2.2.2/HdrHistogram-2.2.2.jar:/home/david/.m2/repository/org/latencyutils/LatencyUtils/2.0.3/LatencyUtils-2.0.3.jar:/home/david/.m2/repository/com/jayway/jsonpath/json-path/2.9.0/json-path-2.9.0.jar:/home/david/.m2/repository/net/minidev/json-smart/2.5.2/json-smart-2.5.2.jar:/home/david/.m2/repository/net/minidev/accessors-smart/2.5.2/accessors-smart-2.5.2.jar:/home/david/.m2/repository/org/ow2/asm/asm/9.7.1/asm-9.7.1.jar:/home/david/.m2/repository/org/slf4j/slf4j-api/2.0.17/slf4j-api-2.0.17.jar:/home/david/.m2/repository/org/springframework/boot/spring-boot-starter-test/3.4.4/spring-boot-starter-test-3.4.4.jar:/home/david/.m2/repository/org/springframework/boot/spring-boot-test/3.4.4/spring-boot-test-3.4.4.jar:/home/david/.m2/repository/org/springframework/boot/spring-boot-test-autoconfigure/3.4.4/spring-boot-test-autoconfigure-3.4.4.jar:/home/david/.m2/repository/jakarta/xml/bind/jakarta.xml.bind-api/4.0.2/jakarta.xml.bind-api-4.0.2.jar:/home/david/.m2/repository/org/assertj/assertj-core/3.26.3/assertj-core-3.26.3.jar:/home/david/.m2/repository/org/awaitility/awaitility/4.2.2/awaitility-4.2.2.jar:/home/david/.m2/repository/org/hamcrest/hamcrest/2.2/hamcrest-2.2.jar:/home/david/.m2/repository/org/junit/jupiter/junit-jupiter/5.11.4/junit-jupiter-5.11.4.jar:/home/david/.m2/repository/org/junit/jupiter/junit-jupiter-api/5.11.4/junit-jupiter-api-5.11.4.jar:/home/david/.m2/repository/org/opentest4j/opentest4j/1.3.0/opentest4j-1.3.0.jar:/home/david/.m2/repository/org/junit/platform/junit-platform-commons/1.11.4/junit-platform-commons-1.11.4.jar:/home/david/.m2/repository/org/apiguardian/apiguardian-api/1.1.2/apiguardian-api-1.1.2.jar:/home/david/.m2/repository/org/junit/jupiter/junit-jupiter-params/5.11.4/junit-jupiter-params-5.11.4.jar:/home/david/.m2/repository/org/junit/jupiter/junit-jupiter-engine/5.11.4/junit-jupiter-engine-5.11.4.jar:/home/david/.m2/repository/org/junit/platform/junit-platform-engine/1.11.4/junit-platform-engine-1.11.4.jar:/home/david/.m2/repository/org/mockito/mockito-core/5.14.2/mockito-core-5.14.2.jar:/home/david/.m2/repository/net/bytebuddy/byte-buddy-agent/1.15.11/byte-buddy-agent-1.15.11.jar:/home/david/.m2/repository/org/objenesis/objenesis/3.3/objenesis-3.3.jar:/home/david/.m2/repository/org/mockito/mockito-junit-jupiter/5.14.2/mockito-junit-jupiter-5.14.2.jar:/home/david/.m2/repository/org/skyscreamer/jsonassert/1.5.3/jsonassert-1.5.3.jar:/home/david/.m2/repository/com/vaadin/external/google/android-json/0.0.20131108.vaadin1/android-json-0.0.20131108.vaadin1.jar:/home/david/.m2/repository/org/springframework/spring-core/6.2.5/spring-core-6.2.5.jar:/home/david/.m2/repository/org/springframework/spring-jcl/6.2.5/spring-jcl-6.2.5.jar:/home/david/.m2/repository/org/springframework/spring-test/6.2.5/spring-test-6.2.5.jar:/home/david/.m2/repository/org/xmlunit/xmlunit-core/2.10.0/xmlunit-core-2.10.0.jar:"/>
    <property name="java.vm.vendor" value="Oracle Corporation"/>
    <property name="sun.arch.data.model" value="64"/>
    <property name="java.vendor.url" value="https://java.oracle.com/"/>
    <property name="user.timezone" value="Asia/Shanghai"/>
    <property name="org.jboss.logging.provider" value="slf4j"/>
    <property name="os.name" value="Linux"/>
    <property name="java.vm.specification.version" value="17"/>
    <property name="APPLICATION_NAME" value="Spring"/>
    <property name="sun.java.launcher" value="SUN_STANDARD"/>
    <property name="user.country" value="CN"/>
    <property name="sun.boot.library.path" value="/home/david/.version-fox/cache/java/v-17.0.2+8/java-17.0.2+8/lib"/>
    <property name="sun.java.command" value="/home/david/Project/springcloud/spring/target/surefire/surefirebooter-20250322161827848_3.jar /home/david/Project/springcloud/spring/target/surefire 2025-03-22T16-18-27_663-jvmRun1 surefire-20250322161827848_1tmp surefire_0-20250322161827848_2tmp"/>
    <property name="jdk.debug" value="release"/>
    <property name="surefire.test.class.path" value="/home/david/Project/springcloud/spring/target/test-classes:/home/david/Project/springcloud/spring/target/classes:/home/david/.m2/repository/org/springdoc/springdoc-openapi-starter-webmvc-ui/2.7.0/springdoc-openapi-starter-webmvc-ui-2.7.0.jar:/home/david/.m2/repository/org/springdoc/springdoc-openapi-starter-webmvc-api/2.7.0/springdoc-openapi-starter-webmvc-api-2.7.0.jar:/home/david/.m2/repository/org/springdoc/springdoc-openapi-starter-common/2.7.0/springdoc-openapi-starter-common-2.7.0.jar:/home/david/.m2/repository/io/swagger/core/v3/swagger-core-jakarta/2.2.25/swagger-core-jakarta-2.2.25.jar:/home/david/.m2/repository/org/apache/commons/commons-lang3/3.17.0/commons-lang3-3.17.0.jar:/home/david/.m2/repository/io/swagger/core/v3/swagger-annotations-jakarta/2.2.25/swagger-annotations-jakarta-2.2.25.jar:/home/david/.m2/repository/io/swagger/core/v3/swagger-models-jakarta/2.2.25/swagger-models-jakarta-2.2.25.jar:/home/david/.m2/repository/com/fasterxml/jackson/dataformat/jackson-dataformat-yaml/2.18.3/jackson-dataformat-yaml-2.18.3.jar:/home/david/.m2/repository/org/webjars/swagger-ui/5.18.2/swagger-ui-5.18.2.jar:/home/david/.m2/repository/org/webjars/webjars-locator-lite/1.0.1/webjars-locator-lite-1.0.1.jar:/home/david/.m2/repository/org/jspecify/jspecify/1.0.0/jspecify-1.0.0.jar:/home/david/.m2/repository/org/springframework/cloud/spring-cloud-starter-loadbalancer/4.2.0/spring-cloud-starter-loadbalancer-4.2.0.jar:/home/david/.m2/repository/org/springframework/cloud/spring-cloud-starter/4.2.0/spring-cloud-starter-4.2.0.jar:/home/david/.m2/repository/org/springframework/cloud/spring-cloud-context/4.2.0/spring-cloud-context-4.2.0.jar:/home/david/.m2/repository/org/springframework/security/spring-security-crypto/6.4.4/spring-security-crypto-6.4.4.jar:/home/david/.m2/repository/org/springframework/cloud/spring-cloud-commons/4.2.0/spring-cloud-commons-4.2.0.jar:/home/david/.m2/repository/org/bouncycastle/bcprov-jdk18on/1.78.1/bcprov-jdk18on-1.78.1.jar:/home/david/.m2/repository/org/springframework/cloud/spring-cloud-loadbalancer/4.2.0/spring-cloud-loadbalancer-4.2.0.jar:/home/david/.m2/repository/io/projectreactor/reactor-core/3.7.4/reactor-core-3.7.4.jar:/home/david/.m2/repository/org/reactivestreams/reactive-streams/1.0.4/reactive-streams-1.0.4.jar:/home/david/.m2/repository/io/projectreactor/addons/reactor-extra/3.5.2/reactor-extra-3.5.2.jar:/home/david/.m2/repository/org/springframework/boot/spring-boot-starter-cache/3.4.4/spring-boot-starter-cache-3.4.4.jar:/home/david/.m2/repository/com/stoyanr/evictor/1.0.0/evictor-1.0.0.jar:/home/david/.m2/repository/org/projectlombok/lombok/1.18.30/lombok-1.18.30.jar:/home/david/.m2/repository/org/springframework/boot/spring-boot-starter-thymeleaf/3.4.4/spring-boot-starter-thymeleaf-3.4.4.jar:/home/david/.m2/repository/org/springframework/boot/spring-boot-starter/3.4.4/spring-boot-starter-3.4.4.jar:/home/david/.m2/repository/org/springframework/boot/spring-boot/3.4.4/spring-boot-3.4.4.jar:/home/david/.m2/repository/org/springframework/boot/spring-boot-starter-logging/3.4.4/spring-boot-starter-logging-3.4.4.jar:/home/david/.m2/repository/ch/qos/logback/logback-classic/1.5.18/logback-classic-1.5.18.jar:/home/david/.m2/repository/ch/qos/logback/logback-core/1.5.18/logback-core-1.5.18.jar:/home/david/.m2/repository/org/apache/logging/log4j/log4j-to-slf4j/2.24.3/log4j-to-slf4j-2.24.3.jar:/home/david/.m2/repository/org/apache/logging/log4j/log4j-api/2.24.3/log4j-api-2.24.3.jar:/home/david/.m2/repository/org/slf4j/jul-to-slf4j/2.0.17/jul-to-slf4j-2.0.17.jar:/home/david/.m2/repository/jakarta/annotation/jakarta.annotation-api/2.1.1/jakarta.annotation-api-2.1.1.jar:/home/david/.m2/repository/org/yaml/snakeyaml/2.3/snakeyaml-2.3.jar:/home/david/.m2/repository/org/thymeleaf/thymeleaf-spring6/3.1.3.RELEASE/thymeleaf-spring6-3.1.3.RELEASE.jar:/home/david/.m2/repository/org/thymeleaf/thymeleaf/3.1.3.RELEASE/thymeleaf-3.1.3.RELEASE.jar:/home/david/.m2/repository/org/attoparser/attoparser/2.0.7.RELEASE/attoparser-2.0.7.RELEASE.jar:/home/david/.m2/repository/org/unbescape/unbescape/1.1.6.RELEASE/unbescape-1.1.6.RELEASE.jar:/home/david/.m2/repository/org/springframework/boot/spring-boot-starter-mail/3.4.4/spring-boot-starter-mail-3.4.4.jar:/home/david/.m2/repository/org/springframework/spring-context-support/6.2.5/spring-context-support-6.2.5.jar:/home/david/.m2/repository/org/springframework/spring-beans/6.2.5/spring-beans-6.2.5.jar:/home/david/.m2/repository/org/springframework/spring-context/6.2.5/spring-context-6.2.5.jar:/home/david/.m2/repository/org/eclipse/angus/jakarta.mail/2.0.3/jakarta.mail-2.0.3.jar:/home/david/.m2/repository/jakarta/activation/jakarta.activation-api/2.1.3/jakarta.activation-api-2.1.3.jar:/home/david/.m2/repository/org/eclipse/angus/angus-activation/2.0.2/angus-activation-2.0.2.jar:/home/david/.m2/repository/org/springframework/boot/spring-boot-starter-data-jpa/3.4.4/spring-boot-starter-data-jpa-3.4.4.jar:/home/david/.m2/repository/org/springframework/boot/spring-boot-starter-jdbc/3.4.4/spring-boot-starter-jdbc-3.4.4.jar:/home/david/.m2/repository/com/zaxxer/HikariCP/5.1.0/HikariCP-5.1.0.jar:/home/david/.m2/repository/org/springframework/spring-jdbc/6.2.5/spring-jdbc-6.2.5.jar:/home/david/.m2/repository/org/hibernate/orm/hibernate-core/6.6.11.Final/hibernate-core-6.6.11.Final.jar:/home/david/.m2/repository/jakarta/persistence/jakarta.persistence-api/3.1.0/jakarta.persistence-api-3.1.0.jar:/home/david/.m2/repository/jakarta/transaction/jakarta.transaction-api/2.0.1/jakarta.transaction-api-2.0.1.jar:/home/david/.m2/repository/org/hibernate/common/hibernate-commons-annotations/7.0.3.Final/hibernate-commons-annotations-7.0.3.Final.jar:/home/david/.m2/repository/io/smallrye/jandex/3.2.0/jandex-3.2.0.jar:/home/david/.m2/repository/net/bytebuddy/byte-buddy/1.15.11/byte-buddy-1.15.11.jar:/home/david/.m2/repository/org/glassfish/jaxb/jaxb-runtime/4.0.5/jaxb-runtime-4.0.5.jar:/home/david/.m2/repository/org/glassfish/jaxb/jaxb-core/4.0.5/jaxb-core-4.0.5.jar:/home/david/.m2/repository/org/glassfish/jaxb/txw2/4.0.5/txw2-4.0.5.jar:/home/david/.m2/repository/com/sun/istack/istack-commons-runtime/4.1.2/istack-commons-runtime-4.1.2.jar:/home/david/.m2/repository/jakarta/inject/jakarta.inject-api/2.0.1/jakarta.inject-api-2.0.1.jar:/home/david/.m2/repository/org/antlr/antlr4-runtime/4.13.0/antlr4-runtime-4.13.0.jar:/home/david/.m2/repository/org/springframework/data/spring-data-jpa/3.4.4/spring-data-jpa-3.4.4.jar:/home/david/.m2/repository/org/springframework/data/spring-data-commons/3.4.4/spring-data-commons-3.4.4.jar:/home/david/.m2/repository/org/springframework/spring-orm/6.2.5/spring-orm-6.2.5.jar:/home/david/.m2/repository/org/springframework/spring-tx/6.2.5/spring-tx-6.2.5.jar:/home/david/.m2/repository/org/springframework/spring-aspects/6.2.5/spring-aspects-6.2.5.jar:/home/david/.m2/repository/org/aspectj/aspectjweaver/1.9.23/aspectjweaver-1.9.23.jar:/home/david/.m2/repository/org/springframework/boot/spring-boot-starter-security/3.4.4/spring-boot-starter-security-3.4.4.jar:/home/david/.m2/repository/org/springframework/spring-aop/6.2.5/spring-aop-6.2.5.jar:/home/david/.m2/repository/org/springframework/security/spring-security-config/6.4.4/spring-security-config-6.4.4.jar:/home/david/.m2/repository/org/springframework/security/spring-security-core/6.4.4/spring-security-core-6.4.4.jar:/home/david/.m2/repository/org/springframework/security/spring-security-web/6.4.4/spring-security-web-6.4.4.jar:/home/david/.m2/repository/org/springframework/spring-expression/6.2.5/spring-expression-6.2.5.jar:/home/david/.m2/repository/org/springframework/boot/spring-boot-starter-web/3.4.4/spring-boot-starter-web-3.4.4.jar:/home/david/.m2/repository/org/springframework/boot/spring-boot-starter-json/3.4.4/spring-boot-starter-json-3.4.4.jar:/home/david/.m2/repository/com/fasterxml/jackson/datatype/jackson-datatype-jdk8/2.18.3/jackson-datatype-jdk8-2.18.3.jar:/home/david/.m2/repository/com/fasterxml/jackson/datatype/jackson-datatype-jsr310/2.18.3/jackson-datatype-jsr310-2.18.3.jar:/home/david/.m2/repository/com/fasterxml/jackson/module/jackson-module-parameter-names/2.18.3/jackson-module-parameter-names-2.18.3.jar:/home/david/.m2/repository/org/springframework/boot/spring-boot-starter-tomcat/3.4.4/spring-boot-starter-tomcat-3.4.4.jar:/home/david/.m2/repository/org/apache/tomcat/embed/tomcat-embed-core/10.1.39/tomcat-embed-core-10.1.39.jar:/home/david/.m2/repository/org/apache/tomcat/embed/tomcat-embed-el/10.1.39/tomcat-embed-el-10.1.39.jar:/home/david/.m2/repository/org/apache/tomcat/embed/tomcat-embed-websocket/10.1.39/tomcat-embed-websocket-10.1.39.jar:/home/david/.m2/repository/org/springframework/spring-web/6.2.5/spring-web-6.2.5.jar:/home/david/.m2/repository/org/springframework/spring-webmvc/6.2.5/spring-webmvc-6.2.5.jar:/home/david/.m2/repository/com/mysql/mysql-connector-j/8.0.33/mysql-connector-j-8.0.33.jar:/home/david/.m2/repository/io/jsonwebtoken/jjwt-api/0.11.5/jjwt-api-0.11.5.jar:/home/david/.m2/repository/io/jsonwebtoken/jjwt-impl/0.11.5/jjwt-impl-0.11.5.jar:/home/david/.m2/repository/io/jsonwebtoken/jjwt-jackson/0.11.5/jjwt-jackson-0.11.5.jar:/home/david/.m2/repository/com/fasterxml/jackson/core/jackson-databind/2.18.3/jackson-databind-2.18.3.jar:/home/david/.m2/repository/com/fasterxml/jackson/core/jackson-annotations/2.18.3/jackson-annotations-2.18.3.jar:/home/david/.m2/repository/com/fasterxml/jackson/core/jackson-core/2.18.3/jackson-core-2.18.3.jar:/home/david/.m2/repository/org/springframework/boot/spring-boot-starter-data-redis/3.4.4/spring-boot-starter-data-redis-3.4.4.jar:/home/david/.m2/repository/io/lettuce/lettuce-core/6.4.2.RELEASE/lettuce-core-6.4.2.RELEASE.jar:/home/david/.m2/repository/io/netty/netty-common/4.1.119.Final/netty-common-4.1.119.Final.jar:/home/david/.m2/repository/io/netty/netty-handler/4.1.119.Final/netty-handler-4.1.119.Final.jar:/home/david/.m2/repository/io/netty/netty-resolver/4.1.119.Final/netty-resolver-4.1.119.Final.jar:/home/david/.m2/repository/io/netty/netty-buffer/4.1.119.Final/netty-buffer-4.1.119.Final.jar:/home/david/.m2/repository/io/netty/netty-transport-native-unix-common/4.1.119.Final/netty-transport-native-unix-common-4.1.119.Final.jar:/home/david/.m2/repository/io/netty/netty-codec/4.1.119.Final/netty-codec-4.1.119.Final.jar:/home/david/.m2/repository/io/netty/netty-transport/4.1.119.Final/netty-transport-4.1.119.Final.jar:/home/david/.m2/repository/org/springframework/data/spring-data-redis/3.4.4/spring-data-redis-3.4.4.jar:/home/david/.m2/repository/org/springframework/data/spring-data-keyvalue/3.4.4/spring-data-keyvalue-3.4.4.jar:/home/david/.m2/repository/org/springframework/spring-oxm/6.2.5/spring-oxm-6.2.5.jar:/home/david/.m2/repository/org/hibernate/validator/hibernate-validator/8.0.0.Final/hibernate-validator-8.0.0.Final.jar:/home/david/.m2/repository/jakarta/validation/jakarta.validation-api/3.0.2/jakarta.validation-api-3.0.2.jar:/home/david/.m2/repository/org/jboss/logging/jboss-logging/3.6.1.Final/jboss-logging-3.6.1.Final.jar:/home/david/.m2/repository/com/fasterxml/classmate/1.7.0/classmate-1.7.0.jar:/home/david/.m2/repository/com/baomidou/mybatis-plus-boot-starter/3.5.5/mybatis-plus-boot-starter-3.5.5.jar:/home/david/.m2/repository/com/baomidou/mybatis-plus/3.5.5/mybatis-plus-3.5.5.jar:/home/david/.m2/repository/com/baomidou/mybatis-plus-core/3.5.5/mybatis-plus-core-3.5.5.jar:/home/david/.m2/repository/com/baomidou/mybatis-plus-annotation/3.5.5/mybatis-plus-annotation-3.5.5.jar:/home/david/.m2/repository/com/baomidou/mybatis-plus-extension/3.5.5/mybatis-plus-extension-3.5.5.jar:/home/david/.m2/repository/org/mybatis/mybatis/3.5.15/mybatis-3.5.15.jar:/home/david/.m2/repository/com/github/jsqlparser/jsqlparser/4.6/jsqlparser-4.6.jar:/home/david/.m2/repository/com/baomidou/mybatis-plus-spring-boot-autoconfigure/3.5.5/mybatis-plus-spring-boot-autoconfigure-3.5.5.jar:/home/david/.m2/repository/org/springframework/boot/spring-boot-autoconfigure/3.4.4/spring-boot-autoconfigure-3.4.4.jar:/home/david/.m2/repository/org/mybatis/mybatis-spring/3.0.3/mybatis-spring-3.0.3.jar:/home/david/.m2/repository/org/jetbrains/annotations/13.0/annotations-13.0.jar:/home/david/.m2/repository/org/springframework/boot/spring-boot-starter-actuator/3.4.4/spring-boot-starter-actuator-3.4.4.jar:/home/david/.m2/repository/org/springframework/boot/spring-boot-actuator-autoconfigure/3.4.4/spring-boot-actuator-autoconfigure-3.4.4.jar:/home/david/.m2/repository/org/springframework/boot/spring-boot-actuator/3.4.4/spring-boot-actuator-3.4.4.jar:/home/david/.m2/repository/io/micrometer/micrometer-observation/1.14.5/micrometer-observation-1.14.5.jar:/home/david/.m2/repository/io/micrometer/micrometer-commons/1.14.5/micrometer-commons-1.14.5.jar:/home/david/.m2/repository/io/micrometer/micrometer-jakarta9/1.14.5/micrometer-jakarta9-1.14.5.jar:/home/david/.m2/repository/io/micrometer/micrometer-core/1.14.5/micrometer-core-1.14.5.jar:/home/david/.m2/repository/org/hdrhistogram/HdrHistogram/2.2.2/HdrHistogram-2.2.2.jar:/home/david/.m2/repository/org/latencyutils/LatencyUtils/2.0.3/LatencyUtils-2.0.3.jar:/home/david/.m2/repository/com/jayway/jsonpath/json-path/2.9.0/json-path-2.9.0.jar:/home/david/.m2/repository/net/minidev/json-smart/2.5.2/json-smart-2.5.2.jar:/home/david/.m2/repository/net/minidev/accessors-smart/2.5.2/accessors-smart-2.5.2.jar:/home/david/.m2/repository/org/ow2/asm/asm/9.7.1/asm-9.7.1.jar:/home/david/.m2/repository/org/slf4j/slf4j-api/2.0.17/slf4j-api-2.0.17.jar:/home/david/.m2/repository/org/springframework/boot/spring-boot-starter-test/3.4.4/spring-boot-starter-test-3.4.4.jar:/home/david/.m2/repository/org/springframework/boot/spring-boot-test/3.4.4/spring-boot-test-3.4.4.jar:/home/david/.m2/repository/org/springframework/boot/spring-boot-test-autoconfigure/3.4.4/spring-boot-test-autoconfigure-3.4.4.jar:/home/david/.m2/repository/jakarta/xml/bind/jakarta.xml.bind-api/4.0.2/jakarta.xml.bind-api-4.0.2.jar:/home/david/.m2/repository/org/assertj/assertj-core/3.26.3/assertj-core-3.26.3.jar:/home/david/.m2/repository/org/awaitility/awaitility/4.2.2/awaitility-4.2.2.jar:/home/david/.m2/repository/org/hamcrest/hamcrest/2.2/hamcrest-2.2.jar:/home/david/.m2/repository/org/junit/jupiter/junit-jupiter/5.11.4/junit-jupiter-5.11.4.jar:/home/david/.m2/repository/org/junit/jupiter/junit-jupiter-api/5.11.4/junit-jupiter-api-5.11.4.jar:/home/david/.m2/repository/org/opentest4j/opentest4j/1.3.0/opentest4j-1.3.0.jar:/home/david/.m2/repository/org/junit/platform/junit-platform-commons/1.11.4/junit-platform-commons-1.11.4.jar:/home/david/.m2/repository/org/apiguardian/apiguardian-api/1.1.2/apiguardian-api-1.1.2.jar:/home/david/.m2/repository/org/junit/jupiter/junit-jupiter-params/5.11.4/junit-jupiter-params-5.11.4.jar:/home/david/.m2/repository/org/junit/jupiter/junit-jupiter-engine/5.11.4/junit-jupiter-engine-5.11.4.jar:/home/david/.m2/repository/org/junit/platform/junit-platform-engine/1.11.4/junit-platform-engine-1.11.4.jar:/home/david/.m2/repository/org/mockito/mockito-core/5.14.2/mockito-core-5.14.2.jar:/home/david/.m2/repository/net/bytebuddy/byte-buddy-agent/1.15.11/byte-buddy-agent-1.15.11.jar:/home/david/.m2/repository/org/objenesis/objenesis/3.3/objenesis-3.3.jar:/home/david/.m2/repository/org/mockito/mockito-junit-jupiter/5.14.2/mockito-junit-jupiter-5.14.2.jar:/home/david/.m2/repository/org/skyscreamer/jsonassert/1.5.3/jsonassert-1.5.3.jar:/home/david/.m2/repository/com/vaadin/external/google/android-json/0.0.20131108.vaadin1/android-json-0.0.20131108.vaadin1.jar:/home/david/.m2/repository/org/springframework/spring-core/6.2.5/spring-core-6.2.5.jar:/home/david/.m2/repository/org/springframework/spring-jcl/6.2.5/spring-jcl-6.2.5.jar:/home/david/.m2/repository/org/springframework/spring-test/6.2.5/spring-test-6.2.5.jar:/home/david/.m2/repository/org/xmlunit/xmlunit-core/2.10.0/xmlunit-core-2.10.0.jar:"/>
    <property name="sun.cpu.endian" value="little"/>
    <property name="user.home" value="/home/david"/>
    <property name="user.language" value="zh"/>
    <property name="java.specification.vendor" value="Oracle Corporation"/>
    <property name="java.version.date" value="2022-01-18"/>
    <property name="java.home" value="/home/david/.version-fox/cache/java/v-17.0.2+8/java-17.0.2+8"/>
    <property name="file.separator" value="/"/>
    <property name="basedir" value="/home/david/Project/springcloud/spring"/>
    <property name="java.vm.compressedOopsMode" value="Zero based"/>
    <property name="line.separator" value="&#10;"/>
    <property name="java.specification.name" value="Java Platform API Specification"/>
    <property name="java.vm.specification.vendor" value="Oracle Corporation"/>
    <property name="FILE_LOG_CHARSET" value="UTF-8"/>
    <property name="java.awt.headless" value="true"/>
    <property name="surefire.real.class.path" value="/home/david/Project/springcloud/spring/target/surefire/surefirebooter-20250322161827848_3.jar"/>
    <property name="sun.management.compiler" value="HotSpot 64-Bit Tiered Compilers"/>
    <property name="java.runtime.version" value="17.0.2+8-86"/>
    <property name="user.name" value="david"/>
    <property name="path.separator" value=":"/>
    <property name="os.version" value="6.11.0-19-generic"/>
    <property name="java.runtime.name" value="OpenJDK Runtime Environment"/>
    <property name="file.encoding" value="UTF-8"/>
    <property name="java.vm.name" value="OpenJDK 64-Bit Server VM"/>
    <property name="localRepository" value="/home/david/.m2/repository"/>
    <property name="java.vendor.url.bug" value="https://bugreport.java.com/bugreport/"/>
    <property name="java.io.tmpdir" value="/tmp"/>
    <property name="com.zaxxer.hikari.pool_number" value="1"/>
    <property name="java.version" value="17.0.2"/>
    <property name="user.dir" value="/home/david/Project/springcloud/spring"/>
    <property name="os.arch" value="amd64"/>
    <property name="java.vm.specification.name" value="Java Virtual Machine Specification"/>
    <property name="PID" value="75969"/>
    <property name="CONSOLE_LOG_CHARSET" value="UTF-8"/>
    <property name="native.encoding" value="UTF-8"/>
    <property name="java.library.path" value="/tmp/.mount_CursorjEklkJ/usr/lib/:/tmp/.mount_CursorjEklkJ/usr/lib32/:/tmp/.mount_CursorjEklkJ/usr/lib64/:/tmp/.mount_CursorjEklkJ/lib/:/tmp/.mount_CursorjEklkJ/lib/i386-linux-gnu/:/tmp/.mount_CursorjEklkJ/lib/x86_64-linux-gnu/:/tmp/.mount_CursorjEklkJ/lib/aarch64-linux-gnu/:/tmp/.mount_CursorjEklkJ/lib32/:/tmp/.mount_CursorjEklkJ/lib64/::/usr/java/packages/lib:/usr/lib64:/lib64:/lib:/usr/lib"/>
    <property name="java.vm.info" value="mixed mode, sharing"/>
    <property name="java.vendor" value="Oracle Corporation"/>
    <property name="java.vm.version" value="17.0.2+8-86"/>
    <property name="sun.io.unicode.encoding" value="UnicodeLittle"/>
    <property name="java.class.version" value="61.0"/>
    <property name="LOGGED_APPLICATION_NAME" value="[Spring] "/>
  </properties>
  <testcase name="testListAll" classname="com.david.hlp.Spring.repeater.mapper.RoleUrlMapperTest" time="0.606">
    <system-out><![CDATA[
  .   ____          _            __ _ _
 /\\ / ___'_ __ _ _(_)_ __  __ _ \ \ \ \
( ( )\___ | '_ | '_| | '_ \/ _` | \ \ \ \
 \\/  ___)| |_)| | | | | || (_| |  ) ) ) )
  '  |____| .__|_| |_|_| |_\__, | / / / /
 =========|_|==============|___/=/_/_/_/

 :: Spring Boot ::                (v3.4.4)

2025-03-22T16:18:29.849+08:00  INFO 75969 --- [Spring] [           main] c.d.h.S.r.mapper.RoleUrlMapperTest       : Starting RoleUrlMapperTest using Java 17.0.2 with PID 75969 (started by david in /home/david/Project/springcloud/spring)
2025-03-22T16:18:29.852+08:00  INFO 75969 --- [Spring] [           main] c.d.h.S.r.mapper.RoleUrlMapperTest       : No active profile set, falling back to 1 default profile: "default"
2025-03-22T16:18:29.853+08:00 DEBUG 75969 --- [Spring] [           main] o.s.boot.SpringApplication               : Loading source class com.david.hlp.Spring.SpringBootStarter
2025-03-22T16:18:29.891+08:00 DEBUG 75969 --- [Spring] [           main] o.s.w.c.s.GenericWebApplicationContext   : Refreshing org.springframework.web.context.support.GenericWebApplicationContext@29a23c3d
2025-03-22T16:18:29.905+08:00 DEBUG 75969 --- [Spring] [           main] o.s.b.f.s.DefaultListableBeanFactory     : Creating shared instance of singleton bean 'org.springframework.context.annotation.internalConfigurationAnnotationProcessor'
2025-03-22T16:18:29.917+08:00 DEBUG 75969 --- [Spring] [           main] o.s.b.f.s.DefaultListableBeanFactory     : Creating shared instance of singleton bean 'org.springframework.boot.autoconfigure.internalCachingMetadataReaderFactory'
2025-03-22T16:18:29.996+08:00 DEBUG 75969 --- [Spring] [           main] o.s.c.a.ClassPathBeanDefinitionScanner   : Identified candidate component class: file [/home/david/Project/springcloud/spring/target/classes/com/david/hlp/Spring/common/exception/GlobalExceptionHandler.class]
2025-03-22T16:18:30.002+08:00 DEBUG 75969 --- [Spring] [           main] o.s.c.a.ClassPathBeanDefinitionScanner   : Identified candidate component class: file [/home/david/Project/springcloud/spring/target/classes/com/david/hlp/Spring/repeater/config/RestTemplateConfig.class]
2025-03-22T16:18:30.033+08:00 DEBUG 75969 --- [Spring] [           main] o.s.c.a.ClassPathBeanDefinitionScanner   : Identified candidate component class: file [/home/david/Project/springcloud/spring/target/classes/com/david/hlp/Spring/repeater/controller/HostController.class]
2025-03-22T16:18:30.034+08:00 DEBUG 75969 --- [Spring] [           main] o.s.c.a.ClassPathBeanDefinitionScanner   : Identified candidate component class: file [/home/david/Project/springcloud/spring/target/classes/com/david/hlp/Spring/repeater/controller/PathUrlController.class]
2025-03-22T16:18:30.035+08:00 DEBUG 75969 --- [Spring] [           main] o.s.c.a.ClassPathBeanDefinitionScanner   : Identified candidate component class: file [/home/david/Project/springcloud/spring/target/classes/com/david/hlp/Spring/repeater/controller/PortController.class]
2025-03-22T16:18:30.036+08:00 DEBUG 75969 --- [Spring] [           main] o.s.c.a.ClassPathBeanDefinitionScanner   : Identified candidate component class: file [/home/david/Project/springcloud/spring/target/classes/com/david/hlp/Spring/repeater/controller/ProjectUrlController.class]
2025-03-22T16:18:30.037+08:00 DEBUG 75969 --- [Spring] [           main] o.s.c.a.ClassPathBeanDefinitionScanner   : Identified candidate component class: file [/home/david/Project/springcloud/spring/target/classes/com/david/hlp/Spring/repeater/controller/RepeaterController.class]
2025-03-22T16:18:30.038+08:00 DEBUG 75969 --- [Spring] [           main] o.s.c.a.ClassPathBeanDefinitionScanner   : Identified candidate component class: file [/home/david/Project/springcloud/spring/target/classes/com/david/hlp/Spring/repeater/controller/RouterUrlController.class]
2025-03-22T16:18:30.062+08:00 DEBUG 75969 --- [Spring] [           main] o.s.c.a.ClassPathBeanDefinitionScanner   : Identified candidate component class: file [/home/david/Project/springcloud/spring/target/classes/com/david/hlp/Spring/repeater/service/impl/HostServiceImpl.class]
2025-03-22T16:18:30.064+08:00 DEBUG 75969 --- [Spring] [           main] o.s.c.a.ClassPathBeanDefinitionScanner   : Identified candidate component class: file [/home/david/Project/springcloud/spring/target/classes/com/david/hlp/Spring/repeater/service/impl/PathUrlServiceImpl.class]
2025-03-22T16:18:30.065+08:00 DEBUG 75969 --- [Spring] [           main] o.s.c.a.ClassPathBeanDefinitionScanner   : Identified candidate component class: file [/home/david/Project/springcloud/spring/target/classes/com/david/hlp/Spring/repeater/service/impl/PortServiceImpl.class]
2025-03-22T16:18:30.065+08:00 DEBUG 75969 --- [Spring] [           main] o.s.c.a.ClassPathBeanDefinitionScanner   : Identified candidate component class: file [/home/david/Project/springcloud/spring/target/classes/com/david/hlp/Spring/repeater/service/impl/ProjectUrlServiceImpl.class]
2025-03-22T16:18:30.066+08:00 DEBUG 75969 --- [Spring] [           main] o.s.c.a.ClassPathBeanDefinitionScanner   : Identified candidate component class: file [/home/david/Project/springcloud/spring/target/classes/com/david/hlp/Spring/repeater/service/impl/RepeaterServiceImp$DirectRestTemplate.class]
2025-03-22T16:18:30.067+08:00 DEBUG 75969 --- [Spring] [           main] o.s.c.a.ClassPathBeanDefinitionScanner   : Identified candidate component class: file [/home/david/Project/springcloud/spring/target/classes/com/david/hlp/Spring/repeater/service/impl/RepeaterServiceImp.class]
2025-03-22T16:18:30.067+08:00 DEBUG 75969 --- [Spring] [           main] o.s.c.a.ClassPathBeanDefinitionScanner   : Identified candidate component class: file [/home/david/Project/springcloud/spring/target/classes/com/david/hlp/Spring/repeater/service/impl/RouterUrlServiceImpl.class]
2025-03-22T16:18:30.068+08:00 DEBUG 75969 --- [Spring] [           main] o.s.c.a.ClassPathBeanDefinitionScanner   : Identified candidate component class: file [/home/david/Project/springcloud/spring/target/classes/com/david/hlp/Spring/system/aspect/ValidationAspect.class]
2025-03-22T16:18:30.069+08:00 DEBUG 75969 --- [Spring] [           main] o.s.c.a.ClassPathBeanDefinitionScanner   : Identified candidate component class: file [/home/david/Project/springcloud/spring/target/classes/com/david/hlp/Spring/system/auth/ApplicationConfig.class]
2025-03-22T16:18:30.069+08:00 DEBUG 75969 --- [Spring] [           main] o.s.c.a.ClassPathBeanDefinitionScanner   : Identified candidate component class: file [/home/david/Project/springcloud/spring/target/classes/com/david/hlp/Spring/system/auth/JwtAuthenticationFilter.class]
2025-03-22T16:18:30.069+08:00 DEBUG 75969 --- [Spring] [           main] o.s.c.a.ClassPathBeanDefinitionScanner   : Identified candidate component class: file [/home/david/Project/springcloud/spring/target/classes/com/david/hlp/Spring/system/auth/JwtService.class]
2025-03-22T16:18:30.069+08:00 DEBUG 75969 --- [Spring] [           main] o.s.c.a.ClassPathBeanDefinitionScanner   : Identified candidate component class: file [/home/david/Project/springcloud/spring/target/classes/com/david/hlp/Spring/system/auth/LogoutService.class]
2025-03-22T16:18:30.072+08:00 DEBUG 75969 --- [Spring] [           main] o.s.c.a.ClassPathBeanDefinitionScanner   : Identified candidate component class: file [/home/david/Project/springcloud/spring/target/classes/com/david/hlp/Spring/system/auth/SecurityConfiguration.class]
2025-03-22T16:18:30.073+08:00 DEBUG 75969 --- [Spring] [           main] o.s.c.a.ClassPathBeanDefinitionScanner   : Identified candidate component class: file [/home/david/Project/springcloud/spring/target/classes/com/david/hlp/Spring/system/auth/WebMvcConfig.class]
2025-03-22T16:18:30.076+08:00 DEBUG 75969 --- [Spring] [           main] o.s.c.a.ClassPathBeanDefinitionScanner   : Identified candidate component class: file [/home/david/Project/springcloud/spring/target/classes/com/david/hlp/Spring/system/config/CacheConfig.class]
2025-03-22T16:18:30.076+08:00 DEBUG 75969 --- [Spring] [           main] o.s.c.a.ClassPathBeanDefinitionScanner   : Identified candidate component class: file [/home/david/Project/springcloud/spring/target/classes/com/david/hlp/Spring/system/controller/AuthController.class]
2025-03-22T16:18:30.077+08:00 DEBUG 75969 --- [Spring] [           main] o.s.c.a.ClassPathBeanDefinitionScanner   : Identified candidate component class: file [/home/david/Project/springcloud/spring/target/classes/com/david/hlp/Spring/system/controller/RoleController.class]
2025-03-22T16:18:30.077+08:00 DEBUG 75969 --- [Spring] [           main] o.s.c.a.ClassPathBeanDefinitionScanner   : Identified candidate component class: file [/home/david/Project/springcloud/spring/target/classes/com/david/hlp/Spring/system/controller/UserController.class]
2025-03-22T16:18:30.086+08:00 DEBUG 75969 --- [Spring] [           main] o.s.c.a.ClassPathBeanDefinitionScanner   : Identified candidate component class: file [/home/david/Project/springcloud/spring/target/classes/com/david/hlp/Spring/system/filter/WebConfig.class]
2025-03-22T16:18:30.092+08:00 DEBUG 75969 --- [Spring] [           main] o.s.c.a.ClassPathBeanDefinitionScanner   : Identified candidate component class: file [/home/david/Project/springcloud/spring/target/classes/com/david/hlp/Spring/system/service/UserDetailsServiceImpl.class]
2025-03-22T16:18:30.092+08:00 DEBUG 75969 --- [Spring] [           main] o.s.c.a.ClassPathBeanDefinitionScanner   : Identified candidate component class: file [/home/david/Project/springcloud/spring/target/classes/com/david/hlp/Spring/system/service/UserServiceImp.class]
2025-03-22T16:18:30.093+08:00 DEBUG 75969 --- [Spring] [           main] o.s.c.a.ClassPathBeanDefinitionScanner   : Identified candidate component class: file [/home/david/Project/springcloud/spring/target/classes/com/david/hlp/Spring/system/service/imp/AuthServiceImp.class]
2025-03-22T16:18:30.093+08:00 DEBUG 75969 --- [Spring] [           main] o.s.c.a.ClassPathBeanDefinitionScanner   : Identified candidate component class: file [/home/david/Project/springcloud/spring/target/classes/com/david/hlp/Spring/system/service/imp/PasswordServiceImpl.class]
2025-03-22T16:18:30.094+08:00 DEBUG 75969 --- [Spring] [           main] o.s.c.a.ClassPathBeanDefinitionScanner   : Identified candidate component class: file [/home/david/Project/springcloud/spring/target/classes/com/david/hlp/Spring/system/service/imp/PermissionServiceImp.class]
2025-03-22T16:18:30.095+08:00 DEBUG 75969 --- [Spring] [           main] o.s.c.a.ClassPathBeanDefinitionScanner   : Identified candidate component class: file [/home/david/Project/springcloud/spring/target/classes/com/david/hlp/Spring/system/service/imp/RoleServiceImp.class]
2025-03-22T16:18:30.095+08:00 DEBUG 75969 --- [Spring] [           main] o.s.c.a.ClassPathBeanDefinitionScanner   : Identified candidate component class: file [/home/david/Project/springcloud/spring/target/classes/com/david/hlp/Spring/system/service/imp/RouterServiceImp.class]
2025-03-22T16:18:30.096+08:00 DEBUG 75969 --- [Spring] [           main] o.s.c.a.ClassPathBeanDefinitionScanner   : Identified candidate component class: file [/home/david/Project/springcloud/spring/target/classes/com/david/hlp/Spring/system/util/RedisCache.class]
2025-03-22T16:18:30.907+08:00 DEBUG 75969 --- [Spring] [           main] o.s.b.f.s.DefaultListableBeanFactory     : Creating shared instance of singleton bean 'org.springframework.boot.autoconfigure.AutoConfigurationPackages'
2025-03-22T16:18:31.344+08:00  INFO 75969 --- [Spring] [           main] .s.d.r.c.RepositoryConfigurationDelegate : Multiple Spring Data modules found, entering strict repository configuration mode
2025-03-22T16:18:31.346+08:00  INFO 75969 --- [Spring] [           main] .s.d.r.c.RepositoryConfigurationDelegate : Bootstrapping Spring Data JPA repositories in DEFAULT mode.
2025-03-22T16:18:31.353+08:00 DEBUG 75969 --- [Spring] [           main] .s.d.r.c.RepositoryConfigurationDelegate : Scanning for JPA repositories in packages com.david.hlp.Spring.
2025-03-22T16:18:31.372+08:00  INFO 75969 --- [Spring] [           main] .s.d.r.c.RepositoryConfigurationDelegate : Finished Spring Data repository scanning in 17 ms. Found 0 JPA repository interfaces.
2025-03-22T16:18:31.385+08:00  INFO 75969 --- [Spring] [           main] .s.d.r.c.RepositoryConfigurationDelegate : Multiple Spring Data modules found, entering strict repository configuration mode
2025-03-22T16:18:31.387+08:00  INFO 75969 --- [Spring] [           main] .s.d.r.c.RepositoryConfigurationDelegate : Bootstrapping Spring Data Redis repositories in DEFAULT mode.
2025-03-22T16:18:31.398+08:00 DEBUG 75969 --- [Spring] [           main] .s.d.r.c.RepositoryConfigurationDelegate : Scanning for Redis repositories in packages com.david.hlp.Spring.
2025-03-22T16:18:31.405+08:00  INFO 75969 --- [Spring] [           main] .s.d.r.c.RepositoryConfigurationDelegate : Finished Spring Data repository scanning in 6 ms. Found 0 Redis repository interfaces.
2025-03-22T16:18:31.572+08:00 DEBUG 75969 --- [Spring] [           main] o.s.b.f.s.DefaultListableBeanFactory     : Creating shared instance of singleton bean 'refreshScope'
2025-03-22T16:18:31.576+08:00 DEBUG 75969 --- [Spring] [           main] o.s.b.f.s.DefaultListableBeanFactory     : Creating shared instance of singleton bean 'springSecurityHandlerMappingIntrospectorBeanDefinitionRegistryPostProcessor'
2025-03-22T16:18:31.578+08:00 DEBUG 75969 --- [Spring] [           main] o.s.b.f.s.DefaultListableBeanFactory     : Creating shared instance of singleton bean 'org.mybatis.spring.mapper.MapperScannerConfigurer'
2025-03-22T16:18:31.581+08:00 DEBUG 75969 --- [Spring] [           main] o.s.b.f.s.DefaultListableBeanFactory     : Creating shared instance of singleton bean 'org.springframework.cloud.autoconfigure.RefreshAutoConfiguration$RefreshScopeBeanDefinitionEnhancer'
2025-03-22T16:18:31.584+08:00 DEBUG 75969 --- [Spring] [           main] o.s.b.f.s.DefaultListableBeanFactory     : Creating shared instance of singleton bean 'propertySourcesPlaceholderConfigurer'
2025-03-22T16:18:31.597+08:00 DEBUG 75969 --- [Spring] [           main] o.m.s.mapper.ClassPathMapperScanner      : Identified candidate component class: file [/home/david/Project/springcloud/spring/target/classes/com/david/hlp/Spring/repeater/mapper/HostMapper.class]
2025-03-22T16:18:31.598+08:00 DEBUG 75969 --- [Spring] [           main] o.m.s.mapper.ClassPathMapperScanner      : Identified candidate component class: file [/home/david/Project/springcloud/spring/target/classes/com/david/hlp/Spring/repeater/mapper/PathUrlMapper.class]
2025-03-22T16:18:31.598+08:00 DEBUG 75969 --- [Spring] [           main] o.m.s.mapper.ClassPathMapperScanner      : Identified candidate component class: file [/home/david/Project/springcloud/spring/target/classes/com/david/hlp/Spring/repeater/mapper/PortMapper.class]
2025-03-22T16:18:31.598+08:00 DEBUG 75969 --- [Spring] [           main] o.m.s.mapper.ClassPathMapperScanner      : Identified candidate component class: file [/home/david/Project/springcloud/spring/target/classes/com/david/hlp/Spring/repeater/mapper/ProjectMapper.class]
2025-03-22T16:18:31.598+08:00 DEBUG 75969 --- [Spring] [           main] o.m.s.mapper.ClassPathMapperScanner      : Identified candidate component class: file [/home/david/Project/springcloud/spring/target/classes/com/david/hlp/Spring/repeater/mapper/RoleUrlMapper.class]
2025-03-22T16:18:31.598+08:00 DEBUG 75969 --- [Spring] [           main] o.m.s.mapper.ClassPathMapperScanner      : Identified candidate component class: file [/home/david/Project/springcloud/spring/target/classes/com/david/hlp/Spring/repeater/mapper/RouterUrlMapper.class]
2025-03-22T16:18:31.598+08:00 DEBUG 75969 --- [Spring] [           main] o.m.s.mapper.ClassPathMapperScanner      : Identified candidate component class: file [/home/david/Project/springcloud/spring/target/classes/com/david/hlp/Spring/system/mapper/PermissionMapper.class]
2025-03-22T16:18:31.598+08:00 DEBUG 75969 --- [Spring] [           main] o.m.s.mapper.ClassPathMapperScanner      : Identified candidate component class: file [/home/david/Project/springcloud/spring/target/classes/com/david/hlp/Spring/system/mapper/RoleMapper.class]
2025-03-22T16:18:31.599+08:00 DEBUG 75969 --- [Spring] [           main] o.m.s.mapper.ClassPathMapperScanner      : Identified candidate component class: file [/home/david/Project/springcloud/spring/target/classes/com/david/hlp/Spring/system/mapper/RouterMapper.class]
2025-03-22T16:18:31.599+08:00 DEBUG 75969 --- [Spring] [           main] o.m.s.mapper.ClassPathMapperScanner      : Identified candidate component class: file [/home/david/Project/springcloud/spring/target/classes/com/david/hlp/Spring/system/mapper/TokenMapper.class]
2025-03-22T16:18:31.599+08:00 DEBUG 75969 --- [Spring] [           main] o.m.s.mapper.ClassPathMapperScanner      : Identified candidate component class: file [/home/david/Project/springcloud/spring/target/classes/com/david/hlp/Spring/system/mapper/UserMapper.class]
2025-03-22T16:18:31.600+08:00 DEBUG 75969 --- [Spring] [           main] o.m.s.mapper.ClassPathMapperScanner      : Creating MapperFactoryBean with name 'hostMapper' and 'com.david.hlp.Spring.repeater.mapper.HostMapper' mapperInterface
2025-03-22T16:18:31.601+08:00 DEBUG 75969 --- [Spring] [           main] o.m.s.mapper.ClassPathMapperScanner      : Creating MapperFactoryBean with name 'pathUrlMapper' and 'com.david.hlp.Spring.repeater.mapper.PathUrlMapper' mapperInterface
2025-03-22T16:18:31.602+08:00 DEBUG 75969 --- [Spring] [           main] o.m.s.mapper.ClassPathMapperScanner      : Creating MapperFactoryBean with name 'portMapper' and 'com.david.hlp.Spring.repeater.mapper.PortMapper' mapperInterface
2025-03-22T16:18:31.602+08:00 DEBUG 75969 --- [Spring] [           main] o.m.s.mapper.ClassPathMapperScanner      : Creating MapperFactoryBean with name 'projectMapper' and 'com.david.hlp.Spring.repeater.mapper.ProjectMapper' mapperInterface
2025-03-22T16:18:31.602+08:00 DEBUG 75969 --- [Spring] [           main] o.m.s.mapper.ClassPathMapperScanner      : Creating MapperFactoryBean with name 'roleUrlMapper' and 'com.david.hlp.Spring.repeater.mapper.RoleUrlMapper' mapperInterface
2025-03-22T16:18:31.603+08:00 DEBUG 75969 --- [Spring] [           main] o.m.s.mapper.ClassPathMapperScanner      : Creating MapperFactoryBean with name 'routerUrlMapper' and 'com.david.hlp.Spring.repeater.mapper.RouterUrlMapper' mapperInterface
2025-03-22T16:18:31.603+08:00 DEBUG 75969 --- [Spring] [           main] o.m.s.mapper.ClassPathMapperScanner      : Creating MapperFactoryBean with name 'permissionMapper' and 'com.david.hlp.Spring.system.mapper.PermissionMapper' mapperInterface
2025-03-22T16:18:31.603+08:00 DEBUG 75969 --- [Spring] [           main] o.m.s.mapper.ClassPathMapperScanner      : Creating MapperFactoryBean with name 'roleMapper' and 'com.david.hlp.Spring.system.mapper.RoleMapper' mapperInterface
2025-03-22T16:18:31.603+08:00 DEBUG 75969 --- [Spring] [           main] o.m.s.mapper.ClassPathMapperScanner      : Creating MapperFactoryBean with name 'routerMapper' and 'com.david.hlp.Spring.system.mapper.RouterMapper' mapperInterface
2025-03-22T16:18:31.603+08:00 DEBUG 75969 --- [Spring] [           main] o.m.s.mapper.ClassPathMapperScanner      : Creating MapperFactoryBean with name 'tokenMapper' and 'com.david.hlp.Spring.system.mapper.TokenMapper' mapperInterface
2025-03-22T16:18:31.604+08:00 DEBUG 75969 --- [Spring] [           main] o.m.s.mapper.ClassPathMapperScanner      : Creating MapperFactoryBean with name 'userMapper' and 'com.david.hlp.Spring.system.mapper.UserMapper' mapperInterface
2025-03-22T16:18:31.787+08:00 DEBUG 75969 --- [Spring] [           main] o.s.cloud.context.scope.GenericScope     : Generating bean factory id from names: [additionalModelsConverter, applicationAvailability, applicationConfig, applicationTaskExecutor, auditorAware, authController, authServiceImp, authenticationEventPublisher, authenticationManager, authenticationManagerBuilder, authenticationManagerPostProcessor, authenticationProvider, basicErrorController, beanNameHandlerMapping, blockingLoadBalancerClient, cacheConfig, cacheInterceptor, cacheManager, cacheMetricsRegistrar, cacheOperationSource, caffeineWarnLogger, characterEncodingFilter, classLoaderMetrics, clientHttpRequestFactoryBuilder, clientHttpRequestFactorySettings, com.baomidou.mybatisplus.autoconfigure.MybatisPlusAutoConfiguration, com.baomidou.mybatisplus.autoconfigure.MybatisPlusAutoConfiguration$MapperScannerRegistrarNotFoundConfiguration, com.baomidou.mybatisplus.autoconfigure.MybatisPlusLanguageDriverAutoConfiguration, compositeCompatibilityVerifier, compositeDiscoveryClient, configDataContextRefresher, configurationPropertiesBeans, configurationPropertiesRebinder, controllerEndpointDiscoverer, controllerEndpointHandlerMapping, controllerExposeExcludePropertyEndpointFilter, conventionErrorViewResolver, conversionServicePostProcessor, corsFilter, data-jpa.repository-aot-processor#0, data-redis.repository-aot-processor#0, dataRestDelegatingMethodParameterCustomizer, dataSource, dataSourcePoolMetadataMeterBinder, dataSourceScriptDatabaseInitializer, dbHealthContributor, ddlApplicationRunner, default.org.springframework.cloud.loadbalancer.config.BlockingLoadBalancerClientAutoConfiguration.LoadBalancerClientSpecification, default.org.springframework.cloud.loadbalancer.config.LoadBalancerAutoConfiguration.LoadBalancerClientSpecification, defaultLoadBalancerCacheManager, defaultMeterObservationHandler, defaultServletHandlerMapping, defaultTemplateResolver, defaultValidator, defaultsBindHandlerAdvisor, deferringLoadBalancerInterceptor, delegatingApplicationListener, discoveryClientHealthIndicator, discoveryCompositeHealthContributor, diskSpaceHealthIndicator, diskSpaceMetrics, dispatcherServlet, dispatcherServletRegistration, eagerTaskExecutorMetrics, emBeanDefinitionRegistrarPostProcessor, enableGlobalAuthenticationAutowiredConfigurer, endpointCachingOperationInvokerAdvisor, endpointMediaTypes, endpointObjectMapper, endpointObjectMapperWebMvcConfigurer, endpointOperationParameterMapper, entityManagerFactory, entityManagerFactoryBuilder, environmentManager, errorAttributes, errorPageCustomizer, errorPageRegistrarBeanPostProcessor, fileDescriptorMetrics, fileSupportConverter, fileWatcher, filterChain, filterChainDecoratorPostProcessor, flashMapManager, globalExceptionHandler, globalOpenApiCustomizer, handlerExceptionResolver, handlerFunctionAdapter, healthContributorRegistry, healthEndpoint, healthEndpointGroupMembershipValidator, healthEndpointGroups, healthEndpointGroupsBeanPostProcessor, healthEndpointWebExtension, healthEndpointWebMvcHandlerMapping, healthHttpCodeStatusMapper, healthStatusAggregator, hikariDataSourceMeterBinder, hikariPoolDataSourceMetadataProvider, hostController, hostMapper, hostServiceImpl, httpMessageConvertersRestClientCustomizer, httpRequestHandlerAdapter, indexPageTransformer, inetUtils, inetUtilsProperties, initializeAuthenticationProviderBeanManagerConfigurer, initializeUserDetailsBeanManagerConfigurer, jacksonGeoModule, jacksonObjectMapper, jacksonObjectMapperBuilder, jdbcClient, jdbcConnectionDetails, jdbcConnectionDetailsHikariBeanPostProcessor, jdbcTemplate, jpaContext, jpaMappingContext, jpaSharedEM_entityManagerFactory, jpaVendorAdapter, jsonComponentModule, jsonMixinModule, jsonMixinModuleEntries, jvmCompilationMetrics, jvmGcMetrics, jvmHeapPressureMetrics, jvmInfoMetrics, jvmMemoryMetrics, jvmThreadMetrics, jwtAuthenticationFilter, jwtService, keyValueMappingContext, lbRestClientPostProcessor, lbRestTemplateBuilderPostProcessor, lettuceClientResources, lettuceMetrics, lifecycleProcessor, loadBalancedRestTemplateInitializerDeprecated, loadBalancerChildContextInitializer, loadBalancerClientFactory, loadBalancerClientsDefaultsMappingsProvider, loadBalancerEagerContextInitializer, loadBalancerInterceptor, loadBalancerRequestFactory, loadBalancerServiceInstanceCookieTransformer, localSpringDocParameterNameDiscoverer, localeCharsetMappingsCustomizer, localeResolver, logbackMetrics, loggingRebinder, logoutService, management.endpoint.health-org.springframework.boot.actuate.autoconfigure.health.HealthEndpointProperties, management.endpoints.web-org.springframework.boot.actuate.autoconfigure.endpoint.web.WebEndpointProperties, management.endpoints.web.cors-org.springframework.boot.actuate.autoconfigure.endpoint.web.CorsEndpointProperties, management.health.db-org.springframework.boot.actuate.autoconfigure.jdbc.DataSourceHealthIndicatorProperties, management.health.diskspace-org.springframework.boot.actuate.autoconfigure.system.DiskSpaceHealthIndicatorProperties, management.health.ssl-org.springframework.boot.actuate.autoconfigure.ssl.SslHealthIndicatorProperties, management.info-org.springframework.boot.actuate.autoconfigure.info.InfoContributorProperties, management.metrics-org.springframework.boot.actuate.autoconfigure.metrics.MetricsProperties, management.observations-org.springframework.boot.actuate.autoconfigure.observation.ObservationProperties, management.server-org.springframework.boot.actuate.autoconfigure.web.server.ManagementServerProperties, management.simple.metrics.export-org.springframework.boot.actuate.autoconfigure.metrics.export.simple.SimpleProperties, managementServletContext, mappingJackson2HttpMessageConverter, messageConverters, meterRegistryCloser, meterRegistryPostProcessor, methodValidationPostProcessor, metricsHttpClientUriTagFilter, metricsHttpServerUriTagFilter, metricsObservationHandlerGrouping, metricsRepositoryMethodInvocationListener, metricsRepositoryMethodInvocationListenerBeanPostProcessor, micrometerClock, micrometerOptions, modelConverterRegistrar, multipartConfigElement, multipartResolver, mvcContentNegotiationManager, mvcConversionService, mvcHandlerMappingIntrospector, mvcHandlerMappingIntrospectorRequestTransformer, mvcPathMatcher, mvcPatternParser, mvcResourceUrlProvider, mvcUriComponentsContributor, mvcUrlPathHelper, mvcValidator, mvcViewResolver, mybatis-plus-com.baomidou.mybatisplus.autoconfigure.MybatisPlusProperties, namedParameterJdbcTemplate, objectPostProcessor, observabilitySchedulingConfigurer, observationRegistry, observationRegistryPostProcessor, observationRestClientCustomizer, observationRestTemplateCustomizer, observedAspect, offsetResolver, openAPIBuilder, openApiResource, openEntityManagerInViewInterceptor, openEntityManagerInViewInterceptorConfigurer, operationBuilder, org.mybatis.spring.mapper.MapperScannerConfigurer, org.springdoc.core.configuration.SpringDocConfiguration, org.springdoc.core.configuration.SpringDocConfiguration$OpenApiResourceAdvice, org.springdoc.core.configuration.SpringDocConfiguration$QuerydslProvider, org.springdoc.core.configuration.SpringDocConfiguration$SpringDocSpringDataWebPropertiesProvider, org.springdoc.core.configuration.SpringDocConfiguration$SpringDocWebFluxSupportConfiguration, org.springdoc.core.configuration.SpringDocConfiguration$WebConversionServiceConfiguration, org.springdoc.core.configuration.SpringDocPageableConfiguration, org.springdoc.core.configuration.SpringDocSecurityConfiguration, org.springdoc.core.configuration.SpringDocSecurityConfiguration$SpringSecurityLoginEndpointConfiguration, org.springdoc.core.configuration.SpringDocSortConfiguration, org.springdoc.core.configuration.SpringDocUIConfiguration, org.springdoc.core.properties.SpringDocConfigProperties, org.springdoc.core.properties.SwaggerUiConfigProperties, org.springdoc.core.properties.SwaggerUiOAuthProperties, org.springdoc.webmvc.core.configuration.SpringDocWebMvcConfiguration, org.springdoc.webmvc.core.configuration.SpringDocWebMvcConfiguration$SpringDocWebMvcActuatorConfiguration, org.springdoc.webmvc.core.configuration.SpringDocWebMvcConfiguration$SpringDocWebMvcRouterConfiguration, org.springdoc.webmvc.ui.SwaggerConfig, org.springframework.aop.config.internalAutoProxyCreator, org.springframework.boot.actuate.autoconfigure.availability.AvailabilityHealthContributorAutoConfiguration, org.springframework.boot.actuate.autoconfigure.data.redis.RedisHealthContributorAutoConfiguration, org.springframework.boot.actuate.autoconfigure.data.redis.RedisReactiveHealthContributorAutoConfiguration, org.springframework.boot.actuate.autoconfigure.endpoint.EndpointAutoConfiguration, org.springframework.boot.actuate.autoconfigure.endpoint.jackson.JacksonEndpointAutoConfiguration, org.springframework.boot.actuate.autoconfigure.endpoint.web.ServletEndpointManagementContextConfiguration, org.springframework.boot.actuate.autoconfigure.endpoint.web.ServletEndpointManagementContextConfiguration$WebMvcServletEndpointManagementContextConfiguration, org.springframework.boot.actuate.autoconfigure.endpoint.web.WebEndpointAutoConfiguration, org.springframework.boot.actuate.autoconfigure.endpoint.web.WebEndpointAutoConfiguration$WebEndpointServletConfiguration, org.springframework.boot.actuate.autoconfigure.endpoint.web.servlet.WebMvcEndpointManagementContextConfiguration, org.springframework.boot.actuate.autoconfigure.health.HealthContributorAutoConfiguration, org.springframework.boot.actuate.autoconfigure.health.HealthEndpointAutoConfiguration, org.springframework.boot.actuate.autoconfigure.health.HealthEndpointConfiguration, org.springframework.boot.actuate.autoconfigure.health.HealthEndpointWebExtensionConfiguration, org.springframework.boot.actuate.autoconfigure.health.HealthEndpointWebExtensionConfiguration$MvcAdditionalHealthEndpointPathsConfiguration, org.springframework.boot.actuate.autoconfigure.health.ReactiveHealthEndpointConfiguration, org.springframework.boot.actuate.autoconfigure.info.InfoContributorAutoConfiguration, org.springframework.boot.actuate.autoconfigure.jdbc.DataSourceHealthContributorAutoConfiguration, org.springframework.boot.actuate.autoconfigure.metrics.CompositeMeterRegistryAutoConfiguration, org.springframework.boot.actuate.autoconfigure.metrics.JvmMetricsAutoConfiguration, org.springframework.boot.actuate.autoconfigure.metrics.LogbackMetricsAutoConfiguration, org.springframework.boot.actuate.autoconfigure.metrics.MetricsAutoConfiguration, org.springframework.boot.actuate.autoconfigure.metrics.SystemMetricsAutoConfiguration, org.springframework.boot.actuate.autoconfigure.metrics.cache.CacheMeterBinderProvidersConfiguration, org.springframework.boot.actuate.autoconfigure.metrics.cache.CacheMeterBinderProvidersConfiguration$RedisCacheMeterBinderProviderConfiguration, org.springframework.boot.actuate.autoconfigure.metrics.cache.CacheMetricsAutoConfiguration, org.springframework.boot.actuate.autoconfigure.metrics.cache.CacheMetricsRegistrarConfiguration, org.springframework.boot.actuate.autoconfigure.metrics.data.RepositoryMetricsAutoConfiguration, org.springframework.boot.actuate.autoconfigure.metrics.export.simple.SimpleMetricsExportAutoConfiguration, org.springframework.boot.actuate.autoconfigure.metrics.integration.IntegrationMetricsAutoConfiguration, org.springframework.boot.actuate.autoconfigure.metrics.jdbc.DataSourcePoolMetricsAutoConfiguration, org.springframework.boot.actuate.autoconfigure.metrics.jdbc.DataSourcePoolMetricsAutoConfiguration$DataSourcePoolMetadataMetricsConfiguration, org.springframework.boot.actuate.autoconfigure.metrics.jdbc.DataSourcePoolMetricsAutoConfiguration$HikariDataSourceMetricsConfiguration, org.springframework.boot.actuate.autoconfigure.metrics.redis.LettuceMetricsAutoConfiguration, org.springframework.boot.actuate.autoconfigure.metrics.startup.StartupTimeMetricsListenerAutoConfiguration, org.springframework.boot.actuate.autoconfigure.metrics.task.TaskExecutorMetricsAutoConfiguration, org.springframework.boot.actuate.autoconfigure.metrics.web.tomcat.TomcatMetricsAutoConfiguration, org.springframework.boot.actuate.autoconfigure.observation.ObservationAutoConfiguration, org.springframework.boot.actuate.autoconfigure.observation.ObservationAutoConfiguration$MeterObservationHandlerConfiguration, org.springframework.boot.actuate.autoconfigure.observation.ObservationAutoConfiguration$MeterObservationHandlerConfiguration$OnlyMetricsMeterObservationHandlerConfiguration, org.springframework.boot.actuate.autoconfigure.observation.ObservationAutoConfiguration$ObservedAspectConfiguration, org.springframework.boot.actuate.autoconfigure.observation.ObservationAutoConfiguration$OnlyMetricsConfiguration, org.springframework.boot.actuate.autoconfigure.observation.web.client.HttpClientObservationsAutoConfiguration, org.springframework.boot.actuate.autoconfigure.observation.web.client.HttpClientObservationsAutoConfiguration$MeterFilterConfiguration, org.springframework.boot.actuate.autoconfigure.observation.web.client.RestClientObservationConfiguration, org.springframework.boot.actuate.autoconfigure.observation.web.client.RestTemplateObservationConfiguration, org.springframework.boot.actuate.autoconfigure.observation.web.servlet.WebMvcObservationAutoConfiguration, org.springframework.boot.actuate.autoconfigure.observation.web.servlet.WebMvcObservationAutoConfiguration$MeterFilterConfiguration, org.springframework.boot.actuate.autoconfigure.scheduling.ScheduledTasksObservabilityAutoConfiguration, org.springframework.boot.actuate.autoconfigure.security.servlet.SecurityRequestMatchersManagementContextConfiguration, org.springframework.boot.actuate.autoconfigure.security.servlet.SecurityRequestMatchersManagementContextConfiguration$MvcRequestMatcherConfiguration, org.springframework.boot.actuate.autoconfigure.ssl.SslHealthContributorAutoConfiguration, org.springframework.boot.actuate.autoconfigure.system.DiskSpaceHealthContributorAutoConfiguration, org.springframework.boot.actuate.autoconfigure.web.server.ManagementContextAutoConfiguration, org.springframework.boot.actuate.autoconfigure.web.server.ManagementContextAutoConfiguration$SameManagementContextConfiguration, org.springframework.boot.actuate.autoconfigure.web.server.ManagementContextAutoConfiguration$SameManagementContextConfiguration$EnableSameManagementContextConfiguration, org.springframework.boot.actuate.autoconfigure.web.servlet.ServletManagementContextAutoConfiguration, org.springframework.boot.autoconfigure.AutoConfigurationPackages, org.springframework.boot.autoconfigure.aop.AopAutoConfiguration, org.springframework.boot.autoconfigure.aop.AopAutoConfiguration$AspectJAutoProxyingConfiguration, org.springframework.boot.autoconfigure.aop.AopAutoConfiguration$AspectJAutoProxyingConfiguration$CglibAutoProxyConfiguration, org.springframework.boot.autoconfigure.availability.ApplicationAvailabilityAutoConfiguration, org.springframework.boot.autoconfigure.context.ConfigurationPropertiesAutoConfiguration, org.springframework.boot.autoconfigure.context.LifecycleAutoConfiguration, org.springframework.boot.autoconfigure.context.PropertyPlaceholderAutoConfiguration, org.springframework.boot.autoconfigure.dao.PersistenceExceptionTranslationAutoConfiguration, org.springframework.boot.autoconfigure.data.jpa.JpaRepositoriesAutoConfiguration, org.springframework.boot.autoconfigure.data.redis.LettuceConnectionConfiguration, org.springframework.boot.autoconfigure.data.redis.RedisAutoConfiguration, org.springframework.boot.autoconfigure.data.redis.RedisReactiveAutoConfiguration, org.springframework.boot.autoconfigure.data.redis.RedisRepositoriesAutoConfiguration, org.springframework.boot.autoconfigure.data.web.SpringDataWebAutoConfiguration, org.springframework.boot.autoconfigure.http.HttpMessageConvertersAutoConfiguration, org.springframework.boot.autoconfigure.http.HttpMessageConvertersAutoConfiguration$StringHttpMessageConverterConfiguration, org.springframework.boot.autoconfigure.http.JacksonHttpMessageConvertersConfiguration, org.springframework.boot.autoconfigure.http.JacksonHttpMessageConvertersConfiguration$MappingJackson2HttpMessageConverterConfiguration, org.springframework.boot.autoconfigure.http.client.HttpClientAutoConfiguration, org.springframework.boot.autoconfigure.info.ProjectInfoAutoConfiguration, org.springframework.boot.autoconfigure.internalCachingMetadataReaderFactory, org.springframework.boot.autoconfigure.jackson.JacksonAutoConfiguration, org.springframework.boot.autoconfigure.jackson.JacksonAutoConfiguration$Jackson2ObjectMapperBuilderCustomizerConfiguration, org.springframework.boot.autoconfigure.jackson.JacksonAutoConfiguration$JacksonMixinConfiguration, org.springframework.boot.autoconfigure.jackson.JacksonAutoConfiguration$JacksonObjectMapperBuilderConfiguration, org.springframework.boot.autoconfigure.jackson.JacksonAutoConfiguration$JacksonObjectMapperConfiguration, org.springframework.boot.autoconfigure.jackson.JacksonAutoConfiguration$ParameterNamesModuleConfiguration, org.springframework.boot.autoconfigure.jdbc.DataSourceAutoConfiguration, org.springframework.boot.autoconfigure.jdbc.DataSourceAutoConfiguration$PooledDataSourceConfiguration, org.springframework.boot.autoconfigure.jdbc.DataSourceConfiguration$Hikari, org.springframework.boot.autoconfigure.jdbc.DataSourceTransactionManagerAutoConfiguration, org.springframework.boot.autoconfigure.jdbc.DataSourceTransactionManagerAutoConfiguration$JdbcTransactionManagerConfiguration, org.springframework.boot.autoconfigure.jdbc.JdbcClientAutoConfiguration, org.springframework.boot.autoconfigure.jdbc.JdbcTemplateAutoConfiguration, org.springframework.boot.autoconfigure.jdbc.JdbcTemplateConfiguration, org.springframework.boot.autoconfigure.jdbc.NamedParameterJdbcTemplateConfiguration, org.springframework.boot.autoconfigure.jdbc.metadata.DataSourcePoolMetadataProvidersConfiguration, org.springframework.boot.autoconfigure.jdbc.metadata.DataSourcePoolMetadataProvidersConfiguration$HikariPoolDataSourceMetadataProviderConfiguration, org.springframework.boot.autoconfigure.netty.NettyAutoConfiguration, org.springframework.boot.autoconfigure.orm.jpa.HibernateJpaAutoConfiguration, org.springframework.boot.autoconfigure.orm.jpa.HibernateJpaConfiguration, org.springframework.boot.autoconfigure.orm.jpa.JpaBaseConfiguration$JpaWebConfiguration, org.springframework.boot.autoconfigure.orm.jpa.JpaBaseConfiguration$PersistenceManagedTypesConfiguration, org.springframework.boot.autoconfigure.reactor.ReactorAutoConfiguration, org.springframework.boot.autoconfigure.security.servlet.SecurityAutoConfiguration, org.springframework.boot.autoconfigure.security.servlet.SecurityFilterAutoConfiguration, org.springframework.boot.autoconfigure.security.servlet.SpringBootWebSecurityConfiguration, org.springframework.boot.autoconfigure.sql.init.DataSourceInitializationConfiguration, org.springframework.boot.autoconfigure.sql.init.SqlInitializationAutoConfiguration, org.springframework.boot.autoconfigure.ssl.SslAutoConfiguration, org.springframework.boot.autoconfigure.task.TaskExecutionAutoConfiguration, org.springframework.boot.autoconfigure.task.TaskExecutorConfigurations$SimpleAsyncTaskExecutorBuilderConfiguration, org.springframework.boot.autoconfigure.task.TaskExecutorConfigurations$TaskExecutorConfiguration, org.springframework.boot.autoconfigure.task.TaskExecutorConfigurations$ThreadPoolTaskExecutorBuilderConfiguration, org.springframework.boot.autoconfigure.task.TaskSchedulingAutoConfiguration, org.springframework.boot.autoconfigure.task.TaskSchedulingConfigurations$SimpleAsyncTaskSchedulerBuilderConfiguration, org.springframework.boot.autoconfigure.task.TaskSchedulingConfigurations$TaskSchedulerConfiguration, org.springframework.boot.autoconfigure.task.TaskSchedulingConfigurations$ThreadPoolTaskSchedulerBuilderConfiguration, org.springframework.boot.autoconfigure.thymeleaf.TemplateEngineConfigurations$DefaultTemplateEngineConfiguration, org.springframework.boot.autoconfigure.thymeleaf.ThymeleafAutoConfiguration, org.springframework.boot.autoconfigure.thymeleaf.ThymeleafAutoConfiguration$DefaultTemplateResolverConfiguration, org.springframework.boot.autoconfigure.thymeleaf.ThymeleafAutoConfiguration$ThymeleafWebMvcConfiguration, org.springframework.boot.autoconfigure.thymeleaf.ThymeleafAutoConfiguration$ThymeleafWebMvcConfiguration$ThymeleafViewResolverConfiguration, org.springframework.boot.autoconfigure.transaction.TransactionAutoConfiguration, org.springframework.boot.autoconfigure.transaction.TransactionAutoConfiguration$EnableTransactionManagementConfiguration, org.springframework.boot.autoconfigure.transaction.TransactionAutoConfiguration$EnableTransactionManagementConfiguration$CglibAutoProxyConfiguration, org.springframework.boot.autoconfigure.transaction.TransactionAutoConfiguration$TransactionTemplateConfiguration, org.springframework.boot.autoconfigure.transaction.TransactionManagerCustomizationAutoConfiguration, org.springframework.boot.autoconfigure.transaction.jta.JtaAutoConfiguration, org.springframework.boot.autoconfigure.validation.ValidationAutoConfiguration, org.springframework.boot.autoconfigure.web.client.RestClientAutoConfiguration, org.springframework.boot.autoconfigure.web.client.RestTemplateAutoConfiguration, org.springframework.boot.autoconfigure.web.servlet.DispatcherServletAutoConfiguration, org.springframework.boot.autoconfigure.web.servlet.DispatcherServletAutoConfiguration$DispatcherServletConfiguration, org.springframework.boot.autoconfigure.web.servlet.DispatcherServletAutoConfiguration$DispatcherServletRegistrationConfiguration, org.springframework.boot.autoconfigure.web.servlet.HttpEncodingAutoConfiguration, org.springframework.boot.autoconfigure.web.servlet.MultipartAutoConfiguration, org.springframework.boot.autoconfigure.web.servlet.ServletWebServerFactoryAutoConfiguration, org.springframework.boot.autoconfigure.web.servlet.ServletWebServerFactoryConfiguration$EmbeddedTomcat, org.springframework.boot.autoconfigure.web.servlet.error.ErrorMvcAutoConfiguration, org.springframework.boot.autoconfigure.web.servlet.error.ErrorMvcAutoConfiguration$DefaultErrorViewResolverConfiguration, org.springframework.boot.autoconfigure.websocket.servlet.WebSocketServletAutoConfiguration, org.springframework.boot.autoconfigure.websocket.servlet.WebSocketServletAutoConfiguration$TomcatWebSocketConfiguration, org.springframework.boot.context.internalConfigurationPropertiesBinder, org.springframework.boot.context.properties.BoundConfigurationProperties, org.springframework.boot.context.properties.ConfigurationPropertiesBindingPostProcessor, org.springframework.boot.context.properties.EnableConfigurationPropertiesRegistrar.methodValidationExcludeFilter, org.springframework.boot.sql.init.dependency.DatabaseInitializationDependencyConfigurer$DependsOnDatabaseInitializationPostProcessor, org.springframework.boot.test.mock.mockito.MockitoPostProcessor, org.springframework.boot.test.mock.mockito.MockitoPostProcessor$SpyPostProcessor, org.springframework.cache.annotation.ProxyCachingConfiguration, org.springframework.cache.config.internalCacheAdvisor, org.springframework.cloud.autoconfigure.ConfigurationPropertiesRebinderAutoConfiguration, org.springframework.cloud.autoconfigure.LifecycleMvcEndpointAutoConfiguration, org.springframework.cloud.autoconfigure.PauseResumeEndpointsConfiguration, org.springframework.cloud.autoconfigure.RefreshAutoConfiguration, org.springframework.cloud.autoconfigure.RefreshAutoConfiguration$RefreshScopeBeanDefinitionEnhancer, org.springframework.cloud.autoconfigure.RefreshEndpointAutoConfiguration, org.springframework.cloud.autoconfigure.RefreshEndpointAutoConfiguration$RefreshEndpointConfiguration, org.springframework.cloud.autoconfigure.RestartEndpointWithoutIntegrationConfiguration, org.springframework.cloud.client.CommonsClientAutoConfiguration, org.springframework.cloud.client.CommonsClientAutoConfiguration$ActuatorConfiguration, org.springframework.cloud.client.CommonsClientAutoConfiguration$DiscoveryLoadBalancerConfiguration, org.springframework.cloud.client.ReactiveCommonsClientAutoConfiguration, org.springframework.cloud.client.discovery.composite.CompositeDiscoveryClientAutoConfiguration, org.springframework.cloud.client.discovery.simple.SimpleDiscoveryClientAutoConfiguration, org.springframework.cloud.client.loadbalancer.LoadBalancerAutoConfiguration, org.springframework.cloud.client.loadbalancer.LoadBalancerAutoConfiguration$DeferringLoadBalancerInterceptorConfig, org.springframework.cloud.client.loadbalancer.LoadBalancerAutoConfiguration$LoadBalancerInterceptorConfig, org.springframework.cloud.client.loadbalancer.LoadBalancerDefaultMappingsProviderAutoConfiguration, org.springframework.cloud.client.serviceregistry.AutoServiceRegistrationAutoConfiguration, org.springframework.cloud.client.serviceregistry.AutoServiceRegistrationConfiguration, org.springframework.cloud.client.serviceregistry.ServiceRegistryAutoConfiguration, org.springframework.cloud.commons.config.CommonsConfigAutoConfiguration, org.springframework.cloud.commons.security.ResourceServerTokenRelayAutoConfiguration, org.springframework.cloud.commons.security.ResourceServerTokenRelayAutoConfiguration$ResourceServerTokenRelayRegistrationAutoConfiguration, org.springframework.cloud.commons.util.UtilAutoConfiguration, org.springframework.cloud.configuration.CompatibilityVerifierAutoConfiguration, org.springframework.cloud.loadbalancer.config.BlockingLoadBalancerClientAutoConfiguration, org.springframework.cloud.loadbalancer.config.LoadBalancerAutoConfiguration, org.springframework.cloud.loadbalancer.config.LoadBalancerCacheAutoConfiguration, org.springframework.cloud.loadbalancer.config.LoadBalancerCacheAutoConfiguration$DefaultLoadBalancerCacheManagerConfiguration, org.springframework.cloud.loadbalancer.config.LoadBalancerCacheAutoConfiguration$LoadBalancerCacheManagerWarnConfiguration, org.springframework.context.annotation.internalAutowiredAnnotationProcessor, org.springframework.context.annotation.internalCommonAnnotationProcessor, org.springframework.context.annotation.internalConfigurationAnnotationProcessor, org.springframework.context.annotation.internalPersistenceAnnotationProcessor, org.springframework.context.annotation.internalScheduledAnnotationProcessor, org.springframework.context.event.internalEventListenerFactory, org.springframework.context.event.internalEventListenerProcessor, org.springframework.data.jpa.repository.support.JpaEvaluationContextExtension, org.springframework.data.jpa.util.JpaMetamodelCacheCleanup, org.springframework.data.web.config.ProjectingArgumentResolverRegistrar, org.springframework.data.web.config.SpringDataJacksonConfiguration, org.springframework.data.web.config.SpringDataWebConfiguration, org.springframework.scheduling.annotation.SchedulingConfiguration, org.springframework.security.config.annotation.authentication.configuration.AuthenticationConfiguration, org.springframework.security.config.annotation.configuration.ObjectPostProcessorConfiguration, org.springframework.security.config.annotation.web.configuration.HttpSecurityConfiguration, org.springframework.security.config.annotation.web.configuration.HttpSecurityConfiguration.httpSecurity, org.springframework.security.config.annotation.web.configuration.ObservationConfiguration, org.springframework.security.config.annotation.web.configuration.WebMvcSecurityConfiguration, org.springframework.security.config.annotation.web.configuration.WebSecurityConfiguration, org.springframework.test.context.support.internalDynamicPropertyRegistrarBeanInitializer, org.springframework.transaction.annotation.ProxyTransactionManagementConfiguration, org.springframework.transaction.config.internalTransactionAdvisor, org.springframework.transaction.config.internalTransactionalEventListenerFactory, pageModule, pageOpenAPIConverter, pageableCustomizer, pageableOpenAPIConverter, pageableResolver, parameterBuilder, parameterNamesModule, parameterObjectNamingStrategyCustomizer, passwordEncoder, passwordServiceImpl, pathMappedEndpoints, pathUrlController, pathUrlMapper, pathUrlServiceImpl, permissionMapper, permissionServiceImp, persistenceExceptionTranslationPostProcessor, persistenceManagedTypes, pingHealthContributor, platformTransactionManagerCustomizers, polymorphicModelConverter, portController, portMapper, portServiceImpl, preserveErrorControllerTargetClassPostProcessor, privilegeEvaluator, processorMetrics, projectMapper, projectUrlController, projectUrlServiceImpl, projectingArgumentResolverBeanPostProcessor, propertiesEndpointAccessResolver, propertiesMeterFilter, propertiesObservationFilter, propertyResolverUtils, propertySourcesPlaceholderConfigurer, queryDslQuerydslPredicateOperationCustomizer, reactiveHealthContributorRegistry, reactiveRedisTemplate, reactiveStringRedisTemplate, redisCache, redisCacheMeterBinderProvider, redisConnectionDetails, redisConnectionFactory, redisConverter, redisCustomConversions, redisHealthContributor, redisIndexConfiguration#0, redisKeyValueAdapter, redisKeyValueTemplate, redisKeyspaceConfiguration#0, redisMappingConfiguration#0, redisReferenceResolver, redisTemplate, refreshEventListener, refreshScope, refreshScopeHealthIndicator, refreshScopeLifecycle, repeaterController, repeaterServiceImp, repeaterServiceImp.DirectRestTemplate, repositoryTagsProvider, requestBodyBuilder, requestBuilder, requestDataValueProcessor, requestMappingHandlerAdapter, requestMappingHandlerMapping, requestMatcherProvider, resourceHandlerMapping, resourceUrlEncodingFilter, responseBuilder, responseSupportConverter, restClientBuilder, restClientBuilderConfigurer, restClientSsl, restTemplate, restTemplateBuilder, restTemplateBuilderConfigurer, restTemplateConfig, restTemplateCustomizer, roleController, roleMapper, roleServiceImp, roleUrlMapper, routerFunctionMapping, routerFunctionProvider, routerMapper, routerServiceImp, routerUrlController, routerUrlMapper, routerUrlServiceImpl, scheduledBeanLazyInitializationExcludeFilter, schemaPropertyDeprecatingConverter, securityConfiguration, securityFilterChainRegistration, securityParser, server-org.springframework.boot.autoconfigure.web.ServerProperties, servletEndpointDiscoverer, servletEndpointRegistrar, servletExposeExcludePropertyEndpointFilter, servletWebChildContextFactory, servletWebServerFactoryCustomizer, simpleAsyncTaskExecutorBuilder, simpleAsyncTaskSchedulerBuilder, simpleConfig, simpleControllerHandlerAdapter, simpleDiscoveryClient, simpleDiscoveryProperties, simpleMeterRegistry, sleuthPresentVerifier, sortCustomizer, sortOpenAPIConverter, sortResolver, spring.cloud.compatibility-verifier-org.springframework.cloud.configuration.CompatibilityVerifierProperties, spring.cloud.discovery.client.health-indicator-org.springframework.cloud.client.discovery.health.DiscoveryClientHealthIndicatorProperties, spring.cloud.loadbalancer-org.springframework.cloud.client.loadbalancer.LoadBalancerClientsProperties, spring.cloud.loadbalancer.cache-org.springframework.cloud.loadbalancer.cache.LoadBalancerCacheProperties, spring.cloud.loadbalancer.eager-load-org.springframework.cloud.client.loadbalancer.LoadBalancerEagerLoadProperties, spring.cloud.refresh-org.springframework.cloud.autoconfigure.RefreshAutoConfiguration$RefreshProperties, spring.cloud.service-registry.auto-registration-org.springframework.cloud.client.serviceregistry.AutoServiceRegistrationProperties, spring.data.redis-org.springframework.boot.autoconfigure.data.redis.RedisProperties, spring.data.web-org.springframework.boot.autoconfigure.data.web.SpringDataWebProperties, spring.datasource-org.springframework.boot.autoconfigure.jdbc.DataSourceProperties, spring.http.client-org.springframework.boot.autoconfigure.http.client.HttpClientProperties, spring.info-org.springframework.boot.autoconfigure.info.ProjectInfoProperties, spring.jackson-org.springframework.boot.autoconfigure.jackson.JacksonProperties, spring.jdbc-org.springframework.boot.autoconfigure.jdbc.JdbcProperties, spring.jpa-org.springframework.boot.autoconfigure.orm.jpa.JpaProperties, spring.jpa.hibernate-org.springframework.boot.autoconfigure.orm.jpa.HibernateProperties, spring.lifecycle-org.springframework.boot.autoconfigure.context.LifecycleProperties, spring.mvc-org.springframework.boot.autoconfigure.web.servlet.WebMvcProperties, spring.netty-org.springframework.boot.autoconfigure.netty.NettyProperties, spring.reactor-org.springframework.boot.autoconfigure.reactor.ReactorProperties, spring.security-org.springframework.boot.autoconfigure.security.SecurityProperties, spring.servlet.multipart-org.springframework.boot.autoconfigure.web.servlet.MultipartProperties, spring.sql.init-org.springframework.boot.autoconfigure.sql.init.SqlInitializationProperties, spring.ssl-org.springframework.boot.autoconfigure.ssl.SslProperties, spring.task.execution-org.springframework.boot.autoconfigure.task.TaskExecutionProperties, spring.task.scheduling-org.springframework.boot.autoconfigure.task.TaskSchedulingProperties, spring.thymeleaf-org.springframework.boot.autoconfigure.thymeleaf.ThymeleafProperties, spring.transaction-org.springframework.boot.autoconfigure.transaction.TransactionProperties, spring.web-org.springframework.boot.autoconfigure.web.WebProperties, springBootStarter, springBootVersionVerifier, springCloudCommonsFeatures, springDataWebPropertiesProvider, springDataWebSettings, springDocCustomizers, springDocProviders, springSecurityFilterChain, springSecurityHandlerMappingIntrospectorBeanDefinitionRegistryPostProcessor, springWebProvider, springdocObjectMapperProvider, sqlSessionFactory, sqlSessionTemplate, sslBundleRegistry, sslHealthIndicator, sslInfo, sslPropertiesSslBundleRegistrar, standardJacksonObjectMapperBuilderCustomizer, startupTimeMetrics, stringHttpMessageConverter, stringRedisTemplate, swaggerConfigResource, swaggerResourceResolver, swaggerWebMvcConfigurer, swaggerWelcome, taskScheduler, templateEngine, themeResolver, threadPoolTaskExecutorBuilder, threadPoolTaskSchedulerBuilder, thymeleafViewResolver, tokenMapper, tomcatMetricsBinder, tomcatServletWebServerFactory, tomcatServletWebServerFactoryCustomizer, transactionAttributeSource, transactionExecutionListeners, transactionInterceptor, transactionManager, transactionTemplate, uptimeMetrics, userController, userDetailsService, userDetailsServiceImpl, userMapper, userServiceImp, validationAspect, viewControllerHandlerMapping, viewNameTranslator, webAccessPropertiesOperationFilter, webAuthorizationManagerPostProcessor, webConfig, webConversionServiceProvider, webEndpointDiscoverer, webEndpointPathMapper, webEndpointServletHandlerMapping, webExposeExcludePropertyEndpointFilter, webFluxSupportConverter, webMvcConfig, webMvcObservationFilter, webSecurityExpressionHandler, webServerFactoryCustomizerBeanPostProcessor, websocketServletWebServerCustomizer, xForwarderHeadersTransformer, zoneConfig]
2025-03-22T16:18:31.792+08:00  INFO 75969 --- [Spring] [           main] o.s.cloud.context.scope.GenericScope     : BeanFactory id=425c226f-2e22-33de-888c-9a780d8de142
2025-03-22T16:18:31.801+08:00 DEBUG 75969 --- [Spring] [           main] o.s.b.f.s.DefaultListableBeanFactory     : Creating shared instance of singleton bean 'org.springframework.boot.test.mock.mockito.MockitoPostProcessor'
2025-03-22T16:18:31.803+08:00 DEBUG 75969 --- [Spring] [           main] o.s.b.f.s.DefaultListableBeanFactory     : Creating shared instance of singleton bean 'emBeanDefinitionRegistrarPostProcessor'
2025-03-22T16:18:31.804+08:00 DEBUG 75969 --- [Spring] [           main] o.s.b.f.s.DefaultListableBeanFactory     : Creating shared instance of singleton bean 'org.springframework.boot.sql.init.dependency.DatabaseInitializationDependencyConfigurer$DependsOnDatabaseInitializationPostProcessor'
2025-03-22T16:18:31.880+08:00 DEBUG 75969 --- [Spring] [           main] o.s.b.f.s.DefaultListableBeanFactory     : Creating shared instance of singleton bean 'org.springframework.context.event.internalEventListenerProcessor'
2025-03-22T16:18:31.881+08:00 DEBUG 75969 --- [Spring] [           main] o.s.b.f.s.DefaultListableBeanFactory     : Creating shared instance of singleton bean 'conversionServicePostProcessor'
2025-03-22T16:18:31.883+08:00 DEBUG 75969 --- [Spring] [           main] o.s.b.f.s.DefaultListableBeanFactory     : Creating shared instance of singleton bean 'preserveErrorControllerTargetClassPostProcessor'
2025-03-22T16:18:31.884+08:00 DEBUG 75969 --- [Spring] [           main] o.s.b.f.s.DefaultListableBeanFactory     : Creating shared instance of singleton bean 'org.springframework.context.event.internalEventListenerFactory'
2025-03-22T16:18:31.884+08:00 DEBUG 75969 --- [Spring] [           main] o.s.b.f.s.DefaultListableBeanFactory     : Creating shared instance of singleton bean 'org.springframework.transaction.config.internalTransactionalEventListenerFactory'
2025-03-22T16:18:31.889+08:00 DEBUG 75969 --- [Spring] [           main] o.s.b.f.s.DefaultListableBeanFactory     : Creating shared instance of singleton bean 'org.springframework.boot.test.mock.mockito.MockitoPostProcessor$SpyPostProcessor'
2025-03-22T16:18:31.890+08:00 DEBUG 75969 --- [Spring] [           main] o.s.b.f.s.DefaultListableBeanFactory     : Creating shared instance of singleton bean 'org.springframework.context.annotation.internalAutowiredAnnotationProcessor'
2025-03-22T16:18:31.892+08:00 DEBUG 75969 --- [Spring] [           main] o.s.b.f.s.DefaultListableBeanFactory     : Creating shared instance of singleton bean 'org.springframework.context.annotation.internalCommonAnnotationProcessor'
2025-03-22T16:18:31.897+08:00 DEBUG 75969 --- [Spring] [           main] o.s.b.f.s.DefaultListableBeanFactory     : Creating shared instance of singleton bean 'org.springframework.context.annotation.internalPersistenceAnnotationProcessor'
2025-03-22T16:18:31.898+08:00 DEBUG 75969 --- [Spring] [           main] o.s.b.f.s.DefaultListableBeanFactory     : Creating shared instance of singleton bean 'org.springframework.boot.context.properties.ConfigurationPropertiesBindingPostProcessor'
2025-03-22T16:18:31.898+08:00 DEBUG 75969 --- [Spring] [           main] o.s.b.f.s.DefaultListableBeanFactory     : Creating shared instance of singleton bean 'org.springframework.boot.context.internalConfigurationPropertiesBinder'
2025-03-22T16:18:31.901+08:00 DEBUG 75969 --- [Spring] [           main] o.s.b.f.s.DefaultListableBeanFactory     : Creating shared instance of singleton bean 'jdbcConnectionDetailsHikariBeanPostProcessor'
2025-03-22T16:18:31.905+08:00 DEBUG 75969 --- [Spring] [           main] o.s.b.f.s.DefaultListableBeanFactory     : Creating shared instance of singleton bean 'org.springframework.aop.config.internalAutoProxyCreator'
2025-03-22T16:18:31.921+08:00 DEBUG 75969 --- [Spring] [           main] o.s.b.f.s.DefaultListableBeanFactory     : Creating shared instance of singleton bean 'org.springframework.context.annotation.internalScheduledAnnotationProcessor'
2025-03-22T16:18:31.922+08:00 DEBUG 75969 --- [Spring] [           main] o.s.b.f.s.DefaultListableBeanFactory     : Creating shared instance of singleton bean 'org.springframework.scheduling.annotation.SchedulingConfiguration'
2025-03-22T16:18:31.928+08:00 DEBUG 75969 --- [Spring] [           main] o.s.b.f.s.DefaultListableBeanFactory     : Creating shared instance of singleton bean 'methodValidationPostProcessor'
2025-03-22T16:18:31.932+08:00 DEBUG 75969 --- [Spring] [           main] o.s.b.f.s.DefaultListableBeanFactory     : Autowiring by type from bean name 'methodValidationPostProcessor' via factory method to bean named 'environment'
2025-03-22T16:18:31.934+08:00 DEBUG 75969 --- [Spring] [           main] o.s.b.f.s.DefaultListableBeanFactory     : Creating shared instance of singleton bean 'org.springframework.boot.context.properties.EnableConfigurationPropertiesRegistrar.methodValidationExcludeFilter'
2025-03-22T16:18:31.947+08:00 DEBUG 75969 --- [Spring] [           main] o.s.b.f.s.DefaultListableBeanFactory     : Creating shared instance of singleton bean 'persistenceExceptionTranslationPostProcessor'
2025-03-22T16:18:31.948+08:00 DEBUG 75969 --- [Spring] [           main] o.s.b.f.s.DefaultListableBeanFactory     : Autowiring by type from bean name 'persistenceExceptionTranslationPostProcessor' via factory method to bean named 'environment'
2025-03-22T16:18:31.950+08:00 DEBUG 75969 --- [Spring] [           main] o.s.b.f.s.DefaultListableBeanFactory     : Creating shared instance of singleton bean 'webServerFactoryCustomizerBeanPostProcessor'
2025-03-22T16:18:31.951+08:00 DEBUG 75969 --- [Spring] [           main] o.s.b.f.s.DefaultListableBeanFactory     : Creating shared instance of singleton bean 'errorPageRegistrarBeanPostProcessor'
2025-03-22T16:18:31.951+08:00 DEBUG 75969 --- [Spring] [           main] o.s.b.f.s.DefaultListableBeanFactory     : Creating shared instance of singleton bean 'meterRegistryPostProcessor'
2025-03-22T16:18:31.952+08:00 DEBUG 75969 --- [Spring] [           main] o.s.b.f.s.DefaultListableBeanFactory     : Creating shared instance of singleton bean 'org.springframework.cache.config.internalCacheAdvisor'
2025-03-22T16:18:31.953+08:00 DEBUG 75969 --- [Spring] [           main] o.s.b.f.s.DefaultListableBeanFactory     : Creating shared instance of singleton bean 'org.springframework.cache.annotation.ProxyCachingConfiguration'
2025-03-22T16:18:31.953+08:00 DEBUG 75969 --- [Spring] [           main] o.s.b.f.s.DefaultListableBeanFactory     : Creating shared instance of singleton bean 'org.springframework.transaction.config.internalTransactionAdvisor'
2025-03-22T16:18:31.953+08:00 DEBUG 75969 --- [Spring] [           main] o.s.b.f.s.DefaultListableBeanFactory     : Creating shared instance of singleton bean 'org.springframework.transaction.annotation.ProxyTransactionManagementConfiguration'
2025-03-22T16:18:31.968+08:00 DEBUG 75969 --- [Spring] [           main] .s.a.a.a.ReflectiveAspectJAdvisorFactory : Found AspectJ method: public java.lang.Object com.david.hlp.Spring.system.aspect.ValidationAspect.validateStringParameters(org.aspectj.lang.ProceedingJoinPoint) throws java.lang.Throwable
2025-03-22T16:18:31.978+08:00 DEBUG 75969 --- [Spring] [           main] .s.a.a.a.ReflectiveAspectJAdvisorFactory : Found AspectJ method: public java.lang.Object io.micrometer.observation.aop.ObservedAspect.observeClass(org.aspectj.lang.ProceedingJoinPoint) throws java.lang.Throwable
2025-03-22T16:18:31.980+08:00 DEBUG 75969 --- [Spring] [           main] .s.a.a.a.ReflectiveAspectJAdvisorFactory : Found AspectJ method: public java.lang.Object io.micrometer.observation.aop.ObservedAspect.observeMethod(org.aspectj.lang.ProceedingJoinPoint) throws java.lang.Throwable
2025-03-22T16:18:32.095+08:00 DEBUG 75969 --- [Spring] [           main] o.s.b.f.s.DefaultListableBeanFactory     : Creating shared instance of singleton bean 'transactionAttributeSource'
2025-03-22T16:18:32.111+08:00 DEBUG 75969 --- [Spring] [           main] o.s.b.f.s.DefaultListableBeanFactory     : Creating shared instance of singleton bean 'transactionInterceptor'
2025-03-22T16:18:32.111+08:00 DEBUG 75969 --- [Spring] [           main] o.s.b.f.s.DefaultListableBeanFactory     : Autowiring by type from bean name 'transactionInterceptor' via factory method to bean named 'transactionAttributeSource'
2025-03-22T16:18:32.176+08:00 DEBUG 75969 --- [Spring] [           main] o.s.b.f.s.DefaultListableBeanFactory     : Autowiring by type from bean name 'org.springframework.transaction.config.internalTransactionAdvisor' via factory method to bean named 'transactionAttributeSource'
2025-03-22T16:18:32.177+08:00 DEBUG 75969 --- [Spring] [           main] o.s.b.f.s.DefaultListableBeanFactory     : Autowiring by type from bean name 'org.springframework.transaction.config.internalTransactionAdvisor' via factory method to bean named 'transactionInterceptor'
2025-03-22T16:18:32.184+08:00 DEBUG 75969 --- [Spring] [           main] o.s.b.f.s.DefaultListableBeanFactory     : Creating shared instance of singleton bean 'cacheOperationSource'
2025-03-22T16:18:32.199+08:00 DEBUG 75969 --- [Spring] [           main] o.s.b.f.s.DefaultListableBeanFactory     : Creating shared instance of singleton bean 'cacheInterceptor'
2025-03-22T16:18:32.200+08:00 DEBUG 75969 --- [Spring] [           main] o.s.b.f.s.DefaultListableBeanFactory     : Autowiring by type from bean name 'cacheInterceptor' via factory method to bean named 'cacheOperationSource'
2025-03-22T16:18:32.204+08:00 DEBUG 75969 --- [Spring] [           main] o.s.b.f.s.DefaultListableBeanFactory     : Autowiring by type from bean name 'org.springframework.cache.config.internalCacheAdvisor' via factory method to bean named 'cacheOperationSource'
2025-03-22T16:18:32.204+08:00 DEBUG 75969 --- [Spring] [           main] o.s.b.f.s.DefaultListableBeanFactory     : Autowiring by type from bean name 'org.springframework.cache.config.internalCacheAdvisor' via factory method to bean named 'cacheInterceptor'
2025-03-22T16:18:32.207+08:00 DEBUG 75969 --- [Spring] [           main] o.s.b.f.s.DefaultListableBeanFactory     : Autowiring by type from bean name 'meterRegistryPostProcessor' via factory method to bean named 'org.springframework.web.context.support.GenericWebApplicationContext@29a23c3d'
2025-03-22T16:18:32.219+08:00 DEBUG 75969 --- [Spring] [           main] o.s.b.f.s.DefaultListableBeanFactory     : Creating shared instance of singleton bean 'healthEndpointGroupsBeanPostProcessor'
2025-03-22T16:18:32.223+08:00 DEBUG 75969 --- [Spring] [           main] o.s.b.f.s.DefaultListableBeanFactory     : Creating shared instance of singleton bean 'metricsRepositoryMethodInvocationListenerBeanPostProcessor'
2025-03-22T16:18:32.230+08:00 DEBUG 75969 --- [Spring] [           main] o.s.b.f.s.DefaultListableBeanFactory     : Creating shared instance of singleton bean 'observationRegistryPostProcessor'
2025-03-22T16:18:32.233+08:00 DEBUG 75969 --- [Spring] [           main] o.s.b.f.s.DefaultListableBeanFactory     : Creating shared instance of singleton bean 'projectingArgumentResolverBeanPostProcessor'
2025-03-22T16:18:32.248+08:00 DEBUG 75969 --- [Spring] [           main] o.s.b.f.s.DefaultListableBeanFactory     : Creating shared instance of singleton bean 'configurationPropertiesBeans'
2025-03-22T16:18:32.252+08:00 DEBUG 75969 --- [Spring] [           main] o.s.b.f.s.DefaultListableBeanFactory     : Creating shared instance of singleton bean 'lbRestClientPostProcessor'
2025-03-22T16:18:32.254+08:00 DEBUG 75969 --- [Spring] [           main] o.s.b.f.s.DefaultListableBeanFactory     : Autowiring by type from bean name 'lbRestClientPostProcessor' via factory method to bean named 'org.springframework.web.context.support.GenericWebApplicationContext@29a23c3d'
2025-03-22T16:18:32.258+08:00 DEBUG 75969 --- [Spring] [           main] o.s.b.f.s.DefaultListableBeanFactory     : Creating shared instance of singleton bean 'lbRestTemplateBuilderPostProcessor'
2025-03-22T16:18:32.260+08:00 DEBUG 75969 --- [Spring] [           main] o.s.b.f.s.DefaultListableBeanFactory     : Autowiring by type from bean name 'lbRestTemplateBuilderPostProcessor' via factory method to bean named 'org.springframework.web.context.support.GenericWebApplicationContext@29a23c3d'
2025-03-22T16:18:32.265+08:00 DEBUG 75969 --- [Spring] [           main] o.s.u.c.s.UiApplicationContextUtils      : Unable to locate ThemeSource with name 'themeSource': using default [org.springframework.ui.context.support.ResourceBundleThemeSource@22361e23]
2025-03-22T16:18:32.268+08:00 DEBUG 75969 --- [Spring] [           main] o.s.b.f.s.DefaultListableBeanFactory     : Creating shared instance of singleton bean 'org.springframework.test.context.support.internalDynamicPropertyRegistrarBeanInitializer'
2025-03-22T16:18:32.273+08:00 DEBUG 75969 --- [Spring] [           main] o.s.b.f.s.DefaultListableBeanFactory     : Creating shared instance of singleton bean 'dataSourceScriptDatabaseInitializer'
2025-03-22T16:18:32.273+08:00 DEBUG 75969 --- [Spring] [           main] o.s.b.f.s.DefaultListableBeanFactory     : Creating shared instance of singleton bean 'org.springframework.boot.autoconfigure.sql.init.DataSourceInitializationConfiguration'
2025-03-22T16:18:32.276+08:00 DEBUG 75969 --- [Spring] [           main] o.s.b.f.s.DefaultListableBeanFactory     : Creating shared instance of singleton bean 'dataSource'
2025-03-22T16:18:32.277+08:00 DEBUG 75969 --- [Spring] [           main] o.s.b.f.s.DefaultListableBeanFactory     : Creating shared instance of singleton bean 'org.springframework.boot.autoconfigure.jdbc.DataSourceConfiguration$Hikari'
2025-03-22T16:18:32.282+08:00 DEBUG 75969 --- [Spring] [           main] o.s.b.f.s.DefaultListableBeanFactory     : Creating shared instance of singleton bean 'spring.datasource-org.springframework.boot.autoconfigure.jdbc.DataSourceProperties'
2025-03-22T16:18:32.283+08:00 DEBUG 75969 --- [Spring] [           main] o.s.b.f.s.DefaultListableBeanFactory     : Creating shared instance of singleton bean 'org.springframework.boot.context.properties.BoundConfigurationProperties'
2025-03-22T16:18:32.289+08:00 DEBUG 75969 --- [Spring] [           main] o.s.b.f.s.DefaultListableBeanFactory     : Creating shared instance of singleton bean 'defaultsBindHandlerAdvisor'
2025-03-22T16:18:32.289+08:00 DEBUG 75969 --- [Spring] [           main] o.s.b.f.s.DefaultListableBeanFactory     : Creating shared instance of singleton bean 'org.springframework.cloud.commons.config.CommonsConfigAutoConfiguration'
2025-03-22T16:18:32.295+08:00 DEBUG 75969 --- [Spring] [           main] o.s.b.f.s.DefaultListableBeanFactory     : Creating shared instance of singleton bean 'loadBalancerClientsDefaultsMappingsProvider'
2025-03-22T16:18:32.296+08:00 DEBUG 75969 --- [Spring] [           main] o.s.b.f.s.DefaultListableBeanFactory     : Creating shared instance of singleton bean 'org.springframework.cloud.client.loadbalancer.LoadBalancerDefaultMappingsProviderAutoConfiguration'
2025-03-22T16:18:32.300+08:00 DEBUG 75969 --- [Spring] [           main] o.s.b.f.s.DefaultListableBeanFactory     : Autowiring by type from bean name 'defaultsBindHandlerAdvisor' via factory method to bean named 'loadBalancerClientsDefaultsMappingsProvider'
2025-03-22T16:18:32.323+08:00 DEBUG 75969 --- [Spring] [           main] o.s.b.f.s.DefaultListableBeanFactory     : Creating shared instance of singleton bean 'jdbcConnectionDetails'
2025-03-22T16:18:32.323+08:00 DEBUG 75969 --- [Spring] [           main] o.s.b.f.s.DefaultListableBeanFactory     : Creating shared instance of singleton bean 'org.springframework.boot.autoconfigure.jdbc.DataSourceAutoConfiguration$PooledDataSourceConfiguration'
2025-03-22T16:18:32.328+08:00 DEBUG 75969 --- [Spring] [           main] o.s.b.f.s.DefaultListableBeanFactory     : Autowiring by type from bean name 'jdbcConnectionDetails' via factory method to bean named 'spring.datasource-org.springframework.boot.autoconfigure.jdbc.DataSourceProperties'
2025-03-22T16:18:32.331+08:00 DEBUG 75969 --- [Spring] [           main] o.s.b.f.s.DefaultListableBeanFactory     : Autowiring by type from bean name 'dataSource' via factory method to bean named 'spring.datasource-org.springframework.boot.autoconfigure.jdbc.DataSourceProperties'
2025-03-22T16:18:32.331+08:00 DEBUG 75969 --- [Spring] [           main] o.s.b.f.s.DefaultListableBeanFactory     : Autowiring by type from bean name 'dataSource' via factory method to bean named 'jdbcConnectionDetails'
2025-03-22T16:18:32.374+08:00 DEBUG 75969 --- [Spring] [           main] o.s.b.f.s.DefaultListableBeanFactory     : Creating shared instance of singleton bean 'spring.sql.init-org.springframework.boot.autoconfigure.sql.init.SqlInitializationProperties'
2025-03-22T16:18:32.382+08:00 DEBUG 75969 --- [Spring] [           main] o.s.b.f.s.DefaultListableBeanFactory     : Autowiring by type from bean name 'dataSourceScriptDatabaseInitializer' via factory method to bean named 'dataSource'
2025-03-22T16:18:32.382+08:00 DEBUG 75969 --- [Spring] [           main] o.s.b.f.s.DefaultListableBeanFactory     : Autowiring by type from bean name 'dataSourceScriptDatabaseInitializer' via factory method to bean named 'spring.sql.init-org.springframework.boot.autoconfigure.sql.init.SqlInitializationProperties'
2025-03-22T16:18:32.394+08:00 DEBUG 75969 --- [Spring] [           main] o.s.jdbc.datasource.DataSourceUtils      : Fetching JDBC Connection from DataSource
2025-03-22T16:18:32.395+08:00  INFO 75969 --- [Spring] [           main] com.zaxxer.hikari.HikariDataSource       : HikariPool-1 - Starting...
2025-03-22T16:18:32.525+08:00  INFO 75969 --- [Spring] [           main] com.zaxxer.hikari.pool.HikariPool        : HikariPool-1 - Added connection com.mysql.cj.jdbc.ConnectionImpl@35841d6
2025-03-22T16:18:32.529+08:00  INFO 75969 --- [Spring] [           main] com.zaxxer.hikari.HikariDataSource       : HikariPool-1 - Start completed.
2025-03-22T16:18:32.553+08:00 DEBUG 75969 --- [Spring] [           main] o.s.b.f.s.DefaultListableBeanFactory     : Creating shared instance of singleton bean 'entityManagerFactory'
2025-03-22T16:18:32.554+08:00 DEBUG 75969 --- [Spring] [           main] o.s.b.f.s.DefaultListableBeanFactory     : Creating shared instance of singleton bean 'org.springframework.boot.autoconfigure.orm.jpa.HibernateJpaConfiguration'
2025-03-22T16:18:32.555+08:00 DEBUG 75969 --- [Spring] [           main] o.s.b.f.s.DefaultListableBeanFactory     : Creating shared instance of singleton bean 'spring.jpa-org.springframework.boot.autoconfigure.orm.jpa.JpaProperties'
2025-03-22T16:18:32.565+08:00 DEBUG 75969 --- [Spring] [           main] o.s.b.f.s.DefaultListableBeanFactory     : Creating shared instance of singleton bean 'spring.jpa.hibernate-org.springframework.boot.autoconfigure.orm.jpa.HibernateProperties'
2025-03-22T16:18:32.569+08:00 DEBUG 75969 --- [Spring] [           main] o.s.b.f.s.DefaultListableBeanFactory     : Autowiring by type from bean name 'org.springframework.boot.autoconfigure.orm.jpa.HibernateJpaConfiguration' via constructor to bean named 'dataSource'
2025-03-22T16:18:32.569+08:00 DEBUG 75969 --- [Spring] [           main] o.s.b.f.s.DefaultListableBeanFactory     : Autowiring by type from bean name 'org.springframework.boot.autoconfigure.orm.jpa.HibernateJpaConfiguration' via constructor to bean named 'spring.jpa-org.springframework.boot.autoconfigure.orm.jpa.JpaProperties'
2025-03-22T16:18:32.569+08:00 DEBUG 75969 --- [Spring] [           main] o.s.b.f.s.DefaultListableBeanFactory     : Autowiring by type from bean name 'org.springframework.boot.autoconfigure.orm.jpa.HibernateJpaConfiguration' via constructor to bean named 'org.springframework.beans.factory.support.DefaultListableBeanFactory@47e4d9d0'
2025-03-22T16:18:32.569+08:00 DEBUG 75969 --- [Spring] [           main] o.s.b.f.s.DefaultListableBeanFactory     : Autowiring by type from bean name 'org.springframework.boot.autoconfigure.orm.jpa.HibernateJpaConfiguration' via constructor to bean named 'spring.jpa.hibernate-org.springframework.boot.autoconfigure.orm.jpa.HibernateProperties'
2025-03-22T16:18:32.572+08:00 DEBUG 75969 --- [Spring] [           main] o.s.b.f.s.DefaultListableBeanFactory     : Creating shared instance of singleton bean 'hikariPoolDataSourceMetadataProvider'
2025-03-22T16:18:32.572+08:00 DEBUG 75969 --- [Spring] [           main] o.s.b.f.s.DefaultListableBeanFactory     : Creating shared instance of singleton bean 'org.springframework.boot.autoconfigure.jdbc.metadata.DataSourcePoolMetadataProvidersConfiguration$HikariPoolDataSourceMetadataProviderConfiguration'
2025-03-22T16:18:32.592+08:00 DEBUG 75969 --- [Spring] [           main] o.s.b.f.s.DefaultListableBeanFactory     : Creating shared instance of singleton bean 'entityManagerFactoryBuilder'
2025-03-22T16:18:32.594+08:00 DEBUG 75969 --- [Spring] [           main] o.s.b.f.s.DefaultListableBeanFactory     : Creating shared instance of singleton bean 'jpaVendorAdapter'
2025-03-22T16:18:32.608+08:00 DEBUG 75969 --- [Spring] [           main] o.s.b.f.s.DefaultListableBeanFactory     : Autowiring by type from bean name 'entityManagerFactoryBuilder' via factory method to bean named 'jpaVendorAdapter'
2025-03-22T16:18:32.617+08:00 DEBUG 75969 --- [Spring] [           main] o.s.b.f.s.DefaultListableBeanFactory     : Creating shared instance of singleton bean 'persistenceManagedTypes'
2025-03-22T16:18:32.619+08:00 DEBUG 75969 --- [Spring] [           main] o.s.b.f.s.DefaultListableBeanFactory     : Autowiring by type from bean name 'persistenceManagedTypes' via factory method to bean named 'org.springframework.beans.factory.support.DefaultListableBeanFactory@47e4d9d0'
2025-03-22T16:18:32.619+08:00 DEBUG 75969 --- [Spring] [           main] o.s.b.f.s.DefaultListableBeanFactory     : Autowiring by type from bean name 'persistenceManagedTypes' via factory method to bean named 'org.springframework.web.context.support.GenericWebApplicationContext@29a23c3d'
2025-03-22T16:18:32.631+08:00 DEBUG 75969 --- [Spring] [           main] o.s.b.f.s.DefaultListableBeanFactory     : Autowiring by type from bean name 'entityManagerFactory' via factory method to bean named 'entityManagerFactoryBuilder'
2025-03-22T16:18:32.631+08:00 DEBUG 75969 --- [Spring] [           main] o.s.b.f.s.DefaultListableBeanFactory     : Autowiring by type from bean name 'entityManagerFactory' via factory method to bean named 'persistenceManagedTypes'
2025-03-22T16:18:32.636+08:00 DEBUG 75969 --- [Spring] [           main] o.s.jdbc.datasource.DataSourceUtils      : Fetching JDBC Connection from DataSource
2025-03-22T16:18:32.645+08:00 DEBUG 75969 --- [Spring] [           main] j.LocalContainerEntityManagerFactoryBean : Building JPA container EntityManagerFactory for persistence unit 'default'
2025-03-22T16:18:32.666+08:00  INFO 75969 --- [Spring] [           main] o.hibernate.jpa.internal.util.LogHelper  : HHH000204: Processing PersistenceUnitInfo [name: default]
2025-03-22T16:18:32.719+08:00  INFO 75969 --- [Spring] [           main] org.hibernate.Version                    : HHH000412: Hibernate ORM core version 6.6.11.Final
2025-03-22T16:18:32.755+08:00  INFO 75969 --- [Spring] [           main] o.h.c.internal.RegionFactoryInitiator    : HHH000026: Second-level cache disabled
2025-03-22T16:18:32.965+08:00  INFO 75969 --- [Spring] [           main] o.s.o.j.p.SpringPersistenceUnitInfo      : No LoadTimeWeaver setup: ignoring JPA class transformer
2025-03-22T16:18:33.035+08:00  INFO 75969 --- [Spring] [           main] org.hibernate.orm.connections.pooling    : HHH10001005: Database info:
	Database JDBC URL [Connecting through datasource 'HikariDataSource (HikariPool-1)']
	Database driver: undefined/unknown
	Database version: 8.0.36
	Autocommit mode: undefined/unknown
	Isolation level: undefined/unknown
	Minimum pool size: undefined/unknown
	Maximum pool size: undefined/unknown
2025-03-22T16:18:33.239+08:00  INFO 75969 --- [Spring] [           main] o.h.e.t.j.p.i.JtaPlatformInitiator       : HHH000489: No JTA platform available (set 'hibernate.transaction.jta.platform' to enable JTA platform integration)
2025-03-22T16:18:33.242+08:00  INFO 75969 --- [Spring] [           main] j.LocalContainerEntityManagerFactoryBean : Initialized JPA EntityManagerFactory for persistence unit 'default'
2025-03-22T16:18:33.257+08:00 DEBUG 75969 --- [Spring] [           main] o.s.b.f.s.DefaultListableBeanFactory     : Creating shared instance of singleton bean 'springBootStarter'
2025-03-22T16:18:33.259+08:00 DEBUG 75969 --- [Spring] [           main] o.s.b.f.s.DefaultListableBeanFactory     : Creating shared instance of singleton bean 'globalExceptionHandler'
2025-03-22T16:18:33.263+08:00 DEBUG 75969 --- [Spring] [           main] o.s.b.f.s.DefaultListableBeanFactory     : Creating shared instance of singleton bean 'restTemplateConfig'
2025-03-22T16:18:33.265+08:00 DEBUG 75969 --- [Spring] [           main] o.s.b.f.s.DefaultListableBeanFactory     : Creating shared instance of singleton bean 'hostController'
2025-03-22T16:18:33.273+08:00 DEBUG 75969 --- [Spring] [           main] o.s.b.f.s.DefaultListableBeanFactory     : Creating shared instance of singleton bean 'hostServiceImpl'
2025-03-22T16:18:33.273+08:00 DEBUG 75969 --- [Spring] [           main] o.s.b.f.s.DefaultListableBeanFactory     : Creating shared instance of singleton bean 'hostMapper'
2025-03-22T16:18:33.276+08:00 DEBUG 75969 --- [Spring] [           main] o.s.b.f.s.DefaultListableBeanFactory     : Creating shared instance of singleton bean 'sqlSessionTemplate'
2025-03-22T16:18:33.276+08:00 DEBUG 75969 --- [Spring] [           main] o.s.b.f.s.DefaultListableBeanFactory     : Creating shared instance of singleton bean 'com.baomidou.mybatisplus.autoconfigure.MybatisPlusAutoConfiguration'
2025-03-22T16:18:33.277+08:00 DEBUG 75969 --- [Spring] [           main] o.s.b.f.s.DefaultListableBeanFactory     : Creating shared instance of singleton bean 'mybatis-plus-com.baomidou.mybatisplus.autoconfigure.MybatisPlusProperties'
2025-03-22T16:18:33.301+08:00 DEBUG 75969 --- [Spring] [           main] o.s.b.f.s.DefaultListableBeanFactory     : Autowiring by type from bean name 'com.baomidou.mybatisplus.autoconfigure.MybatisPlusAutoConfiguration' via constructor to bean named 'mybatis-plus-com.baomidou.mybatisplus.autoconfigure.MybatisPlusProperties'
2025-03-22T16:18:33.301+08:00 DEBUG 75969 --- [Spring] [           main] o.s.b.f.s.DefaultListableBeanFactory     : Autowiring by type from bean name 'com.baomidou.mybatisplus.autoconfigure.MybatisPlusAutoConfiguration' via constructor to bean named 'org.springframework.web.context.support.GenericWebApplicationContext@29a23c3d'
2025-03-22T16:18:33.306+08:00 DEBUG 75969 --- [Spring] [           main] o.s.b.f.s.DefaultListableBeanFactory     : Creating shared instance of singleton bean 'sqlSessionFactory'
2025-03-22T16:18:33.307+08:00 DEBUG 75969 --- [Spring] [           main] o.s.b.f.s.DefaultListableBeanFactory     : Autowiring by type from bean name 'sqlSessionFactory' via factory method to bean named 'dataSource'
Logging initialized using 'class org.apache.ibatis.logging.stdout.StdOutImpl' adapter.
Initialization Sequence datacenterId:1 workerId:13
 _ _   |_  _ _|_. ___ _ |    _ 
| | |\/|_)(_| | |_\  |_)||_|_\ 
     /               |         
                        3.5.5 
2025-03-22T16:18:33.385+08:00 DEBUG 75969 --- [Spring] [           main] o.s.b.f.s.DefaultListableBeanFactory     : Autowiring by type from bean name 'sqlSessionTemplate' via factory method to bean named 'sqlSessionFactory'
2025-03-22T16:18:33.516+08:00 DEBUG 75969 --- [Spring] [           main] o.s.b.f.s.DefaultListableBeanFactory     : Autowiring by type from bean name 'hostServiceImpl' via constructor to bean named 'hostMapper'
2025-03-22T16:18:33.519+08:00 DEBUG 75969 --- [Spring] [           main] o.s.b.f.s.DefaultListableBeanFactory     : Autowiring by type from bean name 'hostController' via constructor to bean named 'hostServiceImpl'
2025-03-22T16:18:33.522+08:00 DEBUG 75969 --- [Spring] [           main] o.s.b.f.s.DefaultListableBeanFactory     : Creating shared instance of singleton bean 'pathUrlController'
2025-03-22T16:18:33.523+08:00 DEBUG 75969 --- [Spring] [           main] o.s.b.f.s.DefaultListableBeanFactory     : Creating shared instance of singleton bean 'pathUrlServiceImpl'
2025-03-22T16:18:33.533+08:00 DEBUG 75969 --- [Spring] [           main] o.s.b.f.s.DefaultListableBeanFactory     : Creating shared instance of singleton bean 'pathUrlMapper'
2025-03-22T16:18:33.543+08:00 DEBUG 75969 --- [Spring] [           main] o.s.b.f.s.DefaultListableBeanFactory     : Creating shared instance of singleton bean 'portMapper'
2025-03-22T16:18:33.558+08:00 DEBUG 75969 --- [Spring] [           main] o.s.b.f.s.DefaultListableBeanFactory     : Creating shared instance of singleton bean 'routerUrlMapper'
2025-03-22T16:18:33.566+08:00 DEBUG 75969 --- [Spring] [           main] o.s.b.f.s.DefaultListableBeanFactory     : Creating shared instance of singleton bean 'projectMapper'
2025-03-22T16:18:33.605+08:00 DEBUG 75969 --- [Spring] [           main] o.s.b.f.s.DefaultListableBeanFactory     : Autowiring by type from bean name 'pathUrlServiceImpl' via constructor to bean named 'pathUrlMapper'
2025-03-22T16:18:33.606+08:00 DEBUG 75969 --- [Spring] [           main] o.s.b.f.s.DefaultListableBeanFactory     : Autowiring by type from bean name 'pathUrlServiceImpl' via constructor to bean named 'hostMapper'
2025-03-22T16:18:33.606+08:00 DEBUG 75969 --- [Spring] [           main] o.s.b.f.s.DefaultListableBeanFactory     : Autowiring by type from bean name 'pathUrlServiceImpl' via constructor to bean named 'portMapper'
2025-03-22T16:18:33.606+08:00 DEBUG 75969 --- [Spring] [           main] o.s.b.f.s.DefaultListableBeanFactory     : Autowiring by type from bean name 'pathUrlServiceImpl' via constructor to bean named 'routerUrlMapper'
2025-03-22T16:18:33.606+08:00 DEBUG 75969 --- [Spring] [           main] o.s.b.f.s.DefaultListableBeanFactory     : Autowiring by type from bean name 'pathUrlServiceImpl' via constructor to bean named 'projectMapper'
2025-03-22T16:18:33.631+08:00 DEBUG 75969 --- [Spring] [           main] o.s.b.f.s.DefaultListableBeanFactory     : Creating shared instance of singleton bean 'portServiceImpl'
2025-03-22T16:18:33.632+08:00 DEBUG 75969 --- [Spring] [           main] o.s.b.f.s.DefaultListableBeanFactory     : Autowiring by type from bean name 'portServiceImpl' via constructor to bean named 'portMapper'
2025-03-22T16:18:33.640+08:00 DEBUG 75969 --- [Spring] [           main] o.s.b.f.s.DefaultListableBeanFactory     : Creating shared instance of singleton bean 'routerUrlServiceImpl'
2025-03-22T16:18:33.641+08:00 DEBUG 75969 --- [Spring] [           main] o.s.b.f.s.DefaultListableBeanFactory     : Autowiring by type from bean name 'routerUrlServiceImpl' via constructor to bean named 'routerUrlMapper'
2025-03-22T16:18:33.644+08:00 DEBUG 75969 --- [Spring] [           main] o.s.b.f.s.DefaultListableBeanFactory     : Creating shared instance of singleton bean 'projectUrlServiceImpl'
2025-03-22T16:18:33.644+08:00 DEBUG 75969 --- [Spring] [           main] o.s.b.f.s.DefaultListableBeanFactory     : Autowiring by type from bean name 'projectUrlServiceImpl' via constructor to bean named 'projectMapper'
2025-03-22T16:18:33.646+08:00 DEBUG 75969 --- [Spring] [           main] o.s.b.f.s.DefaultListableBeanFactory     : Autowiring by type from bean name 'pathUrlController' via constructor to bean named 'pathUrlServiceImpl'
2025-03-22T16:18:33.647+08:00 DEBUG 75969 --- [Spring] [           main] o.s.b.f.s.DefaultListableBeanFactory     : Autowiring by type from bean name 'pathUrlController' via constructor to bean named 'hostServiceImpl'
2025-03-22T16:18:33.647+08:00 DEBUG 75969 --- [Spring] [           main] o.s.b.f.s.DefaultListableBeanFactory     : Autowiring by type from bean name 'pathUrlController' via constructor to bean named 'portServiceImpl'
2025-03-22T16:18:33.647+08:00 DEBUG 75969 --- [Spring] [           main] o.s.b.f.s.DefaultListableBeanFactory     : Autowiring by type from bean name 'pathUrlController' via constructor to bean named 'routerUrlServiceImpl'
2025-03-22T16:18:33.647+08:00 DEBUG 75969 --- [Spring] [           main] o.s.b.f.s.DefaultListableBeanFactory     : Autowiring by type from bean name 'pathUrlController' via constructor to bean named 'projectUrlServiceImpl'
2025-03-22T16:18:33.649+08:00 DEBUG 75969 --- [Spring] [           main] o.s.b.f.s.DefaultListableBeanFactory     : Creating shared instance of singleton bean 'portController'
2025-03-22T16:18:33.650+08:00 DEBUG 75969 --- [Spring] [           main] o.s.b.f.s.DefaultListableBeanFactory     : Autowiring by type from bean name 'portController' via constructor to bean named 'portServiceImpl'
2025-03-22T16:18:33.651+08:00 DEBUG 75969 --- [Spring] [           main] o.s.b.f.s.DefaultListableBeanFactory     : Creating shared instance of singleton bean 'projectUrlController'
2025-03-22T16:18:33.652+08:00 DEBUG 75969 --- [Spring] [           main] o.s.b.f.s.DefaultListableBeanFactory     : Autowiring by type from bean name 'projectUrlController' via constructor to bean named 'projectUrlServiceImpl'
2025-03-22T16:18:33.653+08:00 DEBUG 75969 --- [Spring] [           main] o.s.b.f.s.DefaultListableBeanFactory     : Creating shared instance of singleton bean 'repeaterController'
2025-03-22T16:18:33.653+08:00 DEBUG 75969 --- [Spring] [           main] o.s.b.f.s.DefaultListableBeanFactory     : Creating shared instance of singleton bean 'repeaterServiceImp'
2025-03-22T16:18:33.654+08:00 DEBUG 75969 --- [Spring] [           main] o.s.b.f.s.DefaultListableBeanFactory     : Creating shared instance of singleton bean 'repeaterServiceImp.DirectRestTemplate'
2025-03-22T16:18:33.679+08:00 DEBUG 75969 --- [Spring] [           main] o.s.b.f.s.DefaultListableBeanFactory     : Autowiring by type from bean name 'repeaterServiceImp' via constructor to bean named 'repeaterServiceImp.DirectRestTemplate'
2025-03-22T16:18:33.680+08:00 DEBUG 75969 --- [Spring] [           main] o.s.b.f.s.DefaultListableBeanFactory     : Autowiring by type from bean name 'repeaterController' via constructor to bean named 'repeaterServiceImp'
2025-03-22T16:18:33.682+08:00 DEBUG 75969 --- [Spring] [           main] o.s.b.f.s.DefaultListableBeanFactory     : Creating shared instance of singleton bean 'routerUrlController'
2025-03-22T16:18:33.682+08:00 DEBUG 75969 --- [Spring] [           main] o.s.b.f.s.DefaultListableBeanFactory     : Autowiring by type from bean name 'routerUrlController' via constructor to bean named 'routerUrlServiceImpl'
2025-03-22T16:18:33.688+08:00 DEBUG 75969 --- [Spring] [           main] o.s.b.f.s.DefaultListableBeanFactory     : Creating shared instance of singleton bean 'validationAspect'
2025-03-22T16:18:33.689+08:00 DEBUG 75969 --- [Spring] [           main] o.s.b.f.s.DefaultListableBeanFactory     : Creating shared instance of singleton bean 'applicationConfig'
2025-03-22T16:18:33.690+08:00 DEBUG 75969 --- [Spring] [           main] o.s.b.f.s.DefaultListableBeanFactory     : Creating shared instance of singleton bean 'userMapper'
[com.david.hlp.Spring.system.mapper.UserMapper.insert] Has been loaded by XML or SqlProvider or Mybatis's Annotation, so ignoring this injection for [class com.baomidou.mybatisplus.core.injector.methods.Insert]
[com.david.hlp.Spring.system.mapper.UserMapper.deleteById] Has been loaded by XML or SqlProvider or Mybatis's Annotation, so ignoring this injection for [class com.baomidou.mybatisplus.core.injector.methods.DeleteById]
[com.david.hlp.Spring.system.mapper.UserMapper.updateById] Has been loaded by XML or SqlProvider or Mybatis's Annotation, so ignoring this injection for [class com.baomidou.mybatisplus.core.injector.methods.UpdateById]
2025-03-22T16:18:33.738+08:00 DEBUG 75969 --- [Spring] [           main] o.s.b.f.s.DefaultListableBeanFactory     : Autowiring by type from bean name 'applicationConfig' via constructor to bean named 'userMapper'
2025-03-22T16:18:33.740+08:00 DEBUG 75969 --- [Spring] [           main] o.s.b.f.s.DefaultListableBeanFactory     : Creating shared instance of singleton bean 'jwtAuthenticationFilter'
2025-03-22T16:18:33.741+08:00 DEBUG 75969 --- [Spring] [           main] o.s.b.f.s.DefaultListableBeanFactory     : Creating shared instance of singleton bean 'jwtService'
2025-03-22T16:18:33.742+08:00 DEBUG 75969 --- [Spring] [           main] o.s.b.f.s.DefaultListableBeanFactory     : Creating shared instance of singleton bean 'tokenMapper'
2025-03-22T16:18:33.774+08:00 DEBUG 75969 --- [Spring] [           main] o.s.b.f.s.DefaultListableBeanFactory     : Autowiring by type from bean name 'jwtService' via constructor to bean named 'tokenMapper'
2025-03-22T16:18:33.775+08:00 DEBUG 75969 --- [Spring] [           main] o.s.c.e.PropertySourcesPropertyResolver  : Found key 'application.security.jwt.secret-key' in PropertySource 'environmentProperties' with value of type String
2025-03-22T16:18:33.777+08:00 DEBUG 75969 --- [Spring] [           main] o.s.c.e.PropertySourcesPropertyResolver  : Found key 'application.security.jwt.expiration' in PropertySource 'environmentProperties' with value of type String
2025-03-22T16:18:33.778+08:00 DEBUG 75969 --- [Spring] [           main] o.s.c.e.PropertySourcesPropertyResolver  : Found key 'application.security.jwt.refresh-token.expiration' in PropertySource 'environmentProperties' with value of type String
2025-03-22T16:18:33.780+08:00 DEBUG 75969 --- [Spring] [           main] o.s.b.f.s.DefaultListableBeanFactory     : Creating shared instance of singleton bean 'userDetailsService'
2025-03-22T16:18:33.781+08:00 DEBUG 75969 --- [Spring] [           main] o.s.b.f.s.DefaultListableBeanFactory     : Autowiring by type from bean name 'jwtAuthenticationFilter' via constructor to bean named 'jwtService'
2025-03-22T16:18:33.781+08:00 DEBUG 75969 --- [Spring] [           main] o.s.b.f.s.DefaultListableBeanFactory     : Autowiring by type from bean name 'jwtAuthenticationFilter' via constructor to bean named 'userDetailsService'
2025-03-22T16:18:33.781+08:00 DEBUG 75969 --- [Spring] [           main] o.s.b.f.s.DefaultListableBeanFactory     : Autowiring by type from bean name 'jwtAuthenticationFilter' via constructor to bean named 'tokenMapper'
2025-03-22T16:18:33.785+08:00 DEBUG 75969 --- [Spring] [           main] o.s.b.f.s.DefaultListableBeanFactory     : Creating shared instance of singleton bean 'logoutService'
2025-03-22T16:18:33.786+08:00 DEBUG 75969 --- [Spring] [           main] o.s.b.f.s.DefaultListableBeanFactory     : Autowiring by type from bean name 'logoutService' via constructor to bean named 'tokenMapper'
2025-03-22T16:18:33.787+08:00 DEBUG 75969 --- [Spring] [           main] o.s.b.f.s.DefaultListableBeanFactory     : Creating shared instance of singleton bean 'securityConfiguration'
2025-03-22T16:18:33.788+08:00 DEBUG 75969 --- [Spring] [           main] o.s.b.f.s.DefaultListableBeanFactory     : Creating shared instance of singleton bean 'authenticationProvider'
2025-03-22T16:18:33.802+08:00 DEBUG 75969 --- [Spring] [           main] o.s.b.f.s.DefaultListableBeanFactory     : Creating shared instance of singleton bean 'passwordEncoder'
2025-03-22T16:18:33.810+08:00 DEBUG 75969 --- [Spring] [           main] o.s.b.f.s.DefaultListableBeanFactory     : Autowiring by type from bean name 'securityConfiguration' via constructor to bean named 'jwtAuthenticationFilter'
2025-03-22T16:18:33.811+08:00 DEBUG 75969 --- [Spring] [           main] o.s.b.f.s.DefaultListableBeanFactory     : Autowiring by type from bean name 'securityConfiguration' via constructor to bean named 'authenticationProvider'
2025-03-22T16:18:33.813+08:00 DEBUG 75969 --- [Spring] [           main] o.s.b.f.s.DefaultListableBeanFactory     : Creating shared instance of singleton bean 'webMvcConfig'
2025-03-22T16:18:33.820+08:00 DEBUG 75969 --- [Spring] [           main] o.s.b.f.s.DefaultListableBeanFactory     : Creating shared instance of singleton bean 'cacheConfig'
2025-03-22T16:18:33.822+08:00 DEBUG 75969 --- [Spring] [           main] o.s.b.f.s.DefaultListableBeanFactory     : Creating shared instance of singleton bean 'authController'
2025-03-22T16:18:33.824+08:00 DEBUG 75969 --- [Spring] [           main] o.s.b.f.s.DefaultListableBeanFactory     : Creating shared instance of singleton bean 'authServiceImp'
2025-03-22T16:18:33.825+08:00 DEBUG 75969 --- [Spring] [           main] o.s.b.f.s.DefaultListableBeanFactory     : Creating shared instance of singleton bean 'roleMapper'
2025-03-22T16:18:33.850+08:00 DEBUG 75969 --- [Spring] [           main] o.s.b.f.s.DefaultListableBeanFactory     : Autowiring by type from bean name 'authServiceImp' via constructor to bean named 'userMapper'
2025-03-22T16:18:33.850+08:00 DEBUG 75969 --- [Spring] [           main] o.s.b.f.s.DefaultListableBeanFactory     : Autowiring by type from bean name 'authServiceImp' via constructor to bean named 'passwordEncoder'
2025-03-22T16:18:33.850+08:00 DEBUG 75969 --- [Spring] [           main] o.s.b.f.s.DefaultListableBeanFactory     : Autowiring by type from bean name 'authServiceImp' via constructor to bean named 'jwtService'
2025-03-22T16:18:33.850+08:00 DEBUG 75969 --- [Spring] [           main] o.s.b.f.s.DefaultListableBeanFactory     : Autowiring by type from bean name 'authServiceImp' via constructor to bean named 'roleMapper'
2025-03-22T16:18:33.850+08:00 DEBUG 75969 --- [Spring] [           main] o.s.b.f.s.DefaultListableBeanFactory     : Autowiring by type from bean name 'authServiceImp' via constructor to bean named 'tokenMapper'
2025-03-22T16:18:33.856+08:00 DEBUG 75969 --- [Spring] [           main] o.s.b.f.s.DefaultListableBeanFactory     : Creating shared instance of singleton bean 'routerServiceImp'
2025-03-22T16:18:33.856+08:00 DEBUG 75969 --- [Spring] [           main] o.s.b.f.s.DefaultListableBeanFactory     : Creating shared instance of singleton bean 'routerMapper'
[com.david.hlp.Spring.system.mapper.RouterMapper.update] Has been loaded by XML or SqlProvider or Mybatis's Annotation, so ignoring this injection for [class com.baomidou.mybatisplus.core.injector.methods.Update]
[com.david.hlp.Spring.system.mapper.RouterMapper.deleteById] Has been loaded by XML or SqlProvider or Mybatis's Annotation, so ignoring this injection for [class com.baomidou.mybatisplus.core.injector.methods.DeleteById]
2025-03-22T16:18:33.884+08:00 DEBUG 75969 --- [Spring] [           main] o.s.b.f.s.DefaultListableBeanFactory     : Creating shared instance of singleton bean 'permissionMapper'
2025-03-22T16:18:33.912+08:00 DEBUG 75969 --- [Spring] [           main] o.s.b.f.s.DefaultListableBeanFactory     : Autowiring by type from bean name 'routerServiceImp' via constructor to bean named 'routerMapper'
2025-03-22T16:18:33.912+08:00 DEBUG 75969 --- [Spring] [           main] o.s.b.f.s.DefaultListableBeanFactory     : Autowiring by type from bean name 'routerServiceImp' via constructor to bean named 'permissionMapper'
2025-03-22T16:18:33.918+08:00 DEBUG 75969 --- [Spring] [           main] o.s.b.f.s.DefaultListableBeanFactory     : Creating shared instance of singleton bean 'permissionServiceImp'
2025-03-22T16:18:33.919+08:00 DEBUG 75969 --- [Spring] [           main] o.s.b.f.s.DefaultListableBeanFactory     : Autowiring by type from bean name 'permissionServiceImp' via constructor to bean named 'permissionMapper'
2025-03-22T16:18:33.919+08:00 DEBUG 75969 --- [Spring] [           main] o.s.b.f.s.DefaultListableBeanFactory     : Autowiring by type from bean name 'permissionServiceImp' via constructor to bean named 'userMapper'
2025-03-22T16:18:33.920+08:00 DEBUG 75969 --- [Spring] [           main] o.s.b.f.s.DefaultListableBeanFactory     : Creating shared instance of singleton bean 'roleServiceImp'
2025-03-22T16:18:33.921+08:00 DEBUG 75969 --- [Spring] [           main] o.s.b.f.s.DefaultListableBeanFactory     : Autowiring by type from bean name 'roleServiceImp' via constructor to bean named 'roleMapper'
2025-03-22T16:18:33.921+08:00 DEBUG 75969 --- [Spring] [           main] o.s.b.f.s.DefaultListableBeanFactory     : Autowiring by type from bean name 'roleServiceImp' via constructor to bean named 'permissionMapper'
2025-03-22T16:18:33.921+08:00 DEBUG 75969 --- [Spring] [           main] o.s.b.f.s.DefaultListableBeanFactory     : Autowiring by type from bean name 'roleServiceImp' via constructor to bean named 'routerMapper'
2025-03-22T16:18:33.935+08:00 DEBUG 75969 --- [Spring] [           main] o.s.b.f.s.DefaultListableBeanFactory     : Creating shared instance of singleton bean 'userServiceImp'
2025-03-22T16:18:33.936+08:00 DEBUG 75969 --- [Spring] [           main] o.s.b.f.s.DefaultListableBeanFactory     : Autowiring by type from bean name 'userServiceImp' via constructor to bean named 'userMapper'
2025-03-22T16:18:33.938+08:00 DEBUG 75969 --- [Spring] [           main] o.s.b.f.s.DefaultListableBeanFactory     : Autowiring by type from bean name 'authController' via constructor to bean named 'authServiceImp'
2025-03-22T16:18:33.938+08:00 DEBUG 75969 --- [Spring] [           main] o.s.b.f.s.DefaultListableBeanFactory     : Autowiring by type from bean name 'authController' via constructor to bean named 'routerServiceImp'
2025-03-22T16:18:33.938+08:00 DEBUG 75969 --- [Spring] [           main] o.s.b.f.s.DefaultListableBeanFactory     : Autowiring by type from bean name 'authController' via constructor to bean named 'permissionServiceImp'
2025-03-22T16:18:33.939+08:00 DEBUG 75969 --- [Spring] [           main] o.s.b.f.s.DefaultListableBeanFactory     : Autowiring by type from bean name 'authController' via constructor to bean named 'roleServiceImp'
2025-03-22T16:18:33.939+08:00 DEBUG 75969 --- [Spring] [           main] o.s.b.f.s.DefaultListableBeanFactory     : Autowiring by type from bean name 'authController' via constructor to bean named 'userServiceImp'
2025-03-22T16:18:33.949+08:00 DEBUG 75969 --- [Spring] [           main] o.s.b.f.s.DefaultListableBeanFactory     : Creating shared instance of singleton bean 'roleController'
2025-03-22T16:18:33.950+08:00 DEBUG 75969 --- [Spring] [           main] o.s.b.f.s.DefaultListableBeanFactory     : Autowiring by type from bean name 'roleController' via constructor to bean named 'roleServiceImp'
2025-03-22T16:18:33.956+08:00 DEBUG 75969 --- [Spring] [           main] o.s.b.f.s.DefaultListableBeanFactory     : Creating shared instance of singleton bean 'userController'
2025-03-22T16:18:33.958+08:00 DEBUG 75969 --- [Spring] [           main] o.s.b.f.s.DefaultListableBeanFactory     : Creating shared instance of singleton bean 'passwordServiceImpl'
2025-03-22T16:18:33.958+08:00 DEBUG 75969 --- [Spring] [           main] o.s.b.f.s.DefaultListableBeanFactory     : Autowiring by type from bean name 'passwordServiceImpl' via constructor to bean named 'passwordEncoder'
2025-03-22T16:18:33.960+08:00 DEBUG 75969 --- [Spring] [           main] o.s.b.f.s.DefaultListableBeanFactory     : Autowiring by type from bean name 'userController' via constructor to bean named 'userServiceImp'
2025-03-22T16:18:33.960+08:00 DEBUG 75969 --- [Spring] [           main] o.s.b.f.s.DefaultListableBeanFactory     : Autowiring by type from bean name 'userController' via constructor to bean named 'passwordServiceImpl'
2025-03-22T16:18:33.960+08:00 DEBUG 75969 --- [Spring] [           main] o.s.b.f.s.DefaultListableBeanFactory     : Autowiring by type from bean name 'userController' via constructor to bean named 'authServiceImp'
2025-03-22T16:18:33.966+08:00 DEBUG 75969 --- [Spring] [           main] o.s.b.f.s.DefaultListableBeanFactory     : Creating shared instance of singleton bean 'webConfig'
2025-03-22T16:18:33.967+08:00 DEBUG 75969 --- [Spring] [           main] o.s.c.e.PropertySourcesPropertyResolver  : Found key 'file.upload-dir' in PropertySource 'environmentProperties' with value of type String
2025-03-22T16:18:33.968+08:00 DEBUG 75969 --- [Spring] [           main] o.s.c.e.PropertySourcesPropertyResolver  : Found key 'file.url-address' in PropertySource 'environmentProperties' with value of type String
2025-03-22T16:18:33.971+08:00 DEBUG 75969 --- [Spring] [           main] o.s.b.f.s.DefaultListableBeanFactory     : Creating shared instance of singleton bean 'userDetailsServiceImpl'
2025-03-22T16:18:33.971+08:00 DEBUG 75969 --- [Spring] [           main] o.s.b.f.s.DefaultListableBeanFactory     : Autowiring by type from bean name 'userDetailsServiceImpl' via constructor to bean named 'userMapper'
2025-03-22T16:18:33.972+08:00 DEBUG 75969 --- [Spring] [           main] o.s.b.f.s.DefaultListableBeanFactory     : Creating shared instance of singleton bean 'redisCache'
2025-03-22T16:18:33.973+08:00 DEBUG 75969 --- [Spring] [           main] o.s.b.f.s.DefaultListableBeanFactory     : Creating shared instance of singleton bean 'redisTemplate'
2025-03-22T16:18:33.973+08:00 DEBUG 75969 --- [Spring] [           main] o.s.b.f.s.DefaultListableBeanFactory     : Creating shared instance of singleton bean 'org.springframework.boot.autoconfigure.data.redis.RedisAutoConfiguration'
2025-03-22T16:18:33.975+08:00 DEBUG 75969 --- [Spring] [           main] o.s.b.f.s.DefaultListableBeanFactory     : Creating shared instance of singleton bean 'redisConnectionFactory'
2025-03-22T16:18:33.975+08:00 DEBUG 75969 --- [Spring] [           main] o.s.b.f.s.DefaultListableBeanFactory     : Creating shared instance of singleton bean 'org.springframework.boot.autoconfigure.data.redis.LettuceConnectionConfiguration'
2025-03-22T16:18:33.976+08:00 DEBUG 75969 --- [Spring] [           main] o.s.b.f.s.DefaultListableBeanFactory     : Creating shared instance of singleton bean 'spring.data.redis-org.springframework.boot.autoconfigure.data.redis.RedisProperties'
2025-03-22T16:18:33.985+08:00 DEBUG 75969 --- [Spring] [           main] o.s.b.f.s.DefaultListableBeanFactory     : Creating shared instance of singleton bean 'redisConnectionDetails'
2025-03-22T16:18:33.986+08:00 DEBUG 75969 --- [Spring] [           main] o.s.b.f.s.DefaultListableBeanFactory     : Autowiring by type from bean name 'redisConnectionDetails' via factory method to bean named 'spring.data.redis-org.springframework.boot.autoconfigure.data.redis.RedisProperties'
2025-03-22T16:18:33.988+08:00 DEBUG 75969 --- [Spring] [           main] o.s.b.f.s.DefaultListableBeanFactory     : Autowiring by type from bean name 'org.springframework.boot.autoconfigure.data.redis.LettuceConnectionConfiguration' via constructor to bean named 'spring.data.redis-org.springframework.boot.autoconfigure.data.redis.RedisProperties'
2025-03-22T16:18:33.988+08:00 DEBUG 75969 --- [Spring] [           main] o.s.b.f.s.DefaultListableBeanFactory     : Autowiring by type from bean name 'org.springframework.boot.autoconfigure.data.redis.LettuceConnectionConfiguration' via constructor to bean named 'redisConnectionDetails'
2025-03-22T16:18:33.991+08:00 DEBUG 75969 --- [Spring] [           main] o.s.b.f.s.DefaultListableBeanFactory     : Creating shared instance of singleton bean 'sslBundleRegistry'
2025-03-22T16:18:33.992+08:00 DEBUG 75969 --- [Spring] [           main] o.s.b.f.s.DefaultListableBeanFactory     : Creating shared instance of singleton bean 'org.springframework.boot.autoconfigure.ssl.SslAutoConfiguration'
2025-03-22T16:18:33.993+08:00 DEBUG 75969 --- [Spring] [           main] o.s.b.f.s.DefaultListableBeanFactory     : Creating shared instance of singleton bean 'spring.ssl-org.springframework.boot.autoconfigure.ssl.SslProperties'
2025-03-22T16:18:33.996+08:00 DEBUG 75969 --- [Spring] [           main] o.s.b.f.s.DefaultListableBeanFactory     : Autowiring by type from bean name 'org.springframework.boot.autoconfigure.ssl.SslAutoConfiguration' via constructor to bean named 'org.springframework.web.context.support.GenericWebApplicationContext@29a23c3d'
2025-03-22T16:18:33.996+08:00 DEBUG 75969 --- [Spring] [           main] o.s.b.f.s.DefaultListableBeanFactory     : Autowiring by type from bean name 'org.springframework.boot.autoconfigure.ssl.SslAutoConfiguration' via constructor to bean named 'spring.ssl-org.springframework.boot.autoconfigure.ssl.SslProperties'
2025-03-22T16:18:34.001+08:00 DEBUG 75969 --- [Spring] [           main] o.s.b.f.s.DefaultListableBeanFactory     : Creating shared instance of singleton bean 'sslPropertiesSslBundleRegistrar'
2025-03-22T16:18:34.001+08:00 DEBUG 75969 --- [Spring] [           main] o.s.b.f.s.DefaultListableBeanFactory     : Creating shared instance of singleton bean 'fileWatcher'
2025-03-22T16:18:34.004+08:00 DEBUG 75969 --- [Spring] [           main] o.s.b.f.s.DefaultListableBeanFactory     : Autowiring by type from bean name 'sslPropertiesSslBundleRegistrar' via factory method to bean named 'fileWatcher'
2025-03-22T16:18:34.017+08:00 DEBUG 75969 --- [Spring] [           main] o.s.b.f.s.DefaultListableBeanFactory     : Creating shared instance of singleton bean 'lettuceClientResources'
2025-03-22T16:18:34.027+08:00 DEBUG 75969 --- [Spring] [           main] o.s.b.f.s.DefaultListableBeanFactory     : Creating shared instance of singleton bean 'lettuceMetrics'
2025-03-22T16:18:34.028+08:00 DEBUG 75969 --- [Spring] [           main] o.s.b.f.s.DefaultListableBeanFactory     : Creating shared instance of singleton bean 'org.springframework.boot.actuate.autoconfigure.metrics.redis.LettuceMetricsAutoConfiguration'
2025-03-22T16:18:34.030+08:00 DEBUG 75969 --- [Spring] [           main] o.s.b.f.s.DefaultListableBeanFactory     : Creating shared instance of singleton bean 'simpleMeterRegistry'
2025-03-22T16:18:34.030+08:00 DEBUG 75969 --- [Spring] [           main] o.s.b.f.s.DefaultListableBeanFactory     : Creating shared instance of singleton bean 'org.springframework.boot.actuate.autoconfigure.metrics.export.simple.SimpleMetricsExportAutoConfiguration'
2025-03-22T16:18:34.032+08:00 DEBUG 75969 --- [Spring] [           main] o.s.b.f.s.DefaultListableBeanFactory     : Creating shared instance of singleton bean 'simpleConfig'
2025-03-22T16:18:34.033+08:00 DEBUG 75969 --- [Spring] [           main] o.s.b.f.s.DefaultListableBeanFactory     : Creating shared instance of singleton bean 'management.simple.metrics.export-org.springframework.boot.actuate.autoconfigure.metrics.export.simple.SimpleProperties'
2025-03-22T16:18:34.035+08:00 DEBUG 75969 --- [Spring] [           main] o.s.b.f.s.DefaultListableBeanFactory     : Autowiring by type from bean name 'simpleConfig' via factory method to bean named 'management.simple.metrics.export-org.springframework.boot.actuate.autoconfigure.metrics.export.simple.SimpleProperties'
2025-03-22T16:18:34.039+08:00 DEBUG 75969 --- [Spring] [           main] o.s.b.f.s.DefaultListableBeanFactory     : Creating shared instance of singleton bean 'micrometerClock'
2025-03-22T16:18:34.040+08:00 DEBUG 75969 --- [Spring] [           main] o.s.b.f.s.DefaultListableBeanFactory     : Creating shared instance of singleton bean 'org.springframework.boot.actuate.autoconfigure.metrics.MetricsAutoConfiguration'
2025-03-22T16:18:34.042+08:00 DEBUG 75969 --- [Spring] [           main] o.s.b.f.s.DefaultListableBeanFactory     : Autowiring by type from bean name 'simpleMeterRegistry' via factory method to bean named 'simpleConfig'
2025-03-22T16:18:34.042+08:00 DEBUG 75969 --- [Spring] [           main] o.s.b.f.s.DefaultListableBeanFactory     : Autowiring by type from bean name 'simpleMeterRegistry' via factory method to bean named 'micrometerClock'
2025-03-22T16:18:34.063+08:00 DEBUG 75969 --- [Spring] [           main] o.s.b.f.s.DefaultListableBeanFactory     : Creating shared instance of singleton bean 'propertiesMeterFilter'
2025-03-22T16:18:34.064+08:00 DEBUG 75969 --- [Spring] [           main] o.s.b.f.s.DefaultListableBeanFactory     : Creating shared instance of singleton bean 'management.metrics-org.springframework.boot.actuate.autoconfigure.metrics.MetricsProperties'
2025-03-22T16:18:34.068+08:00 DEBUG 75969 --- [Spring] [           main] o.s.b.f.s.DefaultListableBeanFactory     : Autowiring by type from bean name 'propertiesMeterFilter' via factory method to bean named 'management.metrics-org.springframework.boot.actuate.autoconfigure.metrics.MetricsProperties'
2025-03-22T16:18:34.072+08:00 DEBUG 75969 --- [Spring] [           main] o.s.b.f.s.DefaultListableBeanFactory     : Creating shared instance of singleton bean 'metricsHttpClientUriTagFilter'
2025-03-22T16:18:34.072+08:00 DEBUG 75969 --- [Spring] [           main] o.s.b.f.s.DefaultListableBeanFactory     : Creating shared instance of singleton bean 'org.springframework.boot.actuate.autoconfigure.observation.web.client.HttpClientObservationsAutoConfiguration$MeterFilterConfiguration'
2025-03-22T16:18:34.074+08:00 DEBUG 75969 --- [Spring] [           main] o.s.b.f.s.DefaultListableBeanFactory     : Creating shared instance of singleton bean 'management.observations-org.springframework.boot.actuate.autoconfigure.observation.ObservationProperties'
2025-03-22T16:18:34.077+08:00 DEBUG 75969 --- [Spring] [           main] o.s.b.f.s.DefaultListableBeanFactory     : Autowiring by type from bean name 'metricsHttpClientUriTagFilter' via factory method to bean named 'management.observations-org.springframework.boot.actuate.autoconfigure.observation.ObservationProperties'
2025-03-22T16:18:34.077+08:00 DEBUG 75969 --- [Spring] [           main] o.s.b.f.s.DefaultListableBeanFactory     : Autowiring by type from bean name 'metricsHttpClientUriTagFilter' via factory method to bean named 'management.metrics-org.springframework.boot.actuate.autoconfigure.metrics.MetricsProperties'
2025-03-22T16:18:34.080+08:00 DEBUG 75969 --- [Spring] [           main] o.s.b.f.s.DefaultListableBeanFactory     : Creating shared instance of singleton bean 'metricsHttpServerUriTagFilter'
2025-03-22T16:18:34.080+08:00 DEBUG 75969 --- [Spring] [           main] o.s.b.f.s.DefaultListableBeanFactory     : Creating shared instance of singleton bean 'org.springframework.boot.actuate.autoconfigure.observation.web.servlet.WebMvcObservationAutoConfiguration$MeterFilterConfiguration'
2025-03-22T16:18:34.081+08:00 DEBUG 75969 --- [Spring] [           main] o.s.b.f.s.DefaultListableBeanFactory     : Autowiring by type from bean name 'metricsHttpServerUriTagFilter' via factory method to bean named 'management.observations-org.springframework.boot.actuate.autoconfigure.observation.ObservationProperties'
2025-03-22T16:18:34.082+08:00 DEBUG 75969 --- [Spring] [           main] o.s.b.f.s.DefaultListableBeanFactory     : Autowiring by type from bean name 'metricsHttpServerUriTagFilter' via factory method to bean named 'management.metrics-org.springframework.boot.actuate.autoconfigure.metrics.MetricsProperties'
2025-03-22T16:18:34.086+08:00 DEBUG 75969 --- [Spring] [           main] o.s.b.f.s.DefaultListableBeanFactory     : Creating shared instance of singleton bean 'micrometerOptions'
2025-03-22T16:18:34.089+08:00 DEBUG 75969 --- [Spring] [           main] o.s.b.f.s.DefaultListableBeanFactory     : Autowiring by type from bean name 'lettuceMetrics' via factory method to bean named 'simpleMeterRegistry'
2025-03-22T16:18:34.089+08:00 DEBUG 75969 --- [Spring] [           main] o.s.b.f.s.DefaultListableBeanFactory     : Autowiring by type from bean name 'lettuceMetrics' via factory method to bean named 'micrometerOptions'
2025-03-22T16:18:34.141+08:00 DEBUG 75969 --- [Spring] [           main] o.s.b.f.s.DefaultListableBeanFactory     : Autowiring by type from bean name 'redisConnectionFactory' via factory method to bean named 'lettuceClientResources'
2025-03-22T16:18:34.218+08:00 DEBUG 75969 --- [Spring] [           main] o.s.b.f.s.DefaultListableBeanFactory     : Autowiring by type from bean name 'redisTemplate' via factory method to bean named 'redisConnectionFactory'
2025-03-22T16:18:34.241+08:00 DEBUG 75969 --- [Spring] [           main] o.s.data.convert.CustomConversions       : Adding converter from class java.lang.String to class [B as writing converter
2025-03-22T16:18:34.241+08:00 DEBUG 75969 --- [Spring] [           main] o.s.data.convert.CustomConversions       : Adding converter from class [B to class java.lang.String as reading converter
2025-03-22T16:18:34.241+08:00 DEBUG 75969 --- [Spring] [           main] o.s.data.convert.CustomConversions       : Adding converter from class java.lang.Number to class [B as writing converter
2025-03-22T16:18:34.241+08:00 DEBUG 75969 --- [Spring] [           main] o.s.data.convert.CustomConversions       : Adding converter from class [B to class java.lang.Number as reading converter
2025-03-22T16:18:34.241+08:00 DEBUG 75969 --- [Spring] [           main] o.s.data.convert.CustomConversions       : Adding converter from class java.lang.Enum to class [B as writing converter
2025-03-22T16:18:34.241+08:00 DEBUG 75969 --- [Spring] [           main] o.s.data.convert.CustomConversions       : Adding converter from class [B to class java.lang.Enum as reading converter
2025-03-22T16:18:34.241+08:00 DEBUG 75969 --- [Spring] [           main] o.s.data.convert.CustomConversions       : Adding converter from class java.lang.Boolean to class [B as writing converter
2025-03-22T16:18:34.241+08:00 DEBUG 75969 --- [Spring] [           main] o.s.data.convert.CustomConversions       : Adding converter from class [B to class java.lang.Boolean as reading converter
2025-03-22T16:18:34.241+08:00 DEBUG 75969 --- [Spring] [           main] o.s.data.convert.CustomConversions       : Adding converter from class java.util.Date to class [B as writing converter
2025-03-22T16:18:34.241+08:00 DEBUG 75969 --- [Spring] [           main] o.s.data.convert.CustomConversions       : Adding converter from class [B to class java.util.Date as reading converter
2025-03-22T16:18:34.241+08:00 DEBUG 75969 --- [Spring] [           main] o.s.data.convert.CustomConversions       : Adding converter from class java.util.UUID to class [B as writing converter
2025-03-22T16:18:34.241+08:00 DEBUG 75969 --- [Spring] [           main] o.s.data.convert.CustomConversions       : Adding converter from class [B to class java.util.UUID as reading converter
2025-03-22T16:18:34.241+08:00 DEBUG 75969 --- [Spring] [           main] o.s.data.convert.CustomConversions       : Adding converter from class java.time.LocalDateTime to class [B as reading converter
2025-03-22T16:18:34.241+08:00 DEBUG 75969 --- [Spring] [           main] o.s.data.convert.CustomConversions       : Adding converter from class [B to class java.time.LocalDateTime as reading converter
2025-03-22T16:18:34.241+08:00 DEBUG 75969 --- [Spring] [           main] o.s.data.convert.CustomConversions       : Adding converter from class java.time.LocalDate to class [B as reading converter
2025-03-22T16:18:34.241+08:00 DEBUG 75969 --- [Spring] [           main] o.s.data.convert.CustomConversions       : Adding converter from class [B to class java.time.LocalDate as reading converter
2025-03-22T16:18:34.241+08:00 DEBUG 75969 --- [Spring] [           main] o.s.data.convert.CustomConversions       : Adding converter from class java.time.LocalTime to class [B as reading converter
2025-03-22T16:18:34.241+08:00 DEBUG 75969 --- [Spring] [           main] o.s.data.convert.CustomConversions       : Adding converter from class [B to class java.time.LocalTime as reading converter
2025-03-22T16:18:34.241+08:00 DEBUG 75969 --- [Spring] [           main] o.s.data.convert.CustomConversions       : Adding converter from class java.time.ZonedDateTime to class [B as reading converter
2025-03-22T16:18:34.241+08:00 DEBUG 75969 --- [Spring] [           main] o.s.data.convert.CustomConversions       : Adding converter from class [B to class java.time.ZonedDateTime as reading converter
2025-03-22T16:18:34.241+08:00 DEBUG 75969 --- [Spring] [           main] o.s.data.convert.CustomConversions       : Adding converter from class java.time.Instant to class [B as reading converter
2025-03-22T16:18:34.241+08:00 DEBUG 75969 --- [Spring] [           main] o.s.data.convert.CustomConversions       : Adding converter from class [B to class java.time.Instant as reading converter
2025-03-22T16:18:34.241+08:00 DEBUG 75969 --- [Spring] [           main] o.s.data.convert.CustomConversions       : Adding converter from class java.time.ZoneId to class [B as reading converter
2025-03-22T16:18:34.241+08:00 DEBUG 75969 --- [Spring] [           main] o.s.data.convert.CustomConversions       : Adding converter from class [B to class java.time.ZoneId as reading converter
2025-03-22T16:18:34.241+08:00 DEBUG 75969 --- [Spring] [           main] o.s.data.convert.CustomConversions       : Adding converter from class java.time.Period to class [B as reading converter
2025-03-22T16:18:34.242+08:00 DEBUG 75969 --- [Spring] [           main] o.s.data.convert.CustomConversions       : Adding converter from class [B to class java.time.Period as reading converter
2025-03-22T16:18:34.242+08:00 DEBUG 75969 --- [Spring] [           main] o.s.data.convert.CustomConversions       : Adding converter from class java.time.Duration to class [B as reading converter
2025-03-22T16:18:34.242+08:00 DEBUG 75969 --- [Spring] [           main] o.s.data.convert.CustomConversions       : Adding converter from class [B to class java.time.Duration as reading converter
2025-03-22T16:18:34.242+08:00 DEBUG 75969 --- [Spring] [           main] o.s.data.convert.CustomConversions       : Adding converter from class java.time.OffsetDateTime to class [B as reading converter
2025-03-22T16:18:34.242+08:00 DEBUG 75969 --- [Spring] [           main] o.s.data.convert.CustomConversions       : Adding converter from class [B to class java.time.OffsetDateTime as reading converter
2025-03-22T16:18:34.242+08:00 DEBUG 75969 --- [Spring] [           main] o.s.data.convert.CustomConversions       : Adding converter from class java.time.OffsetTime to class [B as reading converter
2025-03-22T16:18:34.242+08:00 DEBUG 75969 --- [Spring] [           main] o.s.data.convert.CustomConversions       : Adding converter from class [B to class java.time.OffsetTime as reading converter
2025-03-22T16:18:34.242+08:00 DEBUG 75969 --- [Spring] [           main] o.s.data.convert.CustomConversions       : Adding converter from class java.util.Date to class java.time.LocalDateTime as reading converter
2025-03-22T16:18:34.242+08:00 DEBUG 75969 --- [Spring] [           main] o.s.data.convert.CustomConversions       : Adding converter from class java.time.LocalDateTime to class java.util.Date as writing converter
2025-03-22T16:18:34.242+08:00 DEBUG 75969 --- [Spring] [           main] o.s.data.convert.CustomConversions       : Adding converter from class java.util.Date to class java.time.LocalDate as reading converter
2025-03-22T16:18:34.242+08:00 DEBUG 75969 --- [Spring] [           main] o.s.data.convert.CustomConversions       : Adding converter from class java.time.LocalDate to class java.util.Date as writing converter
2025-03-22T16:18:34.242+08:00 DEBUG 75969 --- [Spring] [           main] o.s.data.convert.CustomConversions       : Adding converter from class java.util.Date to class java.time.LocalTime as reading converter
2025-03-22T16:18:34.242+08:00 DEBUG 75969 --- [Spring] [           main] o.s.data.convert.CustomConversions       : Adding converter from class java.time.LocalTime to class java.util.Date as writing converter
2025-03-22T16:18:34.242+08:00 DEBUG 75969 --- [Spring] [           main] o.s.data.convert.CustomConversions       : Adding converter from class java.util.Date to class java.time.Instant as reading converter
2025-03-22T16:18:34.242+08:00 DEBUG 75969 --- [Spring] [           main] o.s.data.convert.CustomConversions       : Adding converter from class java.time.Instant to class java.util.Date as writing converter
2025-03-22T16:18:34.242+08:00 DEBUG 75969 --- [Spring] [           main] o.s.data.convert.CustomConversions       : Adding converter from class java.time.LocalDateTime to class java.time.Instant as reading converter
2025-03-22T16:18:34.242+08:00 DEBUG 75969 --- [Spring] [           main] o.s.data.convert.CustomConversions       : Adding converter from class java.time.Instant to class java.time.LocalDateTime as reading converter
2025-03-22T16:18:34.242+08:00 DEBUG 75969 --- [Spring] [           main] o.s.data.convert.CustomConversions       : Adding converter from class java.time.ZoneId to class java.lang.String as writing converter
2025-03-22T16:18:34.242+08:00 DEBUG 75969 --- [Spring] [           main] o.s.data.convert.CustomConversions       : Adding converter from class java.lang.String to class java.time.ZoneId as reading converter
2025-03-22T16:18:34.242+08:00 DEBUG 75969 --- [Spring] [           main] o.s.data.convert.CustomConversions       : Adding converter from class java.time.Duration to class java.lang.String as writing converter
2025-03-22T16:18:34.242+08:00 DEBUG 75969 --- [Spring] [           main] o.s.data.convert.CustomConversions       : Adding converter from class java.lang.String to class java.time.Duration as reading converter
2025-03-22T16:18:34.242+08:00 DEBUG 75969 --- [Spring] [           main] o.s.data.convert.CustomConversions       : Adding converter from class java.time.Period to class java.lang.String as writing converter
2025-03-22T16:18:34.242+08:00 DEBUG 75969 --- [Spring] [           main] o.s.data.convert.CustomConversions       : Adding converter from class java.lang.String to class java.time.Period as reading converter
2025-03-22T16:18:34.242+08:00 DEBUG 75969 --- [Spring] [           main] o.s.data.convert.CustomConversions       : Adding converter from class java.lang.String to class java.time.LocalDate as reading converter
2025-03-22T16:18:34.242+08:00 DEBUG 75969 --- [Spring] [           main] o.s.data.convert.CustomConversions       : Adding converter from class java.lang.String to class java.time.LocalDateTime as reading converter
2025-03-22T16:18:34.242+08:00 DEBUG 75969 --- [Spring] [           main] o.s.data.convert.CustomConversions       : Adding converter from class java.lang.String to class java.time.Instant as reading converter
2025-03-22T16:18:34.243+08:00 DEBUG 75969 --- [Spring] [           main] o.s.data.convert.CustomConversions       : Adding converter from class java.lang.String to class [B as writing converter
2025-03-22T16:18:34.243+08:00 DEBUG 75969 --- [Spring] [           main] o.s.data.convert.CustomConversions       : Adding converter from class [B to class java.lang.String as reading converter
2025-03-22T16:18:34.243+08:00 DEBUG 75969 --- [Spring] [           main] o.s.data.convert.CustomConversions       : Adding converter from class java.lang.Number to class [B as writing converter
2025-03-22T16:18:34.243+08:00 DEBUG 75969 --- [Spring] [           main] o.s.data.convert.CustomConversions       : Adding converter from class [B to class java.lang.Number as reading converter
2025-03-22T16:18:34.243+08:00 DEBUG 75969 --- [Spring] [           main] o.s.data.convert.CustomConversions       : Adding converter from class java.lang.Enum to class [B as writing converter
2025-03-22T16:18:34.243+08:00 DEBUG 75969 --- [Spring] [           main] o.s.data.convert.CustomConversions       : Adding converter from class [B to class java.lang.Enum as reading converter
2025-03-22T16:18:34.243+08:00 DEBUG 75969 --- [Spring] [           main] o.s.data.convert.CustomConversions       : Adding converter from class java.lang.Boolean to class [B as writing converter
2025-03-22T16:18:34.243+08:00 DEBUG 75969 --- [Spring] [           main] o.s.data.convert.CustomConversions       : Adding converter from class [B to class java.lang.Boolean as reading converter
2025-03-22T16:18:34.243+08:00 DEBUG 75969 --- [Spring] [           main] o.s.data.convert.CustomConversions       : Adding converter from class java.util.Date to class [B as writing converter
2025-03-22T16:18:34.243+08:00 DEBUG 75969 --- [Spring] [           main] o.s.data.convert.CustomConversions       : Adding converter from class [B to class java.util.Date as reading converter
2025-03-22T16:18:34.243+08:00 DEBUG 75969 --- [Spring] [           main] o.s.data.convert.CustomConversions       : Adding converter from class java.util.UUID to class [B as writing converter
2025-03-22T16:18:34.243+08:00 DEBUG 75969 --- [Spring] [           main] o.s.data.convert.CustomConversions       : Adding converter from class [B to class java.util.UUID as reading converter
2025-03-22T16:18:34.243+08:00 DEBUG 75969 --- [Spring] [           main] o.s.data.convert.CustomConversions       : Adding converter from class java.time.LocalDateTime to class [B as reading converter
2025-03-22T16:18:34.243+08:00 DEBUG 75969 --- [Spring] [           main] o.s.data.convert.CustomConversions       : Adding converter from class [B to class java.time.LocalDateTime as reading converter
2025-03-22T16:18:34.243+08:00 DEBUG 75969 --- [Spring] [           main] o.s.data.convert.CustomConversions       : Adding converter from class java.time.LocalDate to class [B as reading converter
2025-03-22T16:18:34.244+08:00 DEBUG 75969 --- [Spring] [           main] o.s.data.convert.CustomConversions       : Adding converter from class [B to class java.time.LocalDate as reading converter
2025-03-22T16:18:34.244+08:00 DEBUG 75969 --- [Spring] [           main] o.s.data.convert.CustomConversions       : Adding converter from class java.time.LocalTime to class [B as reading converter
2025-03-22T16:18:34.244+08:00 DEBUG 75969 --- [Spring] [           main] o.s.data.convert.CustomConversions       : Adding converter from class [B to class java.time.LocalTime as reading converter
2025-03-22T16:18:34.244+08:00 DEBUG 75969 --- [Spring] [           main] o.s.data.convert.CustomConversions       : Adding converter from class java.time.ZonedDateTime to class [B as reading converter
2025-03-22T16:18:34.244+08:00 DEBUG 75969 --- [Spring] [           main] o.s.data.convert.CustomConversions       : Adding converter from class [B to class java.time.ZonedDateTime as reading converter
2025-03-22T16:18:34.244+08:00 DEBUG 75969 --- [Spring] [           main] o.s.data.convert.CustomConversions       : Adding converter from class java.time.Instant to class [B as reading converter
2025-03-22T16:18:34.244+08:00 DEBUG 75969 --- [Spring] [           main] o.s.data.convert.CustomConversions       : Adding converter from class [B to class java.time.Instant as reading converter
2025-03-22T16:18:34.244+08:00 DEBUG 75969 --- [Spring] [           main] o.s.data.convert.CustomConversions       : Adding converter from class java.time.ZoneId to class [B as reading converter
2025-03-22T16:18:34.244+08:00 DEBUG 75969 --- [Spring] [           main] o.s.data.convert.CustomConversions       : Adding converter from class [B to class java.time.ZoneId as reading converter
2025-03-22T16:18:34.244+08:00 DEBUG 75969 --- [Spring] [           main] o.s.data.convert.CustomConversions       : Adding converter from class java.time.Period to class [B as reading converter
2025-03-22T16:18:34.244+08:00 DEBUG 75969 --- [Spring] [           main] o.s.data.convert.CustomConversions       : Adding converter from class [B to class java.time.Period as reading converter
2025-03-22T16:18:34.244+08:00 DEBUG 75969 --- [Spring] [           main] o.s.data.convert.CustomConversions       : Adding converter from class java.time.Duration to class [B as reading converter
2025-03-22T16:18:34.244+08:00 DEBUG 75969 --- [Spring] [           main] o.s.data.convert.CustomConversions       : Adding converter from class [B to class java.time.Duration as reading converter
2025-03-22T16:18:34.244+08:00 DEBUG 75969 --- [Spring] [           main] o.s.data.convert.CustomConversions       : Adding converter from class java.time.OffsetDateTime to class [B as reading converter
2025-03-22T16:18:34.244+08:00 DEBUG 75969 --- [Spring] [           main] o.s.data.convert.CustomConversions       : Adding converter from class [B to class java.time.OffsetDateTime as reading converter
2025-03-22T16:18:34.244+08:00 DEBUG 75969 --- [Spring] [           main] o.s.data.convert.CustomConversions       : Adding converter from class java.time.OffsetTime to class [B as reading converter
2025-03-22T16:18:34.244+08:00 DEBUG 75969 --- [Spring] [           main] o.s.data.convert.CustomConversions       : Adding converter from class [B to class java.time.OffsetTime as reading converter
2025-03-22T16:18:34.244+08:00 DEBUG 75969 --- [Spring] [           main] o.s.data.convert.CustomConversions       : Adding converter from class java.util.Date to class java.time.LocalDateTime as reading converter
2025-03-22T16:18:34.244+08:00 DEBUG 75969 --- [Spring] [           main] o.s.data.convert.CustomConversions       : Adding converter from class java.time.LocalDateTime to class java.util.Date as writing converter
2025-03-22T16:18:34.244+08:00 DEBUG 75969 --- [Spring] [           main] o.s.data.convert.CustomConversions       : Adding converter from class java.util.Date to class java.time.LocalDate as reading converter
2025-03-22T16:18:34.244+08:00 DEBUG 75969 --- [Spring] [           main] o.s.data.convert.CustomConversions       : Adding converter from class java.time.LocalDate to class java.util.Date as writing converter
2025-03-22T16:18:34.244+08:00 DEBUG 75969 --- [Spring] [           main] o.s.data.convert.CustomConversions       : Adding converter from class java.util.Date to class java.time.LocalTime as reading converter
2025-03-22T16:18:34.244+08:00 DEBUG 75969 --- [Spring] [           main] o.s.data.convert.CustomConversions       : Adding converter from class java.time.LocalTime to class java.util.Date as writing converter
2025-03-22T16:18:34.244+08:00 DEBUG 75969 --- [Spring] [           main] o.s.data.convert.CustomConversions       : Adding converter from class java.util.Date to class java.time.Instant as reading converter
2025-03-22T16:18:34.244+08:00 DEBUG 75969 --- [Spring] [           main] o.s.data.convert.CustomConversions       : Adding converter from class java.time.Instant to class java.util.Date as writing converter
2025-03-22T16:18:34.244+08:00 DEBUG 75969 --- [Spring] [           main] o.s.data.convert.CustomConversions       : Adding converter from class java.time.LocalDateTime to class java.time.Instant as reading converter
2025-03-22T16:18:34.244+08:00 DEBUG 75969 --- [Spring] [           main] o.s.data.convert.CustomConversions       : Adding converter from class java.time.Instant to class java.time.LocalDateTime as reading converter
2025-03-22T16:18:34.244+08:00 DEBUG 75969 --- [Spring] [           main] o.s.data.convert.CustomConversions       : Adding converter from class java.time.ZoneId to class java.lang.String as writing converter
2025-03-22T16:18:34.244+08:00 DEBUG 75969 --- [Spring] [           main] o.s.data.convert.CustomConversions       : Adding converter from class java.lang.String to class java.time.ZoneId as reading converter
2025-03-22T16:18:34.244+08:00 DEBUG 75969 --- [Spring] [           main] o.s.data.convert.CustomConversions       : Adding converter from class java.time.Duration to class java.lang.String as writing converter
2025-03-22T16:18:34.244+08:00 DEBUG 75969 --- [Spring] [           main] o.s.data.convert.CustomConversions       : Adding converter from class java.lang.String to class java.time.Duration as reading converter
2025-03-22T16:18:34.244+08:00 DEBUG 75969 --- [Spring] [           main] o.s.data.convert.CustomConversions       : Adding converter from class java.time.Period to class java.lang.String as writing converter
2025-03-22T16:18:34.244+08:00 DEBUG 75969 --- [Spring] [           main] o.s.data.convert.CustomConversions       : Adding converter from class java.lang.String to class java.time.Period as reading converter
2025-03-22T16:18:34.244+08:00 DEBUG 75969 --- [Spring] [           main] o.s.data.convert.CustomConversions       : Adding converter from class java.lang.String to class java.time.LocalDate as reading converter
2025-03-22T16:18:34.244+08:00 DEBUG 75969 --- [Spring] [           main] o.s.data.convert.CustomConversions       : Adding converter from class java.lang.String to class java.time.LocalDateTime as reading converter
2025-03-22T16:18:34.244+08:00 DEBUG 75969 --- [Spring] [           main] o.s.data.convert.CustomConversions       : Adding converter from class java.lang.String to class java.time.Instant as reading converter
2025-03-22T16:18:34.251+08:00 DEBUG 75969 --- [Spring] [           main] o.s.data.convert.CustomConversions       : Adding converter from class java.lang.String to class [B as writing converter
2025-03-22T16:18:34.251+08:00 DEBUG 75969 --- [Spring] [           main] o.s.data.convert.CustomConversions       : Adding converter from class [B to class java.lang.String as reading converter
2025-03-22T16:18:34.251+08:00 DEBUG 75969 --- [Spring] [           main] o.s.data.convert.CustomConversions       : Adding converter from class java.lang.Number to class [B as writing converter
2025-03-22T16:18:34.251+08:00 DEBUG 75969 --- [Spring] [           main] o.s.data.convert.CustomConversions       : Adding converter from class [B to class java.lang.Number as reading converter
2025-03-22T16:18:34.251+08:00 DEBUG 75969 --- [Spring] [           main] o.s.data.convert.CustomConversions       : Adding converter from class java.lang.Enum to class [B as writing converter
2025-03-22T16:18:34.251+08:00 DEBUG 75969 --- [Spring] [           main] o.s.data.convert.CustomConversions       : Adding converter from class [B to class java.lang.Enum as reading converter
2025-03-22T16:18:34.251+08:00 DEBUG 75969 --- [Spring] [           main] o.s.data.convert.CustomConversions       : Adding converter from class java.lang.Boolean to class [B as writing converter
2025-03-22T16:18:34.251+08:00 DEBUG 75969 --- [Spring] [           main] o.s.data.convert.CustomConversions       : Adding converter from class [B to class java.lang.Boolean as reading converter
2025-03-22T16:18:34.251+08:00 DEBUG 75969 --- [Spring] [           main] o.s.data.convert.CustomConversions       : Adding converter from class java.util.Date to class [B as writing converter
2025-03-22T16:18:34.251+08:00 DEBUG 75969 --- [Spring] [           main] o.s.data.convert.CustomConversions       : Adding converter from class [B to class java.util.Date as reading converter
2025-03-22T16:18:34.252+08:00 DEBUG 75969 --- [Spring] [           main] o.s.data.convert.CustomConversions       : Adding converter from class java.util.UUID to class [B as writing converter
2025-03-22T16:18:34.252+08:00 DEBUG 75969 --- [Spring] [           main] o.s.data.convert.CustomConversions       : Adding converter from class [B to class java.util.UUID as reading converter
2025-03-22T16:18:34.252+08:00 DEBUG 75969 --- [Spring] [           main] o.s.data.convert.CustomConversions       : Adding converter from class java.time.LocalDateTime to class [B as reading converter
2025-03-22T16:18:34.252+08:00 DEBUG 75969 --- [Spring] [           main] o.s.data.convert.CustomConversions       : Adding converter from class [B to class java.time.LocalDateTime as reading converter
2025-03-22T16:18:34.252+08:00 DEBUG 75969 --- [Spring] [           main] o.s.data.convert.CustomConversions       : Adding converter from class java.time.LocalDate to class [B as reading converter
2025-03-22T16:18:34.252+08:00 DEBUG 75969 --- [Spring] [           main] o.s.data.convert.CustomConversions       : Adding converter from class [B to class java.time.LocalDate as reading converter
2025-03-22T16:18:34.252+08:00 DEBUG 75969 --- [Spring] [           main] o.s.data.convert.CustomConversions       : Adding converter from class java.time.LocalTime to class [B as reading converter
2025-03-22T16:18:34.252+08:00 DEBUG 75969 --- [Spring] [           main] o.s.data.convert.CustomConversions       : Adding converter from class [B to class java.time.LocalTime as reading converter
2025-03-22T16:18:34.252+08:00 DEBUG 75969 --- [Spring] [           main] o.s.data.convert.CustomConversions       : Adding converter from class java.time.ZonedDateTime to class [B as reading converter
2025-03-22T16:18:34.252+08:00 DEBUG 75969 --- [Spring] [           main] o.s.data.convert.CustomConversions       : Adding converter from class [B to class java.time.ZonedDateTime as reading converter
2025-03-22T16:18:34.252+08:00 DEBUG 75969 --- [Spring] [           main] o.s.data.convert.CustomConversions       : Adding converter from class java.time.Instant to class [B as reading converter
2025-03-22T16:18:34.252+08:00 DEBUG 75969 --- [Spring] [           main] o.s.data.convert.CustomConversions       : Adding converter from class [B to class java.time.Instant as reading converter
2025-03-22T16:18:34.252+08:00 DEBUG 75969 --- [Spring] [           main] o.s.data.convert.CustomConversions       : Adding converter from class java.time.ZoneId to class [B as reading converter
2025-03-22T16:18:34.252+08:00 DEBUG 75969 --- [Spring] [           main] o.s.data.convert.CustomConversions       : Adding converter from class [B to class java.time.ZoneId as reading converter
2025-03-22T16:18:34.252+08:00 DEBUG 75969 --- [Spring] [           main] o.s.data.convert.CustomConversions       : Adding converter from class java.time.Period to class [B as reading converter
2025-03-22T16:18:34.252+08:00 DEBUG 75969 --- [Spring] [           main] o.s.data.convert.CustomConversions       : Adding converter from class [B to class java.time.Period as reading converter
2025-03-22T16:18:34.252+08:00 DEBUG 75969 --- [Spring] [           main] o.s.data.convert.CustomConversions       : Adding converter from class java.time.Duration to class [B as reading converter
2025-03-22T16:18:34.252+08:00 DEBUG 75969 --- [Spring] [           main] o.s.data.convert.CustomConversions       : Adding converter from class [B to class java.time.Duration as reading converter
2025-03-22T16:18:34.252+08:00 DEBUG 75969 --- [Spring] [           main] o.s.data.convert.CustomConversions       : Adding converter from class java.time.OffsetDateTime to class [B as reading converter
2025-03-22T16:18:34.252+08:00 DEBUG 75969 --- [Spring] [           main] o.s.data.convert.CustomConversions       : Adding converter from class [B to class java.time.OffsetDateTime as reading converter
2025-03-22T16:18:34.252+08:00 DEBUG 75969 --- [Spring] [           main] o.s.data.convert.CustomConversions       : Adding converter from class java.time.OffsetTime to class [B as reading converter
2025-03-22T16:18:34.252+08:00 DEBUG 75969 --- [Spring] [           main] o.s.data.convert.CustomConversions       : Adding converter from class [B to class java.time.OffsetTime as reading converter
2025-03-22T16:18:34.252+08:00 DEBUG 75969 --- [Spring] [           main] o.s.data.convert.CustomConversions       : Adding converter from class java.util.Date to class java.time.LocalDateTime as reading converter
2025-03-22T16:18:34.252+08:00 DEBUG 75969 --- [Spring] [           main] o.s.data.convert.CustomConversions       : Adding converter from class java.time.LocalDateTime to class java.util.Date as writing converter
2025-03-22T16:18:34.252+08:00 DEBUG 75969 --- [Spring] [           main] o.s.data.convert.CustomConversions       : Adding converter from class java.util.Date to class java.time.LocalDate as reading converter
2025-03-22T16:18:34.252+08:00 DEBUG 75969 --- [Spring] [           main] o.s.data.convert.CustomConversions       : Adding converter from class java.time.LocalDate to class java.util.Date as writing converter
2025-03-22T16:18:34.252+08:00 DEBUG 75969 --- [Spring] [           main] o.s.data.convert.CustomConversions       : Adding converter from class java.util.Date to class java.time.LocalTime as reading converter
2025-03-22T16:18:34.252+08:00 DEBUG 75969 --- [Spring] [           main] o.s.data.convert.CustomConversions       : Adding converter from class java.time.LocalTime to class java.util.Date as writing converter
2025-03-22T16:18:34.252+08:00 DEBUG 75969 --- [Spring] [           main] o.s.data.convert.CustomConversions       : Adding converter from class java.util.Date to class java.time.Instant as reading converter
2025-03-22T16:18:34.252+08:00 DEBUG 75969 --- [Spring] [           main] o.s.data.convert.CustomConversions       : Adding converter from class java.time.Instant to class java.util.Date as writing converter
2025-03-22T16:18:34.252+08:00 DEBUG 75969 --- [Spring] [           main] o.s.data.convert.CustomConversions       : Adding converter from class java.time.LocalDateTime to class java.time.Instant as reading converter
2025-03-22T16:18:34.252+08:00 DEBUG 75969 --- [Spring] [           main] o.s.data.convert.CustomConversions       : Adding converter from class java.time.Instant to class java.time.LocalDateTime as reading converter
2025-03-22T16:18:34.252+08:00 DEBUG 75969 --- [Spring] [           main] o.s.data.convert.CustomConversions       : Adding converter from class java.time.ZoneId to class java.lang.String as writing converter
2025-03-22T16:18:34.252+08:00 DEBUG 75969 --- [Spring] [           main] o.s.data.convert.CustomConversions       : Adding converter from class java.lang.String to class java.time.ZoneId as reading converter
2025-03-22T16:18:34.252+08:00 DEBUG 75969 --- [Spring] [           main] o.s.data.convert.CustomConversions       : Adding converter from class java.time.Duration to class java.lang.String as writing converter
2025-03-22T16:18:34.252+08:00 DEBUG 75969 --- [Spring] [           main] o.s.data.convert.CustomConversions       : Adding converter from class java.lang.String to class java.time.Duration as reading converter
2025-03-22T16:18:34.252+08:00 DEBUG 75969 --- [Spring] [           main] o.s.data.convert.CustomConversions       : Adding converter from class java.time.Period to class java.lang.String as writing converter
2025-03-22T16:18:34.252+08:00 DEBUG 75969 --- [Spring] [           main] o.s.data.convert.CustomConversions       : Adding converter from class java.lang.String to class java.time.Period as reading converter
2025-03-22T16:18:34.252+08:00 DEBUG 75969 --- [Spring] [           main] o.s.data.convert.CustomConversions       : Adding converter from class java.lang.String to class java.time.LocalDate as reading converter
2025-03-22T16:18:34.252+08:00 DEBUG 75969 --- [Spring] [           main] o.s.data.convert.CustomConversions       : Adding converter from class java.lang.String to class java.time.LocalDateTime as reading converter
2025-03-22T16:18:34.252+08:00 DEBUG 75969 --- [Spring] [           main] o.s.data.convert.CustomConversions       : Adding converter from class java.lang.String to class java.time.Instant as reading converter
2025-03-22T16:18:34.254+08:00 DEBUG 75969 --- [Spring] [           main] o.s.data.convert.CustomConversions       : Adding converter from class java.lang.String to class [B as writing converter
2025-03-22T16:18:34.254+08:00 DEBUG 75969 --- [Spring] [           main] o.s.data.convert.CustomConversions       : Adding converter from class [B to class java.lang.String as reading converter
2025-03-22T16:18:34.254+08:00 DEBUG 75969 --- [Spring] [           main] o.s.data.convert.CustomConversions       : Adding converter from class java.lang.Number to class [B as writing converter
2025-03-22T16:18:34.254+08:00 DEBUG 75969 --- [Spring] [           main] o.s.data.convert.CustomConversions       : Adding converter from class [B to class java.lang.Number as reading converter
2025-03-22T16:18:34.254+08:00 DEBUG 75969 --- [Spring] [           main] o.s.data.convert.CustomConversions       : Adding converter from class java.lang.Enum to class [B as writing converter
2025-03-22T16:18:34.254+08:00 DEBUG 75969 --- [Spring] [           main] o.s.data.convert.CustomConversions       : Adding converter from class [B to class java.lang.Enum as reading converter
2025-03-22T16:18:34.254+08:00 DEBUG 75969 --- [Spring] [           main] o.s.data.convert.CustomConversions       : Adding converter from class java.lang.Boolean to class [B as writing converter
2025-03-22T16:18:34.254+08:00 DEBUG 75969 --- [Spring] [           main] o.s.data.convert.CustomConversions       : Adding converter from class [B to class java.lang.Boolean as reading converter
2025-03-22T16:18:34.254+08:00 DEBUG 75969 --- [Spring] [           main] o.s.data.convert.CustomConversions       : Adding converter from class java.util.Date to class [B as writing converter
2025-03-22T16:18:34.254+08:00 DEBUG 75969 --- [Spring] [           main] o.s.data.convert.CustomConversions       : Adding converter from class [B to class java.util.Date as reading converter
2025-03-22T16:18:34.254+08:00 DEBUG 75969 --- [Spring] [           main] o.s.data.convert.CustomConversions       : Adding converter from class java.util.UUID to class [B as writing converter
2025-03-22T16:18:34.254+08:00 DEBUG 75969 --- [Spring] [           main] o.s.data.convert.CustomConversions       : Adding converter from class [B to class java.util.UUID as reading converter
2025-03-22T16:18:34.254+08:00 DEBUG 75969 --- [Spring] [           main] o.s.data.convert.CustomConversions       : Adding converter from class java.time.LocalDateTime to class [B as reading converter
2025-03-22T16:18:34.254+08:00 DEBUG 75969 --- [Spring] [           main] o.s.data.convert.CustomConversions       : Adding converter from class [B to class java.time.LocalDateTime as reading converter
2025-03-22T16:18:34.254+08:00 DEBUG 75969 --- [Spring] [           main] o.s.data.convert.CustomConversions       : Adding converter from class java.time.LocalDate to class [B as reading converter
2025-03-22T16:18:34.254+08:00 DEBUG 75969 --- [Spring] [           main] o.s.data.convert.CustomConversions       : Adding converter from class [B to class java.time.LocalDate as reading converter
2025-03-22T16:18:34.254+08:00 DEBUG 75969 --- [Spring] [           main] o.s.data.convert.CustomConversions       : Adding converter from class java.time.LocalTime to class [B as reading converter
2025-03-22T16:18:34.254+08:00 DEBUG 75969 --- [Spring] [           main] o.s.data.convert.CustomConversions       : Adding converter from class [B to class java.time.LocalTime as reading converter
2025-03-22T16:18:34.254+08:00 DEBUG 75969 --- [Spring] [           main] o.s.data.convert.CustomConversions       : Adding converter from class java.time.ZonedDateTime to class [B as reading converter
2025-03-22T16:18:34.255+08:00 DEBUG 75969 --- [Spring] [           main] o.s.data.convert.CustomConversions       : Adding converter from class [B to class java.time.ZonedDateTime as reading converter
2025-03-22T16:18:34.255+08:00 DEBUG 75969 --- [Spring] [           main] o.s.data.convert.CustomConversions       : Adding converter from class java.time.Instant to class [B as reading converter
2025-03-22T16:18:34.255+08:00 DEBUG 75969 --- [Spring] [           main] o.s.data.convert.CustomConversions       : Adding converter from class [B to class java.time.Instant as reading converter
2025-03-22T16:18:34.255+08:00 DEBUG 75969 --- [Spring] [           main] o.s.data.convert.CustomConversions       : Adding converter from class java.time.ZoneId to class [B as reading converter
2025-03-22T16:18:34.255+08:00 DEBUG 75969 --- [Spring] [           main] o.s.data.convert.CustomConversions       : Adding converter from class [B to class java.time.ZoneId as reading converter
2025-03-22T16:18:34.255+08:00 DEBUG 75969 --- [Spring] [           main] o.s.data.convert.CustomConversions       : Adding converter from class java.time.Period to class [B as reading converter
2025-03-22T16:18:34.255+08:00 DEBUG 75969 --- [Spring] [           main] o.s.data.convert.CustomConversions       : Adding converter from class [B to class java.time.Period as reading converter
2025-03-22T16:18:34.255+08:00 DEBUG 75969 --- [Spring] [           main] o.s.data.convert.CustomConversions       : Adding converter from class java.time.Duration to class [B as reading converter
2025-03-22T16:18:34.255+08:00 DEBUG 75969 --- [Spring] [           main] o.s.data.convert.CustomConversions       : Adding converter from class [B to class java.time.Duration as reading converter
2025-03-22T16:18:34.255+08:00 DEBUG 75969 --- [Spring] [           main] o.s.data.convert.CustomConversions       : Adding converter from class java.time.OffsetDateTime to class [B as reading converter
2025-03-22T16:18:34.255+08:00 DEBUG 75969 --- [Spring] [           main] o.s.data.convert.CustomConversions       : Adding converter from class [B to class java.time.OffsetDateTime as reading converter
2025-03-22T16:18:34.255+08:00 DEBUG 75969 --- [Spring] [           main] o.s.data.convert.CustomConversions       : Adding converter from class java.time.OffsetTime to class [B as reading converter
2025-03-22T16:18:34.255+08:00 DEBUG 75969 --- [Spring] [           main] o.s.data.convert.CustomConversions       : Adding converter from class [B to class java.time.OffsetTime as reading converter
2025-03-22T16:18:34.255+08:00 DEBUG 75969 --- [Spring] [           main] o.s.data.convert.CustomConversions       : Adding converter from class java.util.Date to class java.time.LocalDateTime as reading converter
2025-03-22T16:18:34.255+08:00 DEBUG 75969 --- [Spring] [           main] o.s.data.convert.CustomConversions       : Adding converter from class java.time.LocalDateTime to class java.util.Date as writing converter
2025-03-22T16:18:34.255+08:00 DEBUG 75969 --- [Spring] [           main] o.s.data.convert.CustomConversions       : Adding converter from class java.util.Date to class java.time.LocalDate as reading converter
2025-03-22T16:18:34.255+08:00 DEBUG 75969 --- [Spring] [           main] o.s.data.convert.CustomConversions       : Adding converter from class java.time.LocalDate to class java.util.Date as writing converter
2025-03-22T16:18:34.255+08:00 DEBUG 75969 --- [Spring] [           main] o.s.data.convert.CustomConversions       : Adding converter from class java.util.Date to class java.time.LocalTime as reading converter
2025-03-22T16:18:34.255+08:00 DEBUG 75969 --- [Spring] [           main] o.s.data.convert.CustomConversions       : Adding converter from class java.time.LocalTime to class java.util.Date as writing converter
2025-03-22T16:18:34.255+08:00 DEBUG 75969 --- [Spring] [           main] o.s.data.convert.CustomConversions       : Adding converter from class java.util.Date to class java.time.Instant as reading converter
2025-03-22T16:18:34.255+08:00 DEBUG 75969 --- [Spring] [           main] o.s.data.convert.CustomConversions       : Adding converter from class java.time.Instant to class java.util.Date as writing converter
2025-03-22T16:18:34.255+08:00 DEBUG 75969 --- [Spring] [           main] o.s.data.convert.CustomConversions       : Adding converter from class java.time.LocalDateTime to class java.time.Instant as reading converter
2025-03-22T16:18:34.255+08:00 DEBUG 75969 --- [Spring] [           main] o.s.data.convert.CustomConversions       : Adding converter from class java.time.Instant to class java.time.LocalDateTime as reading converter
2025-03-22T16:18:34.255+08:00 DEBUG 75969 --- [Spring] [           main] o.s.data.convert.CustomConversions       : Adding converter from class java.time.ZoneId to class java.lang.String as writing converter
2025-03-22T16:18:34.255+08:00 DEBUG 75969 --- [Spring] [           main] o.s.data.convert.CustomConversions       : Adding converter from class java.lang.String to class java.time.ZoneId as reading converter
2025-03-22T16:18:34.255+08:00 DEBUG 75969 --- [Spring] [           main] o.s.data.convert.CustomConversions       : Adding converter from class java.time.Duration to class java.lang.String as writing converter
2025-03-22T16:18:34.255+08:00 DEBUG 75969 --- [Spring] [           main] o.s.data.convert.CustomConversions       : Adding converter from class java.lang.String to class java.time.Duration as reading converter
2025-03-22T16:18:34.255+08:00 DEBUG 75969 --- [Spring] [           main] o.s.data.convert.CustomConversions       : Adding converter from class java.time.Period to class java.lang.String as writing converter
2025-03-22T16:18:34.255+08:00 DEBUG 75969 --- [Spring] [           main] o.s.data.convert.CustomConversions       : Adding converter from class java.lang.String to class java.time.Period as reading converter
2025-03-22T16:18:34.255+08:00 DEBUG 75969 --- [Spring] [           main] o.s.data.convert.CustomConversions       : Adding converter from class java.lang.String to class java.time.LocalDate as reading converter
2025-03-22T16:18:34.255+08:00 DEBUG 75969 --- [Spring] [           main] o.s.data.convert.CustomConversions       : Adding converter from class java.lang.String to class java.time.LocalDateTime as reading converter
2025-03-22T16:18:34.255+08:00 DEBUG 75969 --- [Spring] [           main] o.s.data.convert.CustomConversions       : Adding converter from class java.lang.String to class java.time.Instant as reading converter
2025-03-22T16:18:34.260+08:00 DEBUG 75969 --- [Spring] [           main] o.s.data.convert.CustomConversions       : Adding converter from class java.lang.String to class [B as writing converter
2025-03-22T16:18:34.261+08:00 DEBUG 75969 --- [Spring] [           main] o.s.data.convert.CustomConversions       : Adding converter from class [B to class java.lang.String as reading converter
2025-03-22T16:18:34.261+08:00 DEBUG 75969 --- [Spring] [           main] o.s.data.convert.CustomConversions       : Adding converter from class java.lang.Number to class [B as writing converter
2025-03-22T16:18:34.261+08:00 DEBUG 75969 --- [Spring] [           main] o.s.data.convert.CustomConversions       : Adding converter from class [B to class java.lang.Number as reading converter
2025-03-22T16:18:34.261+08:00 DEBUG 75969 --- [Spring] [           main] o.s.data.convert.CustomConversions       : Adding converter from class java.lang.Enum to class [B as writing converter
2025-03-22T16:18:34.261+08:00 DEBUG 75969 --- [Spring] [           main] o.s.data.convert.CustomConversions       : Adding converter from class [B to class java.lang.Enum as reading converter
2025-03-22T16:18:34.261+08:00 DEBUG 75969 --- [Spring] [           main] o.s.data.convert.CustomConversions       : Adding converter from class java.lang.Boolean to class [B as writing converter
2025-03-22T16:18:34.261+08:00 DEBUG 75969 --- [Spring] [           main] o.s.data.convert.CustomConversions       : Adding converter from class [B to class java.lang.Boolean as reading converter
2025-03-22T16:18:34.261+08:00 DEBUG 75969 --- [Spring] [           main] o.s.data.convert.CustomConversions       : Adding converter from class java.util.Date to class [B as writing converter
2025-03-22T16:18:34.261+08:00 DEBUG 75969 --- [Spring] [           main] o.s.data.convert.CustomConversions       : Adding converter from class [B to class java.util.Date as reading converter
2025-03-22T16:18:34.261+08:00 DEBUG 75969 --- [Spring] [           main] o.s.data.convert.CustomConversions       : Adding converter from class java.util.UUID to class [B as writing converter
2025-03-22T16:18:34.261+08:00 DEBUG 75969 --- [Spring] [           main] o.s.data.convert.CustomConversions       : Adding converter from class [B to class java.util.UUID as reading converter
2025-03-22T16:18:34.261+08:00 DEBUG 75969 --- [Spring] [           main] o.s.data.convert.CustomConversions       : Adding converter from class java.time.LocalDateTime to class [B as reading converter
2025-03-22T16:18:34.261+08:00 DEBUG 75969 --- [Spring] [           main] o.s.data.convert.CustomConversions       : Adding converter from class [B to class java.time.LocalDateTime as reading converter
2025-03-22T16:18:34.261+08:00 DEBUG 75969 --- [Spring] [           main] o.s.data.convert.CustomConversions       : Adding converter from class java.time.LocalDate to class [B as reading converter
2025-03-22T16:18:34.261+08:00 DEBUG 75969 --- [Spring] [           main] o.s.data.convert.CustomConversions       : Adding converter from class [B to class java.time.LocalDate as reading converter
2025-03-22T16:18:34.261+08:00 DEBUG 75969 --- [Spring] [           main] o.s.data.convert.CustomConversions       : Adding converter from class java.time.LocalTime to class [B as reading converter
2025-03-22T16:18:34.261+08:00 DEBUG 75969 --- [Spring] [           main] o.s.data.convert.CustomConversions       : Adding converter from class [B to class java.time.LocalTime as reading converter
2025-03-22T16:18:34.261+08:00 DEBUG 75969 --- [Spring] [           main] o.s.data.convert.CustomConversions       : Adding converter from class java.time.ZonedDateTime to class [B as reading converter
2025-03-22T16:18:34.261+08:00 DEBUG 75969 --- [Spring] [           main] o.s.data.convert.CustomConversions       : Adding converter from class [B to class java.time.ZonedDateTime as reading converter
2025-03-22T16:18:34.261+08:00 DEBUG 75969 --- [Spring] [           main] o.s.data.convert.CustomConversions       : Adding converter from class java.time.Instant to class [B as reading converter
2025-03-22T16:18:34.261+08:00 DEBUG 75969 --- [Spring] [           main] o.s.data.convert.CustomConversions       : Adding converter from class [B to class java.time.Instant as reading converter
2025-03-22T16:18:34.261+08:00 DEBUG 75969 --- [Spring] [           main] o.s.data.convert.CustomConversions       : Adding converter from class java.time.ZoneId to class [B as reading converter
2025-03-22T16:18:34.261+08:00 DEBUG 75969 --- [Spring] [           main] o.s.data.convert.CustomConversions       : Adding converter from class [B to class java.time.ZoneId as reading converter
2025-03-22T16:18:34.261+08:00 DEBUG 75969 --- [Spring] [           main] o.s.data.convert.CustomConversions       : Adding converter from class java.time.Period to class [B as reading converter
2025-03-22T16:18:34.261+08:00 DEBUG 75969 --- [Spring] [           main] o.s.data.convert.CustomConversions       : Adding converter from class [B to class java.time.Period as reading converter
2025-03-22T16:18:34.261+08:00 DEBUG 75969 --- [Spring] [           main] o.s.data.convert.CustomConversions       : Adding converter from class java.time.Duration to class [B as reading converter
2025-03-22T16:18:34.261+08:00 DEBUG 75969 --- [Spring] [           main] o.s.data.convert.CustomConversions       : Adding converter from class [B to class java.time.Duration as reading converter
2025-03-22T16:18:34.261+08:00 DEBUG 75969 --- [Spring] [           main] o.s.data.convert.CustomConversions       : Adding converter from class java.time.OffsetDateTime to class [B as reading converter
2025-03-22T16:18:34.261+08:00 DEBUG 75969 --- [Spring] [           main] o.s.data.convert.CustomConversions       : Adding converter from class [B to class java.time.OffsetDateTime as reading converter
2025-03-22T16:18:34.261+08:00 DEBUG 75969 --- [Spring] [           main] o.s.data.convert.CustomConversions       : Adding converter from class java.time.OffsetTime to class [B as reading converter
2025-03-22T16:18:34.261+08:00 DEBUG 75969 --- [Spring] [           main] o.s.data.convert.CustomConversions       : Adding converter from class [B to class java.time.OffsetTime as reading converter
2025-03-22T16:18:34.261+08:00 DEBUG 75969 --- [Spring] [           main] o.s.data.convert.CustomConversions       : Adding converter from class java.util.Date to class java.time.LocalDateTime as reading converter
2025-03-22T16:18:34.261+08:00 DEBUG 75969 --- [Spring] [           main] o.s.data.convert.CustomConversions       : Adding converter from class java.time.LocalDateTime to class java.util.Date as writing converter
2025-03-22T16:18:34.261+08:00 DEBUG 75969 --- [Spring] [           main] o.s.data.convert.CustomConversions       : Adding converter from class java.util.Date to class java.time.LocalDate as reading converter
2025-03-22T16:18:34.262+08:00 DEBUG 75969 --- [Spring] [           main] o.s.data.convert.CustomConversions       : Adding converter from class java.time.LocalDate to class java.util.Date as writing converter
2025-03-22T16:18:34.262+08:00 DEBUG 75969 --- [Spring] [           main] o.s.data.convert.CustomConversions       : Adding converter from class java.util.Date to class java.time.LocalTime as reading converter
2025-03-22T16:18:34.262+08:00 DEBUG 75969 --- [Spring] [           main] o.s.data.convert.CustomConversions       : Adding converter from class java.time.LocalTime to class java.util.Date as writing converter
2025-03-22T16:18:34.262+08:00 DEBUG 75969 --- [Spring] [           main] o.s.data.convert.CustomConversions       : Adding converter from class java.util.Date to class java.time.Instant as reading converter
2025-03-22T16:18:34.262+08:00 DEBUG 75969 --- [Spring] [           main] o.s.data.convert.CustomConversions       : Adding converter from class java.time.Instant to class java.util.Date as writing converter
2025-03-22T16:18:34.262+08:00 DEBUG 75969 --- [Spring] [           main] o.s.data.convert.CustomConversions       : Adding converter from class java.time.LocalDateTime to class java.time.Instant as reading converter
2025-03-22T16:18:34.262+08:00 DEBUG 75969 --- [Spring] [           main] o.s.data.convert.CustomConversions       : Adding converter from class java.time.Instant to class java.time.LocalDateTime as reading converter
2025-03-22T16:18:34.262+08:00 DEBUG 75969 --- [Spring] [           main] o.s.data.convert.CustomConversions       : Adding converter from class java.time.ZoneId to class java.lang.String as writing converter
2025-03-22T16:18:34.262+08:00 DEBUG 75969 --- [Spring] [           main] o.s.data.convert.CustomConversions       : Adding converter from class java.lang.String to class java.time.ZoneId as reading converter
2025-03-22T16:18:34.262+08:00 DEBUG 75969 --- [Spring] [           main] o.s.data.convert.CustomConversions       : Adding converter from class java.time.Duration to class java.lang.String as writing converter
2025-03-22T16:18:34.262+08:00 DEBUG 75969 --- [Spring] [           main] o.s.data.convert.CustomConversions       : Adding converter from class java.lang.String to class java.time.Duration as reading converter
2025-03-22T16:18:34.262+08:00 DEBUG 75969 --- [Spring] [           main] o.s.data.convert.CustomConversions       : Adding converter from class java.time.Period to class java.lang.String as writing converter
2025-03-22T16:18:34.262+08:00 DEBUG 75969 --- [Spring] [           main] o.s.data.convert.CustomConversions       : Adding converter from class java.lang.String to class java.time.Period as reading converter
2025-03-22T16:18:34.262+08:00 DEBUG 75969 --- [Spring] [           main] o.s.data.convert.CustomConversions       : Adding converter from class java.lang.String to class java.time.LocalDate as reading converter
2025-03-22T16:18:34.262+08:00 DEBUG 75969 --- [Spring] [           main] o.s.data.convert.CustomConversions       : Adding converter from class java.lang.String to class java.time.LocalDateTime as reading converter
2025-03-22T16:18:34.262+08:00 DEBUG 75969 --- [Spring] [           main] o.s.data.convert.CustomConversions       : Adding converter from class java.lang.String to class java.time.Instant as reading converter
2025-03-22T16:18:34.296+08:00 DEBUG 75969 --- [Spring] [           main] o.s.b.f.s.DefaultListableBeanFactory     : Creating shared instance of singleton bean 'restTemplate'
2025-03-22T16:18:34.301+08:00 DEBUG 75969 --- [Spring] [           main] o.s.b.f.s.DefaultListableBeanFactory     : Creating shared instance of singleton bean 'auditorAware'
2025-03-22T16:18:34.303+08:00 DEBUG 75969 --- [Spring] [           main] o.s.b.f.s.DefaultListableBeanFactory     : Creating shared instance of singleton bean 'authenticationManager'
2025-03-22T16:18:34.304+08:00 DEBUG 75969 --- [Spring] [           main] o.s.b.f.s.DefaultListableBeanFactory     : Creating shared instance of singleton bean 'org.springframework.security.config.annotation.authentication.configuration.AuthenticationConfiguration'
2025-03-22T16:18:34.307+08:00 DEBUG 75969 --- [Spring] [           main] o.s.b.f.s.DefaultListableBeanFactory     : Creating shared instance of singleton bean 'enableGlobalAuthenticationAutowiredConfigurer'
2025-03-22T16:18:34.307+08:00 DEBUG 75969 --- [Spring] [           main] o.s.b.f.s.DefaultListableBeanFactory     : Autowiring by type from bean name 'enableGlobalAuthenticationAutowiredConfigurer' via factory method to bean named 'org.springframework.web.context.support.GenericWebApplicationContext@29a23c3d'
2025-03-22T16:18:34.309+08:00 DEBUG 75969 --- [Spring] [           main] o.s.b.f.s.DefaultListableBeanFactory     : Creating shared instance of singleton bean 'initializeUserDetailsBeanManagerConfigurer'
2025-03-22T16:18:34.310+08:00 DEBUG 75969 --- [Spring] [           main] o.s.b.f.s.DefaultListableBeanFactory     : Autowiring by type from bean name 'initializeUserDetailsBeanManagerConfigurer' via factory method to bean named 'org.springframework.web.context.support.GenericWebApplicationContext@29a23c3d'
2025-03-22T16:18:34.311+08:00 DEBUG 75969 --- [Spring] [           main] o.s.b.f.s.DefaultListableBeanFactory     : Creating shared instance of singleton bean 'initializeAuthenticationProviderBeanManagerConfigurer'
2025-03-22T16:18:34.311+08:00 DEBUG 75969 --- [Spring] [           main] o.s.b.f.s.DefaultListableBeanFactory     : Autowiring by type from bean name 'initializeAuthenticationProviderBeanManagerConfigurer' via factory method to bean named 'org.springframework.web.context.support.GenericWebApplicationContext@29a23c3d'
2025-03-22T16:18:34.313+08:00 DEBUG 75969 --- [Spring] [           main] o.s.b.f.s.DefaultListableBeanFactory     : Creating shared instance of singleton bean 'objectPostProcessor'
2025-03-22T16:18:34.313+08:00 DEBUG 75969 --- [Spring] [           main] o.s.b.f.s.DefaultListableBeanFactory     : Creating shared instance of singleton bean 'org.springframework.security.config.annotation.configuration.ObjectPostProcessorConfiguration'
2025-03-22T16:18:34.316+08:00 DEBUG 75969 --- [Spring] [           main] o.s.b.f.s.DefaultListableBeanFactory     : Autowiring by type from bean name 'objectPostProcessor' via factory method to bean named 'org.springframework.beans.factory.support.DefaultListableBeanFactory@47e4d9d0'
2025-03-22T16:18:34.319+08:00 DEBUG 75969 --- [Spring] [           main] o.s.b.f.s.DefaultListableBeanFactory     : Autowiring by type from bean name 'authenticationManager' via factory method to bean named 'org.springframework.security.config.annotation.authentication.configuration.AuthenticationConfiguration'
2025-03-22T16:18:34.321+08:00 DEBUG 75969 --- [Spring] [           main] o.s.b.f.s.DefaultListableBeanFactory     : Creating shared instance of singleton bean 'authenticationManagerBuilder'
2025-03-22T16:18:34.321+08:00 DEBUG 75969 --- [Spring] [           main] o.s.b.f.s.DefaultListableBeanFactory     : Autowiring by type from bean name 'authenticationManagerBuilder' via factory method to bean named 'objectPostProcessor'
2025-03-22T16:18:34.321+08:00 DEBUG 75969 --- [Spring] [           main] o.s.b.f.s.DefaultListableBeanFactory     : Autowiring by type from bean name 'authenticationManagerBuilder' via factory method to bean named 'org.springframework.web.context.support.GenericWebApplicationContext@29a23c3d'
2025-03-22T16:18:34.323+08:00 DEBUG 75969 --- [Spring] [           main] o.s.b.f.s.DefaultListableBeanFactory     : Creating shared instance of singleton bean 'authenticationEventPublisher'
2025-03-22T16:18:34.323+08:00 DEBUG 75969 --- [Spring] [           main] o.s.b.f.s.DefaultListableBeanFactory     : Creating shared instance of singleton bean 'org.springframework.boot.autoconfigure.security.servlet.SecurityAutoConfiguration'
2025-03-22T16:18:34.325+08:00 DEBUG 75969 --- [Spring] [           main] o.s.b.f.s.DefaultListableBeanFactory     : Autowiring by type from bean name 'authenticationEventPublisher' via factory method to bean named 'org.springframework.web.context.support.GenericWebApplicationContext@29a23c3d'
2025-03-22T16:18:34.342+08:00  INFO 75969 --- [Spring] [           main] eAuthenticationProviderManagerConfigurer : Global AuthenticationManager configured with AuthenticationProvider bean with name authenticationProvider
2025-03-22T16:18:34.343+08:00  WARN 75969 --- [Spring] [           main] r$InitializeUserDetailsManagerConfigurer : Global AuthenticationManager configured with an AuthenticationProvider bean. UserDetailsService beans will not be used by Spring Security for automatically configuring username/password login. Consider removing the AuthenticationProvider bean. Alternatively, consider using the UserDetailsService in a manually instantiated DaoAuthenticationProvider. If the current configuration is intentional, to turn off this warning, increase the logging level of 'org.springframework.security.config.annotation.authentication.configuration.InitializeUserDetailsBeanManagerConfigurer' to ERROR
2025-03-22T16:18:34.346+08:00 DEBUG 75969 --- [Spring] [           main] o.s.b.f.s.DefaultListableBeanFactory     : Creating shared instance of singleton bean 'org.springframework.security.config.annotation.web.configuration.WebSecurityConfiguration'
2025-03-22T16:18:34.348+08:00 DEBUG 75969 --- [Spring] [           main] o.s.b.f.s.DefaultListableBeanFactory     : Creating shared instance of singleton bean 'org.springframework.security.config.annotation.web.configuration.HttpSecurityConfiguration'
2025-03-22T16:18:34.352+08:00 DEBUG 75969 --- [Spring] [           main] o.s.b.f.s.DefaultListableBeanFactory     : Creating shared instance of singleton bean 'mvcContentNegotiationManager'
2025-03-22T16:18:34.409+08:00 DEBUG 75969 --- [Spring] [           main] o.s.b.f.s.DefaultListableBeanFactory     : Creating shared instance of singleton bean 'observationRegistry'
2025-03-22T16:18:34.410+08:00 DEBUG 75969 --- [Spring] [           main] o.s.b.f.s.DefaultListableBeanFactory     : Creating shared instance of singleton bean 'org.springframework.boot.actuate.autoconfigure.observation.ObservationAutoConfiguration'
2025-03-22T16:18:34.415+08:00 DEBUG 75969 --- [Spring] [           main] o.s.b.f.s.DefaultListableBeanFactory     : Creating shared instance of singleton bean 'propertiesObservationFilter'
2025-03-22T16:18:34.415+08:00 DEBUG 75969 --- [Spring] [           main] o.s.b.f.s.DefaultListableBeanFactory     : Autowiring by type from bean name 'propertiesObservationFilter' via factory method to bean named 'management.observations-org.springframework.boot.actuate.autoconfigure.observation.ObservationProperties'
2025-03-22T16:18:34.421+08:00 DEBUG 75969 --- [Spring] [           main] o.s.b.f.s.DefaultListableBeanFactory     : Creating shared instance of singleton bean 'metricsObservationHandlerGrouping'
2025-03-22T16:18:34.421+08:00 DEBUG 75969 --- [Spring] [           main] o.s.b.f.s.DefaultListableBeanFactory     : Creating shared instance of singleton bean 'org.springframework.boot.actuate.autoconfigure.observation.ObservationAutoConfiguration$OnlyMetricsConfiguration'
2025-03-22T16:18:34.424+08:00 DEBUG 75969 --- [Spring] [           main] o.s.b.f.s.DefaultListableBeanFactory     : Creating shared instance of singleton bean 'defaultMeterObservationHandler'
2025-03-22T16:18:34.424+08:00 DEBUG 75969 --- [Spring] [           main] o.s.b.f.s.DefaultListableBeanFactory     : Creating shared instance of singleton bean 'org.springframework.boot.actuate.autoconfigure.observation.ObservationAutoConfiguration$MeterObservationHandlerConfiguration$OnlyMetricsMeterObservationHandlerConfiguration'
2025-03-22T16:18:34.426+08:00 DEBUG 75969 --- [Spring] [           main] o.s.b.f.s.DefaultListableBeanFactory     : Autowiring by type from bean name 'defaultMeterObservationHandler' via factory method to bean named 'simpleMeterRegistry'
2025-03-22T16:18:34.427+08:00 DEBUG 75969 --- [Spring] [           main] o.s.b.f.s.DefaultListableBeanFactory     : Autowiring by type from bean name 'defaultMeterObservationHandler' via factory method to bean named 'management.observations-org.springframework.boot.actuate.autoconfigure.observation.ObservationProperties'
2025-03-22T16:18:34.434+08:00 DEBUG 75969 --- [Spring] [           main] o.s.b.f.s.DefaultListableBeanFactory     : Creating shared instance of singleton bean 'filterChainDecoratorPostProcessor'
2025-03-22T16:18:34.437+08:00 DEBUG 75969 --- [Spring] [           main] o.s.b.f.s.DefaultListableBeanFactory     : Creating shared instance of singleton bean 'mvcHandlerMappingIntrospectorRequestTransformer'
2025-03-22T16:18:34.437+08:00 DEBUG 75969 --- [Spring] [           main] o.s.b.f.s.DefaultListableBeanFactory     : Creating shared instance of singleton bean 'mvcHandlerMappingIntrospector'
2025-03-22T16:18:34.440+08:00 DEBUG 75969 --- [Spring] [           main] o.s.b.f.s.DefaultListableBeanFactory     : Creating shared instance of singleton bean 'requestMappingHandlerMapping'
2025-03-22T16:18:34.441+08:00 DEBUG 75969 --- [Spring] [           main] o.s.b.f.s.DefaultListableBeanFactory     : Creating shared instance of singleton bean 'mvcConversionService'
2025-03-22T16:18:34.448+08:00 DEBUG 75969 --- [Spring] [           main] o.s.b.f.s.DefaultListableBeanFactory     : Creating shared instance of singleton bean 'mvcResourceUrlProvider'
2025-03-22T16:18:34.452+08:00 DEBUG 75969 --- [Spring] [           main] o.s.b.f.s.DefaultListableBeanFactory     : Autowiring by type from bean name 'requestMappingHandlerMapping' via factory method to bean named 'mvcContentNegotiationManager'
2025-03-22T16:18:34.452+08:00 DEBUG 75969 --- [Spring] [           main] o.s.b.f.s.DefaultListableBeanFactory     : Autowiring by type from bean name 'requestMappingHandlerMapping' via factory method to bean named 'mvcConversionService'
2025-03-22T16:18:34.452+08:00 DEBUG 75969 --- [Spring] [           main] o.s.b.f.s.DefaultListableBeanFactory     : Autowiring by type from bean name 'requestMappingHandlerMapping' via factory method to bean named 'mvcResourceUrlProvider'
2025-03-22T16:18:34.534+08:00 DEBUG 75969 --- [Spring] [           main] s.w.s.m.m.a.RequestMappingHandlerMapping : 56 mappings in 'requestMappingHandlerMapping'
2025-03-22T16:18:34.550+08:00 DEBUG 75969 --- [Spring] [           main] o.s.b.f.s.DefaultListableBeanFactory     : Creating shared instance of singleton bean 'viewControllerHandlerMapping'
2025-03-22T16:18:34.550+08:00 DEBUG 75969 --- [Spring] [           main] o.s.b.f.s.DefaultListableBeanFactory     : Autowiring by type from bean name 'viewControllerHandlerMapping' via factory method to bean named 'mvcConversionService'
2025-03-22T16:18:34.550+08:00 DEBUG 75969 --- [Spring] [           main] o.s.b.f.s.DefaultListableBeanFactory     : Autowiring by type from bean name 'viewControllerHandlerMapping' via factory method to bean named 'mvcResourceUrlProvider'
2025-03-22T16:18:34.551+08:00 DEBUG 75969 --- [Spring] [           main] o.s.b.f.s.DefaultListableBeanFactory     : Creating shared instance of singleton bean 'beanNameHandlerMapping'
2025-03-22T16:18:34.552+08:00 DEBUG 75969 --- [Spring] [           main] o.s.b.f.s.DefaultListableBeanFactory     : Autowiring by type from bean name 'beanNameHandlerMapping' via factory method to bean named 'mvcConversionService'
2025-03-22T16:18:34.552+08:00 DEBUG 75969 --- [Spring] [           main] o.s.b.f.s.DefaultListableBeanFactory     : Autowiring by type from bean name 'beanNameHandlerMapping' via factory method to bean named 'mvcResourceUrlProvider'
2025-03-22T16:18:34.560+08:00 DEBUG 75969 --- [Spring] [           main] o.s.b.f.s.DefaultListableBeanFactory     : Creating shared instance of singleton bean 'routerFunctionMapping'
2025-03-22T16:18:34.560+08:00 DEBUG 75969 --- [Spring] [           main] o.s.b.f.s.DefaultListableBeanFactory     : Autowiring by type from bean name 'routerFunctionMapping' via factory method to bean named 'mvcConversionService'
2025-03-22T16:18:34.560+08:00 DEBUG 75969 --- [Spring] [           main] o.s.b.f.s.DefaultListableBeanFactory     : Autowiring by type from bean name 'routerFunctionMapping' via factory method to bean named 'mvcResourceUrlProvider'
2025-03-22T16:18:34.569+08:00 DEBUG 75969 --- [Spring] [           main] o.s.b.f.s.DefaultListableBeanFactory     : Creating shared instance of singleton bean 'resourceHandlerMapping'
2025-03-22T16:18:34.570+08:00 DEBUG 75969 --- [Spring] [           main] o.s.b.f.s.DefaultListableBeanFactory     : Autowiring by type from bean name 'resourceHandlerMapping' via factory method to bean named 'mvcContentNegotiationManager'
2025-03-22T16:18:34.570+08:00 DEBUG 75969 --- [Spring] [           main] o.s.b.f.s.DefaultListableBeanFactory     : Autowiring by type from bean name 'resourceHandlerMapping' via factory method to bean named 'mvcConversionService'
2025-03-22T16:18:34.570+08:00 DEBUG 75969 --- [Spring] [           main] o.s.b.f.s.DefaultListableBeanFactory     : Autowiring by type from bean name 'resourceHandlerMapping' via factory method to bean named 'mvcResourceUrlProvider'
2025-03-22T16:18:34.576+08:00 DEBUG 75969 --- [Spring] [           main] o.s.w.s.handler.SimpleUrlHandlerMapping  : Patterns [/**, /swagger-ui.html, /doc.html, /webjars/**] in 'resourceHandlerMapping'
2025-03-22T16:18:34.579+08:00 DEBUG 75969 --- [Spring] [           main] o.s.b.f.s.DefaultListableBeanFactory     : Creating shared instance of singleton bean 'defaultServletHandlerMapping'
2025-03-22T16:18:34.580+08:00 DEBUG 75969 --- [Spring] [           main] o.s.b.f.s.DefaultListableBeanFactory     : Creating shared instance of singleton bean 'healthEndpointWebMvcHandlerMapping'
2025-03-22T16:18:34.580+08:00 DEBUG 75969 --- [Spring] [           main] o.s.b.f.s.DefaultListableBeanFactory     : Creating shared instance of singleton bean 'org.springframework.boot.actuate.autoconfigure.health.HealthEndpointWebExtensionConfiguration$MvcAdditionalHealthEndpointPathsConfiguration'
2025-03-22T16:18:34.581+08:00 DEBUG 75969 --- [Spring] [           main] o.s.b.f.s.DefaultListableBeanFactory     : Creating shared instance of singleton bean 'webEndpointDiscoverer'
2025-03-22T16:18:34.582+08:00 DEBUG 75969 --- [Spring] [           main] o.s.b.f.s.DefaultListableBeanFactory     : Creating shared instance of singleton bean 'org.springframework.boot.actuate.autoconfigure.endpoint.web.WebEndpointAutoConfiguration'
2025-03-22T16:18:34.582+08:00 DEBUG 75969 --- [Spring] [           main] o.s.b.f.s.DefaultListableBeanFactory     : Creating shared instance of singleton bean 'management.endpoints.web-org.springframework.boot.actuate.autoconfigure.endpoint.web.WebEndpointProperties'
2025-03-22T16:18:34.584+08:00 DEBUG 75969 --- [Spring] [           main] o.s.b.f.s.DefaultListableBeanFactory     : Autowiring by type from bean name 'org.springframework.boot.actuate.autoconfigure.endpoint.web.WebEndpointAutoConfiguration' via constructor to bean named 'org.springframework.web.context.support.GenericWebApplicationContext@29a23c3d'
2025-03-22T16:18:34.585+08:00 DEBUG 75969 --- [Spring] [           main] o.s.b.f.s.DefaultListableBeanFactory     : Autowiring by type from bean name 'org.springframework.boot.actuate.autoconfigure.endpoint.web.WebEndpointAutoConfiguration' via constructor to bean named 'management.endpoints.web-org.springframework.boot.actuate.autoconfigure.endpoint.web.WebEndpointProperties'
2025-03-22T16:18:34.587+08:00 DEBUG 75969 --- [Spring] [           main] o.s.b.f.s.DefaultListableBeanFactory     : Creating shared instance of singleton bean 'endpointOperationParameterMapper'
2025-03-22T16:18:34.587+08:00 DEBUG 75969 --- [Spring] [           main] o.s.b.f.s.DefaultListableBeanFactory     : Creating shared instance of singleton bean 'org.springframework.boot.actuate.autoconfigure.endpoint.EndpointAutoConfiguration'
2025-03-22T16:18:34.592+08:00 DEBUG 75969 --- [Spring] [           main] o.s.b.f.s.DefaultListableBeanFactory     : Creating shared instance of singleton bean 'endpointMediaTypes'
2025-03-22T16:18:34.594+08:00 DEBUG 75969 --- [Spring] [           main] o.s.b.f.s.DefaultListableBeanFactory     : Autowiring by type from bean name 'webEndpointDiscoverer' via factory method to bean named 'endpointOperationParameterMapper'
2025-03-22T16:18:34.594+08:00 DEBUG 75969 --- [Spring] [           main] o.s.b.f.s.DefaultListableBeanFactory     : Autowiring by type from bean name 'webEndpointDiscoverer' via factory method to bean named 'endpointMediaTypes'
2025-03-22T16:18:34.596+08:00 DEBUG 75969 --- [Spring] [           main] o.s.b.f.s.DefaultListableBeanFactory     : Creating shared instance of singleton bean 'webEndpointPathMapper'
2025-03-22T16:18:34.600+08:00 DEBUG 75969 --- [Spring] [           main] o.s.b.f.s.DefaultListableBeanFactory     : Creating shared instance of singleton bean 'healthEndpointGroups'
2025-03-22T16:18:34.601+08:00 DEBUG 75969 --- [Spring] [           main] o.s.b.f.s.DefaultListableBeanFactory     : Creating shared instance of singleton bean 'org.springframework.boot.actuate.autoconfigure.health.HealthEndpointConfiguration'
2025-03-22T16:18:34.603+08:00 DEBUG 75969 --- [Spring] [           main] o.s.b.f.s.DefaultListableBeanFactory     : Creating shared instance of singleton bean 'management.endpoint.health-org.springframework.boot.actuate.autoconfigure.health.HealthEndpointProperties'
2025-03-22T16:18:34.606+08:00 DEBUG 75969 --- [Spring] [           main] o.s.b.f.s.DefaultListableBeanFactory     : Autowiring by type from bean name 'healthEndpointGroups' via factory method to bean named 'org.springframework.web.context.support.GenericWebApplicationContext@29a23c3d'
2025-03-22T16:18:34.606+08:00 DEBUG 75969 --- [Spring] [           main] o.s.b.f.s.DefaultListableBeanFactory     : Autowiring by type from bean name 'healthEndpointGroups' via factory method to bean named 'management.endpoint.health-org.springframework.boot.actuate.autoconfigure.health.HealthEndpointProperties'
2025-03-22T16:18:34.610+08:00 DEBUG 75969 --- [Spring] [           main] o.s.b.f.s.DefaultListableBeanFactory     : Creating shared instance of singleton bean 'healthStatusAggregator'
2025-03-22T16:18:34.611+08:00 DEBUG 75969 --- [Spring] [           main] o.s.b.f.s.DefaultListableBeanFactory     : Autowiring by type from bean name 'healthStatusAggregator' via factory method to bean named 'management.endpoint.health-org.springframework.boot.actuate.autoconfigure.health.HealthEndpointProperties'
2025-03-22T16:18:34.615+08:00 DEBUG 75969 --- [Spring] [           main] o.s.b.f.s.DefaultListableBeanFactory     : Creating shared instance of singleton bean 'healthHttpCodeStatusMapper'
2025-03-22T16:18:34.615+08:00 DEBUG 75969 --- [Spring] [           main] o.s.b.f.s.DefaultListableBeanFactory     : Autowiring by type from bean name 'healthHttpCodeStatusMapper' via factory method to bean named 'management.endpoint.health-org.springframework.boot.actuate.autoconfigure.health.HealthEndpointProperties'
2025-03-22T16:18:34.622+08:00 DEBUG 75969 --- [Spring] [           main] o.s.b.f.s.DefaultListableBeanFactory     : Creating shared instance of singleton bean 'endpointCachingOperationInvokerAdvisor'
2025-03-22T16:18:34.623+08:00 DEBUG 75969 --- [Spring] [           main] o.s.b.f.s.DefaultListableBeanFactory     : Autowiring by type from bean name 'endpointCachingOperationInvokerAdvisor' via factory method to bean named 'environment'
2025-03-22T16:18:34.628+08:00 DEBUG 75969 --- [Spring] [           main] o.s.b.f.s.DefaultListableBeanFactory     : Creating shared instance of singleton bean 'webExposeExcludePropertyEndpointFilter'
2025-03-22T16:18:34.630+08:00 DEBUG 75969 --- [Spring] [           main] o.s.b.f.s.DefaultListableBeanFactory     : Creating shared instance of singleton bean 'webAccessPropertiesOperationFilter'
2025-03-22T16:18:34.631+08:00 DEBUG 75969 --- [Spring] [           main] o.s.b.f.s.DefaultListableBeanFactory     : Creating shared instance of singleton bean 'propertiesEndpointAccessResolver'
2025-03-22T16:18:34.631+08:00 DEBUG 75969 --- [Spring] [           main] o.s.b.f.s.DefaultListableBeanFactory     : Autowiring by type from bean name 'propertiesEndpointAccessResolver' via factory method to bean named 'environment'
2025-03-22T16:18:34.633+08:00 DEBUG 75969 --- [Spring] [           main] o.s.b.f.s.DefaultListableBeanFactory     : Autowiring by type from bean name 'webAccessPropertiesOperationFilter' via factory method to bean named 'propertiesEndpointAccessResolver'
2025-03-22T16:18:34.642+08:00 DEBUG 75969 --- [Spring] [           main] o.s.b.f.s.DefaultListableBeanFactory     : Autowiring by type from bean name 'healthEndpointWebMvcHandlerMapping' via factory method to bean named 'webEndpointDiscoverer'
2025-03-22T16:18:34.643+08:00 DEBUG 75969 --- [Spring] [           main] o.s.b.f.s.DefaultListableBeanFactory     : Autowiring by type from bean name 'healthEndpointWebMvcHandlerMapping' via factory method to bean named 'healthEndpointGroups'
2025-03-22T16:18:34.650+08:00 DEBUG 75969 --- [Spring] [           main] o.s.b.f.s.DefaultListableBeanFactory     : Creating shared instance of singleton bean 'healthEndpoint'
2025-03-22T16:18:34.651+08:00 DEBUG 75969 --- [Spring] [           main] o.s.b.f.s.DefaultListableBeanFactory     : Creating shared instance of singleton bean 'healthContributorRegistry'
2025-03-22T16:18:34.651+08:00 DEBUG 75969 --- [Spring] [           main] o.s.b.f.s.DefaultListableBeanFactory     : Creating shared instance of singleton bean 'sslHealthIndicator'
2025-03-22T16:18:34.651+08:00 DEBUG 75969 --- [Spring] [           main] o.s.b.f.s.DefaultListableBeanFactory     : Creating shared instance of singleton bean 'org.springframework.boot.actuate.autoconfigure.ssl.SslHealthContributorAutoConfiguration'
2025-03-22T16:18:34.653+08:00 DEBUG 75969 --- [Spring] [           main] o.s.b.f.s.DefaultListableBeanFactory     : Creating shared instance of singleton bean 'sslInfo'
2025-03-22T16:18:34.653+08:00 DEBUG 75969 --- [Spring] [           main] o.s.b.f.s.DefaultListableBeanFactory     : Creating shared instance of singleton bean 'management.health.ssl-org.springframework.boot.actuate.autoconfigure.ssl.SslHealthIndicatorProperties'
2025-03-22T16:18:34.655+08:00 DEBUG 75969 --- [Spring] [           main] o.s.b.f.s.DefaultListableBeanFactory     : Autowiring by type from bean name 'sslInfo' via factory method to bean named 'sslBundleRegistry'
2025-03-22T16:18:34.655+08:00 DEBUG 75969 --- [Spring] [           main] o.s.b.f.s.DefaultListableBeanFactory     : Autowiring by type from bean name 'sslInfo' via factory method to bean named 'management.health.ssl-org.springframework.boot.actuate.autoconfigure.ssl.SslHealthIndicatorProperties'
2025-03-22T16:18:34.656+08:00 DEBUG 75969 --- [Spring] [           main] o.s.b.f.s.DefaultListableBeanFactory     : Autowiring by type from bean name 'sslHealthIndicator' via factory method to bean named 'sslInfo'
2025-03-22T16:18:34.659+08:00 DEBUG 75969 --- [Spring] [           main] o.s.b.f.s.DefaultListableBeanFactory     : Creating shared instance of singleton bean 'diskSpaceHealthIndicator'
2025-03-22T16:18:34.660+08:00 DEBUG 75969 --- [Spring] [           main] o.s.b.f.s.DefaultListableBeanFactory     : Creating shared instance of singleton bean 'org.springframework.boot.actuate.autoconfigure.system.DiskSpaceHealthContributorAutoConfiguration'
2025-03-22T16:18:34.661+08:00 DEBUG 75969 --- [Spring] [           main] o.s.b.f.s.DefaultListableBeanFactory     : Creating shared instance of singleton bean 'management.health.diskspace-org.springframework.boot.actuate.autoconfigure.system.DiskSpaceHealthIndicatorProperties'
2025-03-22T16:18:34.663+08:00 DEBUG 75969 --- [Spring] [           main] o.s.b.f.s.DefaultListableBeanFactory     : Autowiring by type from bean name 'diskSpaceHealthIndicator' via factory method to bean named 'management.health.diskspace-org.springframework.boot.actuate.autoconfigure.system.DiskSpaceHealthIndicatorProperties'
2025-03-22T16:18:34.664+08:00 DEBUG 75969 --- [Spring] [           main] o.s.b.f.s.DefaultListableBeanFactory     : Creating shared instance of singleton bean 'pingHealthContributor'
2025-03-22T16:18:34.664+08:00 DEBUG 75969 --- [Spring] [           main] o.s.b.f.s.DefaultListableBeanFactory     : Creating shared instance of singleton bean 'org.springframework.boot.actuate.autoconfigure.health.HealthContributorAutoConfiguration'
2025-03-22T16:18:34.666+08:00 DEBUG 75969 --- [Spring] [           main] o.s.b.f.s.DefaultListableBeanFactory     : Creating shared instance of singleton bean 'dbHealthContributor'
2025-03-22T16:18:34.666+08:00 DEBUG 75969 --- [Spring] [           main] o.s.b.f.s.DefaultListableBeanFactory     : Creating shared instance of singleton bean 'org.springframework.boot.actuate.autoconfigure.jdbc.DataSourceHealthContributorAutoConfiguration'
2025-03-22T16:18:34.669+08:00 DEBUG 75969 --- [Spring] [           main] o.s.b.f.s.DefaultListableBeanFactory     : Creating shared instance of singleton bean 'management.health.db-org.springframework.boot.actuate.autoconfigure.jdbc.DataSourceHealthIndicatorProperties'
2025-03-22T16:18:34.670+08:00 DEBUG 75969 --- [Spring] [           main] o.s.b.f.s.DefaultListableBeanFactory     : Autowiring by type from bean name 'dbHealthContributor' via factory method to bean named 'org.springframework.beans.factory.support.DefaultListableBeanFactory@47e4d9d0'
2025-03-22T16:18:34.671+08:00 DEBUG 75969 --- [Spring] [           main] o.s.b.f.s.DefaultListableBeanFactory     : Autowiring by type from bean name 'dbHealthContributor' via factory method to bean named 'management.health.db-org.springframework.boot.actuate.autoconfigure.jdbc.DataSourceHealthIndicatorProperties'
2025-03-22T16:18:34.671+08:00 DEBUG 75969 --- [Spring] [           main] o.s.b.f.s.DefaultListableBeanFactory     : Creating shared instance of singleton bean 'jpaMappingContext'
2025-03-22T16:18:34.672+08:00 DEBUG 75969 --- [Spring] [           main] .c.JpaMetamodelMappingContextFactoryBean : Initializing JpaMetamodelMappingContext…
2025-03-22T16:18:34.685+08:00 DEBUG 75969 --- [Spring] [           main] .c.JpaMetamodelMappingContextFactoryBean : Finished initializing JpaMetamodelMappingContext
2025-03-22T16:18:34.689+08:00 DEBUG 75969 --- [Spring] [           main] o.s.b.f.s.DefaultListableBeanFactory     : Creating shared instance of singleton bean 'roleUrlMapper'
2025-03-22T16:18:34.713+08:00 DEBUG 75969 --- [Spring] [           main] o.s.b.f.s.DefaultListableBeanFactory     : Creating shared instance of singleton bean 'refreshScopeHealthIndicator'
2025-03-22T16:18:34.714+08:00 DEBUG 75969 --- [Spring] [           main] o.s.b.f.s.DefaultListableBeanFactory     : Creating shared instance of singleton bean 'org.springframework.cloud.autoconfigure.RefreshEndpointAutoConfiguration'
2025-03-22T16:18:34.716+08:00 DEBUG 75969 --- [Spring] [           main] o.s.b.f.s.DefaultListableBeanFactory     : Creating shared instance of singleton bean 'configurationPropertiesRebinder'
2025-03-22T16:18:34.716+08:00 DEBUG 75969 --- [Spring] [           main] o.s.b.f.s.DefaultListableBeanFactory     : Creating shared instance of singleton bean 'org.springframework.cloud.autoconfigure.ConfigurationPropertiesRebinderAutoConfiguration'
2025-03-22T16:18:34.718+08:00 DEBUG 75969 --- [Spring] [           main] o.s.b.f.s.DefaultListableBeanFactory     : Autowiring by type from bean name 'configurationPropertiesRebinder' via factory method to bean named 'configurationPropertiesBeans'
2025-03-22T16:18:34.723+08:00 DEBUG 75969 --- [Spring] [           main] o.s.b.f.s.DefaultListableBeanFactory     : Autowiring by type from bean name 'refreshScopeHealthIndicator' via factory method to bean named 'configurationPropertiesRebinder'
2025-03-22T16:18:34.725+08:00 DEBUG 75969 --- [Spring] [           main] o.s.b.f.s.DefaultListableBeanFactory     : Creating shared instance of singleton bean 'discoveryCompositeHealthContributor'
2025-03-22T16:18:34.726+08:00 DEBUG 75969 --- [Spring] [           main] o.s.b.f.s.DefaultListableBeanFactory     : Creating shared instance of singleton bean 'org.springframework.cloud.client.CommonsClientAutoConfiguration$DiscoveryLoadBalancerConfiguration'
2025-03-22T16:18:34.729+08:00 DEBUG 75969 --- [Spring] [           main] o.s.b.f.s.DefaultListableBeanFactory     : Creating shared instance of singleton bean 'discoveryClientHealthIndicator'
2025-03-22T16:18:34.730+08:00 DEBUG 75969 --- [Spring] [           main] o.s.b.f.s.DefaultListableBeanFactory     : Creating shared instance of singleton bean 'spring.cloud.discovery.client.health-indicator-org.springframework.cloud.client.discovery.health.DiscoveryClientHealthIndicatorProperties'
2025-03-22T16:18:34.740+08:00 DEBUG 75969 --- [Spring] [           main] o.s.b.f.s.DefaultListableBeanFactory     : Autowiring by type from bean name 'discoveryClientHealthIndicator' via factory method to bean named 'spring.cloud.discovery.client.health-indicator-org.springframework.cloud.client.discovery.health.DiscoveryClientHealthIndicatorProperties'
2025-03-22T16:18:34.742+08:00 DEBUG 75969 --- [Spring] [           main] o.s.b.f.s.DefaultListableBeanFactory     : Autowiring by type from bean name 'discoveryCompositeHealthContributor' via factory method to bean named 'discoveryClientHealthIndicator'
2025-03-22T16:18:34.748+08:00 DEBUG 75969 --- [Spring] [           main] o.s.b.f.s.DefaultListableBeanFactory     : Creating shared instance of singleton bean 'redisHealthContributor'
2025-03-22T16:18:34.748+08:00 DEBUG 75969 --- [Spring] [           main] o.s.b.f.s.DefaultListableBeanFactory     : Creating shared instance of singleton bean 'org.springframework.boot.actuate.autoconfigure.data.redis.RedisReactiveHealthContributorAutoConfiguration'
2025-03-22T16:18:34.751+08:00 DEBUG 75969 --- [Spring] [           main] o.s.b.f.s.DefaultListableBeanFactory     : Autowiring by type from bean name 'redisHealthContributor' via factory method to bean named 'org.springframework.beans.factory.support.DefaultListableBeanFactory@47e4d9d0'
2025-03-22T16:18:34.755+08:00 DEBUG 75969 --- [Spring] [           main] o.s.b.f.s.DefaultListableBeanFactory     : Autowiring by type from bean name 'healthContributorRegistry' via factory method to bean named 'org.springframework.web.context.support.GenericWebApplicationContext@29a23c3d'
2025-03-22T16:18:34.755+08:00 DEBUG 75969 --- [Spring] [           main] o.s.b.f.s.DefaultListableBeanFactory     : Autowiring by type from bean name 'healthContributorRegistry' via factory method to bean named 'healthEndpointGroups'
2025-03-22T16:18:34.756+08:00 DEBUG 75969 --- [Spring] [           main] o.s.b.f.s.DefaultListableBeanFactory     : Autowiring by type from bean name 'healthContributorRegistry' via factory method to bean named 'sslHealthIndicator'
2025-03-22T16:18:34.756+08:00 DEBUG 75969 --- [Spring] [           main] o.s.b.f.s.DefaultListableBeanFactory     : Autowiring by type from bean name 'healthContributorRegistry' via factory method to bean named 'diskSpaceHealthIndicator'
2025-03-22T16:18:34.756+08:00 DEBUG 75969 --- [Spring] [           main] o.s.b.f.s.DefaultListableBeanFactory     : Autowiring by type from bean name 'healthContributorRegistry' via factory method to bean named 'pingHealthContributor'
2025-03-22T16:18:34.756+08:00 DEBUG 75969 --- [Spring] [           main] o.s.b.f.s.DefaultListableBeanFactory     : Autowiring by type from bean name 'healthContributorRegistry' via factory method to bean named 'dbHealthContributor'
2025-03-22T16:18:34.756+08:00 DEBUG 75969 --- [Spring] [           main] o.s.b.f.s.DefaultListableBeanFactory     : Autowiring by type from bean name 'healthContributorRegistry' via factory method to bean named 'refreshScopeHealthIndicator'
2025-03-22T16:18:34.756+08:00 DEBUG 75969 --- [Spring] [           main] o.s.b.f.s.DefaultListableBeanFactory     : Autowiring by type from bean name 'healthContributorRegistry' via factory method to bean named 'discoveryCompositeHealthContributor'
2025-03-22T16:18:34.756+08:00 DEBUG 75969 --- [Spring] [           main] o.s.b.f.s.DefaultListableBeanFactory     : Autowiring by type from bean name 'healthContributorRegistry' via factory method to bean named 'redisHealthContributor'
2025-03-22T16:18:34.761+08:00 DEBUG 75969 --- [Spring] [           main] o.s.b.f.s.DefaultListableBeanFactory     : Autowiring by type from bean name 'healthEndpoint' via factory method to bean named 'healthContributorRegistry'
2025-03-22T16:18:34.761+08:00 DEBUG 75969 --- [Spring] [           main] o.s.b.f.s.DefaultListableBeanFactory     : Autowiring by type from bean name 'healthEndpoint' via factory method to bean named 'healthEndpointGroups'
2025-03-22T16:18:34.761+08:00 DEBUG 75969 --- [Spring] [           main] o.s.b.f.s.DefaultListableBeanFactory     : Autowiring by type from bean name 'healthEndpoint' via factory method to bean named 'management.endpoint.health-org.springframework.boot.actuate.autoconfigure.health.HealthEndpointProperties'
2025-03-22T16:18:34.776+08:00 DEBUG 75969 --- [Spring] [           main] o.s.b.f.s.DefaultListableBeanFactory     : Creating shared instance of singleton bean 'healthEndpointWebExtension'
2025-03-22T16:18:34.777+08:00 DEBUG 75969 --- [Spring] [           main] o.s.b.f.s.DefaultListableBeanFactory     : Creating shared instance of singleton bean 'org.springframework.boot.actuate.autoconfigure.health.HealthEndpointWebExtensionConfiguration'
2025-03-22T16:18:34.778+08:00 DEBUG 75969 --- [Spring] [           main] o.s.b.f.s.DefaultListableBeanFactory     : Autowiring by type from bean name 'healthEndpointWebExtension' via factory method to bean named 'healthContributorRegistry'
2025-03-22T16:18:34.778+08:00 DEBUG 75969 --- [Spring] [           main] o.s.b.f.s.DefaultListableBeanFactory     : Autowiring by type from bean name 'healthEndpointWebExtension' via factory method to bean named 'healthEndpointGroups'
2025-03-22T16:18:34.778+08:00 DEBUG 75969 --- [Spring] [           main] o.s.b.f.s.DefaultListableBeanFactory     : Autowiring by type from bean name 'healthEndpointWebExtension' via factory method to bean named 'management.endpoint.health-org.springframework.boot.actuate.autoconfigure.health.HealthEndpointProperties'
2025-03-22T16:18:34.795+08:00 DEBUG 75969 --- [Spring] [           main] o.s.b.f.s.DefaultListableBeanFactory     : Creating shared instance of singleton bean 'webEndpointServletHandlerMapping'
2025-03-22T16:18:34.795+08:00 DEBUG 75969 --- [Spring] [           main] o.s.b.f.s.DefaultListableBeanFactory     : Creating shared instance of singleton bean 'org.springframework.boot.actuate.autoconfigure.endpoint.web.servlet.WebMvcEndpointManagementContextConfiguration'
2025-03-22T16:18:34.798+08:00 DEBUG 75969 --- [Spring] [           main] o.s.b.f.s.DefaultListableBeanFactory     : Creating shared instance of singleton bean 'servletEndpointDiscoverer'
2025-03-22T16:18:34.798+08:00 DEBUG 75969 --- [Spring] [           main] o.s.b.f.s.DefaultListableBeanFactory     : Creating shared instance of singleton bean 'org.springframework.boot.actuate.autoconfigure.endpoint.web.WebEndpointAutoConfiguration$WebEndpointServletConfiguration'
2025-03-22T16:18:34.800+08:00 DEBUG 75969 --- [Spring] [           main] o.s.b.f.s.DefaultListableBeanFactory     : Autowiring by type from bean name 'servletEndpointDiscoverer' via factory method to bean named 'org.springframework.web.context.support.GenericWebApplicationContext@29a23c3d'
2025-03-22T16:18:34.802+08:00 DEBUG 75969 --- [Spring] [           main] o.s.b.f.s.DefaultListableBeanFactory     : Creating shared instance of singleton bean 'servletExposeExcludePropertyEndpointFilter'
2025-03-22T16:18:34.802+08:00 DEBUG 75969 --- [Spring] [           main] o.s.b.f.s.DefaultListableBeanFactory     : Creating shared instance of singleton bean 'org.springframework.boot.actuate.autoconfigure.endpoint.web.ServletEndpointManagementContextConfiguration'
2025-03-22T16:18:34.803+08:00 DEBUG 75969 --- [Spring] [           main] o.s.b.f.s.DefaultListableBeanFactory     : Autowiring by type from bean name 'servletExposeExcludePropertyEndpointFilter' via factory method to bean named 'management.endpoints.web-org.springframework.boot.actuate.autoconfigure.endpoint.web.WebEndpointProperties'
2025-03-22T16:18:34.811+08:00 DEBUG 75969 --- [Spring] [           main] o.s.b.f.s.DefaultListableBeanFactory     : Creating shared instance of singleton bean 'controllerEndpointDiscoverer'
2025-03-22T16:18:34.813+08:00 DEBUG 75969 --- [Spring] [           main] o.s.b.f.s.DefaultListableBeanFactory     : Creating shared instance of singleton bean 'controllerExposeExcludePropertyEndpointFilter'
2025-03-22T16:18:34.817+08:00 DEBUG 75969 --- [Spring] [           main] o.s.b.f.s.DefaultListableBeanFactory     : Creating shared instance of singleton bean 'management.endpoints.web.cors-org.springframework.boot.actuate.autoconfigure.endpoint.web.CorsEndpointProperties'
2025-03-22T16:18:34.822+08:00 DEBUG 75969 --- [Spring] [           main] o.s.b.f.s.DefaultListableBeanFactory     : Autowiring by type from bean name 'webEndpointServletHandlerMapping' via factory method to bean named 'webEndpointDiscoverer'
2025-03-22T16:18:34.822+08:00 DEBUG 75969 --- [Spring] [           main] o.s.b.f.s.DefaultListableBeanFactory     : Autowiring by type from bean name 'webEndpointServletHandlerMapping' via factory method to bean named 'servletEndpointDiscoverer'
2025-03-22T16:18:34.822+08:00 DEBUG 75969 --- [Spring] [           main] o.s.b.f.s.DefaultListableBeanFactory     : Autowiring by type from bean name 'webEndpointServletHandlerMapping' via factory method to bean named 'controllerEndpointDiscoverer'
2025-03-22T16:18:34.822+08:00 DEBUG 75969 --- [Spring] [           main] o.s.b.f.s.DefaultListableBeanFactory     : Autowiring by type from bean name 'webEndpointServletHandlerMapping' via factory method to bean named 'endpointMediaTypes'
2025-03-22T16:18:34.822+08:00 DEBUG 75969 --- [Spring] [           main] o.s.b.f.s.DefaultListableBeanFactory     : Autowiring by type from bean name 'webEndpointServletHandlerMapping' via factory method to bean named 'management.endpoints.web.cors-org.springframework.boot.actuate.autoconfigure.endpoint.web.CorsEndpointProperties'
2025-03-22T16:18:34.822+08:00 DEBUG 75969 --- [Spring] [           main] o.s.b.f.s.DefaultListableBeanFactory     : Autowiring by type from bean name 'webEndpointServletHandlerMapping' via factory method to bean named 'management.endpoints.web-org.springframework.boot.actuate.autoconfigure.endpoint.web.WebEndpointProperties'
2025-03-22T16:18:34.822+08:00 DEBUG 75969 --- [Spring] [           main] o.s.b.f.s.DefaultListableBeanFactory     : Autowiring by type from bean name 'webEndpointServletHandlerMapping' via factory method to bean named 'environment'
2025-03-22T16:18:34.838+08:00  INFO 75969 --- [Spring] [           main] o.s.b.a.e.web.EndpointLinksResolver      : Exposing 1 endpoint beneath base path '/actuator'
2025-03-22T16:18:34.849+08:00 DEBUG 75969 --- [Spring] [           main] o.s.b.f.s.DefaultListableBeanFactory     : Creating shared instance of singleton bean 'controllerEndpointHandlerMapping'
2025-03-22T16:18:34.849+08:00 DEBUG 75969 --- [Spring] [           main] o.s.b.f.s.DefaultListableBeanFactory     : Autowiring by type from bean name 'controllerEndpointHandlerMapping' via factory method to bean named 'controllerEndpointDiscoverer'
2025-03-22T16:18:34.849+08:00 DEBUG 75969 --- [Spring] [           main] o.s.b.f.s.DefaultListableBeanFactory     : Autowiring by type from bean name 'controllerEndpointHandlerMapping' via factory method to bean named 'management.endpoints.web.cors-org.springframework.boot.actuate.autoconfigure.endpoint.web.CorsEndpointProperties'
2025-03-22T16:18:34.850+08:00 DEBUG 75969 --- [Spring] [           main] o.s.b.f.s.DefaultListableBeanFactory     : Autowiring by type from bean name 'controllerEndpointHandlerMapping' via factory method to bean named 'management.endpoints.web-org.springframework.boot.actuate.autoconfigure.endpoint.web.WebEndpointProperties'
2025-03-22T16:18:34.850+08:00 DEBUG 75969 --- [Spring] [           main] o.s.b.f.s.DefaultListableBeanFactory     : Autowiring by type from bean name 'controllerEndpointHandlerMapping' via factory method to bean named 'propertiesEndpointAccessResolver'
2025-03-22T16:18:34.872+08:00 DEBUG 75969 --- [Spring] [           main] o.s.b.f.s.DefaultListableBeanFactory     : Creating shared instance of singleton bean 'filterChain'
2025-03-22T16:18:34.873+08:00 DEBUG 75969 --- [Spring] [           main] o.s.b.f.s.DefaultListableBeanFactory     : Autowiring by type from bean name 'filterChain' via factory method to bean named 'org.springframework.security.config.annotation.web.configuration.HttpSecurityConfiguration.httpSecurity'
2025-03-22T16:18:34.879+08:00 DEBUG 75969 --- [Spring] [           main] o.s.b.f.s.DefaultListableBeanFactory     : Creating shared instance of singleton bean 'webAuthorizationManagerPostProcessor'
2025-03-22T16:18:34.914+08:00 DEBUG 75969 --- [Spring] [           main] o.s.b.f.s.DefaultListableBeanFactory     : Creating shared instance of singleton bean 'authenticationManagerPostProcessor'
2025-03-22T16:18:34.946+08:00 DEBUG 75969 --- [Spring] [           main] o.s.s.web.DefaultSecurityFilterChain     : Will secure any request with filters: DisableEncodeUrlFilter, WebAsyncManagerIntegrationFilter, SecurityContextHolderFilter, HeaderWriterFilter, LogoutFilter, JwtAuthenticationFilter, RequestCacheAwareFilter, SecurityContextHolderAwareRequestFilter, AnonymousAuthenticationFilter, SessionManagementFilter, ExceptionTranslationFilter, AuthorizationFilter
2025-03-22T16:18:34.950+08:00 DEBUG 75969 --- [Spring] [           main] o.s.b.f.s.DefaultListableBeanFactory     : Creating shared instance of singleton bean 'delegatingApplicationListener'
2025-03-22T16:18:34.952+08:00 DEBUG 75969 --- [Spring] [           main] o.s.b.f.s.DefaultListableBeanFactory     : Creating shared instance of singleton bean 'springSecurityFilterChain'
2025-03-22T16:18:34.967+08:00 DEBUG 75969 --- [Spring] [           main] o.s.b.f.s.DefaultListableBeanFactory     : Creating shared instance of singleton bean 'webSecurityExpressionHandler'
2025-03-22T16:18:34.968+08:00 DEBUG 75969 --- [Spring] [           main] o.s.b.f.s.DefaultListableBeanFactory     : Creating shared instance of singleton bean 'privilegeEvaluator'
2025-03-22T16:18:34.969+08:00 DEBUG 75969 --- [Spring] [           main] o.s.b.f.s.DefaultListableBeanFactory     : Creating shared instance of singleton bean 'org.springframework.security.config.annotation.web.configuration.WebMvcSecurityConfiguration'
2025-03-22T16:18:34.972+08:00 DEBUG 75969 --- [Spring] [           main] o.s.b.f.s.DefaultListableBeanFactory     : Creating shared instance of singleton bean 'requestDataValueProcessor'
2025-03-22T16:18:34.974+08:00 DEBUG 75969 --- [Spring] [           main] o.s.b.f.s.DefaultListableBeanFactory     : Creating shared instance of singleton bean 'org.springframework.security.config.annotation.web.configuration.ObservationConfiguration'
2025-03-22T16:18:34.975+08:00 DEBUG 75969 --- [Spring] [           main] o.s.b.f.s.DefaultListableBeanFactory     : Creating shared instance of singleton bean 'mvcPatternParser'
2025-03-22T16:18:34.977+08:00 DEBUG 75969 --- [Spring] [           main] o.s.b.f.s.DefaultListableBeanFactory     : Creating shared instance of singleton bean 'mvcUrlPathHelper'
2025-03-22T16:18:34.980+08:00 DEBUG 75969 --- [Spring] [           main] o.s.b.f.s.DefaultListableBeanFactory     : Creating shared instance of singleton bean 'mvcPathMatcher'
2025-03-22T16:18:34.984+08:00 DEBUG 75969 --- [Spring] [           main] o.s.b.f.s.DefaultListableBeanFactory     : Creating shared instance of singleton bean 'requestMappingHandlerAdapter'
2025-03-22T16:18:34.985+08:00 DEBUG 75969 --- [Spring] [           main] o.s.b.f.s.DefaultListableBeanFactory     : Creating shared instance of singleton bean 'mvcValidator'
2025-03-22T16:18:35.002+08:00 DEBUG 75969 --- [Spring] [           main] o.s.b.f.s.DefaultListableBeanFactory     : Autowiring by type from bean name 'requestMappingHandlerAdapter' via factory method to bean named 'mvcContentNegotiationManager'
2025-03-22T16:18:35.003+08:00 DEBUG 75969 --- [Spring] [           main] o.s.b.f.s.DefaultListableBeanFactory     : Autowiring by type from bean name 'requestMappingHandlerAdapter' via factory method to bean named 'mvcConversionService'
2025-03-22T16:18:35.003+08:00 DEBUG 75969 --- [Spring] [           main] o.s.b.f.s.DefaultListableBeanFactory     : Autowiring by type from bean name 'requestMappingHandlerAdapter' via factory method to bean named 'mvcValidator'
2025-03-22T16:18:35.019+08:00 DEBUG 75969 --- [Spring] [           main] o.s.b.f.s.DefaultListableBeanFactory     : Creating shared instance of singleton bean 'org.springdoc.core.configuration.SpringDocConfiguration$OpenApiResourceAdvice'
2025-03-22T16:18:35.021+08:00 DEBUG 75969 --- [Spring] [           main] o.s.b.f.s.DefaultListableBeanFactory     : Creating shared instance of singleton bean 'org.springdoc.core.configuration.SpringDocConfiguration'
2025-03-22T16:18:35.026+08:00 DEBUG 75969 --- [Spring] [           main] o.s.b.f.s.DefaultListableBeanFactory     : Autowiring by type from bean name 'org.springdoc.core.configuration.SpringDocConfiguration$OpenApiResourceAdvice' via constructor to bean named 'org.springdoc.core.configuration.SpringDocConfiguration'
2025-03-22T16:18:35.030+08:00 DEBUG 75969 --- [Spring] [           main] s.w.s.m.m.a.RequestMappingHandlerAdapter : ControllerAdvice beans: 0 @ModelAttribute, 0 @InitBinder, 1 RequestBodyAdvice, 1 ResponseBodyAdvice
2025-03-22T16:18:35.045+08:00 DEBUG 75969 --- [Spring] [           main] o.s.b.f.s.DefaultListableBeanFactory     : Creating shared instance of singleton bean 'mvcViewResolver'
2025-03-22T16:18:35.045+08:00 DEBUG 75969 --- [Spring] [           main] o.s.b.f.s.DefaultListableBeanFactory     : Autowiring by type from bean name 'mvcViewResolver' via factory method to bean named 'mvcContentNegotiationManager'
2025-03-22T16:18:35.049+08:00 DEBUG 75969 --- [Spring] [           main] o.s.b.f.s.DefaultListableBeanFactory     : Creating shared instance of singleton bean 'thymeleafViewResolver'
2025-03-22T16:18:35.049+08:00 DEBUG 75969 --- [Spring] [           main] o.s.b.f.s.DefaultListableBeanFactory     : Creating shared instance of singleton bean 'org.springframework.boot.autoconfigure.thymeleaf.ThymeleafAutoConfiguration$ThymeleafWebMvcConfiguration$ThymeleafViewResolverConfiguration'
2025-03-22T16:18:35.051+08:00 DEBUG 75969 --- [Spring] [           main] o.s.b.f.s.DefaultListableBeanFactory     : Creating shared instance of singleton bean 'spring.thymeleaf-org.springframework.boot.autoconfigure.thymeleaf.ThymeleafProperties'
2025-03-22T16:18:35.056+08:00 DEBUG 75969 --- [Spring] [           main] o.s.b.f.s.DefaultListableBeanFactory     : Creating shared instance of singleton bean 'templateEngine'
2025-03-22T16:18:35.056+08:00 DEBUG 75969 --- [Spring] [           main] o.s.b.f.s.DefaultListableBeanFactory     : Creating shared instance of singleton bean 'org.springframework.boot.autoconfigure.thymeleaf.TemplateEngineConfigurations$DefaultTemplateEngineConfiguration'
2025-03-22T16:18:35.057+08:00 DEBUG 75969 --- [Spring] [           main] o.s.b.f.s.DefaultListableBeanFactory     : Autowiring by type from bean name 'templateEngine' via factory method to bean named 'spring.thymeleaf-org.springframework.boot.autoconfigure.thymeleaf.ThymeleafProperties'
2025-03-22T16:18:35.064+08:00 DEBUG 75969 --- [Spring] [           main] o.s.b.f.s.DefaultListableBeanFactory     : Creating shared instance of singleton bean 'defaultTemplateResolver'
2025-03-22T16:18:35.064+08:00 DEBUG 75969 --- [Spring] [           main] o.s.b.f.s.DefaultListableBeanFactory     : Creating shared instance of singleton bean 'org.springframework.boot.autoconfigure.thymeleaf.ThymeleafAutoConfiguration$DefaultTemplateResolverConfiguration'
2025-03-22T16:18:35.065+08:00 DEBUG 75969 --- [Spring] [           main] o.s.b.f.s.DefaultListableBeanFactory     : Autowiring by type from bean name 'org.springframework.boot.autoconfigure.thymeleaf.ThymeleafAutoConfiguration$DefaultTemplateResolverConfiguration' via constructor to bean named 'spring.thymeleaf-org.springframework.boot.autoconfigure.thymeleaf.ThymeleafProperties'
2025-03-22T16:18:35.065+08:00 DEBUG 75969 --- [Spring] [           main] o.s.b.f.s.DefaultListableBeanFactory     : Autowiring by type from bean name 'org.springframework.boot.autoconfigure.thymeleaf.ThymeleafAutoConfiguration$DefaultTemplateResolverConfiguration' via constructor to bean named 'org.springframework.web.context.support.GenericWebApplicationContext@29a23c3d'
2025-03-22T16:18:35.081+08:00 DEBUG 75969 --- [Spring] [           main] o.s.b.f.s.DefaultListableBeanFactory     : Autowiring by type from bean name 'thymeleafViewResolver' via factory method to bean named 'spring.thymeleaf-org.springframework.boot.autoconfigure.thymeleaf.ThymeleafProperties'
2025-03-22T16:18:35.081+08:00 DEBUG 75969 --- [Spring] [           main] o.s.b.f.s.DefaultListableBeanFactory     : Autowiring by type from bean name 'thymeleafViewResolver' via factory method to bean named 'templateEngine'
2025-03-22T16:18:35.087+08:00 DEBUG 75969 --- [Spring] [           main] o.s.b.f.s.DefaultListableBeanFactory     : Creating shared instance of singleton bean 'localeResolver'
2025-03-22T16:18:35.114+08:00 DEBUG 75969 --- [Spring] [           main] o.s.b.f.s.DefaultListableBeanFactory     : Creating shared instance of singleton bean 'handlerFunctionAdapter'
2025-03-22T16:18:35.116+08:00 DEBUG 75969 --- [Spring] [           main] o.s.b.f.s.DefaultListableBeanFactory     : Creating shared instance of singleton bean 'mvcUriComponentsContributor'
2025-03-22T16:18:35.117+08:00 DEBUG 75969 --- [Spring] [           main] o.s.b.f.s.DefaultListableBeanFactory     : Autowiring by type from bean name 'mvcUriComponentsContributor' via factory method to bean named 'mvcConversionService'
2025-03-22T16:18:35.117+08:00 DEBUG 75969 --- [Spring] [           main] o.s.b.f.s.DefaultListableBeanFactory     : Autowiring by type from bean name 'mvcUriComponentsContributor' via factory method to bean named 'requestMappingHandlerAdapter'
2025-03-22T16:18:35.118+08:00 DEBUG 75969 --- [Spring] [           main] o.s.b.f.s.DefaultListableBeanFactory     : Creating shared instance of singleton bean 'httpRequestHandlerAdapter'
2025-03-22T16:18:35.119+08:00 DEBUG 75969 --- [Spring] [           main] o.s.b.f.s.DefaultListableBeanFactory     : Creating shared instance of singleton bean 'simpleControllerHandlerAdapter'
2025-03-22T16:18:35.120+08:00 DEBUG 75969 --- [Spring] [           main] o.s.b.f.s.DefaultListableBeanFactory     : Creating shared instance of singleton bean 'handlerExceptionResolver'
2025-03-22T16:18:35.120+08:00 DEBUG 75969 --- [Spring] [           main] o.s.b.f.s.DefaultListableBeanFactory     : Autowiring by type from bean name 'handlerExceptionResolver' via factory method to bean named 'mvcContentNegotiationManager'
2025-03-22T16:18:35.128+08:00 DEBUG 75969 --- [Spring] [           main] .m.m.a.ExceptionHandlerExceptionResolver : ControllerAdvice beans: 2 @ExceptionHandler, 1 ResponseBodyAdvice
2025-03-22T16:18:35.131+08:00 DEBUG 75969 --- [Spring] [           main] o.s.b.f.s.DefaultListableBeanFactory     : Creating shared instance of singleton bean 'themeResolver'
2025-03-22T16:18:35.133+08:00 DEBUG 75969 --- [Spring] [           main] o.s.b.f.s.DefaultListableBeanFactory     : Creating shared instance of singleton bean 'flashMapManager'
2025-03-22T16:18:35.136+08:00 DEBUG 75969 --- [Spring] [           main] o.s.b.f.s.DefaultListableBeanFactory     : Creating shared instance of singleton bean 'viewNameTranslator'
2025-03-22T16:18:35.138+08:00 DEBUG 75969 --- [Spring] [           main] o.s.b.f.s.DefaultListableBeanFactory     : Creating shared instance of singleton bean 'cacheManager'
2025-03-22T16:18:35.140+08:00 DEBUG 75969 --- [Spring] [           main] o.s.b.f.s.DefaultListableBeanFactory     : Creating shared instance of singleton bean 'corsFilter'
2025-03-22T16:18:35.143+08:00 DEBUG 75969 --- [Spring] [           main] o.s.b.f.s.DefaultListableBeanFactory     : Creating shared instance of singleton bean 'org.springframework.boot.autoconfigure.context.PropertyPlaceholderAutoConfiguration'
2025-03-22T16:18:35.145+08:00 DEBUG 75969 --- [Spring] [           main] o.s.b.f.s.DefaultListableBeanFactory     : Creating shared instance of singleton bean 'org.springframework.boot.autoconfigure.websocket.servlet.WebSocketServletAutoConfiguration$TomcatWebSocketConfiguration'
2025-03-22T16:18:35.146+08:00 DEBUG 75969 --- [Spring] [           main] o.s.b.f.s.DefaultListableBeanFactory     : Creating shared instance of singleton bean 'websocketServletWebServerCustomizer'
2025-03-22T16:18:35.148+08:00 DEBUG 75969 --- [Spring] [           main] o.s.b.f.s.DefaultListableBeanFactory     : Creating shared instance of singleton bean 'org.springframework.boot.autoconfigure.websocket.servlet.WebSocketServletAutoConfiguration'
2025-03-22T16:18:35.149+08:00 DEBUG 75969 --- [Spring] [           main] o.s.b.f.s.DefaultListableBeanFactory     : Creating shared instance of singleton bean 'org.springframework.boot.autoconfigure.web.servlet.ServletWebServerFactoryConfiguration$EmbeddedTomcat'
2025-03-22T16:18:35.150+08:00 DEBUG 75969 --- [Spring] [           main] o.s.b.f.s.DefaultListableBeanFactory     : Creating shared instance of singleton bean 'tomcatServletWebServerFactory'
2025-03-22T16:18:35.165+08:00 DEBUG 75969 --- [Spring] [           main] o.s.b.f.s.DefaultListableBeanFactory     : Creating shared instance of singleton bean 'servletWebServerFactoryCustomizer'
2025-03-22T16:18:35.165+08:00 DEBUG 75969 --- [Spring] [           main] o.s.b.f.s.DefaultListableBeanFactory     : Creating shared instance of singleton bean 'org.springframework.boot.autoconfigure.web.servlet.ServletWebServerFactoryAutoConfiguration'
2025-03-22T16:18:35.168+08:00 DEBUG 75969 --- [Spring] [           main] o.s.b.f.s.DefaultListableBeanFactory     : Creating shared instance of singleton bean 'server-org.springframework.boot.autoconfigure.web.ServerProperties'
2025-03-22T16:18:35.176+08:00 DEBUG 75969 --- [Spring] [           main] o.s.b.f.s.DefaultListableBeanFactory     : Autowiring by type from bean name 'servletWebServerFactoryCustomizer' via factory method to bean named 'server-org.springframework.boot.autoconfigure.web.ServerProperties'
2025-03-22T16:18:35.179+08:00 DEBUG 75969 --- [Spring] [           main] o.s.b.f.s.DefaultListableBeanFactory     : Creating shared instance of singleton bean 'tomcatServletWebServerFactoryCustomizer'
2025-03-22T16:18:35.179+08:00 DEBUG 75969 --- [Spring] [           main] o.s.b.f.s.DefaultListableBeanFactory     : Autowiring by type from bean name 'tomcatServletWebServerFactoryCustomizer' via factory method to bean named 'server-org.springframework.boot.autoconfigure.web.ServerProperties'
2025-03-22T16:18:35.181+08:00 DEBUG 75969 --- [Spring] [           main] o.s.b.f.s.DefaultListableBeanFactory     : Creating shared instance of singleton bean 'localeCharsetMappingsCustomizer'
2025-03-22T16:18:35.181+08:00 DEBUG 75969 --- [Spring] [           main] o.s.b.f.s.DefaultListableBeanFactory     : Creating shared instance of singleton bean 'org.springframework.boot.autoconfigure.web.servlet.HttpEncodingAutoConfiguration'
2025-03-22T16:18:35.181+08:00 DEBUG 75969 --- [Spring] [           main] o.s.b.f.s.DefaultListableBeanFactory     : Autowiring by type from bean name 'org.springframework.boot.autoconfigure.web.servlet.HttpEncodingAutoConfiguration' via constructor to bean named 'server-org.springframework.boot.autoconfigure.web.ServerProperties'
2025-03-22T16:18:35.194+08:00 DEBUG 75969 --- [Spring] [           main] o.s.b.f.s.DefaultListableBeanFactory     : Creating shared instance of singleton bean 'errorPageCustomizer'
2025-03-22T16:18:35.194+08:00 DEBUG 75969 --- [Spring] [           main] o.s.b.f.s.DefaultListableBeanFactory     : Creating shared instance of singleton bean 'org.springframework.boot.autoconfigure.web.servlet.error.ErrorMvcAutoConfiguration'
2025-03-22T16:18:35.194+08:00 DEBUG 75969 --- [Spring] [           main] o.s.b.f.s.DefaultListableBeanFactory     : Autowiring by type from bean name 'org.springframework.boot.autoconfigure.web.servlet.error.ErrorMvcAutoConfiguration' via constructor to bean named 'server-org.springframework.boot.autoconfigure.web.ServerProperties'
2025-03-22T16:18:35.196+08:00 DEBUG 75969 --- [Spring] [           main] o.s.b.f.s.DefaultListableBeanFactory     : Creating shared instance of singleton bean 'dispatcherServletRegistration'
2025-03-22T16:18:35.196+08:00 DEBUG 75969 --- [Spring] [           main] o.s.b.f.s.DefaultListableBeanFactory     : Creating shared instance of singleton bean 'org.springframework.boot.autoconfigure.web.servlet.DispatcherServletAutoConfiguration$DispatcherServletRegistrationConfiguration'
2025-03-22T16:18:35.198+08:00 DEBUG 75969 --- [Spring] [           main] o.s.b.f.s.DefaultListableBeanFactory     : Creating shared instance of singleton bean 'dispatcherServlet'
2025-03-22T16:18:35.198+08:00 DEBUG 75969 --- [Spring] [           main] o.s.b.f.s.DefaultListableBeanFactory     : Creating shared instance of singleton bean 'org.springframework.boot.autoconfigure.web.servlet.DispatcherServletAutoConfiguration$DispatcherServletConfiguration'
2025-03-22T16:18:35.200+08:00 DEBUG 75969 --- [Spring] [           main] o.s.b.f.s.DefaultListableBeanFactory     : Creating shared instance of singleton bean 'spring.mvc-org.springframework.boot.autoconfigure.web.servlet.WebMvcProperties'
2025-03-22T16:18:35.205+08:00 DEBUG 75969 --- [Spring] [           main] o.s.b.f.s.DefaultListableBeanFactory     : Autowiring by type from bean name 'dispatcherServlet' via factory method to bean named 'spring.mvc-org.springframework.boot.autoconfigure.web.servlet.WebMvcProperties'
2025-03-22T16:18:35.225+08:00 DEBUG 75969 --- [Spring] [           main] o.s.b.f.s.DefaultListableBeanFactory     : Autowiring by type from bean name 'dispatcherServletRegistration' via factory method to bean named 'dispatcherServlet'
2025-03-22T16:18:35.225+08:00 DEBUG 75969 --- [Spring] [           main] o.s.b.f.s.DefaultListableBeanFactory     : Autowiring by type from bean name 'dispatcherServletRegistration' via factory method to bean named 'spring.mvc-org.springframework.boot.autoconfigure.web.servlet.WebMvcProperties'
2025-03-22T16:18:35.228+08:00 DEBUG 75969 --- [Spring] [           main] o.s.b.f.s.DefaultListableBeanFactory     : Creating shared instance of singleton bean 'multipartConfigElement'
2025-03-22T16:18:35.228+08:00 DEBUG 75969 --- [Spring] [           main] o.s.b.f.s.DefaultListableBeanFactory     : Creating shared instance of singleton bean 'org.springframework.boot.autoconfigure.web.servlet.MultipartAutoConfiguration'
2025-03-22T16:18:35.229+08:00 DEBUG 75969 --- [Spring] [           main] o.s.b.f.s.DefaultListableBeanFactory     : Creating shared instance of singleton bean 'spring.servlet.multipart-org.springframework.boot.autoconfigure.web.servlet.MultipartProperties'
2025-03-22T16:18:35.234+08:00 DEBUG 75969 --- [Spring] [           main] o.s.b.f.s.DefaultListableBeanFactory     : Autowiring by type from bean name 'org.springframework.boot.autoconfigure.web.servlet.MultipartAutoConfiguration' via constructor to bean named 'spring.servlet.multipart-org.springframework.boot.autoconfigure.web.servlet.MultipartProperties'
2025-03-22T16:18:35.242+08:00 DEBUG 75969 --- [Spring] [           main] o.s.b.f.s.DefaultListableBeanFactory     : Autowiring by type from bean name 'errorPageCustomizer' via factory method to bean named 'dispatcherServletRegistration'
2025-03-22T16:18:35.255+08:00 DEBUG 75969 --- [Spring] [           main] o.s.b.f.s.DefaultListableBeanFactory     : Creating shared instance of singleton bean 'org.springframework.boot.autoconfigure.web.servlet.DispatcherServletAutoConfiguration'
2025-03-22T16:18:35.256+08:00 DEBUG 75969 --- [Spring] [           main] o.s.b.f.s.DefaultListableBeanFactory     : Creating shared instance of singleton bean 'org.springframework.boot.autoconfigure.task.TaskExecutorConfigurations$ThreadPoolTaskExecutorBuilderConfiguration'
2025-03-22T16:18:35.257+08:00 DEBUG 75969 --- [Spring] [           main] o.s.b.f.s.DefaultListableBeanFactory     : Creating shared instance of singleton bean 'threadPoolTaskExecutorBuilder'
2025-03-22T16:18:35.258+08:00 DEBUG 75969 --- [Spring] [           main] o.s.b.f.s.DefaultListableBeanFactory     : Creating shared instance of singleton bean 'spring.task.execution-org.springframework.boot.autoconfigure.task.TaskExecutionProperties'
2025-03-22T16:18:35.260+08:00 DEBUG 75969 --- [Spring] [           main] o.s.b.f.s.DefaultListableBeanFactory     : Autowiring by type from bean name 'threadPoolTaskExecutorBuilder' via factory method to bean named 'spring.task.execution-org.springframework.boot.autoconfigure.task.TaskExecutionProperties'
2025-03-22T16:18:35.265+08:00 DEBUG 75969 --- [Spring] [           main] o.s.b.f.s.DefaultListableBeanFactory     : Creating shared instance of singleton bean 'org.springframework.boot.autoconfigure.task.TaskExecutorConfigurations$SimpleAsyncTaskExecutorBuilderConfiguration'
2025-03-22T16:18:35.266+08:00 DEBUG 75969 --- [Spring] [           main] o.s.b.f.s.DefaultListableBeanFactory     : Autowiring by type from bean name 'org.springframework.boot.autoconfigure.task.TaskExecutorConfigurations$SimpleAsyncTaskExecutorBuilderConfiguration' via constructor to bean named 'spring.task.execution-org.springframework.boot.autoconfigure.task.TaskExecutionProperties'
2025-03-22T16:18:35.267+08:00 DEBUG 75969 --- [Spring] [           main] o.s.b.f.s.DefaultListableBeanFactory     : Creating shared instance of singleton bean 'simpleAsyncTaskExecutorBuilder'
2025-03-22T16:18:35.270+08:00 DEBUG 75969 --- [Spring] [           main] o.s.b.f.s.DefaultListableBeanFactory     : Creating shared instance of singleton bean 'org.springframework.boot.autoconfigure.task.TaskExecutorConfigurations$TaskExecutorConfiguration'
2025-03-22T16:18:35.270+08:00 DEBUG 75969 --- [Spring] [           main] o.s.b.f.s.DefaultListableBeanFactory     : Creating shared instance of singleton bean 'org.springframework.boot.autoconfigure.task.TaskExecutionAutoConfiguration'
2025-03-22T16:18:35.271+08:00 DEBUG 75969 --- [Spring] [           main] o.s.b.f.s.DefaultListableBeanFactory     : Creating shared instance of singleton bean 'org.springframework.boot.autoconfigure.validation.ValidationAutoConfiguration'
2025-03-22T16:18:35.272+08:00 DEBUG 75969 --- [Spring] [           main] o.s.b.f.s.DefaultListableBeanFactory     : Creating shared instance of singleton bean 'defaultValidator'
2025-03-22T16:18:35.272+08:00 DEBUG 75969 --- [Spring] [           main] o.s.b.f.s.DefaultListableBeanFactory     : Autowiring by type from bean name 'defaultValidator' via factory method to bean named 'org.springframework.web.context.support.GenericWebApplicationContext@29a23c3d'
2025-03-22T16:18:35.279+08:00 DEBUG 75969 --- [Spring] [           main] o.s.b.f.s.DefaultListableBeanFactory     : Creating shared instance of singleton bean 'org.springframework.boot.autoconfigure.web.servlet.error.ErrorMvcAutoConfiguration$DefaultErrorViewResolverConfiguration'
2025-03-22T16:18:35.280+08:00 DEBUG 75969 --- [Spring] [           main] o.s.b.f.s.DefaultListableBeanFactory     : Creating shared instance of singleton bean 'spring.web-org.springframework.boot.autoconfigure.web.WebProperties'
2025-03-22T16:18:35.283+08:00 DEBUG 75969 --- [Spring] [           main] o.s.b.f.s.DefaultListableBeanFactory     : Autowiring by type from bean name 'org.springframework.boot.autoconfigure.web.servlet.error.ErrorMvcAutoConfiguration$DefaultErrorViewResolverConfiguration' via constructor to bean named 'org.springframework.web.context.support.GenericWebApplicationContext@29a23c3d'
2025-03-22T16:18:35.283+08:00 DEBUG 75969 --- [Spring] [           main] o.s.b.f.s.DefaultListableBeanFactory     : Autowiring by type from bean name 'org.springframework.boot.autoconfigure.web.servlet.error.ErrorMvcAutoConfiguration$DefaultErrorViewResolverConfiguration' via constructor to bean named 'spring.web-org.springframework.boot.autoconfigure.web.WebProperties'
2025-03-22T16:18:35.284+08:00 DEBUG 75969 --- [Spring] [           main] o.s.b.f.s.DefaultListableBeanFactory     : Creating shared instance of singleton bean 'conventionErrorViewResolver'
2025-03-22T16:18:35.287+08:00 DEBUG 75969 --- [Spring] [           main] o.s.b.f.s.DefaultListableBeanFactory     : Creating shared instance of singleton bean 'errorAttributes'
2025-03-22T16:18:35.290+08:00 DEBUG 75969 --- [Spring] [           main] o.s.b.f.s.DefaultListableBeanFactory     : Creating shared instance of singleton bean 'basicErrorController'
2025-03-22T16:18:35.290+08:00 DEBUG 75969 --- [Spring] [           main] o.s.b.f.s.DefaultListableBeanFactory     : Autowiring by type from bean name 'basicErrorController' via factory method to bean named 'errorAttributes'
2025-03-22T16:18:35.293+08:00 DEBUG 75969 --- [Spring] [           main] o.s.b.f.s.DefaultListableBeanFactory     : Creating shared instance of singleton bean 'org.springframework.boot.autoconfigure.transaction.jta.JtaAutoConfiguration'
2025-03-22T16:18:35.294+08:00 DEBUG 75969 --- [Spring] [           main] o.s.b.f.s.DefaultListableBeanFactory     : Creating shared instance of singleton bean 'org.springframework.boot.autoconfigure.jdbc.metadata.DataSourcePoolMetadataProvidersConfiguration'
2025-03-22T16:18:35.295+08:00 DEBUG 75969 --- [Spring] [           main] o.s.b.f.s.DefaultListableBeanFactory     : Creating shared instance of singleton bean 'org.springframework.boot.autoconfigure.jdbc.DataSourceAutoConfiguration'
2025-03-22T16:18:35.295+08:00 DEBUG 75969 --- [Spring] [           main] o.s.b.f.s.DefaultListableBeanFactory     : Creating shared instance of singleton bean 'com.baomidou.mybatisplus.autoconfigure.MybatisPlusAutoConfiguration$MapperScannerRegistrarNotFoundConfiguration'
2025-03-22T16:18:35.296+08:00 DEBUG 75969 --- [Spring] [           main] o.s.b.f.s.DefaultListableBeanFactory     : Creating shared instance of singleton bean 'ddlApplicationRunner'
2025-03-22T16:18:35.299+08:00 DEBUG 75969 --- [Spring] [           main] o.s.b.f.s.DefaultListableBeanFactory     : Creating shared instance of singleton bean 'org.springdoc.core.configuration.SpringDocConfiguration$QuerydslProvider'
2025-03-22T16:18:35.300+08:00 DEBUG 75969 --- [Spring] [           main] o.s.b.f.s.DefaultListableBeanFactory     : Creating shared instance of singleton bean 'queryDslQuerydslPredicateOperationCustomizer'
2025-03-22T16:18:35.302+08:00 DEBUG 75969 --- [Spring] [           main] o.s.b.f.s.DefaultListableBeanFactory     : Creating shared instance of singleton bean 'org.springdoc.core.properties.SpringDocConfigProperties'
2025-03-22T16:18:35.316+08:00 DEBUG 75969 --- [Spring] [           main] o.s.b.f.s.DefaultListableBeanFactory     : Autowiring by type from bean name 'queryDslQuerydslPredicateOperationCustomizer' via factory method to bean named 'org.springdoc.core.properties.SpringDocConfigProperties'
2025-03-22T16:18:35.316+08:00 DEBUG 75969 --- [Spring] [           main] o.s.b.f.s.DefaultListableBeanFactory     : Creating shared instance of singleton bean 'org.springdoc.core.configuration.SpringDocConfiguration$SpringDocWebFluxSupportConfiguration'
2025-03-22T16:18:35.317+08:00 DEBUG 75969 --- [Spring] [           main] o.s.b.f.s.DefaultListableBeanFactory     : Creating shared instance of singleton bean 'webFluxSupportConverter'
2025-03-22T16:18:35.318+08:00 DEBUG 75969 --- [Spring] [           main] o.s.b.f.s.DefaultListableBeanFactory     : Creating shared instance of singleton bean 'springdocObjectMapperProvider'
2025-03-22T16:18:35.318+08:00 DEBUG 75969 --- [Spring] [           main] o.s.b.f.s.DefaultListableBeanFactory     : Autowiring by type from bean name 'springdocObjectMapperProvider' via factory method to bean named 'org.springdoc.core.properties.SpringDocConfigProperties'
2025-03-22T16:18:35.329+08:00 DEBUG 75969 --- [Spring] [           main] o.s.b.f.s.DefaultListableBeanFactory     : Autowiring by type from bean name 'webFluxSupportConverter' via factory method to bean named 'springdocObjectMapperProvider'
2025-03-22T16:18:35.331+08:00 DEBUG 75969 --- [Spring] [           main] o.s.b.f.s.DefaultListableBeanFactory     : Creating shared instance of singleton bean 'org.springdoc.core.configuration.SpringDocConfiguration$SpringDocSpringDataWebPropertiesProvider'
2025-03-22T16:18:35.331+08:00 DEBUG 75969 --- [Spring] [           main] o.s.b.f.s.DefaultListableBeanFactory     : Creating shared instance of singleton bean 'springDataWebPropertiesProvider'
2025-03-22T16:18:35.332+08:00 DEBUG 75969 --- [Spring] [           main] o.s.b.f.s.DefaultListableBeanFactory     : Creating shared instance of singleton bean 'spring.data.web-org.springframework.boot.autoconfigure.data.web.SpringDataWebProperties'
2025-03-22T16:18:35.334+08:00 DEBUG 75969 --- [Spring] [           main] o.s.b.f.s.DefaultListableBeanFactory     : Creating shared instance of singleton bean 'org.springdoc.core.configuration.SpringDocConfiguration$WebConversionServiceConfiguration'
2025-03-22T16:18:35.335+08:00 DEBUG 75969 --- [Spring] [           main] o.s.b.f.s.DefaultListableBeanFactory     : Creating shared instance of singleton bean 'webConversionServiceProvider'
2025-03-22T16:18:35.336+08:00 DEBUG 75969 --- [Spring] [           main] o.s.b.f.s.DefaultListableBeanFactory     : Creating shared instance of singleton bean 'localSpringDocParameterNameDiscoverer'
2025-03-22T16:18:35.338+08:00 DEBUG 75969 --- [Spring] [           main] o.s.b.f.s.DefaultListableBeanFactory     : Creating shared instance of singleton bean 'additionalModelsConverter'
2025-03-22T16:18:35.338+08:00 DEBUG 75969 --- [Spring] [           main] o.s.b.f.s.DefaultListableBeanFactory     : Autowiring by type from bean name 'additionalModelsConverter' via factory method to bean named 'springdocObjectMapperProvider'
2025-03-22T16:18:35.339+08:00 DEBUG 75969 --- [Spring] [           main] o.s.b.f.s.DefaultListableBeanFactory     : Creating shared instance of singleton bean 'fileSupportConverter'
2025-03-22T16:18:35.339+08:00 DEBUG 75969 --- [Spring] [           main] o.s.b.f.s.DefaultListableBeanFactory     : Autowiring by type from bean name 'fileSupportConverter' via factory method to bean named 'springdocObjectMapperProvider'
2025-03-22T16:18:35.340+08:00 DEBUG 75969 --- [Spring] [           main] o.s.b.f.s.DefaultListableBeanFactory     : Creating shared instance of singleton bean 'responseSupportConverter'
2025-03-22T16:18:35.341+08:00 DEBUG 75969 --- [Spring] [           main] o.s.b.f.s.DefaultListableBeanFactory     : Autowiring by type from bean name 'responseSupportConverter' via factory method to bean named 'springdocObjectMapperProvider'
2025-03-22T16:18:35.341+08:00 DEBUG 75969 --- [Spring] [           main] o.s.b.f.s.DefaultListableBeanFactory     : Creating shared instance of singleton bean 'schemaPropertyDeprecatingConverter'
2025-03-22T16:18:35.342+08:00 DEBUG 75969 --- [Spring] [           main] o.s.b.f.s.DefaultListableBeanFactory     : Creating shared instance of singleton bean 'polymorphicModelConverter'
2025-03-22T16:18:35.343+08:00 DEBUG 75969 --- [Spring] [           main] o.s.b.f.s.DefaultListableBeanFactory     : Autowiring by type from bean name 'polymorphicModelConverter' via factory method to bean named 'springdocObjectMapperProvider'
2025-03-22T16:18:35.344+08:00 DEBUG 75969 --- [Spring] [           main] o.s.b.f.s.DefaultListableBeanFactory     : Creating shared instance of singleton bean 'openAPIBuilder'
2025-03-22T16:18:35.346+08:00 DEBUG 75969 --- [Spring] [           main] o.s.b.f.s.DefaultListableBeanFactory     : Creating shared instance of singleton bean 'securityParser'
2025-03-22T16:18:35.346+08:00 DEBUG 75969 --- [Spring] [           main] o.s.b.f.s.DefaultListableBeanFactory     : Creating shared instance of singleton bean 'propertyResolverUtils'
2025-03-22T16:18:35.346+08:00 DEBUG 75969 --- [Spring] [           main] o.s.b.f.s.DefaultListableBeanFactory     : Autowiring by type from bean name 'propertyResolverUtils' via factory method to bean named 'org.springframework.beans.factory.support.DefaultListableBeanFactory@47e4d9d0'
2025-03-22T16:18:35.346+08:00 DEBUG 75969 --- [Spring] [           main] o.s.b.f.s.DefaultListableBeanFactory     : Autowiring by type from bean name 'propertyResolverUtils' via factory method to bean named 'messageSource'
2025-03-22T16:18:35.346+08:00 DEBUG 75969 --- [Spring] [           main] o.s.b.f.s.DefaultListableBeanFactory     : Autowiring by type from bean name 'propertyResolverUtils' via factory method to bean named 'org.springdoc.core.properties.SpringDocConfigProperties'
2025-03-22T16:18:35.347+08:00 DEBUG 75969 --- [Spring] [           main] o.s.b.f.s.DefaultListableBeanFactory     : Autowiring by type from bean name 'securityParser' via factory method to bean named 'propertyResolverUtils'
2025-03-22T16:18:35.352+08:00 DEBUG 75969 --- [Spring] [           main] o.s.b.f.s.DefaultListableBeanFactory     : Autowiring by type from bean name 'openAPIBuilder' via factory method to bean named 'securityParser'
2025-03-22T16:18:35.352+08:00 DEBUG 75969 --- [Spring] [           main] o.s.b.f.s.DefaultListableBeanFactory     : Autowiring by type from bean name 'openAPIBuilder' via factory method to bean named 'org.springdoc.core.properties.SpringDocConfigProperties'
2025-03-22T16:18:35.352+08:00 DEBUG 75969 --- [Spring] [           main] o.s.b.f.s.DefaultListableBeanFactory     : Autowiring by type from bean name 'openAPIBuilder' via factory method to bean named 'propertyResolverUtils'
2025-03-22T16:18:35.356+08:00 DEBUG 75969 --- [Spring] [           main] o.s.b.f.s.DefaultListableBeanFactory     : Creating shared instance of singleton bean 'modelConverterRegistrar'
2025-03-22T16:18:35.357+08:00 DEBUG 75969 --- [Spring] [           main] o.s.b.f.s.DefaultListableBeanFactory     : Creating shared instance of singleton bean 'pageableOpenAPIConverter'
2025-03-22T16:18:35.357+08:00 DEBUG 75969 --- [Spring] [           main] o.s.b.f.s.DefaultListableBeanFactory     : Creating shared instance of singleton bean 'org.springdoc.core.configuration.SpringDocPageableConfiguration'
2025-03-22T16:18:35.358+08:00 DEBUG 75969 --- [Spring] [           main] o.s.b.f.s.DefaultListableBeanFactory     : Autowiring by type from bean name 'pageableOpenAPIConverter' via factory method to bean named 'springdocObjectMapperProvider'
2025-03-22T16:18:35.360+08:00 DEBUG 75969 --- [Spring] [           main] o.s.b.f.s.DefaultListableBeanFactory     : Creating shared instance of singleton bean 'pageOpenAPIConverter'
2025-03-22T16:18:35.361+08:00 DEBUG 75969 --- [Spring] [           main] o.s.b.f.s.DefaultListableBeanFactory     : Creating shared instance of singleton bean 'springDataWebSettings'
2025-03-22T16:18:35.361+08:00 DEBUG 75969 --- [Spring] [           main] o.s.b.f.s.DefaultListableBeanFactory     : Creating shared instance of singleton bean 'org.springframework.boot.autoconfigure.data.web.SpringDataWebAutoConfiguration'
2025-03-22T16:18:35.361+08:00 DEBUG 75969 --- [Spring] [           main] o.s.b.f.s.DefaultListableBeanFactory     : Autowiring by type from bean name 'org.springframework.boot.autoconfigure.data.web.SpringDataWebAutoConfiguration' via constructor to bean named 'spring.data.web-org.springframework.boot.autoconfigure.data.web.SpringDataWebProperties'
2025-03-22T16:18:35.366+08:00 DEBUG 75969 --- [Spring] [           main] o.s.b.f.s.DefaultListableBeanFactory     : Autowiring by type from bean name 'pageOpenAPIConverter' via factory method to bean named 'springdocObjectMapperProvider'
2025-03-22T16:18:35.368+08:00 DEBUG 75969 --- [Spring] [           main] o.s.b.f.s.DefaultListableBeanFactory     : Creating shared instance of singleton bean 'sortOpenAPIConverter'
2025-03-22T16:18:35.368+08:00 DEBUG 75969 --- [Spring] [           main] o.s.b.f.s.DefaultListableBeanFactory     : Creating shared instance of singleton bean 'org.springdoc.core.configuration.SpringDocSortConfiguration'
2025-03-22T16:18:35.369+08:00 DEBUG 75969 --- [Spring] [           main] o.s.b.f.s.DefaultListableBeanFactory     : Autowiring by type from bean name 'sortOpenAPIConverter' via factory method to bean named 'springdocObjectMapperProvider'
2025-03-22T16:18:35.371+08:00 DEBUG 75969 --- [Spring] [           main] o.s.b.f.s.DefaultListableBeanFactory     : Autowiring by type from bean name 'modelConverterRegistrar' via factory method to bean named 'org.springdoc.core.properties.SpringDocConfigProperties'
2025-03-22T16:18:35.381+08:00 DEBUG 75969 --- [Spring] [           main] o.s.b.f.s.DefaultListableBeanFactory     : Creating shared instance of singleton bean 'operationBuilder'
2025-03-22T16:18:35.382+08:00 DEBUG 75969 --- [Spring] [           main] o.s.b.f.s.DefaultListableBeanFactory     : Creating shared instance of singleton bean 'parameterBuilder'
2025-03-22T16:18:35.383+08:00 DEBUG 75969 --- [Spring] [           main] o.s.b.f.s.DefaultListableBeanFactory     : Creating shared instance of singleton bean 'parameterObjectNamingStrategyCustomizer'
2025-03-22T16:18:35.384+08:00 DEBUG 75969 --- [Spring] [           main] o.s.b.f.s.DefaultListableBeanFactory     : Creating shared instance of singleton bean 'dataRestDelegatingMethodParameterCustomizer'
2025-03-22T16:18:35.388+08:00 DEBUG 75969 --- [Spring] [           main] o.s.b.f.s.DefaultListableBeanFactory     : Autowiring by type from bean name 'parameterBuilder' via factory method to bean named 'propertyResolverUtils'
2025-03-22T16:18:35.388+08:00 DEBUG 75969 --- [Spring] [           main] o.s.b.f.s.DefaultListableBeanFactory     : Autowiring by type from bean name 'parameterBuilder' via factory method to bean named 'springdocObjectMapperProvider'
2025-03-22T16:18:35.392+08:00 DEBUG 75969 --- [Spring] [           main] o.s.b.f.s.DefaultListableBeanFactory     : Creating shared instance of singleton bean 'requestBodyBuilder'
2025-03-22T16:18:35.392+08:00 DEBUG 75969 --- [Spring] [           main] o.s.b.f.s.DefaultListableBeanFactory     : Autowiring by type from bean name 'requestBodyBuilder' via factory method to bean named 'parameterBuilder'
2025-03-22T16:18:35.392+08:00 DEBUG 75969 --- [Spring] [           main] o.s.b.f.s.DefaultListableBeanFactory     : Autowiring by type from bean name 'requestBodyBuilder' via factory method to bean named 'propertyResolverUtils'
2025-03-22T16:18:35.394+08:00 DEBUG 75969 --- [Spring] [           main] o.s.b.f.s.DefaultListableBeanFactory     : Autowiring by type from bean name 'operationBuilder' via factory method to bean named 'parameterBuilder'
2025-03-22T16:18:35.394+08:00 DEBUG 75969 --- [Spring] [           main] o.s.b.f.s.DefaultListableBeanFactory     : Autowiring by type from bean name 'operationBuilder' via factory method to bean named 'requestBodyBuilder'
2025-03-22T16:18:35.394+08:00 DEBUG 75969 --- [Spring] [           main] o.s.b.f.s.DefaultListableBeanFactory     : Autowiring by type from bean name 'operationBuilder' via factory method to bean named 'securityParser'
2025-03-22T16:18:35.394+08:00 DEBUG 75969 --- [Spring] [           main] o.s.b.f.s.DefaultListableBeanFactory     : Autowiring by type from bean name 'operationBuilder' via factory method to bean named 'propertyResolverUtils'
2025-03-22T16:18:35.396+08:00 DEBUG 75969 --- [Spring] [           main] o.s.b.f.s.DefaultListableBeanFactory     : Creating shared instance of singleton bean 'springDocProviders'
2025-03-22T16:18:35.399+08:00 DEBUG 75969 --- [Spring] [           main] o.s.b.f.s.DefaultListableBeanFactory     : Creating shared instance of singleton bean 'routerFunctionProvider'
2025-03-22T16:18:35.399+08:00 DEBUG 75969 --- [Spring] [           main] o.s.b.f.s.DefaultListableBeanFactory     : Creating shared instance of singleton bean 'org.springdoc.webmvc.core.configuration.SpringDocWebMvcConfiguration$SpringDocWebMvcRouterConfiguration'
2025-03-22T16:18:35.402+08:00 DEBUG 75969 --- [Spring] [           main] o.s.b.f.s.DefaultListableBeanFactory     : Creating shared instance of singleton bean 'springWebProvider'
2025-03-22T16:18:35.403+08:00 DEBUG 75969 --- [Spring] [           main] o.s.b.f.s.DefaultListableBeanFactory     : Creating shared instance of singleton bean 'org.springdoc.webmvc.core.configuration.SpringDocWebMvcConfiguration'
2025-03-22T16:18:35.418+08:00 DEBUG 75969 --- [Spring] [           main] o.s.b.f.s.DefaultListableBeanFactory     : Autowiring by type from bean name 'springDocProviders' via factory method to bean named 'springdocObjectMapperProvider'
2025-03-22T16:18:35.420+08:00 DEBUG 75969 --- [Spring] [           main] o.s.b.f.s.DefaultListableBeanFactory     : Creating shared instance of singleton bean 'springDocCustomizers'
2025-03-22T16:18:35.421+08:00 DEBUG 75969 --- [Spring] [           main] o.s.b.f.s.DefaultListableBeanFactory     : Creating shared instance of singleton bean 'globalOpenApiCustomizer'
2025-03-22T16:18:35.428+08:00 DEBUG 75969 --- [Spring] [           main] o.s.b.f.s.DefaultListableBeanFactory     : Creating shared instance of singleton bean 'org.springdoc.core.configuration.SpringDocSecurityConfiguration$SpringSecurityLoginEndpointConfiguration'
2025-03-22T16:18:35.429+08:00 DEBUG 75969 --- [Spring] [           main] o.s.b.f.s.DefaultListableBeanFactory     : Creating shared instance of singleton bean 'org.springdoc.core.configuration.SpringDocSecurityConfiguration'
2025-03-22T16:18:35.434+08:00 DEBUG 75969 --- [Spring] [           main] o.s.b.f.s.DefaultListableBeanFactory     : Autowiring by type from bean name 'org.springdoc.core.configuration.SpringDocSecurityConfiguration$SpringSecurityLoginEndpointConfiguration' via constructor to bean named 'org.springdoc.core.configuration.SpringDocSecurityConfiguration'
2025-03-22T16:18:35.435+08:00 DEBUG 75969 --- [Spring] [           main] o.s.b.f.s.DefaultListableBeanFactory     : Creating shared instance of singleton bean 'org.springdoc.core.configuration.SpringDocUIConfiguration'
2025-03-22T16:18:35.436+08:00 DEBUG 75969 --- [Spring] [           main] o.s.b.f.s.DefaultListableBeanFactory     : Creating shared instance of singleton bean 'org.springdoc.core.properties.SwaggerUiConfigProperties'
2025-03-22T16:18:35.444+08:00 DEBUG 75969 --- [Spring] [           main] o.s.b.f.s.DefaultListableBeanFactory     : Creating shared instance of singleton bean 'org.springdoc.core.properties.SwaggerUiOAuthProperties'
2025-03-22T16:18:35.447+08:00 DEBUG 75969 --- [Spring] [           main] o.s.b.f.s.DefaultListableBeanFactory     : Creating shared instance of singleton bean 'org.springdoc.webmvc.core.configuration.SpringDocWebMvcConfiguration$SpringDocWebMvcActuatorConfiguration'
2025-03-22T16:18:35.448+08:00 DEBUG 75969 --- [Spring] [           main] o.s.b.f.s.DefaultListableBeanFactory     : Creating shared instance of singleton bean 'openApiResource'
2025-03-22T16:18:35.448+08:00 DEBUG 75969 --- [Spring] [           main] o.s.b.f.s.DefaultListableBeanFactory     : Creating shared instance of singleton bean 'requestBuilder'
2025-03-22T16:18:35.450+08:00 DEBUG 75969 --- [Spring] [           main] o.s.b.f.s.DefaultListableBeanFactory     : Autowiring by type from bean name 'requestBuilder' via factory method to bean named 'parameterBuilder'
2025-03-22T16:18:35.450+08:00 DEBUG 75969 --- [Spring] [           main] o.s.b.f.s.DefaultListableBeanFactory     : Autowiring by type from bean name 'requestBuilder' via factory method to bean named 'requestBodyBuilder'
2025-03-22T16:18:35.450+08:00 DEBUG 75969 --- [Spring] [           main] o.s.b.f.s.DefaultListableBeanFactory     : Autowiring by type from bean name 'requestBuilder' via factory method to bean named 'localSpringDocParameterNameDiscoverer'
2025-03-22T16:18:35.453+08:00 DEBUG 75969 --- [Spring] [           main] o.s.b.f.s.DefaultListableBeanFactory     : Creating shared instance of singleton bean 'responseBuilder'
2025-03-22T16:18:35.454+08:00 DEBUG 75969 --- [Spring] [           main] o.s.b.f.s.DefaultListableBeanFactory     : Autowiring by type from bean name 'responseBuilder' via factory method to bean named 'operationBuilder'
2025-03-22T16:18:35.454+08:00 DEBUG 75969 --- [Spring] [           main] o.s.b.f.s.DefaultListableBeanFactory     : Autowiring by type from bean name 'responseBuilder' via factory method to bean named 'org.springdoc.core.properties.SpringDocConfigProperties'
2025-03-22T16:18:35.454+08:00 DEBUG 75969 --- [Spring] [           main] o.s.b.f.s.DefaultListableBeanFactory     : Autowiring by type from bean name 'responseBuilder' via factory method to bean named 'propertyResolverUtils'
2025-03-22T16:18:35.458+08:00 DEBUG 75969 --- [Spring] [           main] o.s.b.f.s.DefaultListableBeanFactory     : Autowiring by type from bean name 'openApiResource' via factory method to bean named 'requestBuilder'
2025-03-22T16:18:35.458+08:00 DEBUG 75969 --- [Spring] [           main] o.s.b.f.s.DefaultListableBeanFactory     : Autowiring by type from bean name 'openApiResource' via factory method to bean named 'responseBuilder'
2025-03-22T16:18:35.458+08:00 DEBUG 75969 --- [Spring] [           main] o.s.b.f.s.DefaultListableBeanFactory     : Autowiring by type from bean name 'openApiResource' via factory method to bean named 'operationBuilder'
2025-03-22T16:18:35.458+08:00 DEBUG 75969 --- [Spring] [           main] o.s.b.f.s.DefaultListableBeanFactory     : Autowiring by type from bean name 'openApiResource' via factory method to bean named 'org.springdoc.core.properties.SpringDocConfigProperties'
2025-03-22T16:18:35.458+08:00 DEBUG 75969 --- [Spring] [           main] o.s.b.f.s.DefaultListableBeanFactory     : Autowiring by type from bean name 'openApiResource' via factory method to bean named 'springDocProviders'
2025-03-22T16:18:35.458+08:00 DEBUG 75969 --- [Spring] [           main] o.s.b.f.s.DefaultListableBeanFactory     : Autowiring by type from bean name 'openApiResource' via factory method to bean named 'springDocCustomizers'
2025-03-22T16:18:35.468+08:00 DEBUG 75969 --- [Spring] [           main] o.s.b.f.s.DefaultListableBeanFactory     : Creating shared instance of singleton bean 'org.springdoc.webmvc.ui.SwaggerConfig'
2025-03-22T16:18:35.470+08:00 DEBUG 75969 --- [Spring] [           main] o.s.b.f.s.DefaultListableBeanFactory     : Creating shared instance of singleton bean 'swaggerWelcome'
2025-03-22T16:18:35.470+08:00 DEBUG 75969 --- [Spring] [           main] o.s.b.f.s.DefaultListableBeanFactory     : Autowiring by type from bean name 'swaggerWelcome' via factory method to bean named 'org.springdoc.core.properties.SwaggerUiConfigProperties'
2025-03-22T16:18:35.470+08:00 DEBUG 75969 --- [Spring] [           main] o.s.b.f.s.DefaultListableBeanFactory     : Autowiring by type from bean name 'swaggerWelcome' via factory method to bean named 'org.springdoc.core.properties.SpringDocConfigProperties'
2025-03-22T16:18:35.470+08:00 DEBUG 75969 --- [Spring] [           main] o.s.b.f.s.DefaultListableBeanFactory     : Autowiring by type from bean name 'swaggerWelcome' via factory method to bean named 'springWebProvider'
2025-03-22T16:18:35.474+08:00 DEBUG 75969 --- [Spring] [           main] o.s.b.f.s.DefaultListableBeanFactory     : Creating shared instance of singleton bean 'swaggerConfigResource'
2025-03-22T16:18:35.475+08:00 DEBUG 75969 --- [Spring] [           main] o.s.b.f.s.DefaultListableBeanFactory     : Autowiring by type from bean name 'swaggerConfigResource' via factory method to bean named 'swaggerWelcome'
2025-03-22T16:18:35.476+08:00 DEBUG 75969 --- [Spring] [           main] o.s.b.f.s.DefaultListableBeanFactory     : Creating shared instance of singleton bean 'indexPageTransformer'
2025-03-22T16:18:35.476+08:00 DEBUG 75969 --- [Spring] [           main] o.s.b.f.s.DefaultListableBeanFactory     : Autowiring by type from bean name 'indexPageTransformer' via factory method to bean named 'org.springdoc.core.properties.SwaggerUiConfigProperties'
2025-03-22T16:18:35.477+08:00 DEBUG 75969 --- [Spring] [           main] o.s.b.f.s.DefaultListableBeanFactory     : Autowiring by type from bean name 'indexPageTransformer' via factory method to bean named 'org.springdoc.core.properties.SwaggerUiOAuthProperties'
2025-03-22T16:18:35.477+08:00 DEBUG 75969 --- [Spring] [           main] o.s.b.f.s.DefaultListableBeanFactory     : Autowiring by type from bean name 'indexPageTransformer' via factory method to bean named 'swaggerWelcome'
2025-03-22T16:18:35.477+08:00 DEBUG 75969 --- [Spring] [           main] o.s.b.f.s.DefaultListableBeanFactory     : Autowiring by type from bean name 'indexPageTransformer' via factory method to bean named 'springdocObjectMapperProvider'
2025-03-22T16:18:35.479+08:00 DEBUG 75969 --- [Spring] [           main] o.s.b.f.s.DefaultListableBeanFactory     : Creating shared instance of singleton bean 'swaggerWebMvcConfigurer'
2025-03-22T16:18:35.480+08:00 DEBUG 75969 --- [Spring] [           main] o.s.b.f.s.DefaultListableBeanFactory     : Creating shared instance of singleton bean 'swaggerResourceResolver'
2025-03-22T16:18:35.480+08:00 DEBUG 75969 --- [Spring] [           main] o.s.b.f.s.DefaultListableBeanFactory     : Autowiring by type from bean name 'swaggerResourceResolver' via factory method to bean named 'org.springdoc.core.properties.SwaggerUiConfigProperties'
2025-03-22T16:18:35.483+08:00 DEBUG 75969 --- [Spring] [           main] o.s.b.f.s.DefaultListableBeanFactory     : Autowiring by type from bean name 'swaggerWebMvcConfigurer' via factory method to bean named 'org.springdoc.core.properties.SwaggerUiConfigProperties'
2025-03-22T16:18:35.483+08:00 DEBUG 75969 --- [Spring] [           main] o.s.b.f.s.DefaultListableBeanFactory     : Autowiring by type from bean name 'swaggerWebMvcConfigurer' via factory method to bean named 'indexPageTransformer'
2025-03-22T16:18:35.483+08:00 DEBUG 75969 --- [Spring] [           main] o.s.b.f.s.DefaultListableBeanFactory     : Autowiring by type from bean name 'swaggerWebMvcConfigurer' via factory method to bean named 'swaggerResourceResolver'
2025-03-22T16:18:35.486+08:00 DEBUG 75969 --- [Spring] [           main] o.s.b.f.s.DefaultListableBeanFactory     : Creating shared instance of singleton bean 'org.springframework.boot.autoconfigure.availability.ApplicationAvailabilityAutoConfiguration'
2025-03-22T16:18:35.487+08:00 DEBUG 75969 --- [Spring] [           main] o.s.b.f.s.DefaultListableBeanFactory     : Creating shared instance of singleton bean 'applicationAvailability'
2025-03-22T16:18:35.489+08:00 DEBUG 75969 --- [Spring] [           main] o.s.b.f.s.DefaultListableBeanFactory     : Creating shared instance of singleton bean 'org.springframework.boot.actuate.autoconfigure.availability.AvailabilityHealthContributorAutoConfiguration'
2025-03-22T16:18:35.491+08:00 DEBUG 75969 --- [Spring] [           main] o.s.b.f.s.DefaultListableBeanFactory     : Creating shared instance of singleton bean 'meterRegistryCloser'
2025-03-22T16:18:35.493+08:00 DEBUG 75969 --- [Spring] [           main] o.s.b.f.s.DefaultListableBeanFactory     : Creating shared instance of singleton bean 'org.springframework.boot.actuate.autoconfigure.metrics.CompositeMeterRegistryAutoConfiguration'
2025-03-22T16:18:35.494+08:00 DEBUG 75969 --- [Spring] [           main] o.s.b.f.s.DefaultListableBeanFactory     : Creating shared instance of singleton bean 'stringRedisTemplate'
2025-03-22T16:18:35.494+08:00 DEBUG 75969 --- [Spring] [           main] o.s.b.f.s.DefaultListableBeanFactory     : Autowiring by type from bean name 'stringRedisTemplate' via factory method to bean named 'redisConnectionFactory'
2025-03-22T16:18:35.504+08:00 DEBUG 75969 --- [Spring] [           main] o.s.b.f.s.DefaultListableBeanFactory     : Creating shared instance of singleton bean 'org.springframework.boot.autoconfigure.transaction.TransactionManagerCustomizationAutoConfiguration'
2025-03-22T16:18:35.505+08:00 DEBUG 75969 --- [Spring] [           main] o.s.b.f.s.DefaultListableBeanFactory     : Creating shared instance of singleton bean 'platformTransactionManagerCustomizers'
2025-03-22T16:18:35.507+08:00 DEBUG 75969 --- [Spring] [           main] o.s.b.f.s.DefaultListableBeanFactory     : Creating shared instance of singleton bean 'transactionExecutionListeners'
2025-03-22T16:18:35.511+08:00 DEBUG 75969 --- [Spring] [           main] o.s.b.f.s.DefaultListableBeanFactory     : Creating shared instance of singleton bean 'spring.transaction-org.springframework.boot.autoconfigure.transaction.TransactionProperties'
2025-03-22T16:18:35.514+08:00 DEBUG 75969 --- [Spring] [           main] o.s.b.f.s.DefaultListableBeanFactory     : Creating shared instance of singleton bean 'org.springframework.cloud.autoconfigure.RefreshAutoConfiguration'
2025-03-22T16:18:35.517+08:00 DEBUG 75969 --- [Spring] [           main] o.s.b.f.s.DefaultListableBeanFactory     : Creating shared instance of singleton bean 'loggingRebinder'
2025-03-22T16:18:35.518+08:00 DEBUG 75969 --- [Spring] [           main] o.s.b.f.s.DefaultListableBeanFactory     : Creating shared instance of singleton bean 'configDataContextRefresher'
2025-03-22T16:18:35.520+08:00 DEBUG 75969 --- [Spring] [           main] o.s.b.f.s.DefaultListableBeanFactory     : Creating shared instance of singleton bean 'spring.cloud.refresh-org.springframework.cloud.autoconfigure.RefreshAutoConfiguration$RefreshProperties'
2025-03-22T16:18:35.521+08:00 DEBUG 75969 --- [Spring] [           main] o.s.b.f.s.DefaultListableBeanFactory     : Autowiring by type from bean name 'configDataContextRefresher' via factory method to bean named 'org.springframework.web.context.support.GenericWebApplicationContext@29a23c3d'
2025-03-22T16:18:35.521+08:00 DEBUG 75969 --- [Spring] [           main] o.s.b.f.s.DefaultListableBeanFactory     : Autowiring by type from bean name 'configDataContextRefresher' via factory method to bean named 'refreshScope'
2025-03-22T16:18:35.521+08:00 DEBUG 75969 --- [Spring] [           main] o.s.b.f.s.DefaultListableBeanFactory     : Autowiring by type from bean name 'configDataContextRefresher' via factory method to bean named 'spring.cloud.refresh-org.springframework.cloud.autoconfigure.RefreshAutoConfiguration$RefreshProperties'
2025-03-22T16:18:35.524+08:00 DEBUG 75969 --- [Spring] [           main] o.s.b.f.s.DefaultListableBeanFactory     : Creating shared instance of singleton bean 'refreshScopeLifecycle'
2025-03-22T16:18:35.525+08:00 DEBUG 75969 --- [Spring] [           main] o.s.b.f.s.DefaultListableBeanFactory     : Autowiring by type from bean name 'refreshScopeLifecycle' via factory method to bean named 'configDataContextRefresher'
2025-03-22T16:18:35.526+08:00 DEBUG 75969 --- [Spring] [           main] o.s.b.f.s.DefaultListableBeanFactory     : Creating shared instance of singleton bean 'refreshEventListener'
2025-03-22T16:18:35.526+08:00 DEBUG 75969 --- [Spring] [           main] o.s.b.f.s.DefaultListableBeanFactory     : Autowiring by type from bean name 'refreshEventListener' via factory method to bean named 'configDataContextRefresher'
2025-03-22T16:18:35.528+08:00 DEBUG 75969 --- [Spring] [           main] o.s.b.f.s.DefaultListableBeanFactory     : Creating shared instance of singleton bean 'org.springframework.boot.autoconfigure.orm.jpa.JpaBaseConfiguration$JpaWebConfiguration'
2025-03-22T16:18:35.529+08:00 DEBUG 75969 --- [Spring] [           main] o.s.b.f.s.DefaultListableBeanFactory     : Autowiring by type from bean name 'org.springframework.boot.autoconfigure.orm.jpa.JpaBaseConfiguration$JpaWebConfiguration' via constructor to bean named 'spring.jpa-org.springframework.boot.autoconfigure.orm.jpa.JpaProperties'
2025-03-22T16:18:35.530+08:00 DEBUG 75969 --- [Spring] [           main] o.s.b.f.s.DefaultListableBeanFactory     : Creating shared instance of singleton bean 'openEntityManagerInViewInterceptor'
2025-03-22T16:18:35.533+08:00 DEBUG 75969 --- [Spring] [           main] o.s.b.f.s.DefaultListableBeanFactory     : Creating shared instance of singleton bean 'openEntityManagerInViewInterceptorConfigurer'
2025-03-22T16:18:35.534+08:00 DEBUG 75969 --- [Spring] [           main] o.s.b.f.s.DefaultListableBeanFactory     : Autowiring by type from bean name 'openEntityManagerInViewInterceptorConfigurer' via factory method to bean named 'openEntityManagerInViewInterceptor'
2025-03-22T16:18:35.536+08:00 DEBUG 75969 --- [Spring] [           main] o.s.b.f.s.DefaultListableBeanFactory     : Creating shared instance of singleton bean 'org.springframework.boot.autoconfigure.orm.jpa.JpaBaseConfiguration$PersistenceManagedTypesConfiguration'
2025-03-22T16:18:35.537+08:00 DEBUG 75969 --- [Spring] [           main] o.s.b.f.s.DefaultListableBeanFactory     : Creating shared instance of singleton bean 'transactionManager'
2025-03-22T16:18:35.549+08:00 DEBUG 75969 --- [Spring] [           main] o.s.b.f.s.DefaultListableBeanFactory     : Creating shared instance of singleton bean 'org.springframework.boot.autoconfigure.orm.jpa.HibernateJpaAutoConfiguration'
2025-03-22T16:18:35.550+08:00 DEBUG 75969 --- [Spring] [           main] o.s.b.f.s.DefaultListableBeanFactory     : Creating shared instance of singleton bean 'org.springframework.boot.autoconfigure.jackson.JacksonAutoConfiguration$Jackson2ObjectMapperBuilderCustomizerConfiguration'
2025-03-22T16:18:35.551+08:00 DEBUG 75969 --- [Spring] [           main] o.s.b.f.s.DefaultListableBeanFactory     : Creating shared instance of singleton bean 'standardJacksonObjectMapperBuilderCustomizer'
2025-03-22T16:18:35.551+08:00 DEBUG 75969 --- [Spring] [           main] o.s.b.f.s.DefaultListableBeanFactory     : Creating shared instance of singleton bean 'spring.jackson-org.springframework.boot.autoconfigure.jackson.JacksonProperties'
2025-03-22T16:18:35.555+08:00 DEBUG 75969 --- [Spring] [           main] o.s.b.f.s.DefaultListableBeanFactory     : Autowiring by type from bean name 'standardJacksonObjectMapperBuilderCustomizer' via factory method to bean named 'spring.jackson-org.springframework.boot.autoconfigure.jackson.JacksonProperties'
2025-03-22T16:18:35.556+08:00 DEBUG 75969 --- [Spring] [           main] o.s.b.f.s.DefaultListableBeanFactory     : Creating shared instance of singleton bean 'parameterNamesModule'
2025-03-22T16:18:35.556+08:00 DEBUG 75969 --- [Spring] [           main] o.s.b.f.s.DefaultListableBeanFactory     : Creating shared instance of singleton bean 'org.springframework.boot.autoconfigure.jackson.JacksonAutoConfiguration$ParameterNamesModuleConfiguration'
2025-03-22T16:18:35.562+08:00 DEBUG 75969 --- [Spring] [           main] o.s.b.f.s.DefaultListableBeanFactory     : Creating shared instance of singleton bean 'jsonMixinModule'
2025-03-22T16:18:35.562+08:00 DEBUG 75969 --- [Spring] [           main] o.s.b.f.s.DefaultListableBeanFactory     : Creating shared instance of singleton bean 'org.springframework.boot.autoconfigure.jackson.JacksonAutoConfiguration$JacksonMixinConfiguration'
2025-03-22T16:18:35.563+08:00 DEBUG 75969 --- [Spring] [           main] o.s.b.f.s.DefaultListableBeanFactory     : Creating shared instance of singleton bean 'jsonMixinModuleEntries'
2025-03-22T16:18:35.564+08:00 DEBUG 75969 --- [Spring] [           main] o.s.b.f.s.DefaultListableBeanFactory     : Autowiring by type from bean name 'jsonMixinModuleEntries' via factory method to bean named 'org.springframework.web.context.support.GenericWebApplicationContext@29a23c3d'
2025-03-22T16:18:35.569+08:00 DEBUG 75969 --- [Spring] [           main] o.s.b.f.s.DefaultListableBeanFactory     : Autowiring by type from bean name 'jsonMixinModule' via factory method to bean named 'org.springframework.web.context.support.GenericWebApplicationContext@29a23c3d'
2025-03-22T16:18:35.569+08:00 DEBUG 75969 --- [Spring] [           main] o.s.b.f.s.DefaultListableBeanFactory     : Autowiring by type from bean name 'jsonMixinModule' via factory method to bean named 'jsonMixinModuleEntries'
2025-03-22T16:18:35.571+08:00 DEBUG 75969 --- [Spring] [           main] o.s.b.f.s.DefaultListableBeanFactory     : Creating shared instance of singleton bean 'jsonComponentModule'
2025-03-22T16:18:35.571+08:00 DEBUG 75969 --- [Spring] [           main] o.s.b.f.s.DefaultListableBeanFactory     : Creating shared instance of singleton bean 'org.springframework.boot.autoconfigure.jackson.JacksonAutoConfiguration'
2025-03-22T16:18:35.576+08:00 DEBUG 75969 --- [Spring] [           main] o.s.b.f.s.DefaultListableBeanFactory     : Creating shared instance of singleton bean 'jacksonGeoModule'
2025-03-22T16:18:35.576+08:00 DEBUG 75969 --- [Spring] [           main] o.s.b.f.s.DefaultListableBeanFactory     : Creating shared instance of singleton bean 'org.springframework.data.web.config.SpringDataJacksonConfiguration'
2025-03-22T16:18:35.580+08:00 DEBUG 75969 --- [Spring] [           main] o.s.b.f.s.DefaultListableBeanFactory     : Creating shared instance of singleton bean 'pageModule'
2025-03-22T16:18:35.584+08:00 DEBUG 75969 --- [Spring] [           main] o.s.b.f.s.DefaultListableBeanFactory     : Creating shared instance of singleton bean 'org.springframework.boot.autoconfigure.jackson.JacksonAutoConfiguration$JacksonObjectMapperBuilderConfiguration'
2025-03-22T16:18:35.585+08:00 DEBUG 75969 --- [Spring] [           main] o.s.b.f.s.DefaultListableBeanFactory     : Creating shared instance of singleton bean 'org.springframework.boot.autoconfigure.jackson.JacksonAutoConfiguration$JacksonObjectMapperConfiguration'
2025-03-22T16:18:35.585+08:00 DEBUG 75969 --- [Spring] [           main] o.s.b.f.s.DefaultListableBeanFactory     : Creating shared instance of singleton bean 'jacksonObjectMapper'
2025-03-22T16:18:35.587+08:00 DEBUG 75969 --- [Spring] [           main] o.s.b.f.s.DefaultListableBeanFactory     : Autowiring by type from bean name 'jacksonObjectMapperBuilder' via factory method to bean named 'org.springframework.web.context.support.GenericWebApplicationContext@29a23c3d'
2025-03-22T16:18:35.587+08:00 DEBUG 75969 --- [Spring] [           main] o.s.b.f.s.DefaultListableBeanFactory     : Autowiring by type from bean name 'jacksonObjectMapperBuilder' via factory method to bean named 'standardJacksonObjectMapperBuilderCustomizer'
2025-03-22T16:18:35.592+08:00 DEBUG 75969 --- [Spring] [           main] o.s.b.f.s.DefaultListableBeanFactory     : Autowiring by type from bean name 'jacksonObjectMapper' via factory method to bean named 'jacksonObjectMapperBuilder'
2025-03-22T16:18:35.619+08:00 DEBUG 75969 --- [Spring] [           main] o.s.b.f.s.DefaultListableBeanFactory     : Creating shared instance of singleton bean 'healthEndpointGroupMembershipValidator'
2025-03-22T16:18:35.620+08:00 DEBUG 75969 --- [Spring] [           main] o.s.b.f.s.DefaultListableBeanFactory     : Autowiring by type from bean name 'healthEndpointGroupMembershipValidator' via factory method to bean named 'management.endpoint.health-org.springframework.boot.actuate.autoconfigure.health.HealthEndpointProperties'
2025-03-22T16:18:35.620+08:00 DEBUG 75969 --- [Spring] [           main] o.s.b.f.s.DefaultListableBeanFactory     : Autowiring by type from bean name 'healthEndpointGroupMembershipValidator' via factory method to bean named 'healthContributorRegistry'
2025-03-22T16:18:35.621+08:00 DEBUG 75969 --- [Spring] [           main] o.s.b.f.s.DefaultListableBeanFactory     : Creating shared instance of singleton bean 'org.springframework.boot.actuate.autoconfigure.health.ReactiveHealthEndpointConfiguration'
2025-03-22T16:18:35.622+08:00 DEBUG 75969 --- [Spring] [           main] o.s.b.f.s.DefaultListableBeanFactory     : Creating shared instance of singleton bean 'reactiveHealthContributorRegistry'
2025-03-22T16:18:35.622+08:00 DEBUG 75969 --- [Spring] [           main] o.s.b.f.s.DefaultListableBeanFactory     : Autowiring by type from bean name 'reactiveHealthContributorRegistry' via factory method to bean named 'sslHealthIndicator'
2025-03-22T16:18:35.622+08:00 DEBUG 75969 --- [Spring] [           main] o.s.b.f.s.DefaultListableBeanFactory     : Autowiring by type from bean name 'reactiveHealthContributorRegistry' via factory method to bean named 'diskSpaceHealthIndicator'
2025-03-22T16:18:35.622+08:00 DEBUG 75969 --- [Spring] [           main] o.s.b.f.s.DefaultListableBeanFactory     : Autowiring by type from bean name 'reactiveHealthContributorRegistry' via factory method to bean named 'pingHealthContributor'
2025-03-22T16:18:35.622+08:00 DEBUG 75969 --- [Spring] [           main] o.s.b.f.s.DefaultListableBeanFactory     : Autowiring by type from bean name 'reactiveHealthContributorRegistry' via factory method to bean named 'dbHealthContributor'
2025-03-22T16:18:35.622+08:00 DEBUG 75969 --- [Spring] [           main] o.s.b.f.s.DefaultListableBeanFactory     : Autowiring by type from bean name 'reactiveHealthContributorRegistry' via factory method to bean named 'refreshScopeHealthIndicator'
2025-03-22T16:18:35.622+08:00 DEBUG 75969 --- [Spring] [           main] o.s.b.f.s.DefaultListableBeanFactory     : Autowiring by type from bean name 'reactiveHealthContributorRegistry' via factory method to bean named 'discoveryCompositeHealthContributor'
2025-03-22T16:18:35.622+08:00 DEBUG 75969 --- [Spring] [           main] o.s.b.f.s.DefaultListableBeanFactory     : Autowiring by type from bean name 'reactiveHealthContributorRegistry' via factory method to bean named 'redisHealthContributor'
2025-03-22T16:18:35.622+08:00 DEBUG 75969 --- [Spring] [           main] o.s.b.f.s.DefaultListableBeanFactory     : Autowiring by type from bean name 'reactiveHealthContributorRegistry' via factory method to bean named 'healthEndpointGroups'
2025-03-22T16:18:35.628+08:00 DEBUG 75969 --- [Spring] [           main] o.s.b.f.s.DefaultListableBeanFactory     : Creating shared instance of singleton bean 'org.springframework.boot.actuate.autoconfigure.health.HealthEndpointAutoConfiguration'
2025-03-22T16:18:35.629+08:00 DEBUG 75969 --- [Spring] [           main] o.s.b.f.s.DefaultListableBeanFactory     : Creating shared instance of singleton bean 'org.springframework.boot.autoconfigure.info.ProjectInfoAutoConfiguration'
2025-03-22T16:18:35.630+08:00 DEBUG 75969 --- [Spring] [           main] o.s.b.f.s.DefaultListableBeanFactory     : Creating shared instance of singleton bean 'spring.info-org.springframework.boot.autoconfigure.info.ProjectInfoProperties'
2025-03-22T16:18:35.631+08:00 DEBUG 75969 --- [Spring] [           main] o.s.b.f.s.DefaultListableBeanFactory     : Autowiring by type from bean name 'org.springframework.boot.autoconfigure.info.ProjectInfoAutoConfiguration' via constructor to bean named 'spring.info-org.springframework.boot.autoconfigure.info.ProjectInfoProperties'
2025-03-22T16:18:35.632+08:00 DEBUG 75969 --- [Spring] [           main] o.s.b.f.s.DefaultListableBeanFactory     : Creating shared instance of singleton bean 'org.springframework.boot.actuate.autoconfigure.info.InfoContributorAutoConfiguration'
2025-03-22T16:18:35.635+08:00 DEBUG 75969 --- [Spring] [           main] o.s.b.f.s.DefaultListableBeanFactory     : Creating shared instance of singleton bean 'management.info-org.springframework.boot.actuate.autoconfigure.info.InfoContributorProperties'
2025-03-22T16:18:35.637+08:00 DEBUG 75969 --- [Spring] [           main] o.s.b.f.s.DefaultListableBeanFactory     : Creating shared instance of singleton bean 'org.springframework.boot.actuate.autoconfigure.web.servlet.ServletManagementContextAutoConfiguration'
2025-03-22T16:18:35.638+08:00 DEBUG 75969 --- [Spring] [           main] o.s.b.f.s.DefaultListableBeanFactory     : Creating shared instance of singleton bean 'servletWebChildContextFactory'
2025-03-22T16:18:35.639+08:00 DEBUG 75969 --- [Spring] [           main] o.s.b.f.s.DefaultListableBeanFactory     : Creating shared instance of singleton bean 'managementServletContext'
2025-03-22T16:18:35.639+08:00 DEBUG 75969 --- [Spring] [           main] o.s.b.f.s.DefaultListableBeanFactory     : Autowiring by type from bean name 'managementServletContext' via factory method to bean named 'management.endpoints.web-org.springframework.boot.actuate.autoconfigure.endpoint.web.WebEndpointProperties'
2025-03-22T16:18:35.641+08:00 DEBUG 75969 --- [Spring] [           main] o.s.b.f.s.DefaultListableBeanFactory     : Creating shared instance of singleton bean 'org.springframework.boot.autoconfigure.data.redis.RedisReactiveAutoConfiguration'
2025-03-22T16:18:35.642+08:00 DEBUG 75969 --- [Spring] [           main] o.s.b.f.s.DefaultListableBeanFactory     : Creating shared instance of singleton bean 'reactiveRedisTemplate'
2025-03-22T16:18:35.642+08:00 DEBUG 75969 --- [Spring] [           main] o.s.b.f.s.DefaultListableBeanFactory     : Autowiring by type from bean name 'reactiveRedisTemplate' via factory method to bean named 'redisConnectionFactory'
2025-03-22T16:18:35.642+08:00 DEBUG 75969 --- [Spring] [           main] o.s.b.f.s.DefaultListableBeanFactory     : Autowiring by type from bean name 'reactiveRedisTemplate' via factory method to bean named 'org.springframework.web.context.support.GenericWebApplicationContext@29a23c3d'
2025-03-22T16:18:35.667+08:00 DEBUG 75969 --- [Spring] [           main] o.s.b.f.s.DefaultListableBeanFactory     : Creating shared instance of singleton bean 'reactiveStringRedisTemplate'
2025-03-22T16:18:35.667+08:00 DEBUG 75969 --- [Spring] [           main] o.s.b.f.s.DefaultListableBeanFactory     : Autowiring by type from bean name 'reactiveStringRedisTemplate' via factory method to bean named 'redisConnectionFactory'
2025-03-22T16:18:35.670+08:00 DEBUG 75969 --- [Spring] [           main] o.s.b.f.s.DefaultListableBeanFactory     : Creating shared instance of singleton bean 'org.springframework.boot.actuate.autoconfigure.data.redis.RedisHealthContributorAutoConfiguration'
2025-03-22T16:18:35.673+08:00 DEBUG 75969 --- [Spring] [           main] o.s.b.f.s.DefaultListableBeanFactory     : Creating shared instance of singleton bean 'org.springframework.boot.actuate.autoconfigure.endpoint.jackson.JacksonEndpointAutoConfiguration'
2025-03-22T16:18:35.673+08:00 DEBUG 75969 --- [Spring] [           main] o.s.b.f.s.DefaultListableBeanFactory     : Creating shared instance of singleton bean 'endpointObjectMapper'
2025-03-22T16:18:35.676+08:00 DEBUG 75969 --- [Spring] [           main] o.s.b.f.s.DefaultListableBeanFactory     : Creating shared instance of singleton bean 'pathMappedEndpoints'
2025-03-22T16:18:35.677+08:00 DEBUG 75969 --- [Spring] [           main] o.s.b.f.s.DefaultListableBeanFactory     : Autowiring by type from bean name 'pathMappedEndpoints' via factory method to bean named 'servletEndpointDiscoverer'
2025-03-22T16:18:35.677+08:00 DEBUG 75969 --- [Spring] [           main] o.s.b.f.s.DefaultListableBeanFactory     : Autowiring by type from bean name 'pathMappedEndpoints' via factory method to bean named 'webEndpointDiscoverer'
2025-03-22T16:18:35.677+08:00 DEBUG 75969 --- [Spring] [           main] o.s.b.f.s.DefaultListableBeanFactory     : Autowiring by type from bean name 'pathMappedEndpoints' via factory method to bean named 'controllerEndpointDiscoverer'
2025-03-22T16:18:35.680+08:00 DEBUG 75969 --- [Spring] [           main] o.s.b.f.s.DefaultListableBeanFactory     : Creating shared instance of singleton bean 'org.springframework.cloud.autoconfigure.LifecycleMvcEndpointAutoConfiguration'
2025-03-22T16:18:35.681+08:00 DEBUG 75969 --- [Spring] [           main] o.s.b.f.s.DefaultListableBeanFactory     : Creating shared instance of singleton bean 'environmentManager'
2025-03-22T16:18:35.681+08:00 DEBUG 75969 --- [Spring] [           main] o.s.b.f.s.DefaultListableBeanFactory     : Autowiring by type from bean name 'environmentManager' via factory method to bean named 'environment'
2025-03-22T16:18:35.682+08:00 DEBUG 75969 --- [Spring] [           main] o.s.b.f.s.DefaultListableBeanFactory     : Creating shared instance of singleton bean 'org.springframework.boot.actuate.autoconfigure.metrics.JvmMetricsAutoConfiguration'
2025-03-22T16:18:35.684+08:00 DEBUG 75969 --- [Spring] [           main] o.s.b.f.s.DefaultListableBeanFactory     : Creating shared instance of singleton bean 'jvmGcMetrics'
2025-03-22T16:18:35.691+08:00 DEBUG 75969 --- [Spring] [           main] o.s.b.f.s.DefaultListableBeanFactory     : Creating shared instance of singleton bean 'jvmHeapPressureMetrics'
2025-03-22T16:18:35.695+08:00 DEBUG 75969 --- [Spring] [           main] o.s.b.f.s.DefaultListableBeanFactory     : Creating shared instance of singleton bean 'jvmMemoryMetrics'
2025-03-22T16:18:35.696+08:00 DEBUG 75969 --- [Spring] [           main] o.s.b.f.s.DefaultListableBeanFactory     : Creating shared instance of singleton bean 'jvmThreadMetrics'
2025-03-22T16:18:35.698+08:00 DEBUG 75969 --- [Spring] [           main] o.s.b.f.s.DefaultListableBeanFactory     : Creating shared instance of singleton bean 'classLoaderMetrics'
2025-03-22T16:18:35.699+08:00 DEBUG 75969 --- [Spring] [           main] o.s.b.f.s.DefaultListableBeanFactory     : Creating shared instance of singleton bean 'jvmInfoMetrics'
2025-03-22T16:18:35.701+08:00 DEBUG 75969 --- [Spring] [           main] o.s.b.f.s.DefaultListableBeanFactory     : Creating shared instance of singleton bean 'jvmCompilationMetrics'
2025-03-22T16:18:35.701+08:00 DEBUG 75969 --- [Spring] [           main] o.s.b.f.s.DefaultListableBeanFactory     : Creating shared instance of singleton bean 'org.springframework.boot.actuate.autoconfigure.metrics.LogbackMetricsAutoConfiguration'
2025-03-22T16:18:35.702+08:00 DEBUG 75969 --- [Spring] [           main] o.s.b.f.s.DefaultListableBeanFactory     : Creating shared instance of singleton bean 'logbackMetrics'
2025-03-22T16:18:35.705+08:00 DEBUG 75969 --- [Spring] [           main] o.s.b.f.s.DefaultListableBeanFactory     : Creating shared instance of singleton bean 'org.springframework.boot.actuate.autoconfigure.metrics.SystemMetricsAutoConfiguration'
2025-03-22T16:18:35.707+08:00 DEBUG 75969 --- [Spring] [           main] o.s.b.f.s.DefaultListableBeanFactory     : Creating shared instance of singleton bean 'uptimeMetrics'
2025-03-22T16:18:35.708+08:00 DEBUG 75969 --- [Spring] [           main] o.s.b.f.s.DefaultListableBeanFactory     : Creating shared instance of singleton bean 'processorMetrics'
2025-03-22T16:18:35.717+08:00 DEBUG 75969 --- [Spring] [           main] o.s.b.f.s.DefaultListableBeanFactory     : Creating shared instance of singleton bean 'fileDescriptorMetrics'
2025-03-22T16:18:35.719+08:00 DEBUG 75969 --- [Spring] [           main] o.s.b.f.s.DefaultListableBeanFactory     : Creating shared instance of singleton bean 'diskSpaceMetrics'
2025-03-22T16:18:35.719+08:00 DEBUG 75969 --- [Spring] [           main] o.s.b.f.s.DefaultListableBeanFactory     : Autowiring by type from bean name 'diskSpaceMetrics' via factory method to bean named 'management.metrics-org.springframework.boot.actuate.autoconfigure.metrics.MetricsProperties'
2025-03-22T16:18:35.720+08:00 DEBUG 75969 --- [Spring] [           main] o.s.b.f.s.DefaultListableBeanFactory     : Creating shared instance of singleton bean 'org.springframework.boot.actuate.autoconfigure.metrics.cache.CacheMeterBinderProvidersConfiguration$RedisCacheMeterBinderProviderConfiguration'
2025-03-22T16:18:35.721+08:00 DEBUG 75969 --- [Spring] [           main] o.s.b.f.s.DefaultListableBeanFactory     : Creating shared instance of singleton bean 'redisCacheMeterBinderProvider'
2025-03-22T16:18:35.722+08:00 DEBUG 75969 --- [Spring] [           main] o.s.b.f.s.DefaultListableBeanFactory     : Creating shared instance of singleton bean 'org.springframework.boot.actuate.autoconfigure.metrics.cache.CacheMeterBinderProvidersConfiguration'
2025-03-22T16:18:35.723+08:00 DEBUG 75969 --- [Spring] [           main] o.s.b.f.s.DefaultListableBeanFactory     : Creating shared instance of singleton bean 'org.springframework.boot.actuate.autoconfigure.metrics.cache.CacheMetricsRegistrarConfiguration'
2025-03-22T16:18:35.725+08:00 DEBUG 75969 --- [Spring] [           main] o.s.b.f.s.DefaultListableBeanFactory     : Autowiring by type from bean name 'org.springframework.boot.actuate.autoconfigure.metrics.cache.CacheMetricsRegistrarConfiguration' via constructor to bean named 'simpleMeterRegistry'
2025-03-22T16:18:35.726+08:00 DEBUG 75969 --- [Spring] [           main] o.s.b.f.s.DefaultListableBeanFactory     : Autowiring by type from bean name 'org.springframework.boot.actuate.autoconfigure.metrics.cache.CacheMetricsRegistrarConfiguration' via constructor to bean named 'redisCacheMeterBinderProvider'
2025-03-22T16:18:35.726+08:00 DEBUG 75969 --- [Spring] [           main] o.s.b.f.s.DefaultListableBeanFactory     : Autowiring by type from bean name 'org.springframework.boot.actuate.autoconfigure.metrics.cache.CacheMetricsRegistrarConfiguration' via constructor to bean named 'org.springframework.beans.factory.support.DefaultListableBeanFactory@47e4d9d0'
2025-03-22T16:18:35.732+08:00 DEBUG 75969 --- [Spring] [           main] o.s.b.f.s.DefaultListableBeanFactory     : Creating shared instance of singleton bean 'cacheMetricsRegistrar'
2025-03-22T16:18:35.733+08:00 DEBUG 75969 --- [Spring] [           main] o.s.b.f.s.DefaultListableBeanFactory     : Creating shared instance of singleton bean 'org.springframework.boot.actuate.autoconfigure.metrics.cache.CacheMetricsAutoConfiguration'
2025-03-22T16:18:35.733+08:00 DEBUG 75969 --- [Spring] [           main] o.s.b.f.s.DefaultListableBeanFactory     : Creating shared instance of singleton bean 'org.springframework.boot.actuate.autoconfigure.metrics.data.RepositoryMetricsAutoConfiguration'
2025-03-22T16:18:35.734+08:00 DEBUG 75969 --- [Spring] [           main] o.s.b.f.s.DefaultListableBeanFactory     : Autowiring by type from bean name 'org.springframework.boot.actuate.autoconfigure.metrics.data.RepositoryMetricsAutoConfiguration' via constructor to bean named 'management.metrics-org.springframework.boot.actuate.autoconfigure.metrics.MetricsProperties'
2025-03-22T16:18:35.734+08:00 DEBUG 75969 --- [Spring] [           main] o.s.b.f.s.DefaultListableBeanFactory     : Creating shared instance of singleton bean 'repositoryTagsProvider'
2025-03-22T16:18:35.736+08:00 DEBUG 75969 --- [Spring] [           main] o.s.b.f.s.DefaultListableBeanFactory     : Creating shared instance of singleton bean 'metricsRepositoryMethodInvocationListener'
2025-03-22T16:18:35.737+08:00 DEBUG 75969 --- [Spring] [           main] o.s.b.f.s.DefaultListableBeanFactory     : Autowiring by type from bean name 'metricsRepositoryMethodInvocationListener' via factory method to bean named 'repositoryTagsProvider'
2025-03-22T16:18:35.739+08:00 DEBUG 75969 --- [Spring] [           main] o.s.b.f.s.DefaultListableBeanFactory     : Creating shared instance of singleton bean 'org.springframework.boot.actuate.autoconfigure.metrics.integration.IntegrationMetricsAutoConfiguration'
2025-03-22T16:18:35.740+08:00 DEBUG 75969 --- [Spring] [           main] o.s.b.f.s.DefaultListableBeanFactory     : Creating shared instance of singleton bean 'org.springframework.boot.actuate.autoconfigure.metrics.jdbc.DataSourcePoolMetricsAutoConfiguration$HikariDataSourceMetricsConfiguration'
2025-03-22T16:18:35.740+08:00 DEBUG 75969 --- [Spring] [           main] o.s.b.f.s.DefaultListableBeanFactory     : Creating shared instance of singleton bean 'hikariDataSourceMeterBinder'
2025-03-22T16:18:35.743+08:00 DEBUG 75969 --- [Spring] [           main] o.s.b.f.s.DefaultListableBeanFactory     : Creating shared instance of singleton bean 'org.springframework.boot.actuate.autoconfigure.metrics.jdbc.DataSourcePoolMetricsAutoConfiguration$DataSourcePoolMetadataMetricsConfiguration'
2025-03-22T16:18:35.744+08:00 DEBUG 75969 --- [Spring] [           main] o.s.b.f.s.DefaultListableBeanFactory     : Creating shared instance of singleton bean 'dataSourcePoolMetadataMeterBinder'
2025-03-22T16:18:35.745+08:00 DEBUG 75969 --- [Spring] [           main] o.s.b.f.s.DefaultListableBeanFactory     : Autowiring by type from bean name 'dataSourcePoolMetadataMeterBinder' via factory method to bean named 'org.springframework.beans.factory.support.DefaultListableBeanFactory@47e4d9d0'
2025-03-22T16:18:35.746+08:00 DEBUG 75969 --- [Spring] [           main] o.s.b.f.s.DefaultListableBeanFactory     : Creating shared instance of singleton bean 'org.springframework.boot.actuate.autoconfigure.metrics.jdbc.DataSourcePoolMetricsAutoConfiguration'
2025-03-22T16:18:35.746+08:00 DEBUG 75969 --- [Spring] [           main] o.s.b.f.s.DefaultListableBeanFactory     : Creating shared instance of singleton bean 'org.springframework.boot.actuate.autoconfigure.metrics.startup.StartupTimeMetricsListenerAutoConfiguration'
2025-03-22T16:18:35.747+08:00 DEBUG 75969 --- [Spring] [           main] o.s.b.f.s.DefaultListableBeanFactory     : Creating shared instance of singleton bean 'startupTimeMetrics'
2025-03-22T16:18:35.747+08:00 DEBUG 75969 --- [Spring] [           main] o.s.b.f.s.DefaultListableBeanFactory     : Autowiring by type from bean name 'startupTimeMetrics' via factory method to bean named 'simpleMeterRegistry'
2025-03-22T16:18:35.749+08:00 DEBUG 75969 --- [Spring] [           main] o.s.b.f.s.DefaultListableBeanFactory     : Creating shared instance of singleton bean 'org.springframework.boot.autoconfigure.task.TaskSchedulingConfigurations$ThreadPoolTaskSchedulerBuilderConfiguration'
2025-03-22T16:18:35.750+08:00 DEBUG 75969 --- [Spring] [           main] o.s.b.f.s.DefaultListableBeanFactory     : Creating shared instance of singleton bean 'threadPoolTaskSchedulerBuilder'
2025-03-22T16:18:35.751+08:00 DEBUG 75969 --- [Spring] [           main] o.s.b.f.s.DefaultListableBeanFactory     : Creating shared instance of singleton bean 'spring.task.scheduling-org.springframework.boot.autoconfigure.task.TaskSchedulingProperties'
2025-03-22T16:18:35.753+08:00 DEBUG 75969 --- [Spring] [           main] o.s.b.f.s.DefaultListableBeanFactory     : Autowiring by type from bean name 'threadPoolTaskSchedulerBuilder' via factory method to bean named 'spring.task.scheduling-org.springframework.boot.autoconfigure.task.TaskSchedulingProperties'
2025-03-22T16:18:35.755+08:00 DEBUG 75969 --- [Spring] [           main] o.s.b.f.s.DefaultListableBeanFactory     : Creating shared instance of singleton bean 'org.springframework.boot.autoconfigure.task.TaskSchedulingConfigurations$SimpleAsyncTaskSchedulerBuilderConfiguration'
2025-03-22T16:18:35.756+08:00 DEBUG 75969 --- [Spring] [           main] o.s.b.f.s.DefaultListableBeanFactory     : Autowiring by type from bean name 'org.springframework.boot.autoconfigure.task.TaskSchedulingConfigurations$SimpleAsyncTaskSchedulerBuilderConfiguration' via constructor to bean named 'spring.task.scheduling-org.springframework.boot.autoconfigure.task.TaskSchedulingProperties'
2025-03-22T16:18:35.757+08:00 DEBUG 75969 --- [Spring] [           main] o.s.b.f.s.DefaultListableBeanFactory     : Creating shared instance of singleton bean 'simpleAsyncTaskSchedulerBuilder'
2025-03-22T16:18:35.760+08:00 DEBUG 75969 --- [Spring] [           main] o.s.b.f.s.DefaultListableBeanFactory     : Creating shared instance of singleton bean 'org.springframework.boot.autoconfigure.task.TaskSchedulingConfigurations$TaskSchedulerConfiguration'
2025-03-22T16:18:35.761+08:00 DEBUG 75969 --- [Spring] [           main] o.s.b.f.s.DefaultListableBeanFactory     : Creating shared instance of singleton bean 'taskScheduler'
2025-03-22T16:18:35.761+08:00 DEBUG 75969 --- [Spring] [           main] o.s.b.f.s.DefaultListableBeanFactory     : Autowiring by type from bean name 'taskScheduler' via factory method to bean named 'threadPoolTaskSchedulerBuilder'
2025-03-22T16:18:35.765+08:00 DEBUG 75969 --- [Spring] [           main] o.s.s.c.ThreadPoolTaskScheduler          : Initializing ExecutorService 'taskScheduler'
2025-03-22T16:18:35.775+08:00 DEBUG 75969 --- [Spring] [           main] o.s.b.f.s.DefaultListableBeanFactory     : Creating shared instance of singleton bean 'org.springframework.boot.autoconfigure.task.TaskSchedulingAutoConfiguration'
2025-03-22T16:18:35.776+08:00 DEBUG 75969 --- [Spring] [           main] o.s.b.f.s.DefaultListableBeanFactory     : Creating shared instance of singleton bean 'scheduledBeanLazyInitializationExcludeFilter'
2025-03-22T16:18:35.778+08:00 DEBUG 75969 --- [Spring] [           main] o.s.b.f.s.DefaultListableBeanFactory     : Creating shared instance of singleton bean 'org.springframework.boot.actuate.autoconfigure.metrics.task.TaskExecutorMetricsAutoConfiguration'
2025-03-22T16:18:35.779+08:00 DEBUG 75969 --- [Spring] [           main] o.s.b.f.s.DefaultListableBeanFactory     : Creating shared instance of singleton bean 'applicationTaskExecutor'
2025-03-22T16:18:35.779+08:00 DEBUG 75969 --- [Spring] [           main] o.s.b.f.s.DefaultListableBeanFactory     : Autowiring by type from bean name 'applicationTaskExecutor' via factory method to bean named 'threadPoolTaskExecutorBuilder'
2025-03-22T16:18:35.782+08:00 DEBUG 75969 --- [Spring] [           main] o.s.s.concurrent.ThreadPoolTaskExecutor  : Initializing ExecutorService 'applicationTaskExecutor'
2025-03-22T16:18:35.803+08:00 DEBUG 75969 --- [Spring] [           main] o.s.b.f.s.DefaultListableBeanFactory     : Creating shared instance of singleton bean 'eagerTaskExecutorMetrics'
2025-03-22T16:18:35.806+08:00 DEBUG 75969 --- [Spring] [           main] o.s.b.f.s.DefaultListableBeanFactory     : Creating shared instance of singleton bean 'org.springframework.boot.actuate.autoconfigure.metrics.web.tomcat.TomcatMetricsAutoConfiguration'
2025-03-22T16:18:35.806+08:00 DEBUG 75969 --- [Spring] [           main] o.s.b.f.s.DefaultListableBeanFactory     : Creating shared instance of singleton bean 'tomcatMetricsBinder'
2025-03-22T16:18:35.807+08:00 DEBUG 75969 --- [Spring] [           main] o.s.b.f.s.DefaultListableBeanFactory     : Autowiring by type from bean name 'tomcatMetricsBinder' via factory method to bean named 'simpleMeterRegistry'
2025-03-22T16:18:35.808+08:00 DEBUG 75969 --- [Spring] [           main] o.s.b.f.s.DefaultListableBeanFactory     : Creating shared instance of singleton bean 'org.springframework.boot.actuate.autoconfigure.observation.ObservationAutoConfiguration$ObservedAspectConfiguration'
2025-03-22T16:18:35.809+08:00 DEBUG 75969 --- [Spring] [           main] o.s.b.f.s.DefaultListableBeanFactory     : Creating shared instance of singleton bean 'observedAspect'
2025-03-22T16:18:35.809+08:00 DEBUG 75969 --- [Spring] [           main] o.s.b.f.s.DefaultListableBeanFactory     : Autowiring by type from bean name 'observedAspect' via factory method to bean named 'observationRegistry'
2025-03-22T16:18:35.810+08:00 DEBUG 75969 --- [Spring] [           main] o.s.b.f.s.DefaultListableBeanFactory     : Creating shared instance of singleton bean 'org.springframework.boot.actuate.autoconfigure.observation.ObservationAutoConfiguration$MeterObservationHandlerConfiguration'
2025-03-22T16:18:35.811+08:00 DEBUG 75969 --- [Spring] [           main] o.s.b.f.s.DefaultListableBeanFactory     : Creating shared instance of singleton bean 'org.springframework.boot.autoconfigure.http.HttpMessageConvertersAutoConfiguration$StringHttpMessageConverterConfiguration'
2025-03-22T16:18:35.812+08:00 DEBUG 75969 --- [Spring] [           main] o.s.b.f.s.DefaultListableBeanFactory     : Creating shared instance of singleton bean 'stringHttpMessageConverter'
2025-03-22T16:18:35.812+08:00 DEBUG 75969 --- [Spring] [           main] o.s.b.f.s.DefaultListableBeanFactory     : Autowiring by type from bean name 'stringHttpMessageConverter' via factory method to bean named 'environment'
2025-03-22T16:18:35.818+08:00 DEBUG 75969 --- [Spring] [           main] o.s.b.f.s.DefaultListableBeanFactory     : Creating shared instance of singleton bean 'org.springframework.boot.autoconfigure.http.JacksonHttpMessageConvertersConfiguration$MappingJackson2HttpMessageConverterConfiguration'
2025-03-22T16:18:35.819+08:00 DEBUG 75969 --- [Spring] [           main] o.s.b.f.s.DefaultListableBeanFactory     : Creating shared instance of singleton bean 'mappingJackson2HttpMessageConverter'
2025-03-22T16:18:35.819+08:00 DEBUG 75969 --- [Spring] [           main] o.s.b.f.s.DefaultListableBeanFactory     : Autowiring by type from bean name 'mappingJackson2HttpMessageConverter' via factory method to bean named 'jacksonObjectMapper'
2025-03-22T16:18:35.826+08:00 DEBUG 75969 --- [Spring] [           main] o.s.b.f.s.DefaultListableBeanFactory     : Creating shared instance of singleton bean 'org.springframework.boot.autoconfigure.http.JacksonHttpMessageConvertersConfiguration'
2025-03-22T16:18:35.827+08:00 DEBUG 75969 --- [Spring] [           main] o.s.b.f.s.DefaultListableBeanFactory     : Creating shared instance of singleton bean 'org.springframework.boot.autoconfigure.http.HttpMessageConvertersAutoConfiguration'
2025-03-22T16:18:35.828+08:00 DEBUG 75969 --- [Spring] [           main] o.s.b.f.s.DefaultListableBeanFactory     : Creating shared instance of singleton bean 'messageConverters'
2025-03-22T16:18:35.834+08:00 DEBUG 75969 --- [Spring] [           main] o.s.b.f.s.DefaultListableBeanFactory     : Creating shared instance of singleton bean 'org.springframework.boot.autoconfigure.http.client.HttpClientAutoConfiguration'
2025-03-22T16:18:35.835+08:00 DEBUG 75969 --- [Spring] [           main] o.s.b.f.s.DefaultListableBeanFactory     : Creating shared instance of singleton bean 'clientHttpRequestFactoryBuilder'
2025-03-22T16:18:35.836+08:00 DEBUG 75969 --- [Spring] [           main] o.s.b.f.s.DefaultListableBeanFactory     : Creating shared instance of singleton bean 'spring.http.client-org.springframework.boot.autoconfigure.http.client.HttpClientProperties'
2025-03-22T16:18:35.838+08:00 DEBUG 75969 --- [Spring] [           main] o.s.b.f.s.DefaultListableBeanFactory     : Autowiring by type from bean name 'clientHttpRequestFactoryBuilder' via factory method to bean named 'spring.http.client-org.springframework.boot.autoconfigure.http.client.HttpClientProperties'
2025-03-22T16:18:35.847+08:00 DEBUG 75969 --- [Spring] [           main] o.s.b.f.s.DefaultListableBeanFactory     : Creating shared instance of singleton bean 'clientHttpRequestFactorySettings'
2025-03-22T16:18:35.848+08:00 DEBUG 75969 --- [Spring] [           main] o.s.b.f.s.DefaultListableBeanFactory     : Autowiring by type from bean name 'clientHttpRequestFactorySettings' via factory method to bean named 'spring.http.client-org.springframework.boot.autoconfigure.http.client.HttpClientProperties'
2025-03-22T16:18:35.850+08:00 DEBUG 75969 --- [Spring] [           main] o.s.b.f.s.DefaultListableBeanFactory     : Creating shared instance of singleton bean 'org.springframework.boot.autoconfigure.web.client.RestClientAutoConfiguration'
2025-03-22T16:18:35.851+08:00 DEBUG 75969 --- [Spring] [           main] o.s.b.f.s.DefaultListableBeanFactory     : Creating shared instance of singleton bean 'httpMessageConvertersRestClientCustomizer'
2025-03-22T16:18:35.852+08:00 DEBUG 75969 --- [Spring] [           main] o.s.b.f.s.DefaultListableBeanFactory     : Creating shared instance of singleton bean 'restClientSsl'
2025-03-22T16:18:35.852+08:00 DEBUG 75969 --- [Spring] [           main] o.s.b.f.s.DefaultListableBeanFactory     : Autowiring by type from bean name 'restClientSsl' via factory method to bean named 'sslBundleRegistry'
2025-03-22T16:18:35.853+08:00 DEBUG 75969 --- [Spring] [           main] o.s.b.f.s.DefaultListableBeanFactory     : Creating shared instance of singleton bean 'restClientBuilderConfigurer'
2025-03-22T16:18:35.854+08:00 DEBUG 75969 --- [Spring] [           main] o.s.b.f.s.DefaultListableBeanFactory     : Creating shared instance of singleton bean 'observationRestClientCustomizer'
2025-03-22T16:18:35.854+08:00 DEBUG 75969 --- [Spring] [           main] o.s.b.f.s.DefaultListableBeanFactory     : Creating shared instance of singleton bean 'org.springframework.boot.actuate.autoconfigure.observation.web.client.RestClientObservationConfiguration'
2025-03-22T16:18:35.855+08:00 DEBUG 75969 --- [Spring] [           main] o.s.b.f.s.DefaultListableBeanFactory     : Autowiring by type from bean name 'observationRestClientCustomizer' via factory method to bean named 'observationRegistry'
2025-03-22T16:18:35.855+08:00 DEBUG 75969 --- [Spring] [           main] o.s.b.f.s.DefaultListableBeanFactory     : Autowiring by type from bean name 'observationRestClientCustomizer' via factory method to bean named 'management.observations-org.springframework.boot.actuate.autoconfigure.observation.ObservationProperties'
2025-03-22T16:18:35.858+08:00 DEBUG 75969 --- [Spring] [           main] o.s.b.f.s.DefaultListableBeanFactory     : Creating shared instance of singleton bean 'org.springframework.boot.autoconfigure.web.client.RestTemplateAutoConfiguration'
2025-03-22T16:18:35.859+08:00 DEBUG 75969 --- [Spring] [           main] o.s.b.f.s.DefaultListableBeanFactory     : Creating shared instance of singleton bean 'org.springframework.boot.actuate.autoconfigure.observation.web.client.RestTemplateObservationConfiguration'
2025-03-22T16:18:35.859+08:00 DEBUG 75969 --- [Spring] [           main] o.s.b.f.s.DefaultListableBeanFactory     : Creating shared instance of singleton bean 'observationRestTemplateCustomizer'
2025-03-22T16:18:35.859+08:00 DEBUG 75969 --- [Spring] [           main] o.s.b.f.s.DefaultListableBeanFactory     : Autowiring by type from bean name 'observationRestTemplateCustomizer' via factory method to bean named 'observationRegistry'
2025-03-22T16:18:35.859+08:00 DEBUG 75969 --- [Spring] [           main] o.s.b.f.s.DefaultListableBeanFactory     : Autowiring by type from bean name 'observationRestTemplateCustomizer' via factory method to bean named 'management.observations-org.springframework.boot.actuate.autoconfigure.observation.ObservationProperties'
2025-03-22T16:18:35.860+08:00 DEBUG 75969 --- [Spring] [           main] o.s.b.f.s.DefaultListableBeanFactory     : Creating shared instance of singleton bean 'org.springframework.boot.actuate.autoconfigure.observation.web.client.HttpClientObservationsAutoConfiguration'
2025-03-22T16:18:35.861+08:00 DEBUG 75969 --- [Spring] [           main] o.s.b.f.s.DefaultListableBeanFactory     : Creating shared instance of singleton bean 'org.springframework.boot.actuate.autoconfigure.observation.web.servlet.WebMvcObservationAutoConfiguration'
2025-03-22T16:18:35.861+08:00 DEBUG 75969 --- [Spring] [           main] o.s.b.f.s.DefaultListableBeanFactory     : Creating shared instance of singleton bean 'webMvcObservationFilter'
2025-03-22T16:18:35.861+08:00 DEBUG 75969 --- [Spring] [           main] o.s.b.f.s.DefaultListableBeanFactory     : Autowiring by type from bean name 'webMvcObservationFilter' via factory method to bean named 'observationRegistry'
2025-03-22T16:18:35.861+08:00 DEBUG 75969 --- [Spring] [           main] o.s.b.f.s.DefaultListableBeanFactory     : Autowiring by type from bean name 'webMvcObservationFilter' via factory method to bean named 'management.observations-org.springframework.boot.actuate.autoconfigure.observation.ObservationProperties'
2025-03-22T16:18:35.868+08:00 DEBUG 75969 --- [Spring] [           main] o.s.b.f.s.DefaultListableBeanFactory     : Creating shared instance of singleton bean 'org.springframework.boot.actuate.autoconfigure.scheduling.ScheduledTasksObservabilityAutoConfiguration'
2025-03-22T16:18:35.869+08:00 DEBUG 75969 --- [Spring] [           main] o.s.b.f.s.DefaultListableBeanFactory     : Creating shared instance of singleton bean 'observabilitySchedulingConfigurer'
2025-03-22T16:18:35.869+08:00 DEBUG 75969 --- [Spring] [           main] o.s.b.f.s.DefaultListableBeanFactory     : Autowiring by type from bean name 'observabilitySchedulingConfigurer' via factory method to bean named 'observationRegistry'
2025-03-22T16:18:35.870+08:00 DEBUG 75969 --- [Spring] [           main] o.s.b.f.s.DefaultListableBeanFactory     : Creating shared instance of singleton bean 'org.springframework.boot.autoconfigure.aop.AopAutoConfiguration$AspectJAutoProxyingConfiguration$CglibAutoProxyConfiguration'
2025-03-22T16:18:35.870+08:00 DEBUG 75969 --- [Spring] [           main] o.s.b.f.s.DefaultListableBeanFactory     : Creating shared instance of singleton bean 'org.springframework.boot.autoconfigure.aop.AopAutoConfiguration$AspectJAutoProxyingConfiguration'
2025-03-22T16:18:35.870+08:00 DEBUG 75969 --- [Spring] [           main] o.s.b.f.s.DefaultListableBeanFactory     : Creating shared instance of singleton bean 'org.springframework.boot.autoconfigure.aop.AopAutoConfiguration'
2025-03-22T16:18:35.870+08:00 DEBUG 75969 --- [Spring] [           main] o.s.b.f.s.DefaultListableBeanFactory     : Creating shared instance of singleton bean 'org.springframework.boot.autoconfigure.context.ConfigurationPropertiesAutoConfiguration'
2025-03-22T16:18:35.871+08:00 DEBUG 75969 --- [Spring] [           main] o.s.b.f.s.DefaultListableBeanFactory     : Creating shared instance of singleton bean 'org.springframework.boot.autoconfigure.context.LifecycleAutoConfiguration'
2025-03-22T16:18:35.871+08:00 DEBUG 75969 --- [Spring] [           main] o.s.b.f.s.DefaultListableBeanFactory     : Creating shared instance of singleton bean 'lifecycleProcessor'
2025-03-22T16:18:35.872+08:00 DEBUG 75969 --- [Spring] [           main] o.s.b.f.s.DefaultListableBeanFactory     : Creating shared instance of singleton bean 'spring.lifecycle-org.springframework.boot.autoconfigure.context.LifecycleProperties'
2025-03-22T16:18:35.873+08:00 DEBUG 75969 --- [Spring] [           main] o.s.b.f.s.DefaultListableBeanFactory     : Autowiring by type from bean name 'lifecycleProcessor' via factory method to bean named 'spring.lifecycle-org.springframework.boot.autoconfigure.context.LifecycleProperties'
2025-03-22T16:18:35.876+08:00 DEBUG 75969 --- [Spring] [           main] o.s.b.f.s.DefaultListableBeanFactory     : Creating shared instance of singleton bean 'org.springframework.boot.autoconfigure.dao.PersistenceExceptionTranslationAutoConfiguration'
2025-03-22T16:18:35.876+08:00 DEBUG 75969 --- [Spring] [           main] o.s.b.f.s.DefaultListableBeanFactory     : Creating shared instance of singleton bean 'org.springframework.boot.autoconfigure.data.jpa.JpaRepositoriesAutoConfiguration'
2025-03-22T16:18:35.877+08:00 DEBUG 75969 --- [Spring] [           main] o.s.b.f.s.DefaultListableBeanFactory     : Creating shared instance of singleton bean 'jpaSharedEM_entityManagerFactory'
2025-03-22T16:18:35.915+08:00 DEBUG 75969 --- [Spring] [           main] o.s.b.f.s.DefaultListableBeanFactory     : Creating shared instance of singleton bean 'org.springframework.data.jpa.util.JpaMetamodelCacheCleanup'
2025-03-22T16:18:35.915+08:00 DEBUG 75969 --- [Spring] [           main] o.s.b.f.s.DefaultListableBeanFactory     : Creating shared instance of singleton bean 'org.springframework.data.jpa.repository.support.JpaEvaluationContextExtension'
2025-03-22T16:18:35.917+08:00 DEBUG 75969 --- [Spring] [           main] o.s.b.f.s.DefaultListableBeanFactory     : Creating shared instance of singleton bean 'data-jpa.repository-aot-processor#0'
2025-03-22T16:18:35.921+08:00 DEBUG 75969 --- [Spring] [           main] o.s.b.f.s.DefaultListableBeanFactory     : Creating shared instance of singleton bean 'org.springframework.boot.autoconfigure.data.redis.RedisRepositoriesAutoConfiguration'
2025-03-22T16:18:35.921+08:00 DEBUG 75969 --- [Spring] [           main] o.s.b.f.s.DefaultListableBeanFactory     : Creating shared instance of singleton bean 'redisIndexConfiguration#0'
2025-03-22T16:18:35.922+08:00 DEBUG 75969 --- [Spring] [           main] o.s.b.f.s.DefaultListableBeanFactory     : Creating shared instance of singleton bean 'redisKeyspaceConfiguration#0'
2025-03-22T16:18:35.923+08:00 DEBUG 75969 --- [Spring] [           main] o.s.b.f.s.DefaultListableBeanFactory     : Creating shared instance of singleton bean 'redisMappingConfiguration#0'
2025-03-22T16:18:35.924+08:00 DEBUG 75969 --- [Spring] [           main] o.s.b.f.s.DefaultListableBeanFactory     : Creating shared instance of singleton bean 'keyValueMappingContext'
2025-03-22T16:18:35.934+08:00 DEBUG 75969 --- [Spring] [           main] o.s.b.f.s.DefaultListableBeanFactory     : Creating shared instance of singleton bean 'redisCustomConversions'
2025-03-22T16:18:35.935+08:00 DEBUG 75969 --- [Spring] [           main] o.s.data.convert.CustomConversions       : Adding converter from class java.lang.String to class [B as writing converter
2025-03-22T16:18:35.935+08:00 DEBUG 75969 --- [Spring] [           main] o.s.data.convert.CustomConversions       : Adding converter from class [B to class java.lang.String as reading converter
2025-03-22T16:18:35.935+08:00 DEBUG 75969 --- [Spring] [           main] o.s.data.convert.CustomConversions       : Adding converter from class java.lang.Number to class [B as writing converter
2025-03-22T16:18:35.935+08:00 DEBUG 75969 --- [Spring] [           main] o.s.data.convert.CustomConversions       : Adding converter from class [B to class java.lang.Number as reading converter
2025-03-22T16:18:35.935+08:00 DEBUG 75969 --- [Spring] [           main] o.s.data.convert.CustomConversions       : Adding converter from class java.lang.Enum to class [B as writing converter
2025-03-22T16:18:35.935+08:00 DEBUG 75969 --- [Spring] [           main] o.s.data.convert.CustomConversions       : Adding converter from class [B to class java.lang.Enum as reading converter
2025-03-22T16:18:35.935+08:00 DEBUG 75969 --- [Spring] [           main] o.s.data.convert.CustomConversions       : Adding converter from class java.lang.Boolean to class [B as writing converter
2025-03-22T16:18:35.935+08:00 DEBUG 75969 --- [Spring] [           main] o.s.data.convert.CustomConversions       : Adding converter from class [B to class java.lang.Boolean as reading converter
2025-03-22T16:18:35.935+08:00 DEBUG 75969 --- [Spring] [           main] o.s.data.convert.CustomConversions       : Adding converter from class java.util.Date to class [B as writing converter
2025-03-22T16:18:35.935+08:00 DEBUG 75969 --- [Spring] [           main] o.s.data.convert.CustomConversions       : Adding converter from class [B to class java.util.Date as reading converter
2025-03-22T16:18:35.935+08:00 DEBUG 75969 --- [Spring] [           main] o.s.data.convert.CustomConversions       : Adding converter from class java.util.UUID to class [B as writing converter
2025-03-22T16:18:35.935+08:00 DEBUG 75969 --- [Spring] [           main] o.s.data.convert.CustomConversions       : Adding converter from class [B to class java.util.UUID as reading converter
2025-03-22T16:18:35.935+08:00 DEBUG 75969 --- [Spring] [           main] o.s.data.convert.CustomConversions       : Adding converter from class java.time.LocalDateTime to class [B as reading converter
2025-03-22T16:18:35.935+08:00 DEBUG 75969 --- [Spring] [           main] o.s.data.convert.CustomConversions       : Adding converter from class [B to class java.time.LocalDateTime as reading converter
2025-03-22T16:18:35.935+08:00 DEBUG 75969 --- [Spring] [           main] o.s.data.convert.CustomConversions       : Adding converter from class java.time.LocalDate to class [B as reading converter
2025-03-22T16:18:35.935+08:00 DEBUG 75969 --- [Spring] [           main] o.s.data.convert.CustomConversions       : Adding converter from class [B to class java.time.LocalDate as reading converter
2025-03-22T16:18:35.935+08:00 DEBUG 75969 --- [Spring] [           main] o.s.data.convert.CustomConversions       : Adding converter from class java.time.LocalTime to class [B as reading converter
2025-03-22T16:18:35.935+08:00 DEBUG 75969 --- [Spring] [           main] o.s.data.convert.CustomConversions       : Adding converter from class [B to class java.time.LocalTime as reading converter
2025-03-22T16:18:35.935+08:00 DEBUG 75969 --- [Spring] [           main] o.s.data.convert.CustomConversions       : Adding converter from class java.time.ZonedDateTime to class [B as reading converter
2025-03-22T16:18:35.935+08:00 DEBUG 75969 --- [Spring] [           main] o.s.data.convert.CustomConversions       : Adding converter from class [B to class java.time.ZonedDateTime as reading converter
2025-03-22T16:18:35.935+08:00 DEBUG 75969 --- [Spring] [           main] o.s.data.convert.CustomConversions       : Adding converter from class java.time.Instant to class [B as reading converter
2025-03-22T16:18:35.935+08:00 DEBUG 75969 --- [Spring] [           main] o.s.data.convert.CustomConversions       : Adding converter from class [B to class java.time.Instant as reading converter
2025-03-22T16:18:35.935+08:00 DEBUG 75969 --- [Spring] [           main] o.s.data.convert.CustomConversions       : Adding converter from class java.time.ZoneId to class [B as reading converter
2025-03-22T16:18:35.935+08:00 DEBUG 75969 --- [Spring] [           main] o.s.data.convert.CustomConversions       : Adding converter from class [B to class java.time.ZoneId as reading converter
2025-03-22T16:18:35.935+08:00 DEBUG 75969 --- [Spring] [           main] o.s.data.convert.CustomConversions       : Adding converter from class java.time.Period to class [B as reading converter
2025-03-22T16:18:35.935+08:00 DEBUG 75969 --- [Spring] [           main] o.s.data.convert.CustomConversions       : Adding converter from class [B to class java.time.Period as reading converter
2025-03-22T16:18:35.935+08:00 DEBUG 75969 --- [Spring] [           main] o.s.data.convert.CustomConversions       : Adding converter from class java.time.Duration to class [B as reading converter
2025-03-22T16:18:35.935+08:00 DEBUG 75969 --- [Spring] [           main] o.s.data.convert.CustomConversions       : Adding converter from class [B to class java.time.Duration as reading converter
2025-03-22T16:18:35.935+08:00 DEBUG 75969 --- [Spring] [           main] o.s.data.convert.CustomConversions       : Adding converter from class java.time.OffsetDateTime to class [B as reading converter
2025-03-22T16:18:35.935+08:00 DEBUG 75969 --- [Spring] [           main] o.s.data.convert.CustomConversions       : Adding converter from class [B to class java.time.OffsetDateTime as reading converter
2025-03-22T16:18:35.935+08:00 DEBUG 75969 --- [Spring] [           main] o.s.data.convert.CustomConversions       : Adding converter from class java.time.OffsetTime to class [B as reading converter
2025-03-22T16:18:35.935+08:00 DEBUG 75969 --- [Spring] [           main] o.s.data.convert.CustomConversions       : Adding converter from class [B to class java.time.OffsetTime as reading converter
2025-03-22T16:18:35.935+08:00 DEBUG 75969 --- [Spring] [           main] o.s.data.convert.CustomConversions       : Adding converter from class java.util.Date to class java.time.LocalDateTime as reading converter
2025-03-22T16:18:35.935+08:00 DEBUG 75969 --- [Spring] [           main] o.s.data.convert.CustomConversions       : Adding converter from class java.time.LocalDateTime to class java.util.Date as writing converter
2025-03-22T16:18:35.935+08:00 DEBUG 75969 --- [Spring] [           main] o.s.data.convert.CustomConversions       : Adding converter from class java.util.Date to class java.time.LocalDate as reading converter
2025-03-22T16:18:35.935+08:00 DEBUG 75969 --- [Spring] [           main] o.s.data.convert.CustomConversions       : Adding converter from class java.time.LocalDate to class java.util.Date as writing converter
2025-03-22T16:18:35.935+08:00 DEBUG 75969 --- [Spring] [           main] o.s.data.convert.CustomConversions       : Adding converter from class java.util.Date to class java.time.LocalTime as reading converter
2025-03-22T16:18:35.935+08:00 DEBUG 75969 --- [Spring] [           main] o.s.data.convert.CustomConversions       : Adding converter from class java.time.LocalTime to class java.util.Date as writing converter
2025-03-22T16:18:35.935+08:00 DEBUG 75969 --- [Spring] [           main] o.s.data.convert.CustomConversions       : Adding converter from class java.util.Date to class java.time.Instant as reading converter
2025-03-22T16:18:35.935+08:00 DEBUG 75969 --- [Spring] [           main] o.s.data.convert.CustomConversions       : Adding converter from class java.time.Instant to class java.util.Date as writing converter
2025-03-22T16:18:35.935+08:00 DEBUG 75969 --- [Spring] [           main] o.s.data.convert.CustomConversions       : Adding converter from class java.time.LocalDateTime to class java.time.Instant as reading converter
2025-03-22T16:18:35.935+08:00 DEBUG 75969 --- [Spring] [           main] o.s.data.convert.CustomConversions       : Adding converter from class java.time.Instant to class java.time.LocalDateTime as reading converter
2025-03-22T16:18:35.935+08:00 DEBUG 75969 --- [Spring] [           main] o.s.data.convert.CustomConversions       : Adding converter from class java.time.ZoneId to class java.lang.String as writing converter
2025-03-22T16:18:35.935+08:00 DEBUG 75969 --- [Spring] [           main] o.s.data.convert.CustomConversions       : Adding converter from class java.lang.String to class java.time.ZoneId as reading converter
2025-03-22T16:18:35.935+08:00 DEBUG 75969 --- [Spring] [           main] o.s.data.convert.CustomConversions       : Adding converter from class java.time.Duration to class java.lang.String as writing converter
2025-03-22T16:18:35.935+08:00 DEBUG 75969 --- [Spring] [           main] o.s.data.convert.CustomConversions       : Adding converter from class java.lang.String to class java.time.Duration as reading converter
2025-03-22T16:18:35.935+08:00 DEBUG 75969 --- [Spring] [           main] o.s.data.convert.CustomConversions       : Adding converter from class java.time.Period to class java.lang.String as writing converter
2025-03-22T16:18:35.935+08:00 DEBUG 75969 --- [Spring] [           main] o.s.data.convert.CustomConversions       : Adding converter from class java.lang.String to class java.time.Period as reading converter
2025-03-22T16:18:35.935+08:00 DEBUG 75969 --- [Spring] [           main] o.s.data.convert.CustomConversions       : Adding converter from class java.lang.String to class java.time.LocalDate as reading converter
2025-03-22T16:18:35.935+08:00 DEBUG 75969 --- [Spring] [           main] o.s.data.convert.CustomConversions       : Adding converter from class java.lang.String to class java.time.LocalDateTime as reading converter
2025-03-22T16:18:35.935+08:00 DEBUG 75969 --- [Spring] [           main] o.s.data.convert.CustomConversions       : Adding converter from class java.lang.String to class java.time.Instant as reading converter
2025-03-22T16:18:35.937+08:00 DEBUG 75969 --- [Spring] [           main] o.s.b.f.s.DefaultListableBeanFactory     : Creating shared instance of singleton bean 'redisReferenceResolver'
2025-03-22T16:18:35.938+08:00 DEBUG 75969 --- [Spring] [           main] o.s.b.f.s.DefaultListableBeanFactory     : Creating shared instance of singleton bean 'redisConverter'
2025-03-22T16:18:35.939+08:00 DEBUG 75969 --- [Spring] [           main] o.s.data.convert.CustomConversions       : Adding converter from class java.lang.String to class [B as writing converter
2025-03-22T16:18:35.939+08:00 DEBUG 75969 --- [Spring] [           main] o.s.data.convert.CustomConversions       : Adding converter from class [B to class java.lang.String as reading converter
2025-03-22T16:18:35.939+08:00 DEBUG 75969 --- [Spring] [           main] o.s.data.convert.CustomConversions       : Adding converter from class java.lang.Number to class [B as writing converter
2025-03-22T16:18:35.939+08:00 DEBUG 75969 --- [Spring] [           main] o.s.data.convert.CustomConversions       : Adding converter from class [B to class java.lang.Number as reading converter
2025-03-22T16:18:35.939+08:00 DEBUG 75969 --- [Spring] [           main] o.s.data.convert.CustomConversions       : Adding converter from class java.lang.Enum to class [B as writing converter
2025-03-22T16:18:35.939+08:00 DEBUG 75969 --- [Spring] [           main] o.s.data.convert.CustomConversions       : Adding converter from class [B to class java.lang.Enum as reading converter
2025-03-22T16:18:35.939+08:00 DEBUG 75969 --- [Spring] [           main] o.s.data.convert.CustomConversions       : Adding converter from class java.lang.Boolean to class [B as writing converter
2025-03-22T16:18:35.939+08:00 DEBUG 75969 --- [Spring] [           main] o.s.data.convert.CustomConversions       : Adding converter from class [B to class java.lang.Boolean as reading converter
2025-03-22T16:18:35.939+08:00 DEBUG 75969 --- [Spring] [           main] o.s.data.convert.CustomConversions       : Adding converter from class java.util.Date to class [B as writing converter
2025-03-22T16:18:35.939+08:00 DEBUG 75969 --- [Spring] [           main] o.s.data.convert.CustomConversions       : Adding converter from class [B to class java.util.Date as reading converter
2025-03-22T16:18:35.939+08:00 DEBUG 75969 --- [Spring] [           main] o.s.data.convert.CustomConversions       : Adding converter from class java.util.UUID to class [B as writing converter
2025-03-22T16:18:35.939+08:00 DEBUG 75969 --- [Spring] [           main] o.s.data.convert.CustomConversions       : Adding converter from class [B to class java.util.UUID as reading converter
2025-03-22T16:18:35.939+08:00 DEBUG 75969 --- [Spring] [           main] o.s.data.convert.CustomConversions       : Adding converter from class java.time.LocalDateTime to class [B as reading converter
2025-03-22T16:18:35.939+08:00 DEBUG 75969 --- [Spring] [           main] o.s.data.convert.CustomConversions       : Adding converter from class [B to class java.time.LocalDateTime as reading converter
2025-03-22T16:18:35.939+08:00 DEBUG 75969 --- [Spring] [           main] o.s.data.convert.CustomConversions       : Adding converter from class java.time.LocalDate to class [B as reading converter
2025-03-22T16:18:35.939+08:00 DEBUG 75969 --- [Spring] [           main] o.s.data.convert.CustomConversions       : Adding converter from class [B to class java.time.LocalDate as reading converter
2025-03-22T16:18:35.939+08:00 DEBUG 75969 --- [Spring] [           main] o.s.data.convert.CustomConversions       : Adding converter from class java.time.LocalTime to class [B as reading converter
2025-03-22T16:18:35.939+08:00 DEBUG 75969 --- [Spring] [           main] o.s.data.convert.CustomConversions       : Adding converter from class [B to class java.time.LocalTime as reading converter
2025-03-22T16:18:35.939+08:00 DEBUG 75969 --- [Spring] [           main] o.s.data.convert.CustomConversions       : Adding converter from class java.time.ZonedDateTime to class [B as reading converter
2025-03-22T16:18:35.939+08:00 DEBUG 75969 --- [Spring] [           main] o.s.data.convert.CustomConversions       : Adding converter from class [B to class java.time.ZonedDateTime as reading converter
2025-03-22T16:18:35.940+08:00 DEBUG 75969 --- [Spring] [           main] o.s.data.convert.CustomConversions       : Adding converter from class java.time.Instant to class [B as reading converter
2025-03-22T16:18:35.940+08:00 DEBUG 75969 --- [Spring] [           main] o.s.data.convert.CustomConversions       : Adding converter from class [B to class java.time.Instant as reading converter
2025-03-22T16:18:35.940+08:00 DEBUG 75969 --- [Spring] [           main] o.s.data.convert.CustomConversions       : Adding converter from class java.time.ZoneId to class [B as reading converter
2025-03-22T16:18:35.940+08:00 DEBUG 75969 --- [Spring] [           main] o.s.data.convert.CustomConversions       : Adding converter from class [B to class java.time.ZoneId as reading converter
2025-03-22T16:18:35.940+08:00 DEBUG 75969 --- [Spring] [           main] o.s.data.convert.CustomConversions       : Adding converter from class java.time.Period to class [B as reading converter
2025-03-22T16:18:35.940+08:00 DEBUG 75969 --- [Spring] [           main] o.s.data.convert.CustomConversions       : Adding converter from class [B to class java.time.Period as reading converter
2025-03-22T16:18:35.940+08:00 DEBUG 75969 --- [Spring] [           main] o.s.data.convert.CustomConversions       : Adding converter from class java.time.Duration to class [B as reading converter
2025-03-22T16:18:35.940+08:00 DEBUG 75969 --- [Spring] [           main] o.s.data.convert.CustomConversions       : Adding converter from class [B to class java.time.Duration as reading converter
2025-03-22T16:18:35.940+08:00 DEBUG 75969 --- [Spring] [           main] o.s.data.convert.CustomConversions       : Adding converter from class java.time.OffsetDateTime to class [B as reading converter
2025-03-22T16:18:35.940+08:00 DEBUG 75969 --- [Spring] [           main] o.s.data.convert.CustomConversions       : Adding converter from class [B to class java.time.OffsetDateTime as reading converter
2025-03-22T16:18:35.940+08:00 DEBUG 75969 --- [Spring] [           main] o.s.data.convert.CustomConversions       : Adding converter from class java.time.OffsetTime to class [B as reading converter
2025-03-22T16:18:35.940+08:00 DEBUG 75969 --- [Spring] [           main] o.s.data.convert.CustomConversions       : Adding converter from class [B to class java.time.OffsetTime as reading converter
2025-03-22T16:18:35.940+08:00 DEBUG 75969 --- [Spring] [           main] o.s.data.convert.CustomConversions       : Adding converter from class java.util.Date to class java.time.LocalDateTime as reading converter
2025-03-22T16:18:35.940+08:00 DEBUG 75969 --- [Spring] [           main] o.s.data.convert.CustomConversions       : Adding converter from class java.time.LocalDateTime to class java.util.Date as writing converter
2025-03-22T16:18:35.940+08:00 DEBUG 75969 --- [Spring] [           main] o.s.data.convert.CustomConversions       : Adding converter from class java.util.Date to class java.time.LocalDate as reading converter
2025-03-22T16:18:35.940+08:00 DEBUG 75969 --- [Spring] [           main] o.s.data.convert.CustomConversions       : Adding converter from class java.time.LocalDate to class java.util.Date as writing converter
2025-03-22T16:18:35.940+08:00 DEBUG 75969 --- [Spring] [           main] o.s.data.convert.CustomConversions       : Adding converter from class java.util.Date to class java.time.LocalTime as reading converter
2025-03-22T16:18:35.940+08:00 DEBUG 75969 --- [Spring] [           main] o.s.data.convert.CustomConversions       : Adding converter from class java.time.LocalTime to class java.util.Date as writing converter
2025-03-22T16:18:35.940+08:00 DEBUG 75969 --- [Spring] [           main] o.s.data.convert.CustomConversions       : Adding converter from class java.util.Date to class java.time.Instant as reading converter
2025-03-22T16:18:35.940+08:00 DEBUG 75969 --- [Spring] [           main] o.s.data.convert.CustomConversions       : Adding converter from class java.time.Instant to class java.util.Date as writing converter
2025-03-22T16:18:35.940+08:00 DEBUG 75969 --- [Spring] [           main] o.s.data.convert.CustomConversions       : Adding converter from class java.time.LocalDateTime to class java.time.Instant as reading converter
2025-03-22T16:18:35.940+08:00 DEBUG 75969 --- [Spring] [           main] o.s.data.convert.CustomConversions       : Adding converter from class java.time.Instant to class java.time.LocalDateTime as reading converter
2025-03-22T16:18:35.940+08:00 DEBUG 75969 --- [Spring] [           main] o.s.data.convert.CustomConversions       : Adding converter from class java.time.ZoneId to class java.lang.String as writing converter
2025-03-22T16:18:35.940+08:00 DEBUG 75969 --- [Spring] [           main] o.s.data.convert.CustomConversions       : Adding converter from class java.lang.String to class java.time.ZoneId as reading converter
2025-03-22T16:18:35.940+08:00 DEBUG 75969 --- [Spring] [           main] o.s.data.convert.CustomConversions       : Adding converter from class java.time.Duration to class java.lang.String as writing converter
2025-03-22T16:18:35.940+08:00 DEBUG 75969 --- [Spring] [           main] o.s.data.convert.CustomConversions       : Adding converter from class java.lang.String to class java.time.Duration as reading converter
2025-03-22T16:18:35.940+08:00 DEBUG 75969 --- [Spring] [           main] o.s.data.convert.CustomConversions       : Adding converter from class java.time.Period to class java.lang.String as writing converter
2025-03-22T16:18:35.940+08:00 DEBUG 75969 --- [Spring] [           main] o.s.data.convert.CustomConversions       : Adding converter from class java.lang.String to class java.time.Period as reading converter
2025-03-22T16:18:35.940+08:00 DEBUG 75969 --- [Spring] [           main] o.s.data.convert.CustomConversions       : Adding converter from class java.lang.String to class java.time.LocalDate as reading converter
2025-03-22T16:18:35.940+08:00 DEBUG 75969 --- [Spring] [           main] o.s.data.convert.CustomConversions       : Adding converter from class java.lang.String to class java.time.LocalDateTime as reading converter
2025-03-22T16:18:35.940+08:00 DEBUG 75969 --- [Spring] [           main] o.s.data.convert.CustomConversions       : Adding converter from class java.lang.String to class java.time.Instant as reading converter
2025-03-22T16:18:35.940+08:00 DEBUG 75969 --- [Spring] [           main] o.s.data.convert.CustomConversions       : Adding converter from class java.lang.String to class [B as writing converter
2025-03-22T16:18:35.940+08:00 DEBUG 75969 --- [Spring] [           main] o.s.data.convert.CustomConversions       : Adding converter from class [B to class java.lang.String as reading converter
2025-03-22T16:18:35.940+08:00 DEBUG 75969 --- [Spring] [           main] o.s.data.convert.CustomConversions       : Adding converter from class java.lang.Number to class [B as writing converter
2025-03-22T16:18:35.940+08:00 DEBUG 75969 --- [Spring] [           main] o.s.data.convert.CustomConversions       : Adding converter from class [B to class java.lang.Number as reading converter
2025-03-22T16:18:35.940+08:00 DEBUG 75969 --- [Spring] [           main] o.s.data.convert.CustomConversions       : Adding converter from class java.lang.Enum to class [B as writing converter
2025-03-22T16:18:35.940+08:00 DEBUG 75969 --- [Spring] [           main] o.s.data.convert.CustomConversions       : Adding converter from class [B to class java.lang.Enum as reading converter
2025-03-22T16:18:35.940+08:00 DEBUG 75969 --- [Spring] [           main] o.s.data.convert.CustomConversions       : Adding converter from class java.lang.Boolean to class [B as writing converter
2025-03-22T16:18:35.940+08:00 DEBUG 75969 --- [Spring] [           main] o.s.data.convert.CustomConversions       : Adding converter from class [B to class java.lang.Boolean as reading converter
2025-03-22T16:18:35.940+08:00 DEBUG 75969 --- [Spring] [           main] o.s.data.convert.CustomConversions       : Adding converter from class java.util.Date to class [B as writing converter
2025-03-22T16:18:35.940+08:00 DEBUG 75969 --- [Spring] [           main] o.s.data.convert.CustomConversions       : Adding converter from class [B to class java.util.Date as reading converter
2025-03-22T16:18:35.940+08:00 DEBUG 75969 --- [Spring] [           main] o.s.data.convert.CustomConversions       : Adding converter from class java.util.UUID to class [B as writing converter
2025-03-22T16:18:35.940+08:00 DEBUG 75969 --- [Spring] [           main] o.s.data.convert.CustomConversions       : Adding converter from class [B to class java.util.UUID as reading converter
2025-03-22T16:18:35.940+08:00 DEBUG 75969 --- [Spring] [           main] o.s.data.convert.CustomConversions       : Adding converter from class java.time.LocalDateTime to class [B as reading converter
2025-03-22T16:18:35.940+08:00 DEBUG 75969 --- [Spring] [           main] o.s.data.convert.CustomConversions       : Adding converter from class [B to class java.time.LocalDateTime as reading converter
2025-03-22T16:18:35.940+08:00 DEBUG 75969 --- [Spring] [           main] o.s.data.convert.CustomConversions       : Adding converter from class java.time.LocalDate to class [B as reading converter
2025-03-22T16:18:35.940+08:00 DEBUG 75969 --- [Spring] [           main] o.s.data.convert.CustomConversions       : Adding converter from class [B to class java.time.LocalDate as reading converter
2025-03-22T16:18:35.940+08:00 DEBUG 75969 --- [Spring] [           main] o.s.data.convert.CustomConversions       : Adding converter from class java.time.LocalTime to class [B as reading converter
2025-03-22T16:18:35.940+08:00 DEBUG 75969 --- [Spring] [           main] o.s.data.convert.CustomConversions       : Adding converter from class [B to class java.time.LocalTime as reading converter
2025-03-22T16:18:35.940+08:00 DEBUG 75969 --- [Spring] [           main] o.s.data.convert.CustomConversions       : Adding converter from class java.time.ZonedDateTime to class [B as reading converter
2025-03-22T16:18:35.940+08:00 DEBUG 75969 --- [Spring] [           main] o.s.data.convert.CustomConversions       : Adding converter from class [B to class java.time.ZonedDateTime as reading converter
2025-03-22T16:18:35.940+08:00 DEBUG 75969 --- [Spring] [           main] o.s.data.convert.CustomConversions       : Adding converter from class java.time.Instant to class [B as reading converter
2025-03-22T16:18:35.940+08:00 DEBUG 75969 --- [Spring] [           main] o.s.data.convert.CustomConversions       : Adding converter from class [B to class java.time.Instant as reading converter
2025-03-22T16:18:35.940+08:00 DEBUG 75969 --- [Spring] [           main] o.s.data.convert.CustomConversions       : Adding converter from class java.time.ZoneId to class [B as reading converter
2025-03-22T16:18:35.940+08:00 DEBUG 75969 --- [Spring] [           main] o.s.data.convert.CustomConversions       : Adding converter from class [B to class java.time.ZoneId as reading converter
2025-03-22T16:18:35.940+08:00 DEBUG 75969 --- [Spring] [           main] o.s.data.convert.CustomConversions       : Adding converter from class java.time.Period to class [B as reading converter
2025-03-22T16:18:35.940+08:00 DEBUG 75969 --- [Spring] [           main] o.s.data.convert.CustomConversions       : Adding converter from class [B to class java.time.Period as reading converter
2025-03-22T16:18:35.940+08:00 DEBUG 75969 --- [Spring] [           main] o.s.data.convert.CustomConversions       : Adding converter from class java.time.Duration to class [B as reading converter
2025-03-22T16:18:35.940+08:00 DEBUG 75969 --- [Spring] [           main] o.s.data.convert.CustomConversions       : Adding converter from class [B to class java.time.Duration as reading converter
2025-03-22T16:18:35.940+08:00 DEBUG 75969 --- [Spring] [           main] o.s.data.convert.CustomConversions       : Adding converter from class java.time.OffsetDateTime to class [B as reading converter
2025-03-22T16:18:35.940+08:00 DEBUG 75969 --- [Spring] [           main] o.s.data.convert.CustomConversions       : Adding converter from class [B to class java.time.OffsetDateTime as reading converter
2025-03-22T16:18:35.940+08:00 DEBUG 75969 --- [Spring] [           main] o.s.data.convert.CustomConversions       : Adding converter from class java.time.OffsetTime to class [B as reading converter
2025-03-22T16:18:35.940+08:00 DEBUG 75969 --- [Spring] [           main] o.s.data.convert.CustomConversions       : Adding converter from class [B to class java.time.OffsetTime as reading converter
2025-03-22T16:18:35.940+08:00 DEBUG 75969 --- [Spring] [           main] o.s.data.convert.CustomConversions       : Adding converter from class java.util.Date to class java.time.LocalDateTime as reading converter
2025-03-22T16:18:35.941+08:00 DEBUG 75969 --- [Spring] [           main] o.s.data.convert.CustomConversions       : Adding converter from class java.time.LocalDateTime to class java.util.Date as writing converter
2025-03-22T16:18:35.941+08:00 DEBUG 75969 --- [Spring] [           main] o.s.data.convert.CustomConversions       : Adding converter from class java.util.Date to class java.time.LocalDate as reading converter
2025-03-22T16:18:35.941+08:00 DEBUG 75969 --- [Spring] [           main] o.s.data.convert.CustomConversions       : Adding converter from class java.time.LocalDate to class java.util.Date as writing converter
2025-03-22T16:18:35.941+08:00 DEBUG 75969 --- [Spring] [           main] o.s.data.convert.CustomConversions       : Adding converter from class java.util.Date to class java.time.LocalTime as reading converter
2025-03-22T16:18:35.941+08:00 DEBUG 75969 --- [Spring] [           main] o.s.data.convert.CustomConversions       : Adding converter from class java.time.LocalTime to class java.util.Date as writing converter
2025-03-22T16:18:35.941+08:00 DEBUG 75969 --- [Spring] [           main] o.s.data.convert.CustomConversions       : Adding converter from class java.util.Date to class java.time.Instant as reading converter
2025-03-22T16:18:35.941+08:00 DEBUG 75969 --- [Spring] [           main] o.s.data.convert.CustomConversions       : Adding converter from class java.time.Instant to class java.util.Date as writing converter
2025-03-22T16:18:35.941+08:00 DEBUG 75969 --- [Spring] [           main] o.s.data.convert.CustomConversions       : Adding converter from class java.time.LocalDateTime to class java.time.Instant as reading converter
2025-03-22T16:18:35.941+08:00 DEBUG 75969 --- [Spring] [           main] o.s.data.convert.CustomConversions       : Adding converter from class java.time.Instant to class java.time.LocalDateTime as reading converter
2025-03-22T16:18:35.941+08:00 DEBUG 75969 --- [Spring] [           main] o.s.data.convert.CustomConversions       : Adding converter from class java.time.ZoneId to class java.lang.String as writing converter
2025-03-22T16:18:35.941+08:00 DEBUG 75969 --- [Spring] [           main] o.s.data.convert.CustomConversions       : Adding converter from class java.lang.String to class java.time.ZoneId as reading converter
2025-03-22T16:18:35.941+08:00 DEBUG 75969 --- [Spring] [           main] o.s.data.convert.CustomConversions       : Adding converter from class java.time.Duration to class java.lang.String as writing converter
2025-03-22T16:18:35.941+08:00 DEBUG 75969 --- [Spring] [           main] o.s.data.convert.CustomConversions       : Adding converter from class java.lang.String to class java.time.Duration as reading converter
2025-03-22T16:18:35.941+08:00 DEBUG 75969 --- [Spring] [           main] o.s.data.convert.CustomConversions       : Adding converter from class java.time.Period to class java.lang.String as writing converter
2025-03-22T16:18:35.941+08:00 DEBUG 75969 --- [Spring] [           main] o.s.data.convert.CustomConversions       : Adding converter from class java.lang.String to class java.time.Period as reading converter
2025-03-22T16:18:35.941+08:00 DEBUG 75969 --- [Spring] [           main] o.s.data.convert.CustomConversions       : Adding converter from class java.lang.String to class java.time.LocalDate as reading converter
2025-03-22T16:18:35.941+08:00 DEBUG 75969 --- [Spring] [           main] o.s.data.convert.CustomConversions       : Adding converter from class java.lang.String to class java.time.LocalDateTime as reading converter
2025-03-22T16:18:35.941+08:00 DEBUG 75969 --- [Spring] [           main] o.s.data.convert.CustomConversions       : Adding converter from class java.lang.String to class java.time.Instant as reading converter
2025-03-22T16:18:35.946+08:00 DEBUG 75969 --- [Spring] [           main] o.s.b.f.s.DefaultListableBeanFactory     : Creating shared instance of singleton bean 'redisKeyValueAdapter'
2025-03-22T16:18:35.958+08:00 DEBUG 75969 --- [Spring] [           main] o.s.b.f.s.DefaultListableBeanFactory     : Creating shared instance of singleton bean 'redisKeyValueTemplate'
2025-03-22T16:18:35.963+08:00 DEBUG 75969 --- [Spring] [           main] o.s.b.f.s.DefaultListableBeanFactory     : Creating shared instance of singleton bean 'data-redis.repository-aot-processor#0'
2025-03-22T16:18:35.964+08:00 DEBUG 75969 --- [Spring] [           main] o.s.b.f.s.DefaultListableBeanFactory     : Creating shared instance of singleton bean 'org.springframework.data.web.config.ProjectingArgumentResolverRegistrar'
2025-03-22T16:18:35.965+08:00 DEBUG 75969 --- [Spring] [           main] o.s.b.f.s.DefaultListableBeanFactory     : Creating shared instance of singleton bean 'org.springframework.data.web.config.SpringDataWebConfiguration'
2025-03-22T16:18:35.965+08:00 DEBUG 75969 --- [Spring] [           main] o.s.b.f.s.DefaultListableBeanFactory     : Autowiring by type from bean name 'org.springframework.data.web.config.SpringDataWebConfiguration' via constructor to bean named 'org.springframework.web.context.support.GenericWebApplicationContext@29a23c3d'
2025-03-22T16:18:35.968+08:00 DEBUG 75969 --- [Spring] [           main] o.s.b.f.s.DefaultListableBeanFactory     : Creating shared instance of singleton bean 'pageableResolver'
2025-03-22T16:18:35.969+08:00 DEBUG 75969 --- [Spring] [           main] o.s.b.f.s.DefaultListableBeanFactory     : Creating shared instance of singleton bean 'sortResolver'
2025-03-22T16:18:35.970+08:00 DEBUG 75969 --- [Spring] [           main] o.s.b.f.s.DefaultListableBeanFactory     : Creating shared instance of singleton bean 'sortCustomizer'
2025-03-22T16:18:35.975+08:00 DEBUG 75969 --- [Spring] [           main] o.s.b.f.s.DefaultListableBeanFactory     : Creating shared instance of singleton bean 'pageableCustomizer'
2025-03-22T16:18:35.980+08:00 DEBUG 75969 --- [Spring] [           main] o.s.b.f.s.DefaultListableBeanFactory     : Creating shared instance of singleton bean 'offsetResolver'
2025-03-22T16:18:35.985+08:00 DEBUG 75969 --- [Spring] [           main] o.s.b.f.s.DefaultListableBeanFactory     : Creating shared instance of singleton bean 'org.springframework.boot.autoconfigure.jdbc.JdbcTemplateConfiguration'
2025-03-22T16:18:35.987+08:00 DEBUG 75969 --- [Spring] [           main] o.s.b.f.s.DefaultListableBeanFactory     : Creating shared instance of singleton bean 'jdbcTemplate'
2025-03-22T16:18:35.988+08:00 DEBUG 75969 --- [Spring] [           main] o.s.b.f.s.DefaultListableBeanFactory     : Creating shared instance of singleton bean 'spring.jdbc-org.springframework.boot.autoconfigure.jdbc.JdbcProperties'
2025-03-22T16:18:35.990+08:00 DEBUG 75969 --- [Spring] [           main] o.s.b.f.s.DefaultListableBeanFactory     : Autowiring by type from bean name 'jdbcTemplate' via factory method to bean named 'dataSource'
2025-03-22T16:18:35.990+08:00 DEBUG 75969 --- [Spring] [           main] o.s.b.f.s.DefaultListableBeanFactory     : Autowiring by type from bean name 'jdbcTemplate' via factory method to bean named 'spring.jdbc-org.springframework.boot.autoconfigure.jdbc.JdbcProperties'
2025-03-22T16:18:36.012+08:00 DEBUG 75969 --- [Spring] [           main] o.s.b.f.s.DefaultListableBeanFactory     : Creating shared instance of singleton bean 'org.springframework.boot.autoconfigure.jdbc.NamedParameterJdbcTemplateConfiguration'
2025-03-22T16:18:36.014+08:00 DEBUG 75969 --- [Spring] [           main] o.s.b.f.s.DefaultListableBeanFactory     : Creating shared instance of singleton bean 'namedParameterJdbcTemplate'
2025-03-22T16:18:36.014+08:00 DEBUG 75969 --- [Spring] [           main] o.s.b.f.s.DefaultListableBeanFactory     : Autowiring by type from bean name 'namedParameterJdbcTemplate' via factory method to bean named 'jdbcTemplate'
2025-03-22T16:18:36.022+08:00 DEBUG 75969 --- [Spring] [           main] o.s.b.f.s.DefaultListableBeanFactory     : Creating shared instance of singleton bean 'org.springframework.boot.autoconfigure.jdbc.JdbcTemplateAutoConfiguration'
2025-03-22T16:18:36.023+08:00 DEBUG 75969 --- [Spring] [           main] o.s.b.f.s.DefaultListableBeanFactory     : Creating shared instance of singleton bean 'org.springframework.boot.autoconfigure.jdbc.JdbcClientAutoConfiguration'
2025-03-22T16:18:36.025+08:00 DEBUG 75969 --- [Spring] [           main] o.s.b.f.s.DefaultListableBeanFactory     : Creating shared instance of singleton bean 'jdbcClient'
2025-03-22T16:18:36.027+08:00 DEBUG 75969 --- [Spring] [           main] o.s.b.f.s.DefaultListableBeanFactory     : Autowiring by type from bean name 'jdbcClient' via factory method to bean named 'namedParameterJdbcTemplate'
2025-03-22T16:18:36.030+08:00 DEBUG 75969 --- [Spring] [           main] o.s.b.f.s.DefaultListableBeanFactory     : Creating shared instance of singleton bean 'org.springframework.boot.autoconfigure.netty.NettyAutoConfiguration'
2025-03-22T16:18:36.032+08:00 DEBUG 75969 --- [Spring] [           main] o.s.b.f.s.DefaultListableBeanFactory     : Creating shared instance of singleton bean 'spring.netty-org.springframework.boot.autoconfigure.netty.NettyProperties'
2025-03-22T16:18:36.033+08:00 DEBUG 75969 --- [Spring] [           main] o.s.b.f.s.DefaultListableBeanFactory     : Autowiring by type from bean name 'org.springframework.boot.autoconfigure.netty.NettyAutoConfiguration' via constructor to bean named 'spring.netty-org.springframework.boot.autoconfigure.netty.NettyProperties'
2025-03-22T16:18:36.034+08:00 DEBUG 75969 --- [Spring] [           main] o.s.b.f.s.DefaultListableBeanFactory     : Creating shared instance of singleton bean 'org.springframework.boot.autoconfigure.reactor.ReactorAutoConfiguration'
2025-03-22T16:18:36.035+08:00 DEBUG 75969 --- [Spring] [           main] o.s.b.f.s.DefaultListableBeanFactory     : Creating shared instance of singleton bean 'spring.reactor-org.springframework.boot.autoconfigure.reactor.ReactorProperties'
2025-03-22T16:18:36.036+08:00 DEBUG 75969 --- [Spring] [           main] o.s.b.f.s.DefaultListableBeanFactory     : Autowiring by type from bean name 'org.springframework.boot.autoconfigure.reactor.ReactorAutoConfiguration' via constructor to bean named 'spring.reactor-org.springframework.boot.autoconfigure.reactor.ReactorProperties'
2025-03-22T16:18:36.037+08:00 DEBUG 75969 --- [Spring] [           main] o.s.b.f.s.DefaultListableBeanFactory     : Creating shared instance of singleton bean 'org.springframework.boot.autoconfigure.security.servlet.SpringBootWebSecurityConfiguration'
2025-03-22T16:18:36.037+08:00 DEBUG 75969 --- [Spring] [           main] o.s.b.f.s.DefaultListableBeanFactory     : Creating shared instance of singleton bean 'spring.security-org.springframework.boot.autoconfigure.security.SecurityProperties'
2025-03-22T16:18:36.039+08:00 DEBUG 75969 --- [Spring] [           main] o.s.b.f.s.DefaultListableBeanFactory     : Creating shared instance of singleton bean 'org.springframework.boot.autoconfigure.security.servlet.SecurityFilterAutoConfiguration'
2025-03-22T16:18:36.040+08:00 DEBUG 75969 --- [Spring] [           main] o.s.b.f.s.DefaultListableBeanFactory     : Creating shared instance of singleton bean 'securityFilterChainRegistration'
2025-03-22T16:18:36.042+08:00 DEBUG 75969 --- [Spring] [           main] o.s.b.f.s.DefaultListableBeanFactory     : Autowiring by type from bean name 'securityFilterChainRegistration' via factory method to bean named 'spring.security-org.springframework.boot.autoconfigure.security.SecurityProperties'
2025-03-22T16:18:36.058+08:00 DEBUG 75969 --- [Spring] [           main] o.s.b.f.s.DefaultListableBeanFactory     : Creating shared instance of singleton bean 'org.springframework.boot.autoconfigure.sql.init.SqlInitializationAutoConfiguration'
2025-03-22T16:18:36.060+08:00 DEBUG 75969 --- [Spring] [           main] o.s.b.f.s.DefaultListableBeanFactory     : Creating shared instance of singleton bean 'org.springframework.boot.autoconfigure.thymeleaf.ThymeleafAutoConfiguration$ThymeleafWebMvcConfiguration'
2025-03-22T16:18:36.061+08:00 DEBUG 75969 --- [Spring] [           main] o.s.b.f.s.DefaultListableBeanFactory     : Creating shared instance of singleton bean 'resourceUrlEncodingFilter'
2025-03-22T16:18:36.063+08:00 DEBUG 75969 --- [Spring] [           main] o.s.b.f.s.DefaultListableBeanFactory     : Creating shared instance of singleton bean 'org.springframework.boot.autoconfigure.thymeleaf.ThymeleafAutoConfiguration'
2025-03-22T16:18:36.064+08:00 DEBUG 75969 --- [Spring] [           main] o.s.b.f.s.DefaultListableBeanFactory     : Creating shared instance of singleton bean 'org.springframework.boot.autoconfigure.jdbc.DataSourceTransactionManagerAutoConfiguration$JdbcTransactionManagerConfiguration'
2025-03-22T16:18:36.066+08:00 DEBUG 75969 --- [Spring] [           main] o.s.b.f.s.DefaultListableBeanFactory     : Creating shared instance of singleton bean 'org.springframework.boot.autoconfigure.jdbc.DataSourceTransactionManagerAutoConfiguration'
2025-03-22T16:18:36.067+08:00 DEBUG 75969 --- [Spring] [           main] o.s.b.f.s.DefaultListableBeanFactory     : Creating shared instance of singleton bean 'org.springframework.boot.autoconfigure.transaction.TransactionAutoConfiguration$EnableTransactionManagementConfiguration$CglibAutoProxyConfiguration'
2025-03-22T16:18:36.067+08:00 DEBUG 75969 --- [Spring] [           main] o.s.b.f.s.DefaultListableBeanFactory     : Creating shared instance of singleton bean 'org.springframework.boot.autoconfigure.transaction.TransactionAutoConfiguration$EnableTransactionManagementConfiguration'
2025-03-22T16:18:36.068+08:00 DEBUG 75969 --- [Spring] [           main] o.s.b.f.s.DefaultListableBeanFactory     : Creating shared instance of singleton bean 'org.springframework.boot.autoconfigure.transaction.TransactionAutoConfiguration$TransactionTemplateConfiguration'
2025-03-22T16:18:36.068+08:00 DEBUG 75969 --- [Spring] [           main] o.s.b.f.s.DefaultListableBeanFactory     : Creating shared instance of singleton bean 'transactionTemplate'
2025-03-22T16:18:36.068+08:00 DEBUG 75969 --- [Spring] [           main] o.s.b.f.s.DefaultListableBeanFactory     : Autowiring by type from bean name 'transactionTemplate' via factory method to bean named 'transactionManager'
2025-03-22T16:18:36.073+08:00 DEBUG 75969 --- [Spring] [           main] o.s.b.f.s.DefaultListableBeanFactory     : Creating shared instance of singleton bean 'org.springframework.boot.autoconfigure.transaction.TransactionAutoConfiguration'
2025-03-22T16:18:36.075+08:00 DEBUG 75969 --- [Spring] [           main] o.s.b.f.s.DefaultListableBeanFactory     : Creating shared instance of singleton bean 'characterEncodingFilter'
2025-03-22T16:18:36.080+08:00 DEBUG 75969 --- [Spring] [           main] o.s.b.f.s.DefaultListableBeanFactory     : Creating shared instance of singleton bean 'multipartResolver'
2025-03-22T16:18:36.082+08:00 DEBUG 75969 --- [Spring] [           main] o.s.b.f.s.DefaultListableBeanFactory     : Creating shared instance of singleton bean 'org.springframework.cloud.autoconfigure.RefreshEndpointAutoConfiguration$RefreshEndpointConfiguration'
2025-03-22T16:18:36.083+08:00 DEBUG 75969 --- [Spring] [           main] o.s.b.f.s.DefaultListableBeanFactory     : Creating shared instance of singleton bean 'org.springframework.cloud.autoconfigure.RestartEndpointWithoutIntegrationConfiguration'
2025-03-22T16:18:36.084+08:00 DEBUG 75969 --- [Spring] [           main] o.s.b.f.s.DefaultListableBeanFactory     : Creating shared instance of singleton bean 'org.springframework.cloud.autoconfigure.PauseResumeEndpointsConfiguration'
2025-03-22T16:18:36.085+08:00 DEBUG 75969 --- [Spring] [           main] o.s.b.f.s.DefaultListableBeanFactory     : Creating shared instance of singleton bean 'org.springframework.cloud.client.discovery.composite.CompositeDiscoveryClientAutoConfiguration'
2025-03-22T16:18:36.086+08:00 DEBUG 75969 --- [Spring] [           main] o.s.b.f.s.DefaultListableBeanFactory     : Creating shared instance of singleton bean 'compositeDiscoveryClient'
2025-03-22T16:18:36.087+08:00 DEBUG 75969 --- [Spring] [           main] o.s.b.f.s.DefaultListableBeanFactory     : Creating shared instance of singleton bean 'simpleDiscoveryClient'
2025-03-22T16:18:36.087+08:00 DEBUG 75969 --- [Spring] [           main] o.s.b.f.s.DefaultListableBeanFactory     : Creating shared instance of singleton bean 'org.springframework.cloud.client.discovery.simple.SimpleDiscoveryClientAutoConfiguration'
2025-03-22T16:18:36.090+08:00 DEBUG 75969 --- [Spring] [           main] o.s.b.f.s.DefaultListableBeanFactory     : Creating shared instance of singleton bean 'inetUtils'
2025-03-22T16:18:36.090+08:00 DEBUG 75969 --- [Spring] [           main] o.s.b.f.s.DefaultListableBeanFactory     : Creating shared instance of singleton bean 'org.springframework.cloud.commons.util.UtilAutoConfiguration'
2025-03-22T16:18:36.092+08:00 DEBUG 75969 --- [Spring] [           main] o.s.b.f.s.DefaultListableBeanFactory     : Creating shared instance of singleton bean 'inetUtilsProperties'
2025-03-22T16:18:36.096+08:00 DEBUG 75969 --- [Spring] [           main] o.s.b.f.s.DefaultListableBeanFactory     : Autowiring by type from bean name 'inetUtils' via factory method to bean named 'inetUtilsProperties'
2025-03-22T16:18:36.101+08:00 DEBUG 75969 --- [Spring] [           main] o.s.b.f.s.DefaultListableBeanFactory     : Creating shared instance of singleton bean 'simpleDiscoveryProperties'
2025-03-22T16:18:36.101+08:00 DEBUG 75969 --- [Spring] [           main] o.s.c.e.PropertySourcesPropertyResolver  : Found key 'spring.application.name' in PropertySource 'environmentProperties' with value of type String
2025-03-22T16:18:36.106+08:00 DEBUG 75969 --- [Spring] [           main] o.s.b.f.s.DefaultListableBeanFactory     : Autowiring by type from bean name 'simpleDiscoveryClient' via factory method to bean named 'simpleDiscoveryProperties'
2025-03-22T16:18:36.109+08:00 DEBUG 75969 --- [Spring] [           main] o.s.b.f.s.DefaultListableBeanFactory     : Autowiring by type from bean name 'compositeDiscoveryClient' via factory method to bean named 'simpleDiscoveryClient'
2025-03-22T16:18:36.111+08:00 DEBUG 75969 --- [Spring] [           main] o.s.b.f.s.DefaultListableBeanFactory     : Creating shared instance of singleton bean 'org.springframework.cloud.client.CommonsClientAutoConfiguration$ActuatorConfiguration'
2025-03-22T16:18:36.112+08:00 DEBUG 75969 --- [Spring] [           main] o.s.b.f.s.DefaultListableBeanFactory     : Creating shared instance of singleton bean 'springCloudCommonsFeatures'
2025-03-22T16:18:36.115+08:00 DEBUG 75969 --- [Spring] [           main] o.s.b.f.s.DefaultListableBeanFactory     : Creating shared instance of singleton bean 'org.springframework.cloud.client.CommonsClientAutoConfiguration'
2025-03-22T16:18:36.116+08:00 DEBUG 75969 --- [Spring] [           main] o.s.b.f.s.DefaultListableBeanFactory     : Creating shared instance of singleton bean 'org.springframework.cloud.client.ReactiveCommonsClientAutoConfiguration'
2025-03-22T16:18:36.117+08:00 DEBUG 75969 --- [Spring] [           main] o.s.b.f.s.DefaultListableBeanFactory     : Creating shared instance of singleton bean 'org.springframework.cloud.loadbalancer.config.LoadBalancerAutoConfiguration'
2025-03-22T16:18:36.118+08:00 DEBUG 75969 --- [Spring] [           main] o.s.b.f.s.DefaultListableBeanFactory     : Creating shared instance of singleton bean 'zoneConfig'
2025-03-22T16:18:36.118+08:00 DEBUG 75969 --- [Spring] [           main] o.s.b.f.s.DefaultListableBeanFactory     : Autowiring by type from bean name 'zoneConfig' via factory method to bean named 'environment'
2025-03-22T16:18:36.119+08:00 DEBUG 75969 --- [Spring] [           main] o.s.b.f.s.DefaultListableBeanFactory     : Creating shared instance of singleton bean 'loadBalancerClientFactory'
2025-03-22T16:18:36.120+08:00 DEBUG 75969 --- [Spring] [           main] o.s.b.f.s.DefaultListableBeanFactory     : Creating shared instance of singleton bean 'spring.cloud.loadbalancer-org.springframework.cloud.client.loadbalancer.LoadBalancerClientsProperties'
2025-03-22T16:18:36.127+08:00 DEBUG 75969 --- [Spring] [           main] o.s.b.f.s.DefaultListableBeanFactory     : Autowiring by type from bean name 'loadBalancerClientFactory' via factory method to bean named 'spring.cloud.loadbalancer-org.springframework.cloud.client.loadbalancer.LoadBalancerClientsProperties'
2025-03-22T16:18:36.130+08:00 DEBUG 75969 --- [Spring] [           main] o.s.b.f.s.DefaultListableBeanFactory     : Creating shared instance of singleton bean 'default.org.springframework.cloud.loadbalancer.config.LoadBalancerAutoConfiguration.LoadBalancerClientSpecification'
2025-03-22T16:18:36.132+08:00 DEBUG 75969 --- [Spring] [           main] o.s.b.f.s.DefaultListableBeanFactory     : Creating shared instance of singleton bean 'default.org.springframework.cloud.loadbalancer.config.BlockingLoadBalancerClientAutoConfiguration.LoadBalancerClientSpecification'
2025-03-22T16:18:36.139+08:00 DEBUG 75969 --- [Spring] [           main] o.s.b.f.s.DefaultListableBeanFactory     : Creating shared instance of singleton bean 'loadBalancerEagerContextInitializer'
2025-03-22T16:18:36.141+08:00 DEBUG 75969 --- [Spring] [           main] o.s.b.f.s.DefaultListableBeanFactory     : Creating shared instance of singleton bean 'spring.cloud.loadbalancer.eager-load-org.springframework.cloud.client.loadbalancer.LoadBalancerEagerLoadProperties'
2025-03-22T16:18:36.144+08:00 DEBUG 75969 --- [Spring] [           main] o.s.b.f.s.DefaultListableBeanFactory     : Autowiring by type from bean name 'loadBalancerEagerContextInitializer' via factory method to bean named 'loadBalancerClientFactory'
2025-03-22T16:18:36.144+08:00 DEBUG 75969 --- [Spring] [           main] o.s.b.f.s.DefaultListableBeanFactory     : Autowiring by type from bean name 'loadBalancerEagerContextInitializer' via factory method to bean named 'spring.cloud.loadbalancer.eager-load-org.springframework.cloud.client.loadbalancer.LoadBalancerEagerLoadProperties'
2025-03-22T16:18:36.145+08:00 DEBUG 75969 --- [Spring] [           main] o.s.b.f.s.DefaultListableBeanFactory     : Creating shared instance of singleton bean 'loadBalancerChildContextInitializer'
2025-03-22T16:18:36.145+08:00 DEBUG 75969 --- [Spring] [           main] o.s.b.f.s.DefaultListableBeanFactory     : Autowiring by type from bean name 'loadBalancerChildContextInitializer' via factory method to bean named 'loadBalancerClientFactory'
2025-03-22T16:18:36.145+08:00 DEBUG 75969 --- [Spring] [           main] o.s.b.f.s.DefaultListableBeanFactory     : Autowiring by type from bean name 'loadBalancerChildContextInitializer' via factory method to bean named 'org.springframework.web.context.support.GenericWebApplicationContext@29a23c3d'
2025-03-22T16:18:36.147+08:00 DEBUG 75969 --- [Spring] [           main] o.s.b.f.s.DefaultListableBeanFactory     : Creating shared instance of singleton bean 'org.springframework.cloud.loadbalancer.config.BlockingLoadBalancerClientAutoConfiguration'
2025-03-22T16:18:36.147+08:00 DEBUG 75969 --- [Spring] [           main] o.s.b.f.s.DefaultListableBeanFactory     : Creating shared instance of singleton bean 'blockingLoadBalancerClient'
2025-03-22T16:18:36.148+08:00 DEBUG 75969 --- [Spring] [           main] o.s.b.f.s.DefaultListableBeanFactory     : Autowiring by type from bean name 'blockingLoadBalancerClient' via factory method to bean named 'loadBalancerClientFactory'
2025-03-22T16:18:36.150+08:00 DEBUG 75969 --- [Spring] [           main] o.s.b.f.s.DefaultListableBeanFactory     : Creating shared instance of singleton bean 'loadBalancerServiceInstanceCookieTransformer'
2025-03-22T16:18:36.151+08:00 DEBUG 75969 --- [Spring] [           main] o.s.b.f.s.DefaultListableBeanFactory     : Autowiring by type from bean name 'loadBalancerServiceInstanceCookieTransformer' via factory method to bean named 'loadBalancerClientFactory'
2025-03-22T16:18:36.151+08:00 DEBUG 75969 --- [Spring] [           main] o.s.b.f.s.DefaultListableBeanFactory     : Creating shared instance of singleton bean 'xForwarderHeadersTransformer'
2025-03-22T16:18:36.151+08:00 DEBUG 75969 --- [Spring] [           main] o.s.b.f.s.DefaultListableBeanFactory     : Autowiring by type from bean name 'xForwarderHeadersTransformer' via factory method to bean named 'loadBalancerClientFactory'
2025-03-22T16:18:36.152+08:00 DEBUG 75969 --- [Spring] [           main] o.s.b.f.s.DefaultListableBeanFactory     : Creating shared instance of singleton bean 'org.springframework.cloud.client.loadbalancer.LoadBalancerAutoConfiguration$LoadBalancerInterceptorConfig'
2025-03-22T16:18:36.152+08:00 DEBUG 75969 --- [Spring] [           main] o.s.b.f.s.DefaultListableBeanFactory     : Creating shared instance of singleton bean 'loadBalancerInterceptor'
2025-03-22T16:18:36.153+08:00 DEBUG 75969 --- [Spring] [           main] o.s.b.f.s.DefaultListableBeanFactory     : Creating shared instance of singleton bean 'loadBalancerRequestFactory'
2025-03-22T16:18:36.153+08:00 DEBUG 75969 --- [Spring] [           main] o.s.b.f.s.DefaultListableBeanFactory     : Creating shared instance of singleton bean 'org.springframework.cloud.client.loadbalancer.LoadBalancerAutoConfiguration'
2025-03-22T16:18:36.156+08:00 DEBUG 75969 --- [Spring] [           main] o.s.b.f.s.DefaultListableBeanFactory     : Autowiring by type from bean name 'loadBalancerRequestFactory' via factory method to bean named 'blockingLoadBalancerClient'
2025-03-22T16:18:36.158+08:00 DEBUG 75969 --- [Spring] [           main] o.s.b.f.s.DefaultListableBeanFactory     : Autowiring by type from bean name 'loadBalancerInterceptor' via factory method to bean named 'blockingLoadBalancerClient'
2025-03-22T16:18:36.158+08:00 DEBUG 75969 --- [Spring] [           main] o.s.b.f.s.DefaultListableBeanFactory     : Autowiring by type from bean name 'loadBalancerInterceptor' via factory method to bean named 'loadBalancerRequestFactory'
2025-03-22T16:18:36.159+08:00 DEBUG 75969 --- [Spring] [           main] o.s.b.f.s.DefaultListableBeanFactory     : Creating shared instance of singleton bean 'restTemplateCustomizer'
2025-03-22T16:18:36.159+08:00 DEBUG 75969 --- [Spring] [           main] o.s.b.f.s.DefaultListableBeanFactory     : Autowiring by type from bean name 'restTemplateCustomizer' via factory method to bean named 'loadBalancerInterceptor'
2025-03-22T16:18:36.162+08:00 DEBUG 75969 --- [Spring] [           main] o.s.b.f.s.DefaultListableBeanFactory     : Creating shared instance of singleton bean 'org.springframework.cloud.client.loadbalancer.LoadBalancerAutoConfiguration$DeferringLoadBalancerInterceptorConfig'
2025-03-22T16:18:36.163+08:00 DEBUG 75969 --- [Spring] [           main] o.s.b.f.s.DefaultListableBeanFactory     : Creating shared instance of singleton bean 'deferringLoadBalancerInterceptor'
2025-03-22T16:18:36.164+08:00 DEBUG 75969 --- [Spring] [           main] o.s.b.f.s.DefaultListableBeanFactory     : Creating shared instance of singleton bean 'loadBalancedRestTemplateInitializerDeprecated'
2025-03-22T16:18:36.167+08:00 DEBUG 75969 --- [Spring] [           main] o.s.b.f.s.DefaultListableBeanFactory     : Creating shared instance of singleton bean 'org.springframework.cloud.client.serviceregistry.AutoServiceRegistrationConfiguration'
2025-03-22T16:18:36.168+08:00 DEBUG 75969 --- [Spring] [           main] o.s.b.f.s.DefaultListableBeanFactory     : Creating shared instance of singleton bean 'spring.cloud.service-registry.auto-registration-org.springframework.cloud.client.serviceregistry.AutoServiceRegistrationProperties'
2025-03-22T16:18:36.170+08:00 DEBUG 75969 --- [Spring] [           main] o.s.b.f.s.DefaultListableBeanFactory     : Creating shared instance of singleton bean 'org.springframework.cloud.client.serviceregistry.AutoServiceRegistrationAutoConfiguration'
2025-03-22T16:18:36.173+08:00 DEBUG 75969 --- [Spring] [           main] o.s.b.f.s.DefaultListableBeanFactory     : Creating shared instance of singleton bean 'org.springframework.cloud.client.serviceregistry.ServiceRegistryAutoConfiguration'
2025-03-22T16:18:36.174+08:00 DEBUG 75969 --- [Spring] [           main] o.s.b.f.s.DefaultListableBeanFactory     : Creating shared instance of singleton bean 'org.springframework.cloud.commons.security.ResourceServerTokenRelayAutoConfiguration$ResourceServerTokenRelayRegistrationAutoConfiguration'
2025-03-22T16:18:36.175+08:00 DEBUG 75969 --- [Spring] [           main] o.s.b.f.s.DefaultListableBeanFactory     : Creating shared instance of singleton bean 'org.springframework.cloud.commons.security.ResourceServerTokenRelayAutoConfiguration'
2025-03-22T16:18:36.176+08:00 DEBUG 75969 --- [Spring] [           main] o.s.b.f.s.DefaultListableBeanFactory     : Creating shared instance of singleton bean 'org.springframework.cloud.configuration.CompatibilityVerifierAutoConfiguration'
2025-03-22T16:18:36.177+08:00 DEBUG 75969 --- [Spring] [           main] o.s.b.f.s.DefaultListableBeanFactory     : Creating shared instance of singleton bean 'compositeCompatibilityVerifier'
2025-03-22T16:18:36.179+08:00 DEBUG 75969 --- [Spring] [           main] o.s.b.f.s.DefaultListableBeanFactory     : Creating shared instance of singleton bean 'springBootVersionVerifier'
2025-03-22T16:18:36.179+08:00 DEBUG 75969 --- [Spring] [           main] o.s.b.f.s.DefaultListableBeanFactory     : Creating shared instance of singleton bean 'spring.cloud.compatibility-verifier-org.springframework.cloud.configuration.CompatibilityVerifierProperties'
2025-03-22T16:18:36.182+08:00 DEBUG 75969 --- [Spring] [           main] o.s.b.f.s.DefaultListableBeanFactory     : Autowiring by type from bean name 'springBootVersionVerifier' via factory method to bean named 'spring.cloud.compatibility-verifier-org.springframework.cloud.configuration.CompatibilityVerifierProperties'
2025-03-22T16:18:36.184+08:00 DEBUG 75969 --- [Spring] [           main] o.s.b.f.s.DefaultListableBeanFactory     : Creating shared instance of singleton bean 'sleuthPresentVerifier'
2025-03-22T16:18:36.185+08:00 DEBUG 75969 --- [Spring] [           main] o.s.b.f.s.DefaultListableBeanFactory     : Autowiring by type from bean name 'compositeCompatibilityVerifier' via factory method to bean named 'springBootVersionVerifier'
2025-03-22T16:18:36.185+08:00 DEBUG 75969 --- [Spring] [           main] o.s.b.f.s.DefaultListableBeanFactory     : Autowiring by type from bean name 'compositeCompatibilityVerifier' via factory method to bean named 'sleuthPresentVerifier'
2025-03-22T16:18:36.186+08:00 DEBUG 75969 --- [Spring] [           main] o.s.c.c.SpringBootVersionVerifier        : Version found in Boot manifest [3.4.4]
2025-03-22T16:18:36.187+08:00 DEBUG 75969 --- [Spring] [           main] o.s.c.c.CompositeCompatibilityVerifier   : All conditions are passing
2025-03-22T16:18:36.188+08:00 DEBUG 75969 --- [Spring] [           main] o.s.b.f.s.DefaultListableBeanFactory     : Creating shared instance of singleton bean 'org.springframework.cloud.loadbalancer.config.LoadBalancerCacheAutoConfiguration$DefaultLoadBalancerCacheManagerConfiguration'
2025-03-22T16:18:36.189+08:00 DEBUG 75969 --- [Spring] [           main] o.s.b.f.s.DefaultListableBeanFactory     : Creating shared instance of singleton bean 'defaultLoadBalancerCacheManager'
2025-03-22T16:18:36.190+08:00 DEBUG 75969 --- [Spring] [           main] o.s.b.f.s.DefaultListableBeanFactory     : Creating shared instance of singleton bean 'spring.cloud.loadbalancer.cache-org.springframework.cloud.loadbalancer.cache.LoadBalancerCacheProperties'
2025-03-22T16:18:36.192+08:00 DEBUG 75969 --- [Spring] [           main] o.s.b.f.s.DefaultListableBeanFactory     : Autowiring by type from bean name 'defaultLoadBalancerCacheManager' via factory method to bean named 'spring.cloud.loadbalancer.cache-org.springframework.cloud.loadbalancer.cache.LoadBalancerCacheProperties'
2025-03-22T16:18:36.200+08:00 DEBUG 75969 --- [Spring] [           main] o.s.b.f.s.DefaultListableBeanFactory     : Creating shared instance of singleton bean 'org.springframework.cloud.loadbalancer.config.LoadBalancerCacheAutoConfiguration$LoadBalancerCacheManagerWarnConfiguration'
2025-03-22T16:18:36.201+08:00 DEBUG 75969 --- [Spring] [           main] o.s.b.f.s.DefaultListableBeanFactory     : Creating shared instance of singleton bean 'caffeineWarnLogger'
2025-03-22T16:18:36.202+08:00  WARN 75969 --- [Spring] [           main] iguration$LoadBalancerCaffeineWarnLogger : Spring Cloud LoadBalancer is currently working with the default cache. While this cache implementation is useful for development and tests, it's recommended to use Caffeine cache in production.You can switch to using Caffeine cache, by adding it and org.springframework.cache.caffeine.CaffeineCacheManager to the classpath.
2025-03-22T16:18:36.202+08:00 DEBUG 75969 --- [Spring] [           main] o.s.b.f.s.DefaultListableBeanFactory     : Creating shared instance of singleton bean 'org.springframework.cloud.loadbalancer.config.LoadBalancerCacheAutoConfiguration'
2025-03-22T16:18:36.203+08:00 DEBUG 75969 --- [Spring] [           main] o.s.b.f.s.DefaultListableBeanFactory     : Creating shared instance of singleton bean 'org.springframework.boot.actuate.autoconfigure.endpoint.web.ServletEndpointManagementContextConfiguration$WebMvcServletEndpointManagementContextConfiguration'
2025-03-22T16:18:36.204+08:00 DEBUG 75969 --- [Spring] [           main] o.s.b.f.s.DefaultListableBeanFactory     : Creating shared instance of singleton bean 'servletEndpointRegistrar'
2025-03-22T16:18:36.204+08:00 DEBUG 75969 --- [Spring] [           main] o.s.b.f.s.DefaultListableBeanFactory     : Autowiring by type from bean name 'servletEndpointRegistrar' via factory method to bean named 'management.endpoints.web-org.springframework.boot.actuate.autoconfigure.endpoint.web.WebEndpointProperties'
2025-03-22T16:18:36.204+08:00 DEBUG 75969 --- [Spring] [           main] o.s.b.f.s.DefaultListableBeanFactory     : Autowiring by type from bean name 'servletEndpointRegistrar' via factory method to bean named 'servletEndpointDiscoverer'
2025-03-22T16:18:36.204+08:00 DEBUG 75969 --- [Spring] [           main] o.s.b.f.s.DefaultListableBeanFactory     : Autowiring by type from bean name 'servletEndpointRegistrar' via factory method to bean named 'dispatcherServletRegistration'
2025-03-22T16:18:36.204+08:00 DEBUG 75969 --- [Spring] [           main] o.s.b.f.s.DefaultListableBeanFactory     : Autowiring by type from bean name 'servletEndpointRegistrar' via factory method to bean named 'propertiesEndpointAccessResolver'
2025-03-22T16:18:36.206+08:00 DEBUG 75969 --- [Spring] [           main] o.s.b.f.s.DefaultListableBeanFactory     : Creating shared instance of singleton bean 'endpointObjectMapperWebMvcConfigurer'
2025-03-22T16:18:36.206+08:00 DEBUG 75969 --- [Spring] [           main] o.s.b.f.s.DefaultListableBeanFactory     : Autowiring by type from bean name 'endpointObjectMapperWebMvcConfigurer' via factory method to bean named 'endpointObjectMapper'
2025-03-22T16:18:36.209+08:00 DEBUG 75969 --- [Spring] [           main] o.s.b.f.s.DefaultListableBeanFactory     : Creating shared instance of singleton bean 'org.springframework.boot.actuate.autoconfigure.security.servlet.SecurityRequestMatchersManagementContextConfiguration$MvcRequestMatcherConfiguration'
2025-03-22T16:18:36.210+08:00 DEBUG 75969 --- [Spring] [           main] o.s.b.f.s.DefaultListableBeanFactory     : Creating shared instance of singleton bean 'requestMatcherProvider'
2025-03-22T16:18:36.210+08:00 DEBUG 75969 --- [Spring] [           main] o.s.b.f.s.DefaultListableBeanFactory     : Autowiring by type from bean name 'requestMatcherProvider' via factory method to bean named 'dispatcherServletRegistration'
2025-03-22T16:18:36.214+08:00 DEBUG 75969 --- [Spring] [           main] o.s.b.f.s.DefaultListableBeanFactory     : Creating shared instance of singleton bean 'org.springframework.boot.actuate.autoconfigure.security.servlet.SecurityRequestMatchersManagementContextConfiguration'
2025-03-22T16:18:36.215+08:00 DEBUG 75969 --- [Spring] [           main] o.s.b.f.s.DefaultListableBeanFactory     : Creating shared instance of singleton bean 'org.springframework.boot.actuate.autoconfigure.web.server.ManagementContextAutoConfiguration$SameManagementContextConfiguration$EnableSameManagementContextConfiguration'
2025-03-22T16:18:36.216+08:00 DEBUG 75969 --- [Spring] [           main] o.s.b.f.s.DefaultListableBeanFactory     : Creating shared instance of singleton bean 'org.springframework.boot.actuate.autoconfigure.web.server.ManagementContextAutoConfiguration$SameManagementContextConfiguration'
2025-03-22T16:18:36.217+08:00 DEBUG 75969 --- [Spring] [           main] o.s.b.f.s.DefaultListableBeanFactory     : Autowiring by type from bean name 'org.springframework.boot.actuate.autoconfigure.web.server.ManagementContextAutoConfiguration$SameManagementContextConfiguration' via constructor to bean named 'environment'
2025-03-22T16:18:36.218+08:00 DEBUG 75969 --- [Spring] [           main] o.s.b.f.s.DefaultListableBeanFactory     : Creating shared instance of singleton bean 'org.springframework.boot.actuate.autoconfigure.web.server.ManagementContextAutoConfiguration'
2025-03-22T16:18:36.219+08:00 DEBUG 75969 --- [Spring] [           main] o.s.b.f.s.DefaultListableBeanFactory     : Creating shared instance of singleton bean 'management.server-org.springframework.boot.actuate.autoconfigure.web.server.ManagementServerProperties'
2025-03-22T16:18:36.298+08:00 DEBUG 75969 --- [Spring] [           main] o.s.c.support.DefaultLifecycleProcessor  : Starting beans in phase -2147483647
2025-03-22T16:18:36.298+08:00 DEBUG 75969 --- [Spring] [           main] o.s.c.support.DefaultLifecycleProcessor  : Successfully started bean 'springBootLoggingLifecycle'
2025-03-22T16:18:36.298+08:00 DEBUG 75969 --- [Spring] [           main] o.s.c.support.DefaultLifecycleProcessor  : Starting beans in phase 0
2025-03-22T16:18:36.298+08:00 DEBUG 75969 --- [Spring] [           main] o.s.c.support.DefaultLifecycleProcessor  : Starting beans in phase 1073741823
2025-03-22T16:18:36.298+08:00 DEBUG 75969 --- [Spring] [           main] o.s.c.support.DefaultLifecycleProcessor  : Starting beans in phase 2147483647
2025-03-22T16:18:36.299+08:00 DEBUG 75969 --- [Spring] [           main] o.s.d.r.l.RedisMessageListenerContainer  : Starting RedisMessageListenerContainer...
2025-03-22T16:18:36.300+08:00 DEBUG 75969 --- [Spring] [           main] o.s.d.r.l.RedisMessageListenerContainer  : Postpone listening for Redis messages until actual listeners are added
2025-03-22T16:18:36.300+08:00 DEBUG 75969 --- [Spring] [           main] o.s.c.support.DefaultLifecycleProcessor  : Successfully started bean 'redisKeyValueAdapter'
2025-03-22T16:18:36.327+08:00  INFO 75969 --- [Spring] [           main] c.d.h.S.r.mapper.RoleUrlMapperTest       : Started RoleUrlMapperTest in 6.904 seconds (process running for 8.376)
2025-03-22T16:18:36.372+08:00 DEBUG 75969 --- [Spring] [           main] o.s.b.a.ApplicationAvailabilityBean      : Application availability state LivenessState changed to CORRECT
2025-03-22T16:18:36.377+08:00 DEBUG 75969 --- [Spring] [           main] o.s.b.a.ApplicationAvailabilityBean      : Application availability state ReadinessState changed to ACCEPTING_TRAFFIC
2025-03-22T16:18:36.379+08:00 DEBUG 75969 --- [Spring] [           main] org.springframework.test.context.cache   : Spring test ApplicationContext cache statistics: [DefaultContextCache@3e43fb40 size = 1, maxSize = 32, parentContextCount = 0, hitCount = 0, missCount = 1, failureCount = 0]
2025-03-22T16:18:36.379+08:00 DEBUG 75969 --- [Spring] [           main] o.s.t.c.w.ServletTestExecutionListener   : Setting up MockHttpServletRequest, MockHttpServletResponse, ServletWebRequest, and RequestContextHolder for test class com.david.hlp.Spring.repeater.mapper.RoleUrlMapperTest
2025-03-22T16:18:36.392+08:00 DEBUG 75969 --- [Spring] [           main] DependencyInjectionTestExecutionListener : Performing dependency injection for test class com.david.hlp.Spring.repeater.mapper.RoleUrlMapperTest
2025-03-22T16:18:36.393+08:00 DEBUG 75969 --- [Spring] [           main] org.springframework.test.context.cache   : Spring test ApplicationContext cache statistics: [DefaultContextCache@3e43fb40 size = 1, maxSize = 32, parentContextCount = 0, hitCount = 1, missCount = 1, failureCount = 0]
2025-03-22T16:18:36.411+08:00 DEBUG 75969 --- [Spring] [           main] org.springframework.test.context.cache   : Spring test ApplicationContext cache statistics: [DefaultContextCache@3e43fb40 size = 1, maxSize = 32, parentContextCount = 0, hitCount = 2, missCount = 1, failureCount = 0]
2025-03-22T16:18:36.416+08:00 DEBUG 75969 --- [Spring] [           main] sContextBeforeModesTestExecutionListener : Before test method: class [RoleUrlMapperTest], method [testListAll], class annotated with @DirtiesContext [false] with mode [null], method annotated with @DirtiesContext [false] with mode [null]
2025-03-22T16:18:36.417+08:00 DEBUG 75969 --- [Spring] [           main] org.springframework.test.context.cache   : Spring test ApplicationContext cache statistics: [DefaultContextCache@3e43fb40 size = 1, maxSize = 32, parentContextCount = 0, hitCount = 3, missCount = 1, failureCount = 0]
2025-03-22T16:18:36.418+08:00 DEBUG 75969 --- [Spring] [           main] org.springframework.test.context.cache   : Spring test ApplicationContext cache statistics: [DefaultContextCache@3e43fb40 size = 1, maxSize = 32, parentContextCount = 0, hitCount = 4, missCount = 1, failureCount = 0]
2025-03-22T16:18:36.922+08:00 DEBUG 75969 --- [Spring] [           main] org.springframework.test.context.cache   : Spring test ApplicationContext cache statistics: [DefaultContextCache@3e43fb40 size = 1, maxSize = 32, parentContextCount = 0, hitCount = 5, missCount = 1, failureCount = 0]
2025-03-22T16:18:36.928+08:00 DEBUG 75969 --- [Spring] [           main] org.springframework.test.context.cache   : Spring test ApplicationContext cache statistics: [DefaultContextCache@3e43fb40 size = 1, maxSize = 32, parentContextCount = 0, hitCount = 6, missCount = 1, failureCount = 0]
开始测试...
roleUrlMapper: com.baomidou.mybatisplus.core.override.MybatisMapperProxy@4835e10a
Creating a new SqlSession
SqlSession [org.apache.ibatis.session.defaults.DefaultSqlSession@2461a62c] was not registered for synchronization because synchronization is not active
2025-03-22T16:18:36.946+08:00 DEBUG 75969 --- [Spring] [           main] o.s.jdbc.datasource.DataSourceUtils      : Fetching JDBC Connection from DataSource
JDBC Connection [HikariProxyConnection@985702370 wrapping com.mysql.cj.jdbc.ConnectionImpl@35841d6] will not be managed by Spring
==>  Preparing: SELECT id, project_id, role_name, description FROM role_url
==> Parameters: 
<==    Columns: id, project_id, role_name, description
<==        Row: 1, 1, 测试角色, <<BLOB>>
<==      Total: 1
Closing non transactional SqlSession [org.apache.ibatis.session.defaults.DefaultSqlSession@2461a62c]
查询结果: [RoleUrl(id=1, projectId=1, project=null, roleName=测试角色, description=无, createdAt=null)]
结果数量: 1
结果内容: [RoleUrl(id=1, projectId=1, project=null, roleName=测试角色, description=无, createdAt=null)]
测试结束
2025-03-22T16:18:36.995+08:00 DEBUG 75969 --- [Spring] [           main] org.springframework.test.context.cache   : Spring test ApplicationContext cache statistics: [DefaultContextCache@3e43fb40 size = 1, maxSize = 32, parentContextCount = 0, hitCount = 7, missCount = 1, failureCount = 0]
2025-03-22T16:18:36.997+08:00 DEBUG 75969 --- [Spring] [           main] org.springframework.test.context.cache   : Spring test ApplicationContext cache statistics: [DefaultContextCache@3e43fb40 size = 1, maxSize = 32, parentContextCount = 0, hitCount = 8, missCount = 1, failureCount = 0]
2025-03-22T16:18:36.999+08:00 DEBUG 75969 --- [Spring] [           main] org.springframework.test.context.cache   : Spring test ApplicationContext cache statistics: [DefaultContextCache@3e43fb40 size = 1, maxSize = 32, parentContextCount = 0, hitCount = 9, missCount = 1, failureCount = 0]
2025-03-22T16:18:36.999+08:00 DEBUG 75969 --- [Spring] [           main] org.springframework.test.context.cache   : Spring test ApplicationContext cache statistics: [DefaultContextCache@3e43fb40 size = 1, maxSize = 32, parentContextCount = 0, hitCount = 10, missCount = 1, failureCount = 0]
2025-03-22T16:18:37.000+08:00 DEBUG 75969 --- [Spring] [           main] org.springframework.test.context.cache   : Spring test ApplicationContext cache statistics: [DefaultContextCache@3e43fb40 size = 1, maxSize = 32, parentContextCount = 0, hitCount = 11, missCount = 1, failureCount = 0]
2025-03-22T16:18:37.003+08:00 DEBUG 75969 --- [Spring] [           main] org.springframework.test.context.cache   : Spring test ApplicationContext cache statistics: [DefaultContextCache@3e43fb40 size = 1, maxSize = 32, parentContextCount = 0, hitCount = 12, missCount = 1, failureCount = 0]
2025-03-22T16:18:37.006+08:00 DEBUG 75969 --- [Spring] [           main] org.springframework.test.context.cache   : Spring test ApplicationContext cache statistics: [DefaultContextCache@3e43fb40 size = 1, maxSize = 32, parentContextCount = 0, hitCount = 13, missCount = 1, failureCount = 0]
2025-03-22T16:18:37.007+08:00 DEBUG 75969 --- [Spring] [           main] .c.s.DirtiesContextTestExecutionListener : After test method: class [RoleUrlMapperTest], method [testListAll], class annotated with @DirtiesContext [false] with mode [null], method annotated with @DirtiesContext [false] with mode [null]
2025-03-22T16:18:37.007+08:00 DEBUG 75969 --- [Spring] [           main] o.s.t.c.w.ServletTestExecutionListener   : Resetting RequestContextHolder for test class com.david.hlp.Spring.repeater.mapper.RoleUrlMapperTest
]]></system-out>
  </testcase>
</testsuite>